[0.378s] Invoking command in '/home/klingjac/ws_offboard_control/src/visualize_drone': PS1=\[\e]0;\u@\h: \w\a\]${debian_chroot:+($debian_chroot)}\[\033[01;32m\]\u@\h\[\033[00m\]:\[\033[01;34m\]\w\[\033[00m\]\$ PYTHONPATH=/home/klingjac/ws_offboard_control/build/visualize_drone/prefix_override:/home/klingjac/ws_offboard_control/install/visualize_drone/lib/python3.10/site-packages:${PYTHONPATH} /usr/bin/python3 setup.py egg_info --egg-base ../../build/visualize_drone build --build-base /home/klingjac/ws_offboard_control/build/visualize_drone/build install --record /home/klingjac/ws_offboard_control/build/visualize_drone/install.log --single-version-externally-managed
[0.504s] running egg_info
[0.504s] creating ../../build/visualize_drone/visualize_drone.egg-info
[0.505s] writing ../../build/visualize_drone/visualize_drone.egg-info/PKG-INFO
[0.505s] writing dependency_links to ../../build/visualize_drone/visualize_drone.egg-info/dependency_links.txt
[0.505s] writing entry points to ../../build/visualize_drone/visualize_drone.egg-info/entry_points.txt
[0.505s] writing requirements to ../../build/visualize_drone/visualize_drone.egg-info/requires.txt
[0.505s] writing top-level names to ../../build/visualize_drone/visualize_drone.egg-info/top_level.txt
[0.505s] writing manifest file '../../build/visualize_drone/visualize_drone.egg-info/SOURCES.txt'
[0.506s] reading manifest file '../../build/visualize_drone/visualize_drone.egg-info/SOURCES.txt'
[0.506s] writing manifest file '../../build/visualize_drone/visualize_drone.egg-info/SOURCES.txt'
[0.506s] running build
[0.507s] running build_py
[0.507s] creating /home/klingjac/ws_offboard_control/build/visualize_drone/build
[0.507s] creating /home/klingjac/ws_offboard_control/build/visualize_drone/build/lib
[0.507s] creating /home/klingjac/ws_offboard_control/build/visualize_drone/build/lib/visualize_drone
[0.507s] copying visualize_drone/__init__.py -> /home/klingjac/ws_offboard_control/build/visualize_drone/build/lib/visualize_drone
[0.507s] running install
[0.507s] running install_lib
[0.507s] creating /home/klingjac/ws_offboard_control/install/visualize_drone/lib/python3.10/site-packages/visualize_drone
[0.507s] copying /home/klingjac/ws_offboard_control/build/visualize_drone/build/lib/visualize_drone/__init__.py -> /home/klingjac/ws_offboard_control/install/visualize_drone/lib/python3.10/site-packages/visualize_drone
[0.508s] byte-compiling /home/klingjac/ws_offboard_control/install/visualize_drone/lib/python3.10/site-packages/visualize_drone/__init__.py to __init__.cpython-310.pyc
[0.508s] running install_data
[0.508s] creating /home/klingjac/ws_offboard_control/install/visualize_drone/share/ament_index
[0.508s] creating /home/klingjac/ws_offboard_control/install/visualize_drone/share/ament_index/resource_index
[0.508s] creating /home/klingjac/ws_offboard_control/install/visualize_drone/share/ament_index/resource_index/packages
[0.509s] error: can't copy 'resource/visualize_drone': doesn't exist or not a regular file
[0.523s] Invoked command in '/home/klingjac/ws_offboard_control/src/visualize_drone' returned '1': PS1=\[\e]0;\u@\h: \w\a\]${debian_chroot:+($debian_chroot)}\[\033[01;32m\]\u@\h\[\033[00m\]:\[\033[01;34m\]\w\[\033[00m\]\$ PYTHONPATH=/home/klingjac/ws_offboard_control/build/visualize_drone/prefix_override:/home/klingjac/ws_offboard_control/install/visualize_drone/lib/python3.10/site-packages:${PYTHONPATH} /usr/bin/python3 setup.py egg_info --egg-base ../../build/visualize_drone build --build-base /home/klingjac/ws_offboard_control/build/visualize_drone/build install --record /home/klingjac/ws_offboard_control/build/visualize_drone/install.log --single-version-externally-managed
