[0.026s] Invoking command in '/home/klingjac/ws_offboard_control/build/px4_msgs': CMAKE_PREFIX_PATH=/opt/ros/humble PS1=\[\e]0;\u@\h: \w\a\]${debian_chroot:+($debian_chroot)}\[\033[01;32m\]\u@\h\[\033[00m\]:\[\033[01;34m\]\w\[\033[00m\]\$ /usr/bin/cmake --build /home/klingjac/ws_offboard_control/build/px4_msgs -- -j20 -l20
[0.248s] -- Found ament_cmake: 1.3.5 (/opt/ros/humble/share/ament_cmake/cmake)
[0.330s] -- Found builtin_interfaces: 1.2.1 (/opt/ros/humble/share/builtin_interfaces/cmake)
[0.558s] -- Found rosidl_generator_c: 3.1.5 (/opt/ros/humble/share/rosidl_generator_c/cmake)
[0.559s] -- Found rosidl_adapter: 3.1.5 (/opt/ros/humble/share/rosidl_adapter/cmake)
[0.563s] -- Found rosidl_generator_cpp: 3.1.5 (/opt/ros/humble/share/rosidl_generator_cpp/cmake)
[0.569s] -- Using all available rosidl_typesupport_c: rosidl_typesupport_fastrtps_c;rosidl_typesupport_introspection_c
[0.578s] -- Using all available rosidl_typesupport_cpp: rosidl_typesupport_fastrtps_cpp;rosidl_typesupport_introspection_cpp
[0.586s] -- Found rosidl_default_generators: 1.2.0 (/opt/ros/humble/share/rosidl_default_generators/cmake)
[1.444s] -- Found ament_cmake_cppcheck: 0.12.7 (/opt/ros/humble/share/ament_cmake_cppcheck/cmake)
[1.444s] -- Found ament_cmake_cpplint: 0.12.7 (/opt/ros/humble/share/ament_cmake_cpplint/cmake)
[1.444s] -- Found ament_cmake_uncrustify: 0.12.7 (/opt/ros/humble/share/ament_cmake_uncrustify/cmake)
[1.445s] -- Found ament_cmake_ros: 0.10.0 (/opt/ros/humble/share/ament_cmake_ros/cmake)
[1.679s] -- Using all available rosidl_typesupport_c: rosidl_typesupport_fastrtps_c;rosidl_typesupport_introspection_c
[1.761s] -- Using all available rosidl_typesupport_cpp: rosidl_typesupport_fastrtps_cpp;rosidl_typesupport_introspection_cpp
[1.777s] -- Found python_cmake_module: 0.10.0 (/opt/ros/humble/share/python_cmake_module/cmake)
[1.791s] -- Using PYTHON_EXECUTABLE: /usr/bin/python3
[1.791s] -- Using PYTHON_INCLUDE_DIRS: /usr/include/python3.10
[1.791s] -- Using PYTHON_LIBRARIES: /usr/lib/x86_64-linux-gnu/libpython3.10.so
[1.822s] -- Found ament_cmake_flake8: 0.12.7 (/opt/ros/humble/share/ament_cmake_flake8/cmake)
[1.823s] -- Found ament_cmake_pep257: 0.12.7 (/opt/ros/humble/share/ament_cmake_pep257/cmake)
[1.830s] -- Configuring done
[2.083s] -- Generating done
[2.087s] -- Build files have been written to: /home/klingjac/ws_offboard_control/build/px4_msgs
[2.124s] [  0%] Built target px4_msgs__cpp
[2.129s] [35m[1mConsolidate compiler generated dependencies of target px4_msgs__rosidl_generator_c[0m
[2.165s] [35m[1mConsolidate compiler generated dependencies of target px4_msgs__rosidl_typesupport_cpp[0m
[2.170s] [35m[1mConsolidate compiler generated dependencies of target px4_msgs__rosidl_typesupport_introspection_cpp[0m
[2.171s] [ 12%] Built target px4_msgs__rosidl_generator_c
[2.172s] [35m[1mConsolidate compiler generated dependencies of target px4_msgs__rosidl_typesupport_fastrtps_cpp[0m
[2.188s] [ 12%] Built target ament_cmake_python_copy_px4_msgs
[2.197s] [35m[1mConsolidate compiler generated dependencies of target px4_msgs__rosidl_typesupport_c[0m
[2.203s] [35m[1mConsolidate compiler generated dependencies of target px4_msgs__rosidl_typesupport_introspection_c[0m
[2.222s] [35m[1mConsolidate compiler generated dependencies of target px4_msgs__rosidl_typesupport_fastrtps_c[0m
[2.225s] [ 25%] Built target px4_msgs__rosidl_typesupport_c
[2.244s] [ 37%] Built target px4_msgs__rosidl_typesupport_cpp
[2.245s] [ 50%] Built target px4_msgs__rosidl_typesupport_introspection_c
[2.257s] [ 63%] Built target px4_msgs__rosidl_typesupport_introspection_cpp
[2.275s] [ 75%] Built target px4_msgs__rosidl_typesupport_fastrtps_cpp
[2.299s] [ 88%] Built target px4_msgs__rosidl_typesupport_fastrtps_c
[2.309s] [ 88%] Built target px4_msgs
[2.325s] [ 88%] Built target px4_msgs__py
[2.338s] running egg_info
[2.338s] writing px4_msgs.egg-info/PKG-INFO
[2.339s] writing dependency_links to px4_msgs.egg-info/dependency_links.txt
[2.339s] writing top-level names to px4_msgs.egg-info/top_level.txt
[2.341s] reading manifest file 'px4_msgs.egg-info/SOURCES.txt'
[2.343s] writing manifest file 'px4_msgs.egg-info/SOURCES.txt'
[2.359s] [ 88%] Built target ament_cmake_python_build_px4_msgs_egg
[2.360s] [35m[1mConsolidate compiler generated dependencies of target px4_msgs__rosidl_generator_py[0m
[2.434s] [100%] Built target px4_msgs__rosidl_generator_py
[2.441s] [35m[1mConsolidate compiler generated dependencies of target px4_msgs__rosidl_typesupport_c__pyext[0m
[2.441s] [35m[1mConsolidate compiler generated dependencies of target px4_msgs__rosidl_typesupport_introspection_c__pyext[0m
[2.441s] [35m[1mConsolidate compiler generated dependencies of target px4_msgs__rosidl_typesupport_fastrtps_c__pyext[0m
[2.449s] [100%] Built target px4_msgs__rosidl_typesupport_introspection_c__pyext
[2.449s] [100%] Built target px4_msgs__rosidl_typesupport_c__pyext
[2.449s] [100%] Built target px4_msgs__rosidl_typesupport_fastrtps_c__pyext
