[0.321s] Invoking command in '/home/klingjac/ws_offboard_control/build/px4_ros_com': CMAKE_PREFIX_PATH=/home/klingjac/ws_offboard_control/install/px4_msgs:/home/klingjac/ws_offboard_control/install/px4_ros_com:/opt/ros/humble:/home/klingjac/ws_offboard_control/install/px4_offboard LD_LIBRARY_PATH=/home/klingjac/ws_offboard_control/install/px4_msgs/lib:/opt/ros/humble/opt/rviz_ogre_vendor/lib:/opt/ros/humble/lib/x86_64-linux-gnu:/opt/ros/humble/lib:/home/klingjac/ws_offboard_control/install/px4_ros_com/lib /usr/bin/cmake --build /home/klingjac/ws_offboard_control/build/px4_ros_com -- -j20 -l20
[0.381s] [ 16%] Built target offboard_control
[0.383s] [35m[1mConsolidate compiler generated dependencies of target drone_position_plotter[0m
[0.388s] [ 33%] Built target vehicle_gps_position_listener
[0.391s] [ 50%] Built target sensor_combined_listener
[0.399s] [ 66%] Built target frame_transforms
[0.400s] [ 83%] Built target debug_vect_advertiser
[0.402s] [ 91%] [32mBuilding CXX object CMakeFiles/drone_position_plotter.dir/src/examples/traj_plot/drone_position_plotter.cpp.o[0m
[12.998s] [100%] [32m[1mLinking CXX executable drone_position_plotter[0m
[13.695s] [100%] Built target drone_position_plotter
[13.709s] Invoked command in '/home/klingjac/ws_offboard_control/build/px4_ros_com' returned '0': CMAKE_PREFIX_PATH=/home/klingjac/ws_offboard_control/install/px4_msgs:/home/klingjac/ws_offboard_control/install/px4_ros_com:/opt/ros/humble:/home/klingjac/ws_offboard_control/install/px4_offboard LD_LIBRARY_PATH=/home/klingjac/ws_offboard_control/install/px4_msgs/lib:/opt/ros/humble/opt/rviz_ogre_vendor/lib:/opt/ros/humble/lib/x86_64-linux-gnu:/opt/ros/humble/lib:/home/klingjac/ws_offboard_control/install/px4_ros_com/lib /usr/bin/cmake --build /home/klingjac/ws_offboard_control/build/px4_ros_com -- -j20 -l20
[13.742s] Invoking command in '/home/klingjac/ws_offboard_control/build/px4_ros_com': CMAKE_PREFIX_PATH=/home/klingjac/ws_offboard_control/install/px4_msgs:/home/klingjac/ws_offboard_control/install/px4_ros_com:/opt/ros/humble:/home/klingjac/ws_offboard_control/install/px4_offboard LD_LIBRARY_PATH=/home/klingjac/ws_offboard_control/install/px4_msgs/lib:/opt/ros/humble/opt/rviz_ogre_vendor/lib:/opt/ros/humble/lib/x86_64-linux-gnu:/opt/ros/humble/lib:/home/klingjac/ws_offboard_control/install/px4_ros_com/lib /usr/bin/cmake --install /home/klingjac/ws_offboard_control/build/px4_ros_com
[13.749s] -- Install configuration: ""
[13.749s] -- Up-to-date: /home/klingjac/ws_offboard_control/install/px4_ros_com/lib/px4_ros_com/sensor_combined_listener
[13.749s] -- Up-to-date: /home/klingjac/ws_offboard_control/install/px4_ros_com/lib/px4_ros_com/vehicle_gps_position_listener
[13.750s] -- Up-to-date: /home/klingjac/ws_offboard_control/install/px4_ros_com/lib/px4_ros_com/debug_vect_advertiser
[13.750s] -- Up-to-date: /home/klingjac/ws_offboard_control/install/px4_ros_com/lib/px4_ros_com/offboard_control
[13.750s] -- Installing: /home/klingjac/ws_offboard_control/install/px4_ros_com/lib/px4_ros_com/drone_position_plotter
[13.755s] -- Set runtime path of "/home/klingjac/ws_offboard_control/install/px4_ros_com/lib/px4_ros_com/drone_position_plotter" to ""
[13.755s] -- Up-to-date: /home/klingjac/ws_offboard_control/install/px4_ros_com/share/px4_ros_com/environment/library_path.sh
[13.755s] -- Up-to-date: /home/klingjac/ws_offboard_control/install/px4_ros_com/share/px4_ros_com/environment/library_path.dsv
[13.755s] -- Up-to-date: /home/klingjac/ws_offboard_control/install/px4_ros_com/include/px4_ros_com
[13.755s] -- Up-to-date: /home/klingjac/ws_offboard_control/install/px4_ros_com/include/px4_ros_com/frame_transforms.h
[13.756s] -- Up-to-date: /home/klingjac/ws_offboard_control/install/px4_ros_com/lib/libframe_transforms.so
[13.756s] -- Up-to-date: /home/klingjac/ws_offboard_control/install/px4_ros_com/share/px4_ros_com//launch
[13.756s] -- Up-to-date: /home/klingjac/ws_offboard_control/install/px4_ros_com/share/px4_ros_com//launch/sensor_combined_listener.launch.py
[13.756s] -- Up-to-date: /home/klingjac/ws_offboard_control/install/px4_ros_com/share/px4_ros_com//launch/offboard_control_launch.yaml
[13.756s] -- Up-to-date: /home/klingjac/ws_offboard_control/install/px4_ros_com/share/px4_ros_com//test
[13.757s] -- Up-to-date: /home/klingjac/ws_offboard_control/install/px4_ros_com/share/px4_ros_com//test/pipeline_io_test.py
[13.757s] -- Up-to-date: /home/klingjac/ws_offboard_control/install/px4_ros_com/share/px4_ros_com//test/__init__.py
[13.757s] -- Up-to-date: /home/klingjac/ws_offboard_control/install/px4_ros_com/share/px4_ros_com//test/test_output.py
[13.757s] -- Up-to-date: /home/klingjac/ws_offboard_control/install/px4_ros_com/share/px4_ros_com//test/test_input.py
[13.757s] -- Up-to-date: /home/klingjac/ws_offboard_control/install/px4_ros_com/share/ament_index/resource_index/package_run_dependencies/px4_ros_com
[13.757s] -- Up-to-date: /home/klingjac/ws_offboard_control/install/px4_ros_com/share/ament_index/resource_index/parent_prefix_path/px4_ros_com
[13.757s] -- Up-to-date: /home/klingjac/ws_offboard_control/install/px4_ros_com/share/px4_ros_com/environment/ament_prefix_path.sh
[13.757s] -- Up-to-date: /home/klingjac/ws_offboard_control/install/px4_ros_com/share/px4_ros_com/environment/ament_prefix_path.dsv
[13.757s] -- Up-to-date: /home/klingjac/ws_offboard_control/install/px4_ros_com/share/px4_ros_com/environment/path.sh
[13.757s] -- Up-to-date: /home/klingjac/ws_offboard_control/install/px4_ros_com/share/px4_ros_com/environment/path.dsv
[13.757s] -- Up-to-date: /home/klingjac/ws_offboard_control/install/px4_ros_com/share/px4_ros_com/local_setup.bash
[13.757s] -- Up-to-date: /home/klingjac/ws_offboard_control/install/px4_ros_com/share/px4_ros_com/local_setup.sh
[13.757s] -- Up-to-date: /home/klingjac/ws_offboard_control/install/px4_ros_com/share/px4_ros_com/local_setup.zsh
[13.758s] -- Up-to-date: /home/klingjac/ws_offboard_control/install/px4_ros_com/share/px4_ros_com/local_setup.dsv
[13.758s] -- Installing: /home/klingjac/ws_offboard_control/install/px4_ros_com/share/px4_ros_com/package.dsv
[13.758s] -- Up-to-date: /home/klingjac/ws_offboard_control/install/px4_ros_com/share/ament_index/resource_index/packages/px4_ros_com
[13.758s] -- Up-to-date: /home/klingjac/ws_offboard_control/install/px4_ros_com/share/px4_ros_com/cmake/export_frame_transformsExport.cmake
[13.758s] -- Up-to-date: /home/klingjac/ws_offboard_control/install/px4_ros_com/share/px4_ros_com/cmake/export_frame_transformsExport-noconfig.cmake
[13.758s] -- Up-to-date: /home/klingjac/ws_offboard_control/install/px4_ros_com/share/px4_ros_com/cmake/ament_cmake_export_dependencies-extras.cmake
[13.758s] -- Up-to-date: /home/klingjac/ws_offboard_control/install/px4_ros_com/share/px4_ros_com/cmake/ament_cmake_export_targets-extras.cmake
[13.759s] -- Up-to-date: /home/klingjac/ws_offboard_control/install/px4_ros_com/share/px4_ros_com/cmake/ament_cmake_export_include_directories-extras.cmake
[13.759s] -- Up-to-date: /home/klingjac/ws_offboard_control/install/px4_ros_com/share/px4_ros_com/cmake/ament_cmake_export_libraries-extras.cmake
[13.759s] -- Up-to-date: /home/klingjac/ws_offboard_control/install/px4_ros_com/share/px4_ros_com/cmake/px4_ros_comConfig.cmake
[13.759s] -- Up-to-date: /home/klingjac/ws_offboard_control/install/px4_ros_com/share/px4_ros_com/cmake/px4_ros_comConfig-version.cmake
[13.760s] -- Up-to-date: /home/klingjac/ws_offboard_control/install/px4_ros_com/share/px4_ros_com/package.xml
[13.761s] Invoked command in '/home/klingjac/ws_offboard_control/build/px4_ros_com' returned '0': CMAKE_PREFIX_PATH=/home/klingjac/ws_offboard_control/install/px4_msgs:/home/klingjac/ws_offboard_control/install/px4_ros_com:/opt/ros/humble:/home/klingjac/ws_offboard_control/install/px4_offboard LD_LIBRARY_PATH=/home/klingjac/ws_offboard_control/install/px4_msgs/lib:/opt/ros/humble/opt/rviz_ogre_vendor/lib:/opt/ros/humble/lib/x86_64-linux-gnu:/opt/ros/humble/lib:/home/klingjac/ws_offboard_control/install/px4_ros_com/lib /usr/bin/cmake --install /home/klingjac/ws_offboard_control/build/px4_ros_com
