[0.410s] DEBUG:colcon:Command line arguments: ['/usr/bin/colcon', 'build']
[0.410s] DEBUG:colcon:Parsed command line arguments: Namespace(log_base=None, log_level=None, verb_name='build', build_base='build', install_base='install', merge_install=False, symlink_install=False, test_result_base=None, continue_on_error=False, executor='parallel', parallel_workers=20, event_handlers=None, ignore_user_meta=False, metas=['./colcon.meta'], base_paths=['.'], packages_ignore=None, packages_ignore_regex=None, paths=None, packages_up_to=None, packages_up_to_regex=None, packages_above=None, packages_above_and_dependencies=None, packages_above_depth=None, packages_select_by_dep=None, packages_skip_by_dep=None, packages_skip_up_to=None, packages_select_build_failed=False, packages_skip_build_finished=False, packages_select_test_failures=False, packages_skip_test_passed=False, packages_select=None, packages_skip=None, packages_select_regex=None, packages_skip_regex=None, packages_start=None, packages_end=None, allow_overriding=[], cmake_args=None, cmake_target=None, cmake_target_skip_unavailable=False, cmake_clean_cache=False, cmake_clean_first=False, cmake_force_configure=False, ament_cmake_args=None, catkin_cmake_args=None, catkin_skip_building_tests=False, verb_parser=<colcon_defaults.argument_parser.defaults.DefaultArgumentsDecorator object at 0x7fbb20cf04f0>, verb_extension=<colcon_core.verb.build.BuildVerb object at 0x7fbb216d1ab0>, main=<bound method BuildVerb.main of <colcon_core.verb.build.BuildVerb object at 0x7fbb216d1ab0>>)
[0.430s] Level 1:colcon.colcon_core.package_discovery:discover_packages(colcon_meta) check parameters
[0.430s] Level 1:colcon.colcon_core.package_discovery:discover_packages(recursive) check parameters
[0.430s] Level 1:colcon.colcon_core.package_discovery:discover_packages(ignore) check parameters
[0.430s] Level 1:colcon.colcon_core.package_discovery:discover_packages(path) check parameters
[0.430s] Level 1:colcon.colcon_core.package_discovery:discover_packages(colcon_meta) discover
[0.430s] Level 1:colcon.colcon_core.package_discovery:discover_packages(recursive) discover
[0.430s] INFO:colcon.colcon_core.package_discovery:Crawling recursively for packages in '/home/klingjac/ws_offboard_control'
[0.431s] Level 1:colcon.colcon_core.package_identification:_identify(.) by extensions ['ignore', 'ignore_ament_install']
[0.431s] Level 1:colcon.colcon_core.package_identification:_identify(.) by extension 'ignore'
[0.431s] Level 1:colcon.colcon_core.package_identification:_identify(.) by extension 'ignore_ament_install'
[0.431s] Level 1:colcon.colcon_core.package_identification:_identify(.) by extensions ['colcon_pkg']
[0.431s] Level 1:colcon.colcon_core.package_identification:_identify(.) by extension 'colcon_pkg'
[0.431s] Level 1:colcon.colcon_core.package_identification:_identify(.) by extensions ['colcon_meta']
[0.431s] Level 1:colcon.colcon_core.package_identification:_identify(.) by extension 'colcon_meta'
[0.431s] Level 1:colcon.colcon_core.package_identification:_identify(.) by extensions ['ros']
[0.431s] Level 1:colcon.colcon_core.package_identification:_identify(.) by extension 'ros'
[0.440s] Level 1:colcon.colcon_core.package_identification:_identify(.) by extensions ['cmake', 'python']
[0.440s] Level 1:colcon.colcon_core.package_identification:_identify(.) by extension 'cmake'
[0.440s] Level 1:colcon.colcon_core.package_identification:_identify(.) by extension 'python'
[0.440s] Level 1:colcon.colcon_core.package_identification:_identify(.) by extensions ['python_setup_py']
[0.440s] Level 1:colcon.colcon_core.package_identification:_identify(.) by extension 'python_setup_py'
[0.440s] Level 1:colcon.colcon_core.package_identification:_identify(build) by extensions ['ignore', 'ignore_ament_install']
[0.440s] Level 1:colcon.colcon_core.package_identification:_identify(build) by extension 'ignore'
[0.440s] Level 1:colcon.colcon_core.package_identification:_identify(build) ignored
[0.440s] Level 1:colcon.colcon_core.package_identification:_identify(install) by extensions ['ignore', 'ignore_ament_install']
[0.440s] Level 1:colcon.colcon_core.package_identification:_identify(install) by extension 'ignore'
[0.440s] Level 1:colcon.colcon_core.package_identification:_identify(install) ignored
[0.440s] Level 1:colcon.colcon_core.package_identification:_identify(log) by extensions ['ignore', 'ignore_ament_install']
[0.440s] Level 1:colcon.colcon_core.package_identification:_identify(log) by extension 'ignore'
[0.440s] Level 1:colcon.colcon_core.package_identification:_identify(log) ignored
[0.440s] Level 1:colcon.colcon_core.package_identification:_identify(src) by extensions ['ignore', 'ignore_ament_install']
[0.440s] Level 1:colcon.colcon_core.package_identification:_identify(src) by extension 'ignore'
[0.440s] Level 1:colcon.colcon_core.package_identification:_identify(src) by extension 'ignore_ament_install'
[0.440s] Level 1:colcon.colcon_core.package_identification:_identify(src) by extensions ['colcon_pkg']
[0.440s] Level 1:colcon.colcon_core.package_identification:_identify(src) by extension 'colcon_pkg'
[0.440s] Level 1:colcon.colcon_core.package_identification:_identify(src) by extensions ['colcon_meta']
[0.440s] Level 1:colcon.colcon_core.package_identification:_identify(src) by extension 'colcon_meta'
[0.440s] Level 1:colcon.colcon_core.package_identification:_identify(src) by extensions ['ros']
[0.440s] Level 1:colcon.colcon_core.package_identification:_identify(src) by extension 'ros'
[0.440s] Level 1:colcon.colcon_core.package_identification:_identify(src) by extensions ['cmake', 'python']
[0.440s] Level 1:colcon.colcon_core.package_identification:_identify(src) by extension 'cmake'
[0.440s] Level 1:colcon.colcon_core.package_identification:_identify(src) by extension 'python'
[0.440s] Level 1:colcon.colcon_core.package_identification:_identify(src) by extensions ['python_setup_py']
[0.440s] Level 1:colcon.colcon_core.package_identification:_identify(src) by extension 'python_setup_py'
[0.440s] Level 1:colcon.colcon_core.package_identification:_identify(src/build) by extensions ['ignore', 'ignore_ament_install']
[0.440s] Level 1:colcon.colcon_core.package_identification:_identify(src/build) by extension 'ignore'
[0.440s] Level 1:colcon.colcon_core.package_identification:_identify(src/build) ignored
[0.441s] Level 1:colcon.colcon_core.package_identification:_identify(src/install) by extensions ['ignore', 'ignore_ament_install']
[0.441s] Level 1:colcon.colcon_core.package_identification:_identify(src/install) by extension 'ignore'
[0.441s] Level 1:colcon.colcon_core.package_identification:_identify(src/install) ignored
[0.441s] Level 1:colcon.colcon_core.package_identification:_identify(src/log) by extensions ['ignore', 'ignore_ament_install']
[0.441s] Level 1:colcon.colcon_core.package_identification:_identify(src/log) by extension 'ignore'
[0.441s] Level 1:colcon.colcon_core.package_identification:_identify(src/log) ignored
[0.441s] Level 1:colcon.colcon_core.package_identification:_identify(src/px4_msgs) by extensions ['ignore', 'ignore_ament_install']
[0.441s] Level 1:colcon.colcon_core.package_identification:_identify(src/px4_msgs) by extension 'ignore'
[0.441s] Level 1:colcon.colcon_core.package_identification:_identify(src/px4_msgs) by extension 'ignore_ament_install'
[0.441s] Level 1:colcon.colcon_core.package_identification:_identify(src/px4_msgs) by extensions ['colcon_pkg']
[0.441s] Level 1:colcon.colcon_core.package_identification:_identify(src/px4_msgs) by extension 'colcon_pkg'
[0.441s] Level 1:colcon.colcon_core.package_identification:_identify(src/px4_msgs) by extensions ['colcon_meta']
[0.441s] Level 1:colcon.colcon_core.package_identification:_identify(src/px4_msgs) by extension 'colcon_meta'
[0.441s] Level 1:colcon.colcon_core.package_identification:_identify(src/px4_msgs) by extensions ['ros']
[0.441s] Level 1:colcon.colcon_core.package_identification:_identify(src/px4_msgs) by extension 'ros'
[0.442s] DEBUG:colcon.colcon_core.package_identification:Package 'src/px4_msgs' with type 'ros.ament_cmake' and name 'px4_msgs'
[0.442s] Level 1:colcon.colcon_core.package_identification:_identify(src/px4_ros_com) by extensions ['ignore', 'ignore_ament_install']
[0.442s] Level 1:colcon.colcon_core.package_identification:_identify(src/px4_ros_com) by extension 'ignore'
[0.442s] Level 1:colcon.colcon_core.package_identification:_identify(src/px4_ros_com) by extension 'ignore_ament_install'
[0.442s] Level 1:colcon.colcon_core.package_identification:_identify(src/px4_ros_com) by extensions ['colcon_pkg']
[0.442s] Level 1:colcon.colcon_core.package_identification:_identify(src/px4_ros_com) by extension 'colcon_pkg'
[0.442s] Level 1:colcon.colcon_core.package_identification:_identify(src/px4_ros_com) by extensions ['colcon_meta']
[0.442s] Level 1:colcon.colcon_core.package_identification:_identify(src/px4_ros_com) by extension 'colcon_meta'
[0.442s] Level 1:colcon.colcon_core.package_identification:_identify(src/px4_ros_com) by extensions ['ros']
[0.443s] Level 1:colcon.colcon_core.package_identification:_identify(src/px4_ros_com) by extension 'ros'
[0.443s] DEBUG:colcon.colcon_core.package_identification:Package 'src/px4_ros_com' with type 'ros.ament_cmake' and name 'px4_ros_com'
[0.443s] Level 1:colcon.colcon_core.package_identification:_identify(src/px4_visualize) by extensions ['ignore', 'ignore_ament_install']
[0.443s] Level 1:colcon.colcon_core.package_identification:_identify(src/px4_visualize) by extension 'ignore'
[0.443s] Level 1:colcon.colcon_core.package_identification:_identify(src/px4_visualize) by extension 'ignore_ament_install'
[0.443s] Level 1:colcon.colcon_core.package_identification:_identify(src/px4_visualize) by extensions ['colcon_pkg']
[0.443s] Level 1:colcon.colcon_core.package_identification:_identify(src/px4_visualize) by extension 'colcon_pkg'
[0.443s] Level 1:colcon.colcon_core.package_identification:_identify(src/px4_visualize) by extensions ['colcon_meta']
[0.443s] Level 1:colcon.colcon_core.package_identification:_identify(src/px4_visualize) by extension 'colcon_meta'
[0.443s] Level 1:colcon.colcon_core.package_identification:_identify(src/px4_visualize) by extensions ['ros']
[0.443s] Level 1:colcon.colcon_core.package_identification:_identify(src/px4_visualize) by extension 'ros'
[0.444s] DEBUG:colcon.colcon_core.package_identification:Package 'src/px4_visualize' with type 'ros.ament_python' and name 'px4_offboard'
[0.444s] Level 1:colcon.colcon_core.package_discovery:discover_packages(recursive) using defaults
[0.444s] Level 1:colcon.colcon_core.package_discovery:discover_packages(ignore) discover
[0.444s] Level 1:colcon.colcon_core.package_discovery:discover_packages(ignore) using defaults
[0.444s] Level 1:colcon.colcon_core.package_discovery:discover_packages(path) discover
[0.444s] Level 1:colcon.colcon_core.package_discovery:discover_packages(path) using defaults
[0.467s] Level 1:colcon.colcon_core.package_discovery:discover_packages(prefix_path) check parameters
[0.467s] Level 1:colcon.colcon_core.package_discovery:discover_packages(prefix_path) discover
[0.470s] DEBUG:colcon.colcon_installed_package_information.package_discovery:Found 270 installed packages in /opt/ros/humble
[0.471s] Level 1:colcon.colcon_core.package_discovery:discover_packages(prefix_path) using defaults
[0.502s] Level 5:colcon.colcon_core.verb:set package 'px4_msgs' build argument 'cmake_args' from command line to 'None'
[0.502s] Level 5:colcon.colcon_core.verb:set package 'px4_msgs' build argument 'cmake_target' from command line to 'None'
[0.502s] Level 5:colcon.colcon_core.verb:set package 'px4_msgs' build argument 'cmake_target_skip_unavailable' from command line to 'False'
[0.502s] Level 5:colcon.colcon_core.verb:set package 'px4_msgs' build argument 'cmake_clean_cache' from command line to 'False'
[0.502s] Level 5:colcon.colcon_core.verb:set package 'px4_msgs' build argument 'cmake_clean_first' from command line to 'False'
[0.502s] Level 5:colcon.colcon_core.verb:set package 'px4_msgs' build argument 'cmake_force_configure' from command line to 'False'
[0.502s] Level 5:colcon.colcon_core.verb:set package 'px4_msgs' build argument 'ament_cmake_args' from command line to 'None'
[0.503s] Level 5:colcon.colcon_core.verb:set package 'px4_msgs' build argument 'catkin_cmake_args' from command line to 'None'
[0.503s] Level 5:colcon.colcon_core.verb:set package 'px4_msgs' build argument 'catkin_skip_building_tests' from command line to 'False'
[0.503s] DEBUG:colcon.colcon_core.verb:Building package 'px4_msgs' with the following arguments: {'ament_cmake_args': None, 'build_base': '/home/klingjac/ws_offboard_control/build/px4_msgs', 'catkin_cmake_args': None, 'catkin_skip_building_tests': False, 'cmake_args': None, 'cmake_clean_cache': False, 'cmake_clean_first': False, 'cmake_force_configure': False, 'cmake_target': None, 'cmake_target_skip_unavailable': False, 'install_base': '/home/klingjac/ws_offboard_control/install/px4_msgs', 'merge_install': False, 'path': '/home/klingjac/ws_offboard_control/src/px4_msgs', 'symlink_install': False, 'test_result_base': None}
[0.503s] Level 5:colcon.colcon_core.verb:set package 'px4_offboard' build argument 'cmake_args' from command line to 'None'
[0.503s] Level 5:colcon.colcon_core.verb:set package 'px4_offboard' build argument 'cmake_target' from command line to 'None'
[0.503s] Level 5:colcon.colcon_core.verb:set package 'px4_offboard' build argument 'cmake_target_skip_unavailable' from command line to 'False'
[0.503s] Level 5:colcon.colcon_core.verb:set package 'px4_offboard' build argument 'cmake_clean_cache' from command line to 'False'
[0.503s] Level 5:colcon.colcon_core.verb:set package 'px4_offboard' build argument 'cmake_clean_first' from command line to 'False'
[0.503s] Level 5:colcon.colcon_core.verb:set package 'px4_offboard' build argument 'cmake_force_configure' from command line to 'False'
[0.503s] Level 5:colcon.colcon_core.verb:set package 'px4_offboard' build argument 'ament_cmake_args' from command line to 'None'
[0.503s] Level 5:colcon.colcon_core.verb:set package 'px4_offboard' build argument 'catkin_cmake_args' from command line to 'None'
[0.503s] Level 5:colcon.colcon_core.verb:set package 'px4_offboard' build argument 'catkin_skip_building_tests' from command line to 'False'
[0.503s] DEBUG:colcon.colcon_core.verb:Building package 'px4_offboard' with the following arguments: {'ament_cmake_args': None, 'build_base': '/home/klingjac/ws_offboard_control/build/px4_offboard', 'catkin_cmake_args': None, 'catkin_skip_building_tests': False, 'cmake_args': None, 'cmake_clean_cache': False, 'cmake_clean_first': False, 'cmake_force_configure': False, 'cmake_target': None, 'cmake_target_skip_unavailable': False, 'install_base': '/home/klingjac/ws_offboard_control/install/px4_offboard', 'merge_install': False, 'path': '/home/klingjac/ws_offboard_control/src/px4_visualize', 'symlink_install': False, 'test_result_base': None}
[0.504s] Level 5:colcon.colcon_core.verb:set package 'px4_ros_com' build argument 'cmake_args' from command line to 'None'
[0.504s] Level 5:colcon.colcon_core.verb:set package 'px4_ros_com' build argument 'cmake_target' from command line to 'None'
[0.504s] Level 5:colcon.colcon_core.verb:set package 'px4_ros_com' build argument 'cmake_target_skip_unavailable' from command line to 'False'
[0.504s] Level 5:colcon.colcon_core.verb:set package 'px4_ros_com' build argument 'cmake_clean_cache' from command line to 'False'
[0.504s] Level 5:colcon.colcon_core.verb:set package 'px4_ros_com' build argument 'cmake_clean_first' from command line to 'False'
[0.504s] Level 5:colcon.colcon_core.verb:set package 'px4_ros_com' build argument 'cmake_force_configure' from command line to 'False'
[0.504s] Level 5:colcon.colcon_core.verb:set package 'px4_ros_com' build argument 'ament_cmake_args' from command line to 'None'
[0.504s] Level 5:colcon.colcon_core.verb:set package 'px4_ros_com' build argument 'catkin_cmake_args' from command line to 'None'
[0.504s] Level 5:colcon.colcon_core.verb:set package 'px4_ros_com' build argument 'catkin_skip_building_tests' from command line to 'False'
[0.504s] DEBUG:colcon.colcon_core.verb:Building package 'px4_ros_com' with the following arguments: {'ament_cmake_args': None, 'build_base': '/home/klingjac/ws_offboard_control/build/px4_ros_com', 'catkin_cmake_args': None, 'catkin_skip_building_tests': False, 'cmake_args': None, 'cmake_clean_cache': False, 'cmake_clean_first': False, 'cmake_force_configure': False, 'cmake_target': None, 'cmake_target_skip_unavailable': False, 'install_base': '/home/klingjac/ws_offboard_control/install/px4_ros_com', 'merge_install': False, 'path': '/home/klingjac/ws_offboard_control/src/px4_ros_com', 'symlink_install': False, 'test_result_base': None}
[0.504s] INFO:colcon.colcon_core.executor:Executing jobs using 'parallel' executor
[0.506s] DEBUG:colcon.colcon_parallel_executor.executor.parallel:run_until_complete
[0.506s] INFO:colcon.colcon_ros.task.ament_cmake.build:Building ROS package in '/home/klingjac/ws_offboard_control/src/px4_msgs' with build type 'ament_cmake'
[0.506s] INFO:colcon.colcon_cmake.task.cmake.build:Building CMake package in '/home/klingjac/ws_offboard_control/src/px4_msgs'
[0.508s] INFO:colcon.colcon_core.plugin_system:Skipping extension 'colcon_core.shell.bat': Not used on non-Windows systems
[0.509s] INFO:colcon.colcon_core.shell:Skip shell extension 'powershell' for command environment: Not usable outside of PowerShell
[0.509s] DEBUG:colcon.colcon_core.shell:Skip shell extension 'dsv' for command environment
[0.515s] DEBUG:colcon.colcon_core.event_handler.log_command:Invoking command in '/home/klingjac/ws_offboard_control/build/px4_msgs': CMAKE_PREFIX_PATH=/opt/ros/humble PS1=\[\e]0;\u@\h: \w\a\]${debian_chroot:+($debian_chroot)}\[\033[01;32m\]\u@\h\[\033[00m\]:\[\033[01;34m\]\w\[\033[00m\]\$ /usr/bin/cmake --build /home/klingjac/ws_offboard_control/build/px4_msgs -- -j20 -l20
[0.907s] DEBUG:colcon.colcon_core.event_handler.log_command:Invoked command in '/home/klingjac/ws_offboard_control/build/px4_msgs' returned '0': CMAKE_PREFIX_PATH=/opt/ros/humble PS1=\[\e]0;\u@\h: \w\a\]${debian_chroot:+($debian_chroot)}\[\033[01;32m\]\u@\h\[\033[00m\]:\[\033[01;34m\]\w\[\033[00m\]\$ /usr/bin/cmake --build /home/klingjac/ws_offboard_control/build/px4_msgs -- -j20 -l20
[2.629s] DEBUG:colcon.colcon_core.event_handler.log_command:Invoking command in '/home/klingjac/ws_offboard_control/build/px4_msgs': CMAKE_PREFIX_PATH=/opt/ros/humble PS1=\[\e]0;\u@\h: \w\a\]${debian_chroot:+($debian_chroot)}\[\033[01;32m\]\u@\h\[\033[00m\]:\[\033[01;34m\]\w\[\033[00m\]\$ /usr/bin/cmake --install /home/klingjac/ws_offboard_control/build/px4_msgs
[2.849s] Level 1:colcon.colcon_core.environment:create_environment_scripts_only(px4_msgs)
[2.850s] DEBUG:colcon.colcon_core.event_handler.log_command:Invoked command in '/home/klingjac/ws_offboard_control/build/px4_msgs' returned '0': CMAKE_PREFIX_PATH=/opt/ros/humble PS1=\[\e]0;\u@\h: \w\a\]${debian_chroot:+($debian_chroot)}\[\033[01;32m\]\u@\h\[\033[00m\]:\[\033[01;34m\]\w\[\033[00m\]\$ /usr/bin/cmake --install /home/klingjac/ws_offboard_control/build/px4_msgs
[2.852s] Level 1:colcon.colcon_core.environment:checking '/home/klingjac/ws_offboard_control/install/px4_msgs' for CMake module files
[2.853s] Level 1:colcon.colcon_core.environment:checking '/home/klingjac/ws_offboard_control/install/px4_msgs' for CMake config files
[2.853s] Level 1:colcon.colcon_core.shell:create_environment_hook('px4_msgs', 'cmake_prefix_path')
[2.854s] INFO:colcon.colcon_core.shell:Creating environment hook '/home/klingjac/ws_offboard_control/install/px4_msgs/share/px4_msgs/hook/cmake_prefix_path.ps1'
[2.855s] INFO:colcon.colcon_core.shell:Creating environment descriptor '/home/klingjac/ws_offboard_control/install/px4_msgs/share/px4_msgs/hook/cmake_prefix_path.dsv'
[2.855s] INFO:colcon.colcon_core.shell:Creating environment hook '/home/klingjac/ws_offboard_control/install/px4_msgs/share/px4_msgs/hook/cmake_prefix_path.sh'
[2.856s] Level 1:colcon.colcon_core.environment:checking '/home/klingjac/ws_offboard_control/install/px4_msgs/lib'
[2.856s] Level 1:colcon.colcon_core.shell:create_environment_hook('px4_msgs', 'ld_library_path_lib')
[2.856s] INFO:colcon.colcon_core.shell:Creating environment hook '/home/klingjac/ws_offboard_control/install/px4_msgs/share/px4_msgs/hook/ld_library_path_lib.ps1'
[2.857s] INFO:colcon.colcon_core.shell:Creating environment descriptor '/home/klingjac/ws_offboard_control/install/px4_msgs/share/px4_msgs/hook/ld_library_path_lib.dsv'
[2.857s] INFO:colcon.colcon_core.shell:Creating environment hook '/home/klingjac/ws_offboard_control/install/px4_msgs/share/px4_msgs/hook/ld_library_path_lib.sh'
[2.857s] Level 1:colcon.colcon_core.environment:checking '/home/klingjac/ws_offboard_control/install/px4_msgs/bin'
[2.857s] Level 1:colcon.colcon_core.environment:checking '/home/klingjac/ws_offboard_control/install/px4_msgs/lib/pkgconfig/px4_msgs.pc'
[2.857s] Level 1:colcon.colcon_core.environment:checking '/home/klingjac/ws_offboard_control/install/px4_msgs/lib/python3.10/site-packages'
[2.857s] Level 1:colcon.colcon_core.environment:checking '/home/klingjac/ws_offboard_control/install/px4_msgs/bin'
[2.858s] INFO:colcon.colcon_core.shell:Creating package script '/home/klingjac/ws_offboard_control/install/px4_msgs/share/px4_msgs/package.ps1'
[2.858s] INFO:colcon.colcon_core.shell:Creating package descriptor '/home/klingjac/ws_offboard_control/install/px4_msgs/share/px4_msgs/package.dsv'
[2.859s] INFO:colcon.colcon_core.shell:Creating package script '/home/klingjac/ws_offboard_control/install/px4_msgs/share/px4_msgs/package.sh'
[2.859s] INFO:colcon.colcon_core.shell:Creating package script '/home/klingjac/ws_offboard_control/install/px4_msgs/share/px4_msgs/package.bash'
[2.860s] INFO:colcon.colcon_core.shell:Creating package script '/home/klingjac/ws_offboard_control/install/px4_msgs/share/px4_msgs/package.zsh'
[2.860s] Level 1:colcon.colcon_core.environment:create_file_with_runtime_dependencies(/home/klingjac/ws_offboard_control/install/px4_msgs/share/colcon-core/packages/px4_msgs)
[4.355s] Level 1:colcon.colcon_core.environment:create_environment_scripts_only(px4_msgs)
[4.356s] Level 1:colcon.colcon_core.environment:checking '/home/klingjac/ws_offboard_control/install/px4_msgs' for CMake module files
[4.357s] Level 1:colcon.colcon_core.environment:checking '/home/klingjac/ws_offboard_control/install/px4_msgs' for CMake config files
[4.357s] Level 1:colcon.colcon_core.shell:create_environment_hook('px4_msgs', 'cmake_prefix_path')
[4.357s] INFO:colcon.colcon_core.shell:Creating environment hook '/home/klingjac/ws_offboard_control/install/px4_msgs/share/px4_msgs/hook/cmake_prefix_path.ps1'
[4.358s] INFO:colcon.colcon_core.shell:Creating environment descriptor '/home/klingjac/ws_offboard_control/install/px4_msgs/share/px4_msgs/hook/cmake_prefix_path.dsv'
[4.358s] INFO:colcon.colcon_core.shell:Creating environment hook '/home/klingjac/ws_offboard_control/install/px4_msgs/share/px4_msgs/hook/cmake_prefix_path.sh'
[4.358s] Level 1:colcon.colcon_core.environment:checking '/home/klingjac/ws_offboard_control/install/px4_msgs/lib'
[4.358s] Level 1:colcon.colcon_core.shell:create_environment_hook('px4_msgs', 'ld_library_path_lib')
[4.359s] INFO:colcon.colcon_core.shell:Creating environment hook '/home/klingjac/ws_offboard_control/install/px4_msgs/share/px4_msgs/hook/ld_library_path_lib.ps1'
[4.359s] INFO:colcon.colcon_core.shell:Creating environment descriptor '/home/klingjac/ws_offboard_control/install/px4_msgs/share/px4_msgs/hook/ld_library_path_lib.dsv'
[4.359s] INFO:colcon.colcon_core.shell:Creating environment hook '/home/klingjac/ws_offboard_control/install/px4_msgs/share/px4_msgs/hook/ld_library_path_lib.sh'
[4.360s] Level 1:colcon.colcon_core.environment:checking '/home/klingjac/ws_offboard_control/install/px4_msgs/bin'
[4.360s] Level 1:colcon.colcon_core.environment:checking '/home/klingjac/ws_offboard_control/install/px4_msgs/lib/pkgconfig/px4_msgs.pc'
[4.360s] Level 1:colcon.colcon_core.environment:checking '/home/klingjac/ws_offboard_control/install/px4_msgs/lib/python3.10/site-packages'
[4.360s] Level 1:colcon.colcon_core.environment:checking '/home/klingjac/ws_offboard_control/install/px4_msgs/bin'
[4.360s] INFO:colcon.colcon_core.shell:Creating package script '/home/klingjac/ws_offboard_control/install/px4_msgs/share/px4_msgs/package.ps1'
[4.361s] INFO:colcon.colcon_core.shell:Creating package descriptor '/home/klingjac/ws_offboard_control/install/px4_msgs/share/px4_msgs/package.dsv'
[4.361s] INFO:colcon.colcon_core.shell:Creating package script '/home/klingjac/ws_offboard_control/install/px4_msgs/share/px4_msgs/package.sh'
[4.361s] INFO:colcon.colcon_core.shell:Creating package script '/home/klingjac/ws_offboard_control/install/px4_msgs/share/px4_msgs/package.bash'
[4.361s] INFO:colcon.colcon_core.shell:Creating package script '/home/klingjac/ws_offboard_control/install/px4_msgs/share/px4_msgs/package.zsh'
[4.362s] Level 1:colcon.colcon_core.environment:create_file_with_runtime_dependencies(/home/klingjac/ws_offboard_control/install/px4_msgs/share/colcon-core/packages/px4_msgs)
[4.362s] INFO:colcon.colcon_ros.task.ament_python.build:Building ROS package in '/home/klingjac/ws_offboard_control/src/px4_visualize' with build type 'ament_python'
[4.362s] Level 1:colcon.colcon_core.shell:create_environment_hook('px4_offboard', 'ament_prefix_path')
[4.363s] INFO:colcon.colcon_core.shell:Creating environment hook '/home/klingjac/ws_offboard_control/install/px4_offboard/share/px4_offboard/hook/ament_prefix_path.ps1'
[4.363s] INFO:colcon.colcon_core.shell:Creating environment descriptor '/home/klingjac/ws_offboard_control/install/px4_offboard/share/px4_offboard/hook/ament_prefix_path.dsv'
[4.364s] INFO:colcon.colcon_core.shell:Creating environment hook '/home/klingjac/ws_offboard_control/install/px4_offboard/share/px4_offboard/hook/ament_prefix_path.sh'
[4.365s] INFO:colcon.colcon_core.shell:Skip shell extension 'powershell' for command environment: Not usable outside of PowerShell
[4.365s] DEBUG:colcon.colcon_core.shell:Skip shell extension 'dsv' for command environment
[4.367s] INFO:colcon.colcon_ros.task.ament_cmake.build:Building ROS package in '/home/klingjac/ws_offboard_control/src/px4_ros_com' with build type 'ament_cmake'
[4.367s] INFO:colcon.colcon_cmake.task.cmake.build:Building CMake package in '/home/klingjac/ws_offboard_control/src/px4_ros_com'
[4.367s] INFO:colcon.colcon_core.shell:Skip shell extension 'powershell' for command environment: Not usable outside of PowerShell
[4.367s] DEBUG:colcon.colcon_core.shell:Skip shell extension 'dsv' for command environment
[4.601s] INFO:colcon.colcon_core.task.python.build:Building Python package in '/home/klingjac/ws_offboard_control/src/px4_visualize'
[4.602s] INFO:colcon.colcon_core.shell:Skip shell extension 'powershell' for command environment: Not usable outside of PowerShell
[4.602s] DEBUG:colcon.colcon_core.shell:Skip shell extension 'dsv' for command environment
[4.607s] DEBUG:colcon.colcon_core.event_handler.log_command:Invoking command in '/home/klingjac/ws_offboard_control/build/px4_ros_com': AMENT_PREFIX_PATH=/home/klingjac/ws_offboard_control/install/px4_msgs:${AMENT_PREFIX_PATH} CMAKE_PREFIX_PATH=/home/klingjac/ws_offboard_control/install/px4_msgs:/opt/ros/humble LD_LIBRARY_PATH=/home/klingjac/ws_offboard_control/install/px4_msgs/lib:${LD_LIBRARY_PATH} PS1=\[\e]0;\u@\h: \w\a\]${debian_chroot:+($debian_chroot)}\[\033[01;32m\]\u@\h\[\033[00m\]:\[\033[01;34m\]\w\[\033[00m\]\$ PYTHONPATH=/home/klingjac/ws_offboard_control/install/px4_msgs/local/lib/python3.10/dist-packages:${PYTHONPATH} /usr/bin/cmake --build /home/klingjac/ws_offboard_control/build/px4_ros_com -- -j20 -l20
[4.643s] DEBUG:colcon.colcon_core.event_handler.log_command:Invoked command in '/home/klingjac/ws_offboard_control/build/px4_ros_com' returned '0': AMENT_PREFIX_PATH=/home/klingjac/ws_offboard_control/install/px4_msgs:${AMENT_PREFIX_PATH} CMAKE_PREFIX_PATH=/home/klingjac/ws_offboard_control/install/px4_msgs:/opt/ros/humble LD_LIBRARY_PATH=/home/klingjac/ws_offboard_control/install/px4_msgs/lib:${LD_LIBRARY_PATH} PS1=\[\e]0;\u@\h: \w\a\]${debian_chroot:+($debian_chroot)}\[\033[01;32m\]\u@\h\[\033[00m\]:\[\033[01;34m\]\w\[\033[00m\]\$ PYTHONPATH=/home/klingjac/ws_offboard_control/install/px4_msgs/local/lib/python3.10/dist-packages:${PYTHONPATH} /usr/bin/cmake --build /home/klingjac/ws_offboard_control/build/px4_ros_com -- -j20 -l20
[4.660s] DEBUG:colcon.colcon_core.event_handler.log_command:Invoking command in '/home/klingjac/ws_offboard_control/build/px4_ros_com': AMENT_PREFIX_PATH=/home/klingjac/ws_offboard_control/install/px4_msgs:${AMENT_PREFIX_PATH} CMAKE_PREFIX_PATH=/home/klingjac/ws_offboard_control/install/px4_msgs:/opt/ros/humble LD_LIBRARY_PATH=/home/klingjac/ws_offboard_control/install/px4_msgs/lib:${LD_LIBRARY_PATH} PS1=\[\e]0;\u@\h: \w\a\]${debian_chroot:+($debian_chroot)}\[\033[01;32m\]\u@\h\[\033[00m\]:\[\033[01;34m\]\w\[\033[00m\]\$ PYTHONPATH=/home/klingjac/ws_offboard_control/install/px4_msgs/local/lib/python3.10/dist-packages:${PYTHONPATH} /usr/bin/cmake --install /home/klingjac/ws_offboard_control/build/px4_ros_com
[4.667s] Level 1:colcon.colcon_core.environment:create_environment_scripts_only(px4_ros_com)
[4.669s] Level 1:colcon.colcon_core.environment:checking '/home/klingjac/ws_offboard_control/install/px4_ros_com' for CMake module files
[4.669s] DEBUG:colcon.colcon_core.event_handler.log_command:Invoked command in '/home/klingjac/ws_offboard_control/build/px4_ros_com' returned '0': AMENT_PREFIX_PATH=/home/klingjac/ws_offboard_control/install/px4_msgs:${AMENT_PREFIX_PATH} CMAKE_PREFIX_PATH=/home/klingjac/ws_offboard_control/install/px4_msgs:/opt/ros/humble LD_LIBRARY_PATH=/home/klingjac/ws_offboard_control/install/px4_msgs/lib:${LD_LIBRARY_PATH} PS1=\[\e]0;\u@\h: \w\a\]${debian_chroot:+($debian_chroot)}\[\033[01;32m\]\u@\h\[\033[00m\]:\[\033[01;34m\]\w\[\033[00m\]\$ PYTHONPATH=/home/klingjac/ws_offboard_control/install/px4_msgs/local/lib/python3.10/dist-packages:${PYTHONPATH} /usr/bin/cmake --install /home/klingjac/ws_offboard_control/build/px4_ros_com
[4.670s] Level 1:colcon.colcon_core.environment:checking '/home/klingjac/ws_offboard_control/install/px4_ros_com' for CMake config files
[4.670s] Level 1:colcon.colcon_core.shell:create_environment_hook('px4_ros_com', 'cmake_prefix_path')
[4.671s] INFO:colcon.colcon_core.shell:Creating environment hook '/home/klingjac/ws_offboard_control/install/px4_ros_com/share/px4_ros_com/hook/cmake_prefix_path.ps1'
[4.671s] INFO:colcon.colcon_core.shell:Creating environment descriptor '/home/klingjac/ws_offboard_control/install/px4_ros_com/share/px4_ros_com/hook/cmake_prefix_path.dsv'
[4.671s] INFO:colcon.colcon_core.shell:Creating environment hook '/home/klingjac/ws_offboard_control/install/px4_ros_com/share/px4_ros_com/hook/cmake_prefix_path.sh'
[4.671s] Level 1:colcon.colcon_core.environment:checking '/home/klingjac/ws_offboard_control/install/px4_ros_com/lib'
[4.672s] Level 1:colcon.colcon_core.shell:create_environment_hook('px4_ros_com', 'ld_library_path_lib')
[4.672s] INFO:colcon.colcon_core.shell:Creating environment hook '/home/klingjac/ws_offboard_control/install/px4_ros_com/share/px4_ros_com/hook/ld_library_path_lib.ps1'
[4.672s] INFO:colcon.colcon_core.shell:Creating environment descriptor '/home/klingjac/ws_offboard_control/install/px4_ros_com/share/px4_ros_com/hook/ld_library_path_lib.dsv'
[4.672s] INFO:colcon.colcon_core.shell:Creating environment hook '/home/klingjac/ws_offboard_control/install/px4_ros_com/share/px4_ros_com/hook/ld_library_path_lib.sh'
[4.673s] Level 1:colcon.colcon_core.environment:checking '/home/klingjac/ws_offboard_control/install/px4_ros_com/bin'
[4.673s] Level 1:colcon.colcon_core.environment:checking '/home/klingjac/ws_offboard_control/install/px4_ros_com/lib/pkgconfig/px4_ros_com.pc'
[4.673s] Level 1:colcon.colcon_core.environment:checking '/home/klingjac/ws_offboard_control/install/px4_ros_com/lib/python3.10/site-packages'
[4.673s] Level 1:colcon.colcon_core.environment:checking '/home/klingjac/ws_offboard_control/install/px4_ros_com/bin'
[4.674s] INFO:colcon.colcon_core.shell:Creating package script '/home/klingjac/ws_offboard_control/install/px4_ros_com/share/px4_ros_com/package.ps1'
[4.674s] INFO:colcon.colcon_core.shell:Creating package descriptor '/home/klingjac/ws_offboard_control/install/px4_ros_com/share/px4_ros_com/package.dsv'
[4.674s] INFO:colcon.colcon_core.shell:Creating package script '/home/klingjac/ws_offboard_control/install/px4_ros_com/share/px4_ros_com/package.sh'
[4.674s] INFO:colcon.colcon_core.shell:Creating package script '/home/klingjac/ws_offboard_control/install/px4_ros_com/share/px4_ros_com/package.bash'
[4.674s] INFO:colcon.colcon_core.shell:Creating package script '/home/klingjac/ws_offboard_control/install/px4_ros_com/share/px4_ros_com/package.zsh'
[4.674s] Level 1:colcon.colcon_core.environment:create_file_with_runtime_dependencies(/home/klingjac/ws_offboard_control/install/px4_ros_com/share/colcon-core/packages/px4_ros_com)
[4.692s] Level 1:colcon.colcon_core.environment:create_environment_scripts_only(px4_ros_com)
[4.693s] Level 1:colcon.colcon_core.environment:checking '/home/klingjac/ws_offboard_control/install/px4_ros_com' for CMake module files
[4.693s] Level 1:colcon.colcon_core.environment:checking '/home/klingjac/ws_offboard_control/install/px4_ros_com' for CMake config files
[4.693s] Level 1:colcon.colcon_core.shell:create_environment_hook('px4_ros_com', 'cmake_prefix_path')
[4.694s] INFO:colcon.colcon_core.shell:Creating environment hook '/home/klingjac/ws_offboard_control/install/px4_ros_com/share/px4_ros_com/hook/cmake_prefix_path.ps1'
[4.694s] INFO:colcon.colcon_core.shell:Creating environment descriptor '/home/klingjac/ws_offboard_control/install/px4_ros_com/share/px4_ros_com/hook/cmake_prefix_path.dsv'
[4.694s] INFO:colcon.colcon_core.shell:Creating environment hook '/home/klingjac/ws_offboard_control/install/px4_ros_com/share/px4_ros_com/hook/cmake_prefix_path.sh'
[4.695s] Level 1:colcon.colcon_core.environment:checking '/home/klingjac/ws_offboard_control/install/px4_ros_com/lib'
[4.695s] Level 1:colcon.colcon_core.shell:create_environment_hook('px4_ros_com', 'ld_library_path_lib')
[4.695s] INFO:colcon.colcon_core.shell:Creating environment hook '/home/klingjac/ws_offboard_control/install/px4_ros_com/share/px4_ros_com/hook/ld_library_path_lib.ps1'
[4.695s] INFO:colcon.colcon_core.shell:Creating environment descriptor '/home/klingjac/ws_offboard_control/install/px4_ros_com/share/px4_ros_com/hook/ld_library_path_lib.dsv'
[4.695s] INFO:colcon.colcon_core.shell:Creating environment hook '/home/klingjac/ws_offboard_control/install/px4_ros_com/share/px4_ros_com/hook/ld_library_path_lib.sh'
[4.696s] Level 1:colcon.colcon_core.environment:checking '/home/klingjac/ws_offboard_control/install/px4_ros_com/bin'
[4.696s] Level 1:colcon.colcon_core.environment:checking '/home/klingjac/ws_offboard_control/install/px4_ros_com/lib/pkgconfig/px4_ros_com.pc'
[4.696s] Level 1:colcon.colcon_core.environment:checking '/home/klingjac/ws_offboard_control/install/px4_ros_com/lib/python3.10/site-packages'
[4.696s] Level 1:colcon.colcon_core.environment:checking '/home/klingjac/ws_offboard_control/install/px4_ros_com/bin'
[4.697s] INFO:colcon.colcon_core.shell:Creating package script '/home/klingjac/ws_offboard_control/install/px4_ros_com/share/px4_ros_com/package.ps1'
[4.697s] INFO:colcon.colcon_core.shell:Creating package descriptor '/home/klingjac/ws_offboard_control/install/px4_ros_com/share/px4_ros_com/package.dsv'
[4.697s] INFO:colcon.colcon_core.shell:Creating package script '/home/klingjac/ws_offboard_control/install/px4_ros_com/share/px4_ros_com/package.sh'
[4.697s] INFO:colcon.colcon_core.shell:Creating package script '/home/klingjac/ws_offboard_control/install/px4_ros_com/share/px4_ros_com/package.bash'
[4.697s] INFO:colcon.colcon_core.shell:Creating package script '/home/klingjac/ws_offboard_control/install/px4_ros_com/share/px4_ros_com/package.zsh'
[4.697s] Level 1:colcon.colcon_core.environment:create_file_with_runtime_dependencies(/home/klingjac/ws_offboard_control/install/px4_ros_com/share/colcon-core/packages/px4_ros_com)
[4.957s] DEBUG:colcon.colcon_core.event_handler.log_command:Invoking command in '/home/klingjac/ws_offboard_control/src/px4_visualize': AMENT_PREFIX_PATH=/home/klingjac/ws_offboard_control/install/px4_msgs:${AMENT_PREFIX_PATH} CMAKE_PREFIX_PATH=/home/klingjac/ws_offboard_control/install/px4_msgs LD_LIBRARY_PATH=/home/klingjac/ws_offboard_control/install/px4_msgs/lib:${LD_LIBRARY_PATH} PS1=\[\e]0;\u@\h: \w\a\]${debian_chroot:+($debian_chroot)}\[\033[01;32m\]\u@\h\[\033[00m\]:\[\033[01;34m\]\w\[\033[00m\]\$ PYTHONPATH=/home/klingjac/ws_offboard_control/build/px4_offboard/prefix_override:/home/klingjac/ws_offboard_control/install/px4_offboard/lib/python3.10/site-packages:/home/klingjac/ws_offboard_control/install/px4_msgs/local/lib/python3.10/dist-packages:${PYTHONPATH} /usr/bin/python3 setup.py egg_info --egg-base ../../build/px4_offboard build --build-base /home/klingjac/ws_offboard_control/build/px4_offboard/build install --record /home/klingjac/ws_offboard_control/build/px4_offboard/install.log --single-version-externally-managed
[5.121s] Level 1:colcon.colcon_core.environment:checking '/home/klingjac/ws_offboard_control/install/px4_offboard' for CMake module files
[5.121s] DEBUG:colcon.colcon_core.event_handler.log_command:Invoked command in '/home/klingjac/ws_offboard_control/src/px4_visualize' returned '0': AMENT_PREFIX_PATH=/home/klingjac/ws_offboard_control/install/px4_msgs:${AMENT_PREFIX_PATH} CMAKE_PREFIX_PATH=/home/klingjac/ws_offboard_control/install/px4_msgs LD_LIBRARY_PATH=/home/klingjac/ws_offboard_control/install/px4_msgs/lib:${LD_LIBRARY_PATH} PS1=\[\e]0;\u@\h: \w\a\]${debian_chroot:+($debian_chroot)}\[\033[01;32m\]\u@\h\[\033[00m\]:\[\033[01;34m\]\w\[\033[00m\]\$ PYTHONPATH=/home/klingjac/ws_offboard_control/build/px4_offboard/prefix_override:/home/klingjac/ws_offboard_control/install/px4_offboard/lib/python3.10/site-packages:/home/klingjac/ws_offboard_control/install/px4_msgs/local/lib/python3.10/dist-packages:${PYTHONPATH} /usr/bin/python3 setup.py egg_info --egg-base ../../build/px4_offboard build --build-base /home/klingjac/ws_offboard_control/build/px4_offboard/build install --record /home/klingjac/ws_offboard_control/build/px4_offboard/install.log --single-version-externally-managed
[5.122s] Level 1:colcon.colcon_core.environment:checking '/home/klingjac/ws_offboard_control/install/px4_offboard' for CMake config files
[5.122s] Level 1:colcon.colcon_core.environment:checking '/home/klingjac/ws_offboard_control/install/px4_offboard/lib'
[5.122s] Level 1:colcon.colcon_core.environment:checking '/home/klingjac/ws_offboard_control/install/px4_offboard/bin'
[5.122s] Level 1:colcon.colcon_core.environment:checking '/home/klingjac/ws_offboard_control/install/px4_offboard/lib/pkgconfig/px4_offboard.pc'
[5.122s] Level 1:colcon.colcon_core.environment:checking '/home/klingjac/ws_offboard_control/install/px4_offboard/lib/python3.10/site-packages'
[5.122s] Level 1:colcon.colcon_core.shell:create_environment_hook('px4_offboard', 'pythonpath')
[5.123s] INFO:colcon.colcon_core.shell:Creating environment hook '/home/klingjac/ws_offboard_control/install/px4_offboard/share/px4_offboard/hook/pythonpath.ps1'
[5.123s] INFO:colcon.colcon_core.shell:Creating environment descriptor '/home/klingjac/ws_offboard_control/install/px4_offboard/share/px4_offboard/hook/pythonpath.dsv'
[5.123s] INFO:colcon.colcon_core.shell:Creating environment hook '/home/klingjac/ws_offboard_control/install/px4_offboard/share/px4_offboard/hook/pythonpath.sh'
[5.124s] Level 1:colcon.colcon_core.environment:checking '/home/klingjac/ws_offboard_control/install/px4_offboard/bin'
[5.124s] Level 1:colcon.colcon_core.environment:create_environment_scripts_only(px4_offboard)
[5.124s] INFO:colcon.colcon_core.shell:Creating package script '/home/klingjac/ws_offboard_control/install/px4_offboard/share/px4_offboard/package.ps1'
[5.124s] INFO:colcon.colcon_core.shell:Creating package descriptor '/home/klingjac/ws_offboard_control/install/px4_offboard/share/px4_offboard/package.dsv'
[5.125s] INFO:colcon.colcon_core.shell:Creating package script '/home/klingjac/ws_offboard_control/install/px4_offboard/share/px4_offboard/package.sh'
[5.125s] INFO:colcon.colcon_core.shell:Creating package script '/home/klingjac/ws_offboard_control/install/px4_offboard/share/px4_offboard/package.bash'
[5.125s] INFO:colcon.colcon_core.shell:Creating package script '/home/klingjac/ws_offboard_control/install/px4_offboard/share/px4_offboard/package.zsh'
[5.125s] Level 1:colcon.colcon_core.environment:create_file_with_runtime_dependencies(/home/klingjac/ws_offboard_control/install/px4_offboard/share/colcon-core/packages/px4_offboard)
[5.125s] DEBUG:colcon.colcon_parallel_executor.executor.parallel:closing loop
[5.125s] DEBUG:colcon.colcon_parallel_executor.executor.parallel:loop closed
[5.125s] DEBUG:colcon.colcon_parallel_executor.executor.parallel:run_until_complete finished with '0'
[5.125s] DEBUG:colcon.colcon_core.event_reactor:joining thread
[5.196s] INFO:colcon.colcon_core.plugin_system:Skipping extension 'colcon_notification.desktop_notification.notify_send': Could not find 'notify-send'
[5.196s] INFO:colcon.colcon_core.plugin_system:Skipping extension 'colcon_notification.desktop_notification.terminal_notifier': Not used on non-Darwin systems
[5.196s] INFO:colcon.colcon_core.plugin_system:Skipping extension 'colcon_notification.desktop_notification.win32': Not used on non-Windows systems
[5.196s] INFO:colcon.colcon_notification.desktop_notification:Sending desktop notification using 'notify2'
[5.197s] DEBUG:colcon.colcon_notification.desktop_notification.notify2:Failed to initialize notify2: org.freedesktop.DBus.Error.FileNotFound: Failed to connect to socket /run/user/1000/bus: No such file or directory
[5.197s] DEBUG:colcon.colcon_core.event_reactor:joined thread
[5.197s] INFO:colcon.colcon_core.shell:Creating prefix script '/home/klingjac/ws_offboard_control/install/local_setup.ps1'
[5.198s] INFO:colcon.colcon_core.shell:Creating prefix util module '/home/klingjac/ws_offboard_control/install/_local_setup_util_ps1.py'
[5.199s] INFO:colcon.colcon_core.shell:Creating prefix chain script '/home/klingjac/ws_offboard_control/install/setup.ps1'
[5.200s] INFO:colcon.colcon_core.shell:Creating prefix script '/home/klingjac/ws_offboard_control/install/local_setup.sh'
[5.200s] INFO:colcon.colcon_core.shell:Creating prefix util module '/home/klingjac/ws_offboard_control/install/_local_setup_util_sh.py'
[5.200s] INFO:colcon.colcon_core.shell:Creating prefix chain script '/home/klingjac/ws_offboard_control/install/setup.sh'
[5.201s] INFO:colcon.colcon_core.shell:Creating prefix script '/home/klingjac/ws_offboard_control/install/local_setup.bash'
[5.201s] INFO:colcon.colcon_core.shell:Creating prefix chain script '/home/klingjac/ws_offboard_control/install/setup.bash'
[5.202s] INFO:colcon.colcon_core.shell:Creating prefix script '/home/klingjac/ws_offboard_control/install/local_setup.zsh'
[5.202s] INFO:colcon.colcon_core.shell:Creating prefix chain script '/home/klingjac/ws_offboard_control/install/setup.zsh'
