[0.082s] Invoking command in '/home/klingjac/ws_offboard_control/src/build/px4_ros_com': AMENT_PREFIX_PATH=/home/klingjac/ws_offboard_control/src/install/px4_msgs:${AMENT_PREFIX_PATH} CMAKE_PREFIX_PATH=/home/klingjac/ws_offboard_control/src/install/px4_msgs:/opt/ros/humble LD_LIBRARY_PATH=/home/klingjac/ws_offboard_control/src/install/px4_msgs/lib:${LD_LIBRARY_PATH} PYTHONPATH=/home/klingjac/ws_offboard_control/src/install/px4_msgs/local/lib/python3.10/dist-packages:${PYTHONPATH} /usr/bin/cmake /home/klingjac/ws_offboard_control/src/px4_ros_com -DCMAKE_INSTALL_PREFIX=/home/klingjac/ws_offboard_control/src/install/px4_ros_com
[0.269s] -- The C compiler identification is GNU 11.4.0
[1.102s] -- The CXX compiler identification is GNU 11.4.0
[1.708s] -- Detecting C compiler ABI info
[1.906s] -- Detecting C compiler ABI info - done
[1.910s] -- Check for working C compiler: /usr/bin/cc - skipped
[1.910s] -- Detecting C compile features
[1.910s] -- Detecting C compile features - done
[1.912s] -- Detecting CXX compiler ABI info
[2.091s] -- Detecting CXX compiler ABI info - done
[2.095s] -- Check for working CXX compiler: /usr/bin/c++ - skipped
[2.095s] -- Detecting CXX compile features
[2.095s] -- Detecting CXX compile features - done
[2.096s] -- Found ament_cmake: 1.3.5 (/opt/ros/humble/share/ament_cmake/cmake)
[2.189s] -- Found Python3: /usr/bin/python3.10 (found version "3.10.12") found components: Interpreter 
[2.235s] -- Found builtin_interfaces: 1.2.1 (/opt/ros/humble/share/builtin_interfaces/cmake)
[2.514s] -- Found rosidl_generator_c: 3.1.5 (/opt/ros/humble/share/rosidl_generator_c/cmake)
[2.519s] -- Found rosidl_adapter: 3.1.5 (/opt/ros/humble/share/rosidl_adapter/cmake)
[2.526s] -- Found rosidl_generator_cpp: 3.1.5 (/opt/ros/humble/share/rosidl_generator_cpp/cmake)
[2.534s] -- Using all available rosidl_typesupport_c: rosidl_typesupport_fastrtps_c;rosidl_typesupport_introspection_c
[2.543s] -- Using all available rosidl_typesupport_cpp: rosidl_typesupport_fastrtps_cpp;rosidl_typesupport_introspection_cpp
[2.552s] -- Found eigen3_cmake_module: 0.1.1 (/opt/ros/humble/share/eigen3_cmake_module/cmake)
[2.556s] -- Found Eigen3: TRUE (found version "3.4.0") 
[2.556s] -- Found geometry_msgs: 4.2.3 (/opt/ros/humble/share/geometry_msgs/cmake)
[2.617s] -- Found px4_msgs: 2.0.1 (/home/klingjac/ws_offboard_control/src/install/px4_msgs/share/px4_msgs/cmake)
[2.637s] -- Found rclcpp: 16.0.5 (/opt/ros/humble/share/rclcpp/cmake)
[2.671s] -- Found rmw_implementation_cmake: 6.1.1 (/opt/ros/humble/share/rmw_implementation_cmake/cmake)
[2.672s] -- Found rmw_fastrtps_cpp: 6.2.3 (/opt/ros/humble/share/rmw_fastrtps_cpp/cmake)
[4.835s] -- Found OpenSSL: /usr/lib/x86_64-linux-gnu/libcrypto.so (found version "3.0.2")  
[7.075s] -- Found FastRTPS: /opt/ros/humble/include  
[11.906s] -- Using RMW implementation 'rmw_fastrtps_cpp' as default
[11.911s] -- Looking for pthread.h
[12.076s] -- Looking for pthread.h - found
[12.076s] -- Performing Test CMAKE_HAVE_LIBC_PTHREAD
[12.285s] -- Performing Test CMAKE_HAVE_LIBC_PTHREAD - Success
[12.285s] -- Found Threads: TRUE  
[12.357s] -- Found sensor_msgs: 4.2.3 (/opt/ros/humble/share/sensor_msgs/cmake)
[12.435s] -- Found ament_lint_auto: 0.12.7 (/opt/ros/humble/share/ament_lint_auto/cmake)
[12.528s] -- Added test 'copyright' to check source files copyright and LICENSE
[12.534s] -- Added test 'cppcheck' to perform static code analysis on C / C++ code
[12.534s] -- Configured cppcheck include dirs: /home/klingjac/ws_offboard_control/src/px4_ros_com/include;$<BUILD_INTERFACE:/home/klingjac/ws_offboard_control/src/px4_ros_com/include/px4_ros_com>
[12.534s] -- Configured cppcheck exclude dirs and/or files: 
[12.538s] -- Added test 'cpplint' to check C / C++ code against the Google style
[12.538s] -- Configured cpplint exclude dirs and/or files: 
[12.540s] -- Added test 'flake8' to check Python code syntax and style conventions
[12.541s] -- Added test 'lint_cmake' to check CMake code style
[12.542s] -- Added test 'pep257' to check Python code against some of the docstring style conventions in PEP 257
[12.546s] -- Added test 'uncrustify' to check C / C++ code style
[12.546s] -- Configured uncrustify additional arguments: 
[12.547s] -- Added test 'xmllint' to check XML markup files
[12.550s] -- Configuring done
[12.564s] -- Generating done
[12.565s] -- Build files have been written to: /home/klingjac/ws_offboard_control/src/build/px4_ros_com
[12.572s] Invoked command in '/home/klingjac/ws_offboard_control/src/build/px4_ros_com' returned '0': AMENT_PREFIX_PATH=/home/klingjac/ws_offboard_control/src/install/px4_msgs:${AMENT_PREFIX_PATH} CMAKE_PREFIX_PATH=/home/klingjac/ws_offboard_control/src/install/px4_msgs:/opt/ros/humble LD_LIBRARY_PATH=/home/klingjac/ws_offboard_control/src/install/px4_msgs/lib:${LD_LIBRARY_PATH} PYTHONPATH=/home/klingjac/ws_offboard_control/src/install/px4_msgs/local/lib/python3.10/dist-packages:${PYTHONPATH} /usr/bin/cmake /home/klingjac/ws_offboard_control/src/px4_ros_com -DCMAKE_INSTALL_PREFIX=/home/klingjac/ws_offboard_control/src/install/px4_ros_com
[12.573s] Invoking command in '/home/klingjac/ws_offboard_control/src/build/px4_ros_com': AMENT_PREFIX_PATH=/home/klingjac/ws_offboard_control/src/install/px4_msgs:${AMENT_PREFIX_PATH} CMAKE_PREFIX_PATH=/home/klingjac/ws_offboard_control/src/install/px4_msgs:/opt/ros/humble LD_LIBRARY_PATH=/home/klingjac/ws_offboard_control/src/install/px4_msgs/lib:${LD_LIBRARY_PATH} PYTHONPATH=/home/klingjac/ws_offboard_control/src/install/px4_msgs/local/lib/python3.10/dist-packages:${PYTHONPATH} /usr/bin/cmake --build /home/klingjac/ws_offboard_control/src/build/px4_ros_com -- -j20 -l20
[12.599s] [ 30%] [32mBuilding CXX object CMakeFiles/offboard_control.dir/src/examples/offboard/offboard_control.cpp.o[0m
[12.599s] [ 30%] [32mBuilding CXX object CMakeFiles/sensor_combined_listener.dir/src/examples/listeners/sensor_combined_listener.cpp.o[0m
[12.599s] [ 20%] [32mBuilding CXX object CMakeFiles/frame_transforms.dir/src/lib/frame_transforms.cpp.o[0m
[12.600s] [ 40%] [32mBuilding CXX object CMakeFiles/vehicle_gps_position_listener.dir/src/examples/listeners/vehicle_gps_position_listener.cpp.o[0m
[12.600s] [ 50%] [32mBuilding CXX object CMakeFiles/debug_vect_advertiser.dir/src/examples/advertisers/debug_vect_advertiser.cpp.o[0m
[15.512s] [ 60%] [32m[1mLinking CXX executable debug_vect_advertiser[0m
[15.793s] [ 60%] Built target debug_vect_advertiser
[16.032s] [ 70%] [32m[1mLinking CXX executable offboard_control[0m
[16.359s] [ 70%] Built target offboard_control
[17.643s] [ 80%] [32m[1mLinking CXX shared library libframe_transforms.so[0m
[18.049s] [ 80%] Built target frame_transforms
[18.347s] [ 90%] [32m[1mLinking CXX executable sensor_combined_listener[0m
[18.403s] [100%] [32m[1mLinking CXX executable vehicle_gps_position_listener[0m
[18.749s] [100%] Built target sensor_combined_listener
[18.853s] [100%] Built target vehicle_gps_position_listener
[18.862s] Invoked command in '/home/klingjac/ws_offboard_control/src/build/px4_ros_com' returned '0': AMENT_PREFIX_PATH=/home/klingjac/ws_offboard_control/src/install/px4_msgs:${AMENT_PREFIX_PATH} CMAKE_PREFIX_PATH=/home/klingjac/ws_offboard_control/src/install/px4_msgs:/opt/ros/humble LD_LIBRARY_PATH=/home/klingjac/ws_offboard_control/src/install/px4_msgs/lib:${LD_LIBRARY_PATH} PYTHONPATH=/home/klingjac/ws_offboard_control/src/install/px4_msgs/local/lib/python3.10/dist-packages:${PYTHONPATH} /usr/bin/cmake --build /home/klingjac/ws_offboard_control/src/build/px4_ros_com -- -j20 -l20
[18.878s] Invoking command in '/home/klingjac/ws_offboard_control/src/build/px4_ros_com': AMENT_PREFIX_PATH=/home/klingjac/ws_offboard_control/src/install/px4_msgs:${AMENT_PREFIX_PATH} CMAKE_PREFIX_PATH=/home/klingjac/ws_offboard_control/src/install/px4_msgs:/opt/ros/humble LD_LIBRARY_PATH=/home/klingjac/ws_offboard_control/src/install/px4_msgs/lib:${LD_LIBRARY_PATH} PYTHONPATH=/home/klingjac/ws_offboard_control/src/install/px4_msgs/local/lib/python3.10/dist-packages:${PYTHONPATH} /usr/bin/cmake --install /home/klingjac/ws_offboard_control/src/build/px4_ros_com
[18.881s] -- Install configuration: ""
[18.881s] -- Installing: /home/klingjac/ws_offboard_control/src/install/px4_ros_com/lib/px4_ros_com/sensor_combined_listener
[18.882s] -- Set runtime path of "/home/klingjac/ws_offboard_control/src/install/px4_ros_com/lib/px4_ros_com/sensor_combined_listener" to ""
[18.882s] -- Installing: /home/klingjac/ws_offboard_control/src/install/px4_ros_com/lib/px4_ros_com/vehicle_gps_position_listener
[18.884s] -- Set runtime path of "/home/klingjac/ws_offboard_control/src/install/px4_ros_com/lib/px4_ros_com/vehicle_gps_position_listener" to ""
[18.884s] -- Installing: /home/klingjac/ws_offboard_control/src/install/px4_ros_com/lib/px4_ros_com/debug_vect_advertiser
[18.885s] -- Set runtime path of "/home/klingjac/ws_offboard_control/src/install/px4_ros_com/lib/px4_ros_com/debug_vect_advertiser" to ""
[18.885s] -- Installing: /home/klingjac/ws_offboard_control/src/install/px4_ros_com/lib/px4_ros_com/offboard_control
[18.885s] -- Set runtime path of "/home/klingjac/ws_offboard_control/src/install/px4_ros_com/lib/px4_ros_com/offboard_control" to ""
[18.885s] -- Installing: /home/klingjac/ws_offboard_control/src/install/px4_ros_com/share/px4_ros_com/environment/library_path.sh
[18.886s] -- Installing: /home/klingjac/ws_offboard_control/src/install/px4_ros_com/share/px4_ros_com/environment/library_path.dsv
[18.886s] -- Installing: /home/klingjac/ws_offboard_control/src/install/px4_ros_com/include/px4_ros_com
[18.886s] -- Installing: /home/klingjac/ws_offboard_control/src/install/px4_ros_com/include/px4_ros_com/frame_transforms.h
[18.886s] -- Installing: /home/klingjac/ws_offboard_control/src/install/px4_ros_com/lib/libframe_transforms.so
[18.889s] -- Set runtime path of "/home/klingjac/ws_offboard_control/src/install/px4_ros_com/lib/libframe_transforms.so" to ""
[18.889s] -- Installing: /home/klingjac/ws_offboard_control/src/install/px4_ros_com/share/px4_ros_com//launch
[18.889s] -- Installing: /home/klingjac/ws_offboard_control/src/install/px4_ros_com/share/px4_ros_com//launch/sensor_combined_listener.launch.py
[18.889s] -- Installing: /home/klingjac/ws_offboard_control/src/install/px4_ros_com/share/px4_ros_com//launch/offboard_control_launch.yaml
[18.889s] -- Installing: /home/klingjac/ws_offboard_control/src/install/px4_ros_com/share/px4_ros_com//test
[18.889s] -- Installing: /home/klingjac/ws_offboard_control/src/install/px4_ros_com/share/px4_ros_com//test/pipeline_io_test.py
[18.889s] -- Installing: /home/klingjac/ws_offboard_control/src/install/px4_ros_com/share/px4_ros_com//test/__init__.py
[18.889s] -- Installing: /home/klingjac/ws_offboard_control/src/install/px4_ros_com/share/px4_ros_com//test/test_output.py
[18.889s] -- Installing: /home/klingjac/ws_offboard_control/src/install/px4_ros_com/share/px4_ros_com//test/test_input.py
[18.890s] -- Installing: /home/klingjac/ws_offboard_control/src/install/px4_ros_com/share/ament_index/resource_index/package_run_dependencies/px4_ros_com
[18.890s] -- Installing: /home/klingjac/ws_offboard_control/src/install/px4_ros_com/share/ament_index/resource_index/parent_prefix_path/px4_ros_com
[18.890s] -- Installing: /home/klingjac/ws_offboard_control/src/install/px4_ros_com/share/px4_ros_com/environment/ament_prefix_path.sh
[18.890s] -- Installing: /home/klingjac/ws_offboard_control/src/install/px4_ros_com/share/px4_ros_com/environment/ament_prefix_path.dsv
[18.890s] -- Installing: /home/klingjac/ws_offboard_control/src/install/px4_ros_com/share/px4_ros_com/environment/path.sh
[18.890s] -- Installing: /home/klingjac/ws_offboard_control/src/install/px4_ros_com/share/px4_ros_com/environment/path.dsv
[18.890s] -- Installing: /home/klingjac/ws_offboard_control/src/install/px4_ros_com/share/px4_ros_com/local_setup.bash
[18.890s] -- Installing: /home/klingjac/ws_offboard_control/src/install/px4_ros_com/share/px4_ros_com/local_setup.sh
[18.890s] -- Installing: /home/klingjac/ws_offboard_control/src/install/px4_ros_com/share/px4_ros_com/local_setup.zsh
[18.891s] -- Installing: /home/klingjac/ws_offboard_control/src/install/px4_ros_com/share/px4_ros_com/local_setup.dsv
[18.891s] -- Installing: /home/klingjac/ws_offboard_control/src/install/px4_ros_com/share/px4_ros_com/package.dsv
[18.891s] -- Installing: /home/klingjac/ws_offboard_control/src/install/px4_ros_com/share/ament_index/resource_index/packages/px4_ros_com
[18.891s] -- Installing: /home/klingjac/ws_offboard_control/src/install/px4_ros_com/share/px4_ros_com/cmake/export_frame_transformsExport.cmake
[18.891s] -- Installing: /home/klingjac/ws_offboard_control/src/install/px4_ros_com/share/px4_ros_com/cmake/export_frame_transformsExport-noconfig.cmake
[18.891s] -- Installing: /home/klingjac/ws_offboard_control/src/install/px4_ros_com/share/px4_ros_com/cmake/ament_cmake_export_dependencies-extras.cmake
[18.891s] -- Installing: /home/klingjac/ws_offboard_control/src/install/px4_ros_com/share/px4_ros_com/cmake/ament_cmake_export_targets-extras.cmake
[18.891s] -- Installing: /home/klingjac/ws_offboard_control/src/install/px4_ros_com/share/px4_ros_com/cmake/ament_cmake_export_include_directories-extras.cmake
[18.891s] -- Installing: /home/klingjac/ws_offboard_control/src/install/px4_ros_com/share/px4_ros_com/cmake/ament_cmake_export_libraries-extras.cmake
[18.891s] -- Installing: /home/klingjac/ws_offboard_control/src/install/px4_ros_com/share/px4_ros_com/cmake/px4_ros_comConfig.cmake
[18.891s] -- Installing: /home/klingjac/ws_offboard_control/src/install/px4_ros_com/share/px4_ros_com/cmake/px4_ros_comConfig-version.cmake
[18.891s] -- Installing: /home/klingjac/ws_offboard_control/src/install/px4_ros_com/share/px4_ros_com/package.xml
[18.893s] Invoked command in '/home/klingjac/ws_offboard_control/src/build/px4_ros_com' returned '0': AMENT_PREFIX_PATH=/home/klingjac/ws_offboard_control/src/install/px4_msgs:${AMENT_PREFIX_PATH} CMAKE_PREFIX_PATH=/home/klingjac/ws_offboard_control/src/install/px4_msgs:/opt/ros/humble LD_LIBRARY_PATH=/home/klingjac/ws_offboard_control/src/install/px4_msgs/lib:${LD_LIBRARY_PATH} PYTHONPATH=/home/klingjac/ws_offboard_control/src/install/px4_msgs/local/lib/python3.10/dist-packages:${PYTHONPATH} /usr/bin/cmake --install /home/klingjac/ws_offboard_control/src/build/px4_ros_com
