[0.349s] DEBUG:colcon:Command line arguments: ['/usr/bin/colcon', 'build']
[0.350s] DEBUG:colcon:Parsed command line arguments: Namespace(log_base=None, log_level=None, verb_name='build', build_base='build', install_base='install', merge_install=False, symlink_install=False, test_result_base=None, continue_on_error=False, executor='parallel', parallel_workers=20, event_handlers=None, ignore_user_meta=False, metas=['./colcon.meta'], base_paths=['.'], packages_ignore=None, packages_ignore_regex=None, paths=None, packages_up_to=None, packages_up_to_regex=None, packages_above=None, packages_above_and_dependencies=None, packages_above_depth=None, packages_select_by_dep=None, packages_skip_by_dep=None, packages_skip_up_to=None, packages_select_build_failed=False, packages_skip_build_finished=False, packages_select_test_failures=False, packages_skip_test_passed=False, packages_select=None, packages_skip=None, packages_select_regex=None, packages_skip_regex=None, packages_start=None, packages_end=None, allow_overriding=[], cmake_args=None, cmake_target=None, cmake_target_skip_unavailable=False, cmake_clean_cache=False, cmake_clean_first=False, cmake_force_configure=False, ament_cmake_args=None, catkin_cmake_args=None, catkin_skip_building_tests=False, verb_parser=<colcon_defaults.argument_parser.defaults.DefaultArgumentsDecorator object at 0x7f34ad43fb80>, verb_extension=<colcon_core.verb.build.BuildVerb object at 0x7f34adbbd090>, main=<bound method BuildVerb.main of <colcon_core.verb.build.BuildVerb object at 0x7f34adbbd090>>)
[0.368s] Level 1:colcon.colcon_core.package_discovery:discover_packages(colcon_meta) check parameters
[0.368s] Level 1:colcon.colcon_core.package_discovery:discover_packages(recursive) check parameters
[0.368s] Level 1:colcon.colcon_core.package_discovery:discover_packages(ignore) check parameters
[0.368s] Level 1:colcon.colcon_core.package_discovery:discover_packages(path) check parameters
[0.368s] Level 1:colcon.colcon_core.package_discovery:discover_packages(colcon_meta) discover
[0.368s] Level 1:colcon.colcon_core.package_discovery:discover_packages(recursive) discover
[0.368s] INFO:colcon.colcon_core.package_discovery:Crawling recursively for packages in '/home/klingjac/ws_offboard_control'
[0.368s] Level 1:colcon.colcon_core.package_identification:_identify(.) by extensions ['ignore', 'ignore_ament_install']
[0.368s] Level 1:colcon.colcon_core.package_identification:_identify(.) by extension 'ignore'
[0.368s] Level 1:colcon.colcon_core.package_identification:_identify(.) by extension 'ignore_ament_install'
[0.368s] Level 1:colcon.colcon_core.package_identification:_identify(.) by extensions ['colcon_pkg']
[0.368s] Level 1:colcon.colcon_core.package_identification:_identify(.) by extension 'colcon_pkg'
[0.368s] Level 1:colcon.colcon_core.package_identification:_identify(.) by extensions ['colcon_meta']
[0.368s] Level 1:colcon.colcon_core.package_identification:_identify(.) by extension 'colcon_meta'
[0.368s] Level 1:colcon.colcon_core.package_identification:_identify(.) by extensions ['ros']
[0.368s] Level 1:colcon.colcon_core.package_identification:_identify(.) by extension 'ros'
[0.375s] Level 1:colcon.colcon_core.package_identification:_identify(.) by extensions ['cmake', 'python']
[0.375s] Level 1:colcon.colcon_core.package_identification:_identify(.) by extension 'cmake'
[0.375s] Level 1:colcon.colcon_core.package_identification:_identify(.) by extension 'python'
[0.375s] Level 1:colcon.colcon_core.package_identification:_identify(.) by extensions ['python_setup_py']
[0.375s] Level 1:colcon.colcon_core.package_identification:_identify(.) by extension 'python_setup_py'
[0.375s] Level 1:colcon.colcon_core.package_identification:_identify(build) by extensions ['ignore', 'ignore_ament_install']
[0.375s] Level 1:colcon.colcon_core.package_identification:_identify(build) by extension 'ignore'
[0.375s] Level 1:colcon.colcon_core.package_identification:_identify(build) ignored
[0.375s] Level 1:colcon.colcon_core.package_identification:_identify(install) by extensions ['ignore', 'ignore_ament_install']
[0.375s] Level 1:colcon.colcon_core.package_identification:_identify(install) by extension 'ignore'
[0.375s] Level 1:colcon.colcon_core.package_identification:_identify(install) ignored
[0.375s] Level 1:colcon.colcon_core.package_identification:_identify(log) by extensions ['ignore', 'ignore_ament_install']
[0.375s] Level 1:colcon.colcon_core.package_identification:_identify(log) by extension 'ignore'
[0.375s] Level 1:colcon.colcon_core.package_identification:_identify(log) ignored
[0.375s] Level 1:colcon.colcon_core.package_identification:_identify(src) by extensions ['ignore', 'ignore_ament_install']
[0.375s] Level 1:colcon.colcon_core.package_identification:_identify(src) by extension 'ignore'
[0.375s] Level 1:colcon.colcon_core.package_identification:_identify(src) by extension 'ignore_ament_install'
[0.375s] Level 1:colcon.colcon_core.package_identification:_identify(src) by extensions ['colcon_pkg']
[0.375s] Level 1:colcon.colcon_core.package_identification:_identify(src) by extension 'colcon_pkg'
[0.375s] Level 1:colcon.colcon_core.package_identification:_identify(src) by extensions ['colcon_meta']
[0.375s] Level 1:colcon.colcon_core.package_identification:_identify(src) by extension 'colcon_meta'
[0.375s] Level 1:colcon.colcon_core.package_identification:_identify(src) by extensions ['ros']
[0.375s] Level 1:colcon.colcon_core.package_identification:_identify(src) by extension 'ros'
[0.376s] Level 1:colcon.colcon_core.package_identification:_identify(src) by extensions ['cmake', 'python']
[0.376s] Level 1:colcon.colcon_core.package_identification:_identify(src) by extension 'cmake'
[0.376s] Level 1:colcon.colcon_core.package_identification:_identify(src) by extension 'python'
[0.376s] Level 1:colcon.colcon_core.package_identification:_identify(src) by extensions ['python_setup_py']
[0.376s] Level 1:colcon.colcon_core.package_identification:_identify(src) by extension 'python_setup_py'
[0.376s] Level 1:colcon.colcon_core.package_identification:_identify(src/px4_msgs) by extensions ['ignore', 'ignore_ament_install']
[0.376s] Level 1:colcon.colcon_core.package_identification:_identify(src/px4_msgs) by extension 'ignore'
[0.376s] Level 1:colcon.colcon_core.package_identification:_identify(src/px4_msgs) by extension 'ignore_ament_install'
[0.376s] Level 1:colcon.colcon_core.package_identification:_identify(src/px4_msgs) by extensions ['colcon_pkg']
[0.376s] Level 1:colcon.colcon_core.package_identification:_identify(src/px4_msgs) by extension 'colcon_pkg'
[0.376s] Level 1:colcon.colcon_core.package_identification:_identify(src/px4_msgs) by extensions ['colcon_meta']
[0.376s] Level 1:colcon.colcon_core.package_identification:_identify(src/px4_msgs) by extension 'colcon_meta'
[0.376s] Level 1:colcon.colcon_core.package_identification:_identify(src/px4_msgs) by extensions ['ros']
[0.376s] Level 1:colcon.colcon_core.package_identification:_identify(src/px4_msgs) by extension 'ros'
[0.378s] DEBUG:colcon.colcon_core.package_identification:Package 'src/px4_msgs' with type 'ros.ament_cmake' and name 'px4_msgs'
[0.378s] Level 1:colcon.colcon_core.package_identification:_identify(src/px4_ros_com) by extensions ['ignore', 'ignore_ament_install']
[0.378s] Level 1:colcon.colcon_core.package_identification:_identify(src/px4_ros_com) by extension 'ignore'
[0.379s] Level 1:colcon.colcon_core.package_identification:_identify(src/px4_ros_com) by extension 'ignore_ament_install'
[0.379s] Level 1:colcon.colcon_core.package_identification:_identify(src/px4_ros_com) by extensions ['colcon_pkg']
[0.379s] Level 1:colcon.colcon_core.package_identification:_identify(src/px4_ros_com) by extension 'colcon_pkg'
[0.379s] Level 1:colcon.colcon_core.package_identification:_identify(src/px4_ros_com) by extensions ['colcon_meta']
[0.379s] Level 1:colcon.colcon_core.package_identification:_identify(src/px4_ros_com) by extension 'colcon_meta'
[0.379s] Level 1:colcon.colcon_core.package_identification:_identify(src/px4_ros_com) by extensions ['ros']
[0.379s] Level 1:colcon.colcon_core.package_identification:_identify(src/px4_ros_com) by extension 'ros'
[0.379s] DEBUG:colcon.colcon_core.package_identification:Package 'src/px4_ros_com' with type 'ros.ament_cmake' and name 'px4_ros_com'
[0.379s] Level 1:colcon.colcon_core.package_discovery:discover_packages(recursive) using defaults
[0.379s] Level 1:colcon.colcon_core.package_discovery:discover_packages(ignore) discover
[0.379s] Level 1:colcon.colcon_core.package_discovery:discover_packages(ignore) using defaults
[0.379s] Level 1:colcon.colcon_core.package_discovery:discover_packages(path) discover
[0.379s] Level 1:colcon.colcon_core.package_discovery:discover_packages(path) using defaults
[0.392s] Level 1:colcon.colcon_core.package_discovery:discover_packages(prefix_path) check parameters
[0.392s] Level 1:colcon.colcon_core.package_discovery:discover_packages(prefix_path) discover
[0.393s] DEBUG:colcon.colcon_installed_package_information.package_discovery:Found 270 installed packages in /opt/ros/humble
[0.394s] Level 1:colcon.colcon_core.package_discovery:discover_packages(prefix_path) using defaults
[0.420s] Level 5:colcon.colcon_core.verb:set package 'px4_msgs' build argument 'cmake_args' from command line to 'None'
[0.420s] Level 5:colcon.colcon_core.verb:set package 'px4_msgs' build argument 'cmake_target' from command line to 'None'
[0.420s] Level 5:colcon.colcon_core.verb:set package 'px4_msgs' build argument 'cmake_target_skip_unavailable' from command line to 'False'
[0.420s] Level 5:colcon.colcon_core.verb:set package 'px4_msgs' build argument 'cmake_clean_cache' from command line to 'False'
[0.420s] Level 5:colcon.colcon_core.verb:set package 'px4_msgs' build argument 'cmake_clean_first' from command line to 'False'
[0.420s] Level 5:colcon.colcon_core.verb:set package 'px4_msgs' build argument 'cmake_force_configure' from command line to 'False'
[0.421s] Level 5:colcon.colcon_core.verb:set package 'px4_msgs' build argument 'ament_cmake_args' from command line to 'None'
[0.421s] Level 5:colcon.colcon_core.verb:set package 'px4_msgs' build argument 'catkin_cmake_args' from command line to 'None'
[0.421s] Level 5:colcon.colcon_core.verb:set package 'px4_msgs' build argument 'catkin_skip_building_tests' from command line to 'False'
[0.421s] DEBUG:colcon.colcon_core.verb:Building package 'px4_msgs' with the following arguments: {'ament_cmake_args': None, 'build_base': '/home/klingjac/ws_offboard_control/build/px4_msgs', 'catkin_cmake_args': None, 'catkin_skip_building_tests': False, 'cmake_args': None, 'cmake_clean_cache': False, 'cmake_clean_first': False, 'cmake_force_configure': False, 'cmake_target': None, 'cmake_target_skip_unavailable': False, 'install_base': '/home/klingjac/ws_offboard_control/install/px4_msgs', 'merge_install': False, 'path': '/home/klingjac/ws_offboard_control/src/px4_msgs', 'symlink_install': False, 'test_result_base': None}
[0.421s] Level 5:colcon.colcon_core.verb:set package 'px4_ros_com' build argument 'cmake_args' from command line to 'None'
[0.421s] Level 5:colcon.colcon_core.verb:set package 'px4_ros_com' build argument 'cmake_target' from command line to 'None'
[0.421s] Level 5:colcon.colcon_core.verb:set package 'px4_ros_com' build argument 'cmake_target_skip_unavailable' from command line to 'False'
[0.421s] Level 5:colcon.colcon_core.verb:set package 'px4_ros_com' build argument 'cmake_clean_cache' from command line to 'False'
[0.421s] Level 5:colcon.colcon_core.verb:set package 'px4_ros_com' build argument 'cmake_clean_first' from command line to 'False'
[0.421s] Level 5:colcon.colcon_core.verb:set package 'px4_ros_com' build argument 'cmake_force_configure' from command line to 'False'
[0.421s] Level 5:colcon.colcon_core.verb:set package 'px4_ros_com' build argument 'ament_cmake_args' from command line to 'None'
[0.421s] Level 5:colcon.colcon_core.verb:set package 'px4_ros_com' build argument 'catkin_cmake_args' from command line to 'None'
[0.421s] Level 5:colcon.colcon_core.verb:set package 'px4_ros_com' build argument 'catkin_skip_building_tests' from command line to 'False'
[0.421s] DEBUG:colcon.colcon_core.verb:Building package 'px4_ros_com' with the following arguments: {'ament_cmake_args': None, 'build_base': '/home/klingjac/ws_offboard_control/build/px4_ros_com', 'catkin_cmake_args': None, 'catkin_skip_building_tests': False, 'cmake_args': None, 'cmake_clean_cache': False, 'cmake_clean_first': False, 'cmake_force_configure': False, 'cmake_target': None, 'cmake_target_skip_unavailable': False, 'install_base': '/home/klingjac/ws_offboard_control/install/px4_ros_com', 'merge_install': False, 'path': '/home/klingjac/ws_offboard_control/src/px4_ros_com', 'symlink_install': False, 'test_result_base': None}
[0.421s] INFO:colcon.colcon_core.executor:Executing jobs using 'parallel' executor
[0.423s] DEBUG:colcon.colcon_parallel_executor.executor.parallel:run_until_complete
[0.423s] INFO:colcon.colcon_ros.task.ament_cmake.build:Building ROS package in '/home/klingjac/ws_offboard_control/src/px4_msgs' with build type 'ament_cmake'
[0.423s] INFO:colcon.colcon_cmake.task.cmake.build:Building CMake package in '/home/klingjac/ws_offboard_control/src/px4_msgs'
[0.426s] INFO:colcon.colcon_core.plugin_system:Skipping extension 'colcon_core.shell.bat': Not used on non-Windows systems
[0.427s] INFO:colcon.colcon_core.shell:Skip shell extension 'powershell' for command environment: Not usable outside of PowerShell
[0.427s] DEBUG:colcon.colcon_core.shell:Skip shell extension 'dsv' for command environment
[0.431s] DEBUG:colcon.colcon_core.event_handler.log_command:Invoking command in '/home/klingjac/ws_offboard_control/build/px4_msgs': CMAKE_PREFIX_PATH=/opt/ros/humble /usr/bin/cmake /home/klingjac/ws_offboard_control/src/px4_msgs -DCMAKE_INSTALL_PREFIX=/home/klingjac/ws_offboard_control/install/px4_msgs
[6.386s] DEBUG:colcon.colcon_core.event_handler.log_command:Invoked command in '/home/klingjac/ws_offboard_control/build/px4_msgs' returned '0': CMAKE_PREFIX_PATH=/opt/ros/humble /usr/bin/cmake /home/klingjac/ws_offboard_control/src/px4_msgs -DCMAKE_INSTALL_PREFIX=/home/klingjac/ws_offboard_control/install/px4_msgs
[6.388s] DEBUG:colcon.colcon_core.event_handler.log_command:Invoking command in '/home/klingjac/ws_offboard_control/build/px4_msgs': CMAKE_PREFIX_PATH=/opt/ros/humble /usr/bin/cmake --build /home/klingjac/ws_offboard_control/build/px4_msgs -- -j20 -l20
[108.697s] DEBUG:colcon.colcon_core.event_handler.log_command:Invoked command in '/home/klingjac/ws_offboard_control/build/px4_msgs' returned '0': CMAKE_PREFIX_PATH=/opt/ros/humble /usr/bin/cmake --build /home/klingjac/ws_offboard_control/build/px4_msgs -- -j20 -l20
[110.210s] DEBUG:colcon.colcon_core.event_handler.log_command:Invoking command in '/home/klingjac/ws_offboard_control/build/px4_msgs': CMAKE_PREFIX_PATH=/opt/ros/humble /usr/bin/cmake --install /home/klingjac/ws_offboard_control/build/px4_msgs
[110.745s] Level 1:colcon.colcon_core.environment:create_environment_scripts_only(px4_msgs)
[110.747s] DEBUG:colcon.colcon_core.event_handler.log_command:Invoked command in '/home/klingjac/ws_offboard_control/build/px4_msgs' returned '0': CMAKE_PREFIX_PATH=/opt/ros/humble /usr/bin/cmake --install /home/klingjac/ws_offboard_control/build/px4_msgs
[110.750s] Level 1:colcon.colcon_core.environment:checking '/home/klingjac/ws_offboard_control/install/px4_msgs' for CMake module files
[110.750s] Level 1:colcon.colcon_core.environment:checking '/home/klingjac/ws_offboard_control/install/px4_msgs' for CMake config files
[110.751s] Level 1:colcon.colcon_core.shell:create_environment_hook('px4_msgs', 'cmake_prefix_path')
[110.751s] INFO:colcon.colcon_core.shell:Creating environment hook '/home/klingjac/ws_offboard_control/install/px4_msgs/share/px4_msgs/hook/cmake_prefix_path.ps1'
[110.752s] INFO:colcon.colcon_core.shell:Creating environment descriptor '/home/klingjac/ws_offboard_control/install/px4_msgs/share/px4_msgs/hook/cmake_prefix_path.dsv'
[110.752s] INFO:colcon.colcon_core.shell:Creating environment hook '/home/klingjac/ws_offboard_control/install/px4_msgs/share/px4_msgs/hook/cmake_prefix_path.sh'
[110.753s] Level 1:colcon.colcon_core.environment:checking '/home/klingjac/ws_offboard_control/install/px4_msgs/lib'
[110.753s] Level 1:colcon.colcon_core.shell:create_environment_hook('px4_msgs', 'ld_library_path_lib')
[110.753s] INFO:colcon.colcon_core.shell:Creating environment hook '/home/klingjac/ws_offboard_control/install/px4_msgs/share/px4_msgs/hook/ld_library_path_lib.ps1'
[110.754s] INFO:colcon.colcon_core.shell:Creating environment descriptor '/home/klingjac/ws_offboard_control/install/px4_msgs/share/px4_msgs/hook/ld_library_path_lib.dsv'
[110.754s] INFO:colcon.colcon_core.shell:Creating environment hook '/home/klingjac/ws_offboard_control/install/px4_msgs/share/px4_msgs/hook/ld_library_path_lib.sh'
[110.754s] Level 1:colcon.colcon_core.environment:checking '/home/klingjac/ws_offboard_control/install/px4_msgs/bin'
[110.754s] Level 1:colcon.colcon_core.environment:checking '/home/klingjac/ws_offboard_control/install/px4_msgs/lib/pkgconfig/px4_msgs.pc'
[110.754s] Level 1:colcon.colcon_core.environment:checking '/home/klingjac/ws_offboard_control/install/px4_msgs/lib/python3.10/site-packages'
[110.754s] Level 1:colcon.colcon_core.environment:checking '/home/klingjac/ws_offboard_control/install/px4_msgs/bin'
[110.755s] INFO:colcon.colcon_core.shell:Creating package script '/home/klingjac/ws_offboard_control/install/px4_msgs/share/px4_msgs/package.ps1'
[110.755s] INFO:colcon.colcon_core.shell:Creating package descriptor '/home/klingjac/ws_offboard_control/install/px4_msgs/share/px4_msgs/package.dsv'
[110.756s] INFO:colcon.colcon_core.shell:Creating package script '/home/klingjac/ws_offboard_control/install/px4_msgs/share/px4_msgs/package.sh'
[110.756s] INFO:colcon.colcon_core.shell:Creating package script '/home/klingjac/ws_offboard_control/install/px4_msgs/share/px4_msgs/package.bash'
[110.757s] INFO:colcon.colcon_core.shell:Creating package script '/home/klingjac/ws_offboard_control/install/px4_msgs/share/px4_msgs/package.zsh'
[110.757s] Level 1:colcon.colcon_core.environment:create_file_with_runtime_dependencies(/home/klingjac/ws_offboard_control/install/px4_msgs/share/colcon-core/packages/px4_msgs)
[112.248s] Level 1:colcon.colcon_core.environment:create_environment_scripts_only(px4_msgs)
[112.249s] Level 1:colcon.colcon_core.environment:checking '/home/klingjac/ws_offboard_control/install/px4_msgs' for CMake module files
[112.249s] Level 1:colcon.colcon_core.environment:checking '/home/klingjac/ws_offboard_control/install/px4_msgs' for CMake config files
[112.249s] Level 1:colcon.colcon_core.shell:create_environment_hook('px4_msgs', 'cmake_prefix_path')
[112.250s] INFO:colcon.colcon_core.shell:Creating environment hook '/home/klingjac/ws_offboard_control/install/px4_msgs/share/px4_msgs/hook/cmake_prefix_path.ps1'
[112.250s] INFO:colcon.colcon_core.shell:Creating environment descriptor '/home/klingjac/ws_offboard_control/install/px4_msgs/share/px4_msgs/hook/cmake_prefix_path.dsv'
[112.250s] INFO:colcon.colcon_core.shell:Creating environment hook '/home/klingjac/ws_offboard_control/install/px4_msgs/share/px4_msgs/hook/cmake_prefix_path.sh'
[112.251s] Level 1:colcon.colcon_core.environment:checking '/home/klingjac/ws_offboard_control/install/px4_msgs/lib'
[112.251s] Level 1:colcon.colcon_core.shell:create_environment_hook('px4_msgs', 'ld_library_path_lib')
[112.252s] INFO:colcon.colcon_core.shell:Creating environment hook '/home/klingjac/ws_offboard_control/install/px4_msgs/share/px4_msgs/hook/ld_library_path_lib.ps1'
[112.252s] INFO:colcon.colcon_core.shell:Creating environment descriptor '/home/klingjac/ws_offboard_control/install/px4_msgs/share/px4_msgs/hook/ld_library_path_lib.dsv'
[112.252s] INFO:colcon.colcon_core.shell:Creating environment hook '/home/klingjac/ws_offboard_control/install/px4_msgs/share/px4_msgs/hook/ld_library_path_lib.sh'
[112.252s] Level 1:colcon.colcon_core.environment:checking '/home/klingjac/ws_offboard_control/install/px4_msgs/bin'
[112.253s] Level 1:colcon.colcon_core.environment:checking '/home/klingjac/ws_offboard_control/install/px4_msgs/lib/pkgconfig/px4_msgs.pc'
[112.253s] Level 1:colcon.colcon_core.environment:checking '/home/klingjac/ws_offboard_control/install/px4_msgs/lib/python3.10/site-packages'
[112.253s] Level 1:colcon.colcon_core.environment:checking '/home/klingjac/ws_offboard_control/install/px4_msgs/bin'
[112.253s] INFO:colcon.colcon_core.shell:Creating package script '/home/klingjac/ws_offboard_control/install/px4_msgs/share/px4_msgs/package.ps1'
[112.254s] INFO:colcon.colcon_core.shell:Creating package descriptor '/home/klingjac/ws_offboard_control/install/px4_msgs/share/px4_msgs/package.dsv'
[112.254s] INFO:colcon.colcon_core.shell:Creating package script '/home/klingjac/ws_offboard_control/install/px4_msgs/share/px4_msgs/package.sh'
[112.254s] INFO:colcon.colcon_core.shell:Creating package script '/home/klingjac/ws_offboard_control/install/px4_msgs/share/px4_msgs/package.bash'
[112.254s] INFO:colcon.colcon_core.shell:Creating package script '/home/klingjac/ws_offboard_control/install/px4_msgs/share/px4_msgs/package.zsh'
[112.255s] Level 1:colcon.colcon_core.environment:create_file_with_runtime_dependencies(/home/klingjac/ws_offboard_control/install/px4_msgs/share/colcon-core/packages/px4_msgs)
[112.255s] INFO:colcon.colcon_ros.task.ament_cmake.build:Building ROS package in '/home/klingjac/ws_offboard_control/src/px4_ros_com' with build type 'ament_cmake'
[112.255s] INFO:colcon.colcon_cmake.task.cmake.build:Building CMake package in '/home/klingjac/ws_offboard_control/src/px4_ros_com'
[112.256s] INFO:colcon.colcon_core.shell:Skip shell extension 'powershell' for command environment: Not usable outside of PowerShell
[112.256s] DEBUG:colcon.colcon_core.shell:Skip shell extension 'dsv' for command environment
[112.378s] DEBUG:colcon.colcon_core.event_handler.log_command:Invoking command in '/home/klingjac/ws_offboard_control/build/px4_ros_com': AMENT_PREFIX_PATH=/home/klingjac/ws_offboard_control/install/px4_msgs:${AMENT_PREFIX_PATH} CMAKE_PREFIX_PATH=/home/klingjac/ws_offboard_control/install/px4_msgs:/opt/ros/humble LD_LIBRARY_PATH=/home/klingjac/ws_offboard_control/install/px4_msgs/lib:${LD_LIBRARY_PATH} PYTHONPATH=/home/klingjac/ws_offboard_control/install/px4_msgs/local/lib/python3.10/dist-packages:${PYTHONPATH} /usr/bin/cmake /home/klingjac/ws_offboard_control/src/px4_ros_com -DCMAKE_INSTALL_PREFIX=/home/klingjac/ws_offboard_control/install/px4_ros_com
[125.528s] DEBUG:colcon.colcon_core.event_handler.log_command:Invoked command in '/home/klingjac/ws_offboard_control/build/px4_ros_com' returned '0': AMENT_PREFIX_PATH=/home/klingjac/ws_offboard_control/install/px4_msgs:${AMENT_PREFIX_PATH} CMAKE_PREFIX_PATH=/home/klingjac/ws_offboard_control/install/px4_msgs:/opt/ros/humble LD_LIBRARY_PATH=/home/klingjac/ws_offboard_control/install/px4_msgs/lib:${LD_LIBRARY_PATH} PYTHONPATH=/home/klingjac/ws_offboard_control/install/px4_msgs/local/lib/python3.10/dist-packages:${PYTHONPATH} /usr/bin/cmake /home/klingjac/ws_offboard_control/src/px4_ros_com -DCMAKE_INSTALL_PREFIX=/home/klingjac/ws_offboard_control/install/px4_ros_com
[125.529s] DEBUG:colcon.colcon_core.event_handler.log_command:Invoking command in '/home/klingjac/ws_offboard_control/build/px4_ros_com': AMENT_PREFIX_PATH=/home/klingjac/ws_offboard_control/install/px4_msgs:${AMENT_PREFIX_PATH} CMAKE_PREFIX_PATH=/home/klingjac/ws_offboard_control/install/px4_msgs:/opt/ros/humble LD_LIBRARY_PATH=/home/klingjac/ws_offboard_control/install/px4_msgs/lib:${LD_LIBRARY_PATH} PYTHONPATH=/home/klingjac/ws_offboard_control/install/px4_msgs/local/lib/python3.10/dist-packages:${PYTHONPATH} /usr/bin/cmake --build /home/klingjac/ws_offboard_control/build/px4_ros_com -- -j20 -l20
[131.172s] DEBUG:colcon.colcon_core.event_handler.log_command:Invoked command in '/home/klingjac/ws_offboard_control/build/px4_ros_com' returned '0': AMENT_PREFIX_PATH=/home/klingjac/ws_offboard_control/install/px4_msgs:${AMENT_PREFIX_PATH} CMAKE_PREFIX_PATH=/home/klingjac/ws_offboard_control/install/px4_msgs:/opt/ros/humble LD_LIBRARY_PATH=/home/klingjac/ws_offboard_control/install/px4_msgs/lib:${LD_LIBRARY_PATH} PYTHONPATH=/home/klingjac/ws_offboard_control/install/px4_msgs/local/lib/python3.10/dist-packages:${PYTHONPATH} /usr/bin/cmake --build /home/klingjac/ws_offboard_control/build/px4_ros_com -- -j20 -l20
[131.190s] DEBUG:colcon.colcon_core.event_handler.log_command:Invoking command in '/home/klingjac/ws_offboard_control/build/px4_ros_com': AMENT_PREFIX_PATH=/home/klingjac/ws_offboard_control/install/px4_msgs:${AMENT_PREFIX_PATH} CMAKE_PREFIX_PATH=/home/klingjac/ws_offboard_control/install/px4_msgs:/opt/ros/humble LD_LIBRARY_PATH=/home/klingjac/ws_offboard_control/install/px4_msgs/lib:${LD_LIBRARY_PATH} PYTHONPATH=/home/klingjac/ws_offboard_control/install/px4_msgs/local/lib/python3.10/dist-packages:${PYTHONPATH} /usr/bin/cmake --install /home/klingjac/ws_offboard_control/build/px4_ros_com
[131.205s] Level 1:colcon.colcon_core.environment:create_environment_scripts_only(px4_ros_com)
[131.205s] DEBUG:colcon.colcon_core.event_handler.log_command:Invoked command in '/home/klingjac/ws_offboard_control/build/px4_ros_com' returned '0': AMENT_PREFIX_PATH=/home/klingjac/ws_offboard_control/install/px4_msgs:${AMENT_PREFIX_PATH} CMAKE_PREFIX_PATH=/home/klingjac/ws_offboard_control/install/px4_msgs:/opt/ros/humble LD_LIBRARY_PATH=/home/klingjac/ws_offboard_control/install/px4_msgs/lib:${LD_LIBRARY_PATH} PYTHONPATH=/home/klingjac/ws_offboard_control/install/px4_msgs/local/lib/python3.10/dist-packages:${PYTHONPATH} /usr/bin/cmake --install /home/klingjac/ws_offboard_control/build/px4_ros_com
[131.206s] Level 1:colcon.colcon_core.environment:checking '/home/klingjac/ws_offboard_control/install/px4_ros_com' for CMake module files
[131.207s] Level 1:colcon.colcon_core.environment:checking '/home/klingjac/ws_offboard_control/install/px4_ros_com' for CMake config files
[131.207s] Level 1:colcon.colcon_core.shell:create_environment_hook('px4_ros_com', 'cmake_prefix_path')
[131.208s] INFO:colcon.colcon_core.shell:Creating environment hook '/home/klingjac/ws_offboard_control/install/px4_ros_com/share/px4_ros_com/hook/cmake_prefix_path.ps1'
[131.209s] INFO:colcon.colcon_core.shell:Creating environment descriptor '/home/klingjac/ws_offboard_control/install/px4_ros_com/share/px4_ros_com/hook/cmake_prefix_path.dsv'
[131.209s] INFO:colcon.colcon_core.shell:Creating environment hook '/home/klingjac/ws_offboard_control/install/px4_ros_com/share/px4_ros_com/hook/cmake_prefix_path.sh'
[131.209s] Level 1:colcon.colcon_core.environment:checking '/home/klingjac/ws_offboard_control/install/px4_ros_com/lib'
[131.209s] Level 1:colcon.colcon_core.shell:create_environment_hook('px4_ros_com', 'ld_library_path_lib')
[131.210s] INFO:colcon.colcon_core.shell:Creating environment hook '/home/klingjac/ws_offboard_control/install/px4_ros_com/share/px4_ros_com/hook/ld_library_path_lib.ps1'
[131.210s] INFO:colcon.colcon_core.shell:Creating environment descriptor '/home/klingjac/ws_offboard_control/install/px4_ros_com/share/px4_ros_com/hook/ld_library_path_lib.dsv'
[131.210s] INFO:colcon.colcon_core.shell:Creating environment hook '/home/klingjac/ws_offboard_control/install/px4_ros_com/share/px4_ros_com/hook/ld_library_path_lib.sh'
[131.211s] Level 1:colcon.colcon_core.environment:checking '/home/klingjac/ws_offboard_control/install/px4_ros_com/bin'
[131.211s] Level 1:colcon.colcon_core.environment:checking '/home/klingjac/ws_offboard_control/install/px4_ros_com/lib/pkgconfig/px4_ros_com.pc'
[131.211s] Level 1:colcon.colcon_core.environment:checking '/home/klingjac/ws_offboard_control/install/px4_ros_com/lib/python3.10/site-packages'
[131.211s] Level 1:colcon.colcon_core.environment:checking '/home/klingjac/ws_offboard_control/install/px4_ros_com/bin'
[131.211s] INFO:colcon.colcon_core.shell:Creating package script '/home/klingjac/ws_offboard_control/install/px4_ros_com/share/px4_ros_com/package.ps1'
[131.212s] INFO:colcon.colcon_core.shell:Creating package descriptor '/home/klingjac/ws_offboard_control/install/px4_ros_com/share/px4_ros_com/package.dsv'
[131.212s] INFO:colcon.colcon_core.shell:Creating package script '/home/klingjac/ws_offboard_control/install/px4_ros_com/share/px4_ros_com/package.sh'
[131.212s] INFO:colcon.colcon_core.shell:Creating package script '/home/klingjac/ws_offboard_control/install/px4_ros_com/share/px4_ros_com/package.bash'
[131.212s] INFO:colcon.colcon_core.shell:Creating package script '/home/klingjac/ws_offboard_control/install/px4_ros_com/share/px4_ros_com/package.zsh'
[131.212s] Level 1:colcon.colcon_core.environment:create_file_with_runtime_dependencies(/home/klingjac/ws_offboard_control/install/px4_ros_com/share/colcon-core/packages/px4_ros_com)
[131.228s] Level 1:colcon.colcon_core.environment:create_environment_scripts_only(px4_ros_com)
[131.229s] Level 1:colcon.colcon_core.environment:checking '/home/klingjac/ws_offboard_control/install/px4_ros_com' for CMake module files
[131.229s] Level 1:colcon.colcon_core.environment:checking '/home/klingjac/ws_offboard_control/install/px4_ros_com' for CMake config files
[131.229s] Level 1:colcon.colcon_core.shell:create_environment_hook('px4_ros_com', 'cmake_prefix_path')
[131.230s] INFO:colcon.colcon_core.shell:Creating environment hook '/home/klingjac/ws_offboard_control/install/px4_ros_com/share/px4_ros_com/hook/cmake_prefix_path.ps1'
[131.230s] INFO:colcon.colcon_core.shell:Creating environment descriptor '/home/klingjac/ws_offboard_control/install/px4_ros_com/share/px4_ros_com/hook/cmake_prefix_path.dsv'
[131.230s] INFO:colcon.colcon_core.shell:Creating environment hook '/home/klingjac/ws_offboard_control/install/px4_ros_com/share/px4_ros_com/hook/cmake_prefix_path.sh'
[131.230s] Level 1:colcon.colcon_core.environment:checking '/home/klingjac/ws_offboard_control/install/px4_ros_com/lib'
[131.231s] Level 1:colcon.colcon_core.shell:create_environment_hook('px4_ros_com', 'ld_library_path_lib')
[131.231s] INFO:colcon.colcon_core.shell:Creating environment hook '/home/klingjac/ws_offboard_control/install/px4_ros_com/share/px4_ros_com/hook/ld_library_path_lib.ps1'
[131.231s] INFO:colcon.colcon_core.shell:Creating environment descriptor '/home/klingjac/ws_offboard_control/install/px4_ros_com/share/px4_ros_com/hook/ld_library_path_lib.dsv'
[131.232s] INFO:colcon.colcon_core.shell:Creating environment hook '/home/klingjac/ws_offboard_control/install/px4_ros_com/share/px4_ros_com/hook/ld_library_path_lib.sh'
[131.232s] Level 1:colcon.colcon_core.environment:checking '/home/klingjac/ws_offboard_control/install/px4_ros_com/bin'
[131.232s] Level 1:colcon.colcon_core.environment:checking '/home/klingjac/ws_offboard_control/install/px4_ros_com/lib/pkgconfig/px4_ros_com.pc'
[131.232s] Level 1:colcon.colcon_core.environment:checking '/home/klingjac/ws_offboard_control/install/px4_ros_com/lib/python3.10/site-packages'
[131.232s] Level 1:colcon.colcon_core.environment:checking '/home/klingjac/ws_offboard_control/install/px4_ros_com/bin'
[131.233s] INFO:colcon.colcon_core.shell:Creating package script '/home/klingjac/ws_offboard_control/install/px4_ros_com/share/px4_ros_com/package.ps1'
[131.233s] INFO:colcon.colcon_core.shell:Creating package descriptor '/home/klingjac/ws_offboard_control/install/px4_ros_com/share/px4_ros_com/package.dsv'
[131.234s] INFO:colcon.colcon_core.shell:Creating package script '/home/klingjac/ws_offboard_control/install/px4_ros_com/share/px4_ros_com/package.sh'
[131.234s] INFO:colcon.colcon_core.shell:Creating package script '/home/klingjac/ws_offboard_control/install/px4_ros_com/share/px4_ros_com/package.bash'
[131.234s] INFO:colcon.colcon_core.shell:Creating package script '/home/klingjac/ws_offboard_control/install/px4_ros_com/share/px4_ros_com/package.zsh'
[131.234s] Level 1:colcon.colcon_core.environment:create_file_with_runtime_dependencies(/home/klingjac/ws_offboard_control/install/px4_ros_com/share/colcon-core/packages/px4_ros_com)
[131.234s] DEBUG:colcon.colcon_parallel_executor.executor.parallel:closing loop
[131.235s] DEBUG:colcon.colcon_parallel_executor.executor.parallel:loop closed
[131.235s] DEBUG:colcon.colcon_parallel_executor.executor.parallel:run_until_complete finished with '0'
[131.235s] DEBUG:colcon.colcon_core.event_reactor:joining thread
[131.301s] INFO:colcon.colcon_core.plugin_system:Skipping extension 'colcon_notification.desktop_notification.notify_send': Could not find 'notify-send'
[131.301s] INFO:colcon.colcon_core.plugin_system:Skipping extension 'colcon_notification.desktop_notification.terminal_notifier': Not used on non-Darwin systems
[131.301s] INFO:colcon.colcon_core.plugin_system:Skipping extension 'colcon_notification.desktop_notification.win32': Not used on non-Windows systems
[131.301s] INFO:colcon.colcon_notification.desktop_notification:Sending desktop notification using 'notify2'
[131.301s] DEBUG:colcon.colcon_notification.desktop_notification.notify2:Failed to initialize notify2: org.freedesktop.DBus.Error.FileNotFound: Failed to connect to socket /run/user/1000/bus: No such file or directory
[131.301s] DEBUG:colcon.colcon_core.event_reactor:joined thread
[131.302s] INFO:colcon.colcon_core.shell:Creating prefix script '/home/klingjac/ws_offboard_control/install/local_setup.ps1'
[131.302s] INFO:colcon.colcon_core.shell:Creating prefix util module '/home/klingjac/ws_offboard_control/install/_local_setup_util_ps1.py'
[131.303s] INFO:colcon.colcon_core.shell:Creating prefix chain script '/home/klingjac/ws_offboard_control/install/setup.ps1'
[131.304s] INFO:colcon.colcon_core.shell:Creating prefix script '/home/klingjac/ws_offboard_control/install/local_setup.sh'
[131.304s] INFO:colcon.colcon_core.shell:Creating prefix util module '/home/klingjac/ws_offboard_control/install/_local_setup_util_sh.py'
[131.305s] INFO:colcon.colcon_core.shell:Creating prefix chain script '/home/klingjac/ws_offboard_control/install/setup.sh'
[131.305s] INFO:colcon.colcon_core.shell:Creating prefix script '/home/klingjac/ws_offboard_control/install/local_setup.bash'
[131.305s] INFO:colcon.colcon_core.shell:Creating prefix chain script '/home/klingjac/ws_offboard_control/install/setup.bash'
[131.306s] INFO:colcon.colcon_core.shell:Creating prefix script '/home/klingjac/ws_offboard_control/install/local_setup.zsh'
[131.306s] INFO:colcon.colcon_core.shell:Creating prefix chain script '/home/klingjac/ws_offboard_control/install/setup.zsh'
