[0.566s] DEBUG:colcon:Command line arguments: ['/usr/bin/colcon', 'build']
[0.566s] DEBUG:colcon:Parsed command line arguments: Namespace(log_base=None, log_level=None, verb_name='build', build_base='build', install_base='install', merge_install=False, symlink_install=False, test_result_base=None, continue_on_error=False, executor='parallel', parallel_workers=20, event_handlers=None, ignore_user_meta=False, metas=['./colcon.meta'], base_paths=['.'], packages_ignore=None, packages_ignore_regex=None, paths=None, packages_up_to=None, packages_up_to_regex=None, packages_above=None, packages_above_and_dependencies=None, packages_above_depth=None, packages_select_by_dep=None, packages_skip_by_dep=None, packages_skip_up_to=None, packages_select_build_failed=False, packages_skip_build_finished=False, packages_select_test_failures=False, packages_skip_test_passed=False, packages_select=None, packages_skip=None, packages_select_regex=None, packages_skip_regex=None, packages_start=None, packages_end=None, allow_overriding=[], cmake_args=None, cmake_target=None, cmake_target_skip_unavailable=False, cmake_clean_cache=False, cmake_clean_first=False, cmake_force_configure=False, ament_cmake_args=None, catkin_cmake_args=None, catkin_skip_building_tests=False, verb_parser=<colcon_defaults.argument_parser.defaults.DefaultArgumentsDecorator object at 0x7f584c2a3ac0>, verb_extension=<colcon_core.verb.build.BuildVerb object at 0x7f584ca29090>, main=<bound method BuildVerb.main of <colcon_core.verb.build.BuildVerb object at 0x7f584ca29090>>)
[0.592s] Level 1:colcon.colcon_core.package_discovery:discover_packages(colcon_meta) check parameters
[0.592s] Level 1:colcon.colcon_core.package_discovery:discover_packages(recursive) check parameters
[0.592s] Level 1:colcon.colcon_core.package_discovery:discover_packages(ignore) check parameters
[0.593s] Level 1:colcon.colcon_core.package_discovery:discover_packages(path) check parameters
[0.593s] Level 1:colcon.colcon_core.package_discovery:discover_packages(colcon_meta) discover
[0.593s] Level 1:colcon.colcon_core.package_discovery:discover_packages(recursive) discover
[0.593s] INFO:colcon.colcon_core.package_discovery:Crawling recursively for packages in '/home/klingjac/ws_offboard_control/src'
[0.593s] Level 1:colcon.colcon_core.package_identification:_identify(.) by extensions ['ignore', 'ignore_ament_install']
[0.593s] Level 1:colcon.colcon_core.package_identification:_identify(.) by extension 'ignore'
[0.593s] Level 1:colcon.colcon_core.package_identification:_identify(.) by extension 'ignore_ament_install'
[0.593s] Level 1:colcon.colcon_core.package_identification:_identify(.) by extensions ['colcon_pkg']
[0.593s] Level 1:colcon.colcon_core.package_identification:_identify(.) by extension 'colcon_pkg'
[0.593s] Level 1:colcon.colcon_core.package_identification:_identify(.) by extensions ['colcon_meta']
[0.593s] Level 1:colcon.colcon_core.package_identification:_identify(.) by extension 'colcon_meta'
[0.593s] Level 1:colcon.colcon_core.package_identification:_identify(.) by extensions ['ros']
[0.593s] Level 1:colcon.colcon_core.package_identification:_identify(.) by extension 'ros'
[0.606s] Level 1:colcon.colcon_core.package_identification:_identify(.) by extensions ['cmake', 'python']
[0.606s] Level 1:colcon.colcon_core.package_identification:_identify(.) by extension 'cmake'
[0.606s] Level 1:colcon.colcon_core.package_identification:_identify(.) by extension 'python'
[0.606s] Level 1:colcon.colcon_core.package_identification:_identify(.) by extensions ['python_setup_py']
[0.606s] Level 1:colcon.colcon_core.package_identification:_identify(.) by extension 'python_setup_py'
[0.606s] Level 1:colcon.colcon_core.package_identification:_identify(build) by extensions ['ignore', 'ignore_ament_install']
[0.606s] Level 1:colcon.colcon_core.package_identification:_identify(build) by extension 'ignore'
[0.606s] Level 1:colcon.colcon_core.package_identification:_identify(build) ignored
[0.606s] Level 1:colcon.colcon_core.package_identification:_identify(install) by extensions ['ignore', 'ignore_ament_install']
[0.606s] Level 1:colcon.colcon_core.package_identification:_identify(install) by extension 'ignore'
[0.606s] Level 1:colcon.colcon_core.package_identification:_identify(install) ignored
[0.606s] Level 1:colcon.colcon_core.package_identification:_identify(log) by extensions ['ignore', 'ignore_ament_install']
[0.606s] Level 1:colcon.colcon_core.package_identification:_identify(log) by extension 'ignore'
[0.606s] Level 1:colcon.colcon_core.package_identification:_identify(log) ignored
[0.606s] Level 1:colcon.colcon_core.package_identification:_identify(px4_msgs) by extensions ['ignore', 'ignore_ament_install']
[0.606s] Level 1:colcon.colcon_core.package_identification:_identify(px4_msgs) by extension 'ignore'
[0.606s] Level 1:colcon.colcon_core.package_identification:_identify(px4_msgs) by extension 'ignore_ament_install'
[0.607s] Level 1:colcon.colcon_core.package_identification:_identify(px4_msgs) by extensions ['colcon_pkg']
[0.607s] Level 1:colcon.colcon_core.package_identification:_identify(px4_msgs) by extension 'colcon_pkg'
[0.607s] Level 1:colcon.colcon_core.package_identification:_identify(px4_msgs) by extensions ['colcon_meta']
[0.607s] Level 1:colcon.colcon_core.package_identification:_identify(px4_msgs) by extension 'colcon_meta'
[0.607s] Level 1:colcon.colcon_core.package_identification:_identify(px4_msgs) by extensions ['ros']
[0.607s] Level 1:colcon.colcon_core.package_identification:_identify(px4_msgs) by extension 'ros'
[0.609s] DEBUG:colcon.colcon_core.package_identification:Package 'px4_msgs' with type 'ros.ament_cmake' and name 'px4_msgs'
[0.609s] Level 1:colcon.colcon_core.package_identification:_identify(px4_ros_com) by extensions ['ignore', 'ignore_ament_install']
[0.609s] Level 1:colcon.colcon_core.package_identification:_identify(px4_ros_com) by extension 'ignore'
[0.609s] Level 1:colcon.colcon_core.package_identification:_identify(px4_ros_com) by extension 'ignore_ament_install'
[0.609s] Level 1:colcon.colcon_core.package_identification:_identify(px4_ros_com) by extensions ['colcon_pkg']
[0.609s] Level 1:colcon.colcon_core.package_identification:_identify(px4_ros_com) by extension 'colcon_pkg'
[0.609s] Level 1:colcon.colcon_core.package_identification:_identify(px4_ros_com) by extensions ['colcon_meta']
[0.609s] Level 1:colcon.colcon_core.package_identification:_identify(px4_ros_com) by extension 'colcon_meta'
[0.609s] Level 1:colcon.colcon_core.package_identification:_identify(px4_ros_com) by extensions ['ros']
[0.609s] Level 1:colcon.colcon_core.package_identification:_identify(px4_ros_com) by extension 'ros'
[0.610s] DEBUG:colcon.colcon_core.package_identification:Package 'px4_ros_com' with type 'ros.ament_cmake' and name 'px4_ros_com'
[0.610s] Level 1:colcon.colcon_core.package_identification:_identify(px4_visualize) by extensions ['ignore', 'ignore_ament_install']
[0.610s] Level 1:colcon.colcon_core.package_identification:_identify(px4_visualize) by extension 'ignore'
[0.610s] Level 1:colcon.colcon_core.package_identification:_identify(px4_visualize) by extension 'ignore_ament_install'
[0.611s] Level 1:colcon.colcon_core.package_identification:_identify(px4_visualize) by extensions ['colcon_pkg']
[0.611s] Level 1:colcon.colcon_core.package_identification:_identify(px4_visualize) by extension 'colcon_pkg'
[0.611s] Level 1:colcon.colcon_core.package_identification:_identify(px4_visualize) by extensions ['colcon_meta']
[0.611s] Level 1:colcon.colcon_core.package_identification:_identify(px4_visualize) by extension 'colcon_meta'
[0.611s] Level 1:colcon.colcon_core.package_identification:_identify(px4_visualize) by extensions ['ros']
[0.611s] Level 1:colcon.colcon_core.package_identification:_identify(px4_visualize) by extension 'ros'
[0.611s] DEBUG:colcon.colcon_core.package_identification:Package 'px4_visualize' with type 'ros.ament_python' and name 'px4_offboard'
[0.611s] Level 1:colcon.colcon_core.package_discovery:discover_packages(recursive) using defaults
[0.611s] Level 1:colcon.colcon_core.package_discovery:discover_packages(ignore) discover
[0.611s] Level 1:colcon.colcon_core.package_discovery:discover_packages(ignore) using defaults
[0.611s] Level 1:colcon.colcon_core.package_discovery:discover_packages(path) discover
[0.611s] Level 1:colcon.colcon_core.package_discovery:discover_packages(path) using defaults
[0.643s] Level 1:colcon.colcon_core.package_discovery:discover_packages(prefix_path) check parameters
[0.643s] Level 1:colcon.colcon_core.package_discovery:discover_packages(prefix_path) discover
[0.647s] DEBUG:colcon.colcon_installed_package_information.package_discovery:Found 270 installed packages in /opt/ros/humble
[0.649s] Level 1:colcon.colcon_core.package_discovery:discover_packages(prefix_path) using defaults
[0.700s] Level 5:colcon.colcon_core.verb:set package 'px4_msgs' build argument 'cmake_args' from command line to 'None'
[0.700s] Level 5:colcon.colcon_core.verb:set package 'px4_msgs' build argument 'cmake_target' from command line to 'None'
[0.700s] Level 5:colcon.colcon_core.verb:set package 'px4_msgs' build argument 'cmake_target_skip_unavailable' from command line to 'False'
[0.700s] Level 5:colcon.colcon_core.verb:set package 'px4_msgs' build argument 'cmake_clean_cache' from command line to 'False'
[0.700s] Level 5:colcon.colcon_core.verb:set package 'px4_msgs' build argument 'cmake_clean_first' from command line to 'False'
[0.700s] Level 5:colcon.colcon_core.verb:set package 'px4_msgs' build argument 'cmake_force_configure' from command line to 'False'
[0.700s] Level 5:colcon.colcon_core.verb:set package 'px4_msgs' build argument 'ament_cmake_args' from command line to 'None'
[0.700s] Level 5:colcon.colcon_core.verb:set package 'px4_msgs' build argument 'catkin_cmake_args' from command line to 'None'
[0.700s] Level 5:colcon.colcon_core.verb:set package 'px4_msgs' build argument 'catkin_skip_building_tests' from command line to 'False'
[0.700s] DEBUG:colcon.colcon_core.verb:Building package 'px4_msgs' with the following arguments: {'ament_cmake_args': None, 'build_base': '/home/klingjac/ws_offboard_control/src/build/px4_msgs', 'catkin_cmake_args': None, 'catkin_skip_building_tests': False, 'cmake_args': None, 'cmake_clean_cache': False, 'cmake_clean_first': False, 'cmake_force_configure': False, 'cmake_target': None, 'cmake_target_skip_unavailable': False, 'install_base': '/home/klingjac/ws_offboard_control/src/install/px4_msgs', 'merge_install': False, 'path': '/home/klingjac/ws_offboard_control/src/px4_msgs', 'symlink_install': False, 'test_result_base': None}
[0.701s] Level 5:colcon.colcon_core.verb:set package 'px4_offboard' build argument 'cmake_args' from command line to 'None'
[0.701s] Level 5:colcon.colcon_core.verb:set package 'px4_offboard' build argument 'cmake_target' from command line to 'None'
[0.701s] Level 5:colcon.colcon_core.verb:set package 'px4_offboard' build argument 'cmake_target_skip_unavailable' from command line to 'False'
[0.701s] Level 5:colcon.colcon_core.verb:set package 'px4_offboard' build argument 'cmake_clean_cache' from command line to 'False'
[0.701s] Level 5:colcon.colcon_core.verb:set package 'px4_offboard' build argument 'cmake_clean_first' from command line to 'False'
[0.701s] Level 5:colcon.colcon_core.verb:set package 'px4_offboard' build argument 'cmake_force_configure' from command line to 'False'
[0.701s] Level 5:colcon.colcon_core.verb:set package 'px4_offboard' build argument 'ament_cmake_args' from command line to 'None'
[0.701s] Level 5:colcon.colcon_core.verb:set package 'px4_offboard' build argument 'catkin_cmake_args' from command line to 'None'
[0.701s] Level 5:colcon.colcon_core.verb:set package 'px4_offboard' build argument 'catkin_skip_building_tests' from command line to 'False'
[0.701s] DEBUG:colcon.colcon_core.verb:Building package 'px4_offboard' with the following arguments: {'ament_cmake_args': None, 'build_base': '/home/klingjac/ws_offboard_control/src/build/px4_offboard', 'catkin_cmake_args': None, 'catkin_skip_building_tests': False, 'cmake_args': None, 'cmake_clean_cache': False, 'cmake_clean_first': False, 'cmake_force_configure': False, 'cmake_target': None, 'cmake_target_skip_unavailable': False, 'install_base': '/home/klingjac/ws_offboard_control/src/install/px4_offboard', 'merge_install': False, 'path': '/home/klingjac/ws_offboard_control/src/px4_visualize', 'symlink_install': False, 'test_result_base': None}
[0.702s] Level 5:colcon.colcon_core.verb:set package 'px4_ros_com' build argument 'cmake_args' from command line to 'None'
[0.702s] Level 5:colcon.colcon_core.verb:set package 'px4_ros_com' build argument 'cmake_target' from command line to 'None'
[0.702s] Level 5:colcon.colcon_core.verb:set package 'px4_ros_com' build argument 'cmake_target_skip_unavailable' from command line to 'False'
[0.702s] Level 5:colcon.colcon_core.verb:set package 'px4_ros_com' build argument 'cmake_clean_cache' from command line to 'False'
[0.702s] Level 5:colcon.colcon_core.verb:set package 'px4_ros_com' build argument 'cmake_clean_first' from command line to 'False'
[0.703s] Level 5:colcon.colcon_core.verb:set package 'px4_ros_com' build argument 'cmake_force_configure' from command line to 'False'
[0.703s] Level 5:colcon.colcon_core.verb:set package 'px4_ros_com' build argument 'ament_cmake_args' from command line to 'None'
[0.703s] Level 5:colcon.colcon_core.verb:set package 'px4_ros_com' build argument 'catkin_cmake_args' from command line to 'None'
[0.703s] Level 5:colcon.colcon_core.verb:set package 'px4_ros_com' build argument 'catkin_skip_building_tests' from command line to 'False'
[0.703s] DEBUG:colcon.colcon_core.verb:Building package 'px4_ros_com' with the following arguments: {'ament_cmake_args': None, 'build_base': '/home/klingjac/ws_offboard_control/src/build/px4_ros_com', 'catkin_cmake_args': None, 'catkin_skip_building_tests': False, 'cmake_args': None, 'cmake_clean_cache': False, 'cmake_clean_first': False, 'cmake_force_configure': False, 'cmake_target': None, 'cmake_target_skip_unavailable': False, 'install_base': '/home/klingjac/ws_offboard_control/src/install/px4_ros_com', 'merge_install': False, 'path': '/home/klingjac/ws_offboard_control/src/px4_ros_com', 'symlink_install': False, 'test_result_base': None}
[0.703s] INFO:colcon.colcon_core.executor:Executing jobs using 'parallel' executor
[0.708s] DEBUG:colcon.colcon_parallel_executor.executor.parallel:run_until_complete
[0.709s] INFO:colcon.colcon_ros.task.ament_cmake.build:Building ROS package in '/home/klingjac/ws_offboard_control/src/px4_msgs' with build type 'ament_cmake'
[0.709s] INFO:colcon.colcon_cmake.task.cmake.build:Building CMake package in '/home/klingjac/ws_offboard_control/src/px4_msgs'
[0.719s] INFO:colcon.colcon_core.plugin_system:Skipping extension 'colcon_core.shell.bat': Not used on non-Windows systems
[0.719s] INFO:colcon.colcon_core.shell:Skip shell extension 'powershell' for command environment: Not usable outside of PowerShell
[0.719s] DEBUG:colcon.colcon_core.shell:Skip shell extension 'dsv' for command environment
[0.737s] DEBUG:colcon.colcon_core.event_handler.log_command:Invoking command in '/home/klingjac/ws_offboard_control/src/build/px4_msgs': CMAKE_PREFIX_PATH=/opt/ros/humble /usr/bin/cmake /home/klingjac/ws_offboard_control/src/px4_msgs -DCMAKE_INSTALL_PREFIX=/home/klingjac/ws_offboard_control/src/install/px4_msgs
[5.656s] DEBUG:colcon.colcon_core.event_handler.log_command:Invoked command in '/home/klingjac/ws_offboard_control/src/build/px4_msgs' returned '0': CMAKE_PREFIX_PATH=/opt/ros/humble /usr/bin/cmake /home/klingjac/ws_offboard_control/src/px4_msgs -DCMAKE_INSTALL_PREFIX=/home/klingjac/ws_offboard_control/src/install/px4_msgs
[5.657s] DEBUG:colcon.colcon_core.event_handler.log_command:Invoking command in '/home/klingjac/ws_offboard_control/src/build/px4_msgs': CMAKE_PREFIX_PATH=/opt/ros/humble /usr/bin/cmake --build /home/klingjac/ws_offboard_control/src/build/px4_msgs -- -j20 -l20
[102.495s] DEBUG:colcon.colcon_core.event_handler.log_command:Invoked command in '/home/klingjac/ws_offboard_control/src/build/px4_msgs' returned '0': CMAKE_PREFIX_PATH=/opt/ros/humble /usr/bin/cmake --build /home/klingjac/ws_offboard_control/src/build/px4_msgs -- -j20 -l20
[104.082s] DEBUG:colcon.colcon_core.event_handler.log_command:Invoking command in '/home/klingjac/ws_offboard_control/src/build/px4_msgs': CMAKE_PREFIX_PATH=/opt/ros/humble /usr/bin/cmake --install /home/klingjac/ws_offboard_control/src/build/px4_msgs
[104.637s] Level 1:colcon.colcon_core.environment:create_environment_scripts_only(px4_msgs)
[104.637s] DEBUG:colcon.colcon_core.event_handler.log_command:Invoked command in '/home/klingjac/ws_offboard_control/src/build/px4_msgs' returned '0': CMAKE_PREFIX_PATH=/opt/ros/humble /usr/bin/cmake --install /home/klingjac/ws_offboard_control/src/build/px4_msgs
[104.640s] Level 1:colcon.colcon_core.environment:checking '/home/klingjac/ws_offboard_control/src/install/px4_msgs' for CMake module files
[104.640s] Level 1:colcon.colcon_core.environment:checking '/home/klingjac/ws_offboard_control/src/install/px4_msgs' for CMake config files
[104.640s] Level 1:colcon.colcon_core.shell:create_environment_hook('px4_msgs', 'cmake_prefix_path')
[104.641s] INFO:colcon.colcon_core.shell:Creating environment hook '/home/klingjac/ws_offboard_control/src/install/px4_msgs/share/px4_msgs/hook/cmake_prefix_path.ps1'
[104.641s] INFO:colcon.colcon_core.shell:Creating environment descriptor '/home/klingjac/ws_offboard_control/src/install/px4_msgs/share/px4_msgs/hook/cmake_prefix_path.dsv'
[104.642s] INFO:colcon.colcon_core.shell:Creating environment hook '/home/klingjac/ws_offboard_control/src/install/px4_msgs/share/px4_msgs/hook/cmake_prefix_path.sh'
[104.642s] Level 1:colcon.colcon_core.environment:checking '/home/klingjac/ws_offboard_control/src/install/px4_msgs/lib'
[104.643s] Level 1:colcon.colcon_core.shell:create_environment_hook('px4_msgs', 'ld_library_path_lib')
[104.643s] INFO:colcon.colcon_core.shell:Creating environment hook '/home/klingjac/ws_offboard_control/src/install/px4_msgs/share/px4_msgs/hook/ld_library_path_lib.ps1'
[104.644s] INFO:colcon.colcon_core.shell:Creating environment descriptor '/home/klingjac/ws_offboard_control/src/install/px4_msgs/share/px4_msgs/hook/ld_library_path_lib.dsv'
[104.644s] INFO:colcon.colcon_core.shell:Creating environment hook '/home/klingjac/ws_offboard_control/src/install/px4_msgs/share/px4_msgs/hook/ld_library_path_lib.sh'
[104.644s] Level 1:colcon.colcon_core.environment:checking '/home/klingjac/ws_offboard_control/src/install/px4_msgs/bin'
[104.644s] Level 1:colcon.colcon_core.environment:checking '/home/klingjac/ws_offboard_control/src/install/px4_msgs/lib/pkgconfig/px4_msgs.pc'
[104.644s] Level 1:colcon.colcon_core.environment:checking '/home/klingjac/ws_offboard_control/src/install/px4_msgs/lib/python3.10/site-packages'
[104.644s] Level 1:colcon.colcon_core.environment:checking '/home/klingjac/ws_offboard_control/src/install/px4_msgs/bin'
[104.645s] INFO:colcon.colcon_core.shell:Creating package script '/home/klingjac/ws_offboard_control/src/install/px4_msgs/share/px4_msgs/package.ps1'
[104.645s] INFO:colcon.colcon_core.shell:Creating package descriptor '/home/klingjac/ws_offboard_control/src/install/px4_msgs/share/px4_msgs/package.dsv'
[104.646s] INFO:colcon.colcon_core.shell:Creating package script '/home/klingjac/ws_offboard_control/src/install/px4_msgs/share/px4_msgs/package.sh'
[104.647s] INFO:colcon.colcon_core.shell:Creating package script '/home/klingjac/ws_offboard_control/src/install/px4_msgs/share/px4_msgs/package.bash'
[104.647s] INFO:colcon.colcon_core.shell:Creating package script '/home/klingjac/ws_offboard_control/src/install/px4_msgs/share/px4_msgs/package.zsh'
[104.648s] Level 1:colcon.colcon_core.environment:create_file_with_runtime_dependencies(/home/klingjac/ws_offboard_control/src/install/px4_msgs/share/colcon-core/packages/px4_msgs)
[106.245s] Level 1:colcon.colcon_core.environment:create_environment_scripts_only(px4_msgs)
[106.246s] Level 1:colcon.colcon_core.environment:checking '/home/klingjac/ws_offboard_control/src/install/px4_msgs' for CMake module files
[106.247s] Level 1:colcon.colcon_core.environment:checking '/home/klingjac/ws_offboard_control/src/install/px4_msgs' for CMake config files
[106.247s] Level 1:colcon.colcon_core.shell:create_environment_hook('px4_msgs', 'cmake_prefix_path')
[106.247s] INFO:colcon.colcon_core.shell:Creating environment hook '/home/klingjac/ws_offboard_control/src/install/px4_msgs/share/px4_msgs/hook/cmake_prefix_path.ps1'
[106.248s] INFO:colcon.colcon_core.shell:Creating environment descriptor '/home/klingjac/ws_offboard_control/src/install/px4_msgs/share/px4_msgs/hook/cmake_prefix_path.dsv'
[106.248s] INFO:colcon.colcon_core.shell:Creating environment hook '/home/klingjac/ws_offboard_control/src/install/px4_msgs/share/px4_msgs/hook/cmake_prefix_path.sh'
[106.248s] Level 1:colcon.colcon_core.environment:checking '/home/klingjac/ws_offboard_control/src/install/px4_msgs/lib'
[106.248s] Level 1:colcon.colcon_core.shell:create_environment_hook('px4_msgs', 'ld_library_path_lib')
[106.249s] INFO:colcon.colcon_core.shell:Creating environment hook '/home/klingjac/ws_offboard_control/src/install/px4_msgs/share/px4_msgs/hook/ld_library_path_lib.ps1'
[106.249s] INFO:colcon.colcon_core.shell:Creating environment descriptor '/home/klingjac/ws_offboard_control/src/install/px4_msgs/share/px4_msgs/hook/ld_library_path_lib.dsv'
[106.249s] INFO:colcon.colcon_core.shell:Creating environment hook '/home/klingjac/ws_offboard_control/src/install/px4_msgs/share/px4_msgs/hook/ld_library_path_lib.sh'
[106.249s] Level 1:colcon.colcon_core.environment:checking '/home/klingjac/ws_offboard_control/src/install/px4_msgs/bin'
[106.249s] Level 1:colcon.colcon_core.environment:checking '/home/klingjac/ws_offboard_control/src/install/px4_msgs/lib/pkgconfig/px4_msgs.pc'
[106.250s] Level 1:colcon.colcon_core.environment:checking '/home/klingjac/ws_offboard_control/src/install/px4_msgs/lib/python3.10/site-packages'
[106.250s] Level 1:colcon.colcon_core.environment:checking '/home/klingjac/ws_offboard_control/src/install/px4_msgs/bin'
[106.251s] INFO:colcon.colcon_core.shell:Creating package script '/home/klingjac/ws_offboard_control/src/install/px4_msgs/share/px4_msgs/package.ps1'
[106.251s] INFO:colcon.colcon_core.shell:Creating package descriptor '/home/klingjac/ws_offboard_control/src/install/px4_msgs/share/px4_msgs/package.dsv'
[106.251s] INFO:colcon.colcon_core.shell:Creating package script '/home/klingjac/ws_offboard_control/src/install/px4_msgs/share/px4_msgs/package.sh'
[106.251s] INFO:colcon.colcon_core.shell:Creating package script '/home/klingjac/ws_offboard_control/src/install/px4_msgs/share/px4_msgs/package.bash'
[106.251s] INFO:colcon.colcon_core.shell:Creating package script '/home/klingjac/ws_offboard_control/src/install/px4_msgs/share/px4_msgs/package.zsh'
[106.252s] Level 1:colcon.colcon_core.environment:create_file_with_runtime_dependencies(/home/klingjac/ws_offboard_control/src/install/px4_msgs/share/colcon-core/packages/px4_msgs)
[106.252s] INFO:colcon.colcon_ros.task.ament_python.build:Building ROS package in '/home/klingjac/ws_offboard_control/src/px4_visualize' with build type 'ament_python'
[106.252s] Level 1:colcon.colcon_core.shell:create_environment_hook('px4_offboard', 'ament_prefix_path')
[106.253s] INFO:colcon.colcon_core.shell:Creating environment hook '/home/klingjac/ws_offboard_control/src/install/px4_offboard/share/px4_offboard/hook/ament_prefix_path.ps1'
[106.254s] INFO:colcon.colcon_core.shell:Creating environment descriptor '/home/klingjac/ws_offboard_control/src/install/px4_offboard/share/px4_offboard/hook/ament_prefix_path.dsv'
[106.254s] INFO:colcon.colcon_core.shell:Creating environment hook '/home/klingjac/ws_offboard_control/src/install/px4_offboard/share/px4_offboard/hook/ament_prefix_path.sh'
[106.255s] INFO:colcon.colcon_core.shell:Skip shell extension 'powershell' for command environment: Not usable outside of PowerShell
[106.255s] DEBUG:colcon.colcon_core.shell:Skip shell extension 'dsv' for command environment
[106.257s] INFO:colcon.colcon_ros.task.ament_cmake.build:Building ROS package in '/home/klingjac/ws_offboard_control/src/px4_ros_com' with build type 'ament_cmake'
[106.257s] INFO:colcon.colcon_cmake.task.cmake.build:Building CMake package in '/home/klingjac/ws_offboard_control/src/px4_ros_com'
[106.258s] INFO:colcon.colcon_core.shell:Skip shell extension 'powershell' for command environment: Not usable outside of PowerShell
[106.258s] DEBUG:colcon.colcon_core.shell:Skip shell extension 'dsv' for command environment
[106.340s] DEBUG:colcon.colcon_core.event_handler.log_command:Invoking command in '/home/klingjac/ws_offboard_control/src/build/px4_ros_com': AMENT_PREFIX_PATH=/home/klingjac/ws_offboard_control/src/install/px4_msgs:${AMENT_PREFIX_PATH} CMAKE_PREFIX_PATH=/home/klingjac/ws_offboard_control/src/install/px4_msgs:/opt/ros/humble LD_LIBRARY_PATH=/home/klingjac/ws_offboard_control/src/install/px4_msgs/lib:${LD_LIBRARY_PATH} PYTHONPATH=/home/klingjac/ws_offboard_control/src/install/px4_msgs/local/lib/python3.10/dist-packages:${PYTHONPATH} /usr/bin/cmake /home/klingjac/ws_offboard_control/src/px4_ros_com -DCMAKE_INSTALL_PREFIX=/home/klingjac/ws_offboard_control/src/install/px4_ros_com
[106.484s] INFO:colcon.colcon_core.task.python.build:Building Python package in '/home/klingjac/ws_offboard_control/src/px4_visualize'
[106.485s] INFO:colcon.colcon_core.shell:Skip shell extension 'powershell' for command environment: Not usable outside of PowerShell
[106.485s] DEBUG:colcon.colcon_core.shell:Skip shell extension 'dsv' for command environment
[106.875s] DEBUG:colcon.colcon_core.event_handler.log_command:Invoking command in '/home/klingjac/ws_offboard_control/src/px4_visualize': AMENT_PREFIX_PATH=/home/klingjac/ws_offboard_control/src/install/px4_msgs:${AMENT_PREFIX_PATH} CMAKE_PREFIX_PATH=/home/klingjac/ws_offboard_control/src/install/px4_msgs LD_LIBRARY_PATH=/home/klingjac/ws_offboard_control/src/install/px4_msgs/lib:${LD_LIBRARY_PATH} PYTHONPATH=/home/klingjac/ws_offboard_control/src/build/px4_offboard/prefix_override:/home/klingjac/ws_offboard_control/src/install/px4_offboard/lib/python3.10/site-packages:/home/klingjac/ws_offboard_control/src/install/px4_msgs/local/lib/python3.10/dist-packages:${PYTHONPATH} /usr/bin/python3 setup.py egg_info --egg-base ../build/px4_offboard build --build-base /home/klingjac/ws_offboard_control/src/build/px4_offboard/build install --record /home/klingjac/ws_offboard_control/src/build/px4_offboard/install.log --single-version-externally-managed
[107.043s] Level 1:colcon.colcon_core.environment:checking '/home/klingjac/ws_offboard_control/src/install/px4_offboard' for CMake module files
[107.043s] DEBUG:colcon.colcon_core.event_handler.log_command:Invoked command in '/home/klingjac/ws_offboard_control/src/px4_visualize' returned '0': AMENT_PREFIX_PATH=/home/klingjac/ws_offboard_control/src/install/px4_msgs:${AMENT_PREFIX_PATH} CMAKE_PREFIX_PATH=/home/klingjac/ws_offboard_control/src/install/px4_msgs LD_LIBRARY_PATH=/home/klingjac/ws_offboard_control/src/install/px4_msgs/lib:${LD_LIBRARY_PATH} PYTHONPATH=/home/klingjac/ws_offboard_control/src/build/px4_offboard/prefix_override:/home/klingjac/ws_offboard_control/src/install/px4_offboard/lib/python3.10/site-packages:/home/klingjac/ws_offboard_control/src/install/px4_msgs/local/lib/python3.10/dist-packages:${PYTHONPATH} /usr/bin/python3 setup.py egg_info --egg-base ../build/px4_offboard build --build-base /home/klingjac/ws_offboard_control/src/build/px4_offboard/build install --record /home/klingjac/ws_offboard_control/src/build/px4_offboard/install.log --single-version-externally-managed
[107.043s] Level 1:colcon.colcon_core.environment:checking '/home/klingjac/ws_offboard_control/src/install/px4_offboard' for CMake config files
[107.044s] Level 1:colcon.colcon_core.environment:checking '/home/klingjac/ws_offboard_control/src/install/px4_offboard/lib'
[107.044s] Level 1:colcon.colcon_core.environment:checking '/home/klingjac/ws_offboard_control/src/install/px4_offboard/bin'
[107.044s] Level 1:colcon.colcon_core.environment:checking '/home/klingjac/ws_offboard_control/src/install/px4_offboard/lib/pkgconfig/px4_offboard.pc'
[107.044s] Level 1:colcon.colcon_core.environment:checking '/home/klingjac/ws_offboard_control/src/install/px4_offboard/lib/python3.10/site-packages'
[107.044s] Level 1:colcon.colcon_core.shell:create_environment_hook('px4_offboard', 'pythonpath')
[107.045s] INFO:colcon.colcon_core.shell:Creating environment hook '/home/klingjac/ws_offboard_control/src/install/px4_offboard/share/px4_offboard/hook/pythonpath.ps1'
[107.045s] INFO:colcon.colcon_core.shell:Creating environment descriptor '/home/klingjac/ws_offboard_control/src/install/px4_offboard/share/px4_offboard/hook/pythonpath.dsv'
[107.045s] INFO:colcon.colcon_core.shell:Creating environment hook '/home/klingjac/ws_offboard_control/src/install/px4_offboard/share/px4_offboard/hook/pythonpath.sh'
[107.045s] Level 1:colcon.colcon_core.environment:checking '/home/klingjac/ws_offboard_control/src/install/px4_offboard/bin'
[107.045s] Level 1:colcon.colcon_core.environment:create_environment_scripts_only(px4_offboard)
[107.046s] INFO:colcon.colcon_core.shell:Creating package script '/home/klingjac/ws_offboard_control/src/install/px4_offboard/share/px4_offboard/package.ps1'
[107.046s] INFO:colcon.colcon_core.shell:Creating package descriptor '/home/klingjac/ws_offboard_control/src/install/px4_offboard/share/px4_offboard/package.dsv'
[107.046s] INFO:colcon.colcon_core.shell:Creating package script '/home/klingjac/ws_offboard_control/src/install/px4_offboard/share/px4_offboard/package.sh'
[107.046s] INFO:colcon.colcon_core.shell:Creating package script '/home/klingjac/ws_offboard_control/src/install/px4_offboard/share/px4_offboard/package.bash'
[107.046s] INFO:colcon.colcon_core.shell:Creating package script '/home/klingjac/ws_offboard_control/src/install/px4_offboard/share/px4_offboard/package.zsh'
[107.047s] Level 1:colcon.colcon_core.environment:create_file_with_runtime_dependencies(/home/klingjac/ws_offboard_control/src/install/px4_offboard/share/colcon-core/packages/px4_offboard)
[118.830s] DEBUG:colcon.colcon_core.event_handler.log_command:Invoked command in '/home/klingjac/ws_offboard_control/src/build/px4_ros_com' returned '0': AMENT_PREFIX_PATH=/home/klingjac/ws_offboard_control/src/install/px4_msgs:${AMENT_PREFIX_PATH} CMAKE_PREFIX_PATH=/home/klingjac/ws_offboard_control/src/install/px4_msgs:/opt/ros/humble LD_LIBRARY_PATH=/home/klingjac/ws_offboard_control/src/install/px4_msgs/lib:${LD_LIBRARY_PATH} PYTHONPATH=/home/klingjac/ws_offboard_control/src/install/px4_msgs/local/lib/python3.10/dist-packages:${PYTHONPATH} /usr/bin/cmake /home/klingjac/ws_offboard_control/src/px4_ros_com -DCMAKE_INSTALL_PREFIX=/home/klingjac/ws_offboard_control/src/install/px4_ros_com
[118.831s] DEBUG:colcon.colcon_core.event_handler.log_command:Invoking command in '/home/klingjac/ws_offboard_control/src/build/px4_ros_com': AMENT_PREFIX_PATH=/home/klingjac/ws_offboard_control/src/install/px4_msgs:${AMENT_PREFIX_PATH} CMAKE_PREFIX_PATH=/home/klingjac/ws_offboard_control/src/install/px4_msgs:/opt/ros/humble LD_LIBRARY_PATH=/home/klingjac/ws_offboard_control/src/install/px4_msgs/lib:${LD_LIBRARY_PATH} PYTHONPATH=/home/klingjac/ws_offboard_control/src/install/px4_msgs/local/lib/python3.10/dist-packages:${PYTHONPATH} /usr/bin/cmake --build /home/klingjac/ws_offboard_control/src/build/px4_ros_com -- -j20 -l20
[125.120s] DEBUG:colcon.colcon_core.event_handler.log_command:Invoked command in '/home/klingjac/ws_offboard_control/src/build/px4_ros_com' returned '0': AMENT_PREFIX_PATH=/home/klingjac/ws_offboard_control/src/install/px4_msgs:${AMENT_PREFIX_PATH} CMAKE_PREFIX_PATH=/home/klingjac/ws_offboard_control/src/install/px4_msgs:/opt/ros/humble LD_LIBRARY_PATH=/home/klingjac/ws_offboard_control/src/install/px4_msgs/lib:${LD_LIBRARY_PATH} PYTHONPATH=/home/klingjac/ws_offboard_control/src/install/px4_msgs/local/lib/python3.10/dist-packages:${PYTHONPATH} /usr/bin/cmake --build /home/klingjac/ws_offboard_control/src/build/px4_ros_com -- -j20 -l20
[125.136s] DEBUG:colcon.colcon_core.event_handler.log_command:Invoking command in '/home/klingjac/ws_offboard_control/src/build/px4_ros_com': AMENT_PREFIX_PATH=/home/klingjac/ws_offboard_control/src/install/px4_msgs:${AMENT_PREFIX_PATH} CMAKE_PREFIX_PATH=/home/klingjac/ws_offboard_control/src/install/px4_msgs:/opt/ros/humble LD_LIBRARY_PATH=/home/klingjac/ws_offboard_control/src/install/px4_msgs/lib:${LD_LIBRARY_PATH} PYTHONPATH=/home/klingjac/ws_offboard_control/src/install/px4_msgs/local/lib/python3.10/dist-packages:${PYTHONPATH} /usr/bin/cmake --install /home/klingjac/ws_offboard_control/src/build/px4_ros_com
[125.151s] Level 1:colcon.colcon_core.environment:create_environment_scripts_only(px4_ros_com)
[125.151s] DEBUG:colcon.colcon_core.event_handler.log_command:Invoked command in '/home/klingjac/ws_offboard_control/src/build/px4_ros_com' returned '0': AMENT_PREFIX_PATH=/home/klingjac/ws_offboard_control/src/install/px4_msgs:${AMENT_PREFIX_PATH} CMAKE_PREFIX_PATH=/home/klingjac/ws_offboard_control/src/install/px4_msgs:/opt/ros/humble LD_LIBRARY_PATH=/home/klingjac/ws_offboard_control/src/install/px4_msgs/lib:${LD_LIBRARY_PATH} PYTHONPATH=/home/klingjac/ws_offboard_control/src/install/px4_msgs/local/lib/python3.10/dist-packages:${PYTHONPATH} /usr/bin/cmake --install /home/klingjac/ws_offboard_control/src/build/px4_ros_com
[125.153s] Level 1:colcon.colcon_core.environment:checking '/home/klingjac/ws_offboard_control/src/install/px4_ros_com' for CMake module files
[125.154s] Level 1:colcon.colcon_core.environment:checking '/home/klingjac/ws_offboard_control/src/install/px4_ros_com' for CMake config files
[125.154s] Level 1:colcon.colcon_core.shell:create_environment_hook('px4_ros_com', 'cmake_prefix_path')
[125.155s] INFO:colcon.colcon_core.shell:Creating environment hook '/home/klingjac/ws_offboard_control/src/install/px4_ros_com/share/px4_ros_com/hook/cmake_prefix_path.ps1'
[125.156s] INFO:colcon.colcon_core.shell:Creating environment descriptor '/home/klingjac/ws_offboard_control/src/install/px4_ros_com/share/px4_ros_com/hook/cmake_prefix_path.dsv'
[125.156s] INFO:colcon.colcon_core.shell:Creating environment hook '/home/klingjac/ws_offboard_control/src/install/px4_ros_com/share/px4_ros_com/hook/cmake_prefix_path.sh'
[125.156s] Level 1:colcon.colcon_core.environment:checking '/home/klingjac/ws_offboard_control/src/install/px4_ros_com/lib'
[125.156s] Level 1:colcon.colcon_core.shell:create_environment_hook('px4_ros_com', 'ld_library_path_lib')
[125.158s] INFO:colcon.colcon_core.shell:Creating environment hook '/home/klingjac/ws_offboard_control/src/install/px4_ros_com/share/px4_ros_com/hook/ld_library_path_lib.ps1'
[125.158s] INFO:colcon.colcon_core.shell:Creating environment descriptor '/home/klingjac/ws_offboard_control/src/install/px4_ros_com/share/px4_ros_com/hook/ld_library_path_lib.dsv'
[125.158s] INFO:colcon.colcon_core.shell:Creating environment hook '/home/klingjac/ws_offboard_control/src/install/px4_ros_com/share/px4_ros_com/hook/ld_library_path_lib.sh'
[125.158s] Level 1:colcon.colcon_core.environment:checking '/home/klingjac/ws_offboard_control/src/install/px4_ros_com/bin'
[125.158s] Level 1:colcon.colcon_core.environment:checking '/home/klingjac/ws_offboard_control/src/install/px4_ros_com/lib/pkgconfig/px4_ros_com.pc'
[125.159s] Level 1:colcon.colcon_core.environment:checking '/home/klingjac/ws_offboard_control/src/install/px4_ros_com/lib/python3.10/site-packages'
[125.159s] Level 1:colcon.colcon_core.environment:checking '/home/klingjac/ws_offboard_control/src/install/px4_ros_com/bin'
[125.160s] INFO:colcon.colcon_core.shell:Creating package script '/home/klingjac/ws_offboard_control/src/install/px4_ros_com/share/px4_ros_com/package.ps1'
[125.160s] INFO:colcon.colcon_core.shell:Creating package descriptor '/home/klingjac/ws_offboard_control/src/install/px4_ros_com/share/px4_ros_com/package.dsv'
[125.161s] INFO:colcon.colcon_core.shell:Creating package script '/home/klingjac/ws_offboard_control/src/install/px4_ros_com/share/px4_ros_com/package.sh'
[125.161s] INFO:colcon.colcon_core.shell:Creating package script '/home/klingjac/ws_offboard_control/src/install/px4_ros_com/share/px4_ros_com/package.bash'
[125.161s] INFO:colcon.colcon_core.shell:Creating package script '/home/klingjac/ws_offboard_control/src/install/px4_ros_com/share/px4_ros_com/package.zsh'
[125.162s] Level 1:colcon.colcon_core.environment:create_file_with_runtime_dependencies(/home/klingjac/ws_offboard_control/src/install/px4_ros_com/share/colcon-core/packages/px4_ros_com)
[125.196s] Level 1:colcon.colcon_core.environment:create_environment_scripts_only(px4_ros_com)
[125.198s] Level 1:colcon.colcon_core.environment:checking '/home/klingjac/ws_offboard_control/src/install/px4_ros_com' for CMake module files
[125.199s] Level 1:colcon.colcon_core.environment:checking '/home/klingjac/ws_offboard_control/src/install/px4_ros_com' for CMake config files
[125.200s] Level 1:colcon.colcon_core.shell:create_environment_hook('px4_ros_com', 'cmake_prefix_path')
[125.201s] INFO:colcon.colcon_core.shell:Creating environment hook '/home/klingjac/ws_offboard_control/src/install/px4_ros_com/share/px4_ros_com/hook/cmake_prefix_path.ps1'
[125.202s] INFO:colcon.colcon_core.shell:Creating environment descriptor '/home/klingjac/ws_offboard_control/src/install/px4_ros_com/share/px4_ros_com/hook/cmake_prefix_path.dsv'
[125.202s] INFO:colcon.colcon_core.shell:Creating environment hook '/home/klingjac/ws_offboard_control/src/install/px4_ros_com/share/px4_ros_com/hook/cmake_prefix_path.sh'
[125.203s] Level 1:colcon.colcon_core.environment:checking '/home/klingjac/ws_offboard_control/src/install/px4_ros_com/lib'
[125.203s] Level 1:colcon.colcon_core.shell:create_environment_hook('px4_ros_com', 'ld_library_path_lib')
[125.204s] INFO:colcon.colcon_core.shell:Creating environment hook '/home/klingjac/ws_offboard_control/src/install/px4_ros_com/share/px4_ros_com/hook/ld_library_path_lib.ps1'
[125.204s] INFO:colcon.colcon_core.shell:Creating environment descriptor '/home/klingjac/ws_offboard_control/src/install/px4_ros_com/share/px4_ros_com/hook/ld_library_path_lib.dsv'
[125.205s] INFO:colcon.colcon_core.shell:Creating environment hook '/home/klingjac/ws_offboard_control/src/install/px4_ros_com/share/px4_ros_com/hook/ld_library_path_lib.sh'
[125.205s] Level 1:colcon.colcon_core.environment:checking '/home/klingjac/ws_offboard_control/src/install/px4_ros_com/bin'
[125.205s] Level 1:colcon.colcon_core.environment:checking '/home/klingjac/ws_offboard_control/src/install/px4_ros_com/lib/pkgconfig/px4_ros_com.pc'
[125.206s] Level 1:colcon.colcon_core.environment:checking '/home/klingjac/ws_offboard_control/src/install/px4_ros_com/lib/python3.10/site-packages'
[125.206s] Level 1:colcon.colcon_core.environment:checking '/home/klingjac/ws_offboard_control/src/install/px4_ros_com/bin'
[125.208s] INFO:colcon.colcon_core.shell:Creating package script '/home/klingjac/ws_offboard_control/src/install/px4_ros_com/share/px4_ros_com/package.ps1'
[125.209s] INFO:colcon.colcon_core.shell:Creating package descriptor '/home/klingjac/ws_offboard_control/src/install/px4_ros_com/share/px4_ros_com/package.dsv'
[125.209s] INFO:colcon.colcon_core.shell:Creating package script '/home/klingjac/ws_offboard_control/src/install/px4_ros_com/share/px4_ros_com/package.sh'
[125.211s] INFO:colcon.colcon_core.shell:Creating package script '/home/klingjac/ws_offboard_control/src/install/px4_ros_com/share/px4_ros_com/package.bash'
[125.211s] INFO:colcon.colcon_core.shell:Creating package script '/home/klingjac/ws_offboard_control/src/install/px4_ros_com/share/px4_ros_com/package.zsh'
[125.212s] Level 1:colcon.colcon_core.environment:create_file_with_runtime_dependencies(/home/klingjac/ws_offboard_control/src/install/px4_ros_com/share/colcon-core/packages/px4_ros_com)
[125.212s] DEBUG:colcon.colcon_parallel_executor.executor.parallel:closing loop
[125.212s] DEBUG:colcon.colcon_parallel_executor.executor.parallel:loop closed
[125.212s] DEBUG:colcon.colcon_parallel_executor.executor.parallel:run_until_complete finished with '0'
[125.213s] DEBUG:colcon.colcon_core.event_reactor:joining thread
[125.281s] INFO:colcon.colcon_core.plugin_system:Skipping extension 'colcon_notification.desktop_notification.notify_send': Could not find 'notify-send'
[125.282s] INFO:colcon.colcon_core.plugin_system:Skipping extension 'colcon_notification.desktop_notification.terminal_notifier': Not used on non-Darwin systems
[125.282s] INFO:colcon.colcon_core.plugin_system:Skipping extension 'colcon_notification.desktop_notification.win32': Not used on non-Windows systems
[125.282s] INFO:colcon.colcon_notification.desktop_notification:Sending desktop notification using 'notify2'
[125.282s] DEBUG:colcon.colcon_notification.desktop_notification.notify2:Failed to initialize notify2: org.freedesktop.DBus.Error.FileNotFound: Failed to connect to socket /run/user/1000/bus: No such file or directory
[125.282s] DEBUG:colcon.colcon_core.event_reactor:joined thread
[125.283s] INFO:colcon.colcon_core.shell:Creating prefix script '/home/klingjac/ws_offboard_control/src/install/local_setup.ps1'
[125.284s] INFO:colcon.colcon_core.shell:Creating prefix util module '/home/klingjac/ws_offboard_control/src/install/_local_setup_util_ps1.py'
[125.284s] INFO:colcon.colcon_core.shell:Creating prefix chain script '/home/klingjac/ws_offboard_control/src/install/setup.ps1'
[125.285s] INFO:colcon.colcon_core.shell:Creating prefix script '/home/klingjac/ws_offboard_control/src/install/local_setup.sh'
[125.285s] INFO:colcon.colcon_core.shell:Creating prefix util module '/home/klingjac/ws_offboard_control/src/install/_local_setup_util_sh.py'
[125.285s] INFO:colcon.colcon_core.shell:Creating prefix chain script '/home/klingjac/ws_offboard_control/src/install/setup.sh'
[125.286s] INFO:colcon.colcon_core.shell:Creating prefix script '/home/klingjac/ws_offboard_control/src/install/local_setup.bash'
[125.286s] INFO:colcon.colcon_core.shell:Creating prefix chain script '/home/klingjac/ws_offboard_control/src/install/setup.bash'
[125.287s] INFO:colcon.colcon_core.shell:Creating prefix script '/home/klingjac/ws_offboard_control/src/install/local_setup.zsh'
[125.287s] INFO:colcon.colcon_core.shell:Creating prefix chain script '/home/klingjac/ws_offboard_control/src/install/setup.zsh'
