[0.090s] Invoking command in '/home/klingjac/ws_offboard_control/build/px4_ros_com': AMENT_PREFIX_PATH=/home/klingjac/ws_offboard_control/install/px4_msgs:${AMENT_PREFIX_PATH} CMAKE_PREFIX_PATH=/home/klingjac/ws_offboard_control/install/px4_msgs:/opt/ros/humble LD_LIBRARY_PATH=/home/klingjac/ws_offboard_control/install/px4_msgs/lib:${LD_LIBRARY_PATH} PYTHONPATH=/home/klingjac/ws_offboard_control/install/px4_msgs/local/lib/python3.10/dist-packages:${PYTHONPATH} /usr/bin/cmake --build /home/klingjac/ws_offboard_control/build/px4_ros_com -- -j20 -l20
[0.134s] -- Found ament_cmake: 1.3.5 (/opt/ros/humble/share/ament_cmake/cmake)
[0.301s] -- Found builtin_interfaces: 1.2.1 (/opt/ros/humble/share/builtin_interfaces/cmake)
[0.477s] -- Found rosidl_generator_c: 3.1.5 (/opt/ros/humble/share/rosidl_generator_c/cmake)
[0.482s] -- Found rosidl_adapter: 3.1.5 (/opt/ros/humble/share/rosidl_adapter/cmake)
[0.494s] -- Found rosidl_generator_cpp: 3.1.5 (/opt/ros/humble/share/rosidl_generator_cpp/cmake)
[0.513s] -- Using all available rosidl_typesupport_c: rosidl_typesupport_fastrtps_c;rosidl_typesupport_introspection_c
[0.539s] -- Using all available rosidl_typesupport_cpp: rosidl_typesupport_fastrtps_cpp;rosidl_typesupport_introspection_cpp
[0.559s] -- Found eigen3_cmake_module: 0.1.1 (/opt/ros/humble/share/eigen3_cmake_module/cmake)
[0.562s] -- Found geometry_msgs: 4.2.3 (/opt/ros/humble/share/geometry_msgs/cmake)
[0.680s] -- Found px4_msgs: 2.0.1 (/home/klingjac/ws_offboard_control/install/px4_msgs/share/px4_msgs/cmake)
[0.717s] -- Found rclcpp: 16.0.5 (/opt/ros/humble/share/rclcpp/cmake)
[0.800s] -- Found rmw_implementation_cmake: 6.1.1 (/opt/ros/humble/share/rmw_implementation_cmake/cmake)
[0.803s] -- Found rmw_fastrtps_cpp: 6.2.3 (/opt/ros/humble/share/rmw_fastrtps_cpp/cmake)
[9.697s] -- Using RMW implementation 'rmw_fastrtps_cpp' as default
[9.837s] -- Found sensor_msgs: 4.2.3 (/opt/ros/humble/share/sensor_msgs/cmake)
[9.930s] -- Found ament_lint_auto: 0.12.7 (/opt/ros/humble/share/ament_lint_auto/cmake)
[10.006s] -- Added test 'copyright' to check source files copyright and LICENSE
[10.013s] -- Added test 'cppcheck' to perform static code analysis on C / C++ code
[10.013s] -- Configured cppcheck include dirs: /home/klingjac/ws_offboard_control/src/px4_ros_com/include;$<BUILD_INTERFACE:/home/klingjac/ws_offboard_control/src/px4_ros_com/include/px4_ros_com>
[10.013s] -- Configured cppcheck exclude dirs and/or files: 
[10.016s] -- Added test 'cpplint' to check C / C++ code against the Google style
[10.016s] -- Configured cpplint exclude dirs and/or files: 
[10.017s] -- Added test 'flake8' to check Python code syntax and style conventions
[10.018s] -- Added test 'lint_cmake' to check CMake code style
[10.018s] -- Added test 'pep257' to check Python code against some of the docstring style conventions in PEP 257
[10.020s] -- Added test 'uncrustify' to check C / C++ code style
[10.021s] -- Configured uncrustify additional arguments: 
[10.021s] -- Added test 'xmllint' to check XML markup files
[10.024s] -- Configuring done
[10.052s] -- Generating done
[10.055s] -- Build files have been written to: /home/klingjac/ws_offboard_control/build/px4_ros_com
[10.094s] [35m[1mConsolidate compiler generated dependencies of target vehicle_gps_position_listener[0m
[10.094s] [35m[1mConsolidate compiler generated dependencies of target offboard_control[0m
[10.105s] [35m[1mConsolidate compiler generated dependencies of target debug_vect_advertiser[0m
[10.106s] [ 16%] Built target vehicle_gps_position_listener
[10.116s] [ 33%] Built target offboard_control
[10.117s] [35m[1mConsolidate compiler generated dependencies of target sensor_combined_listener[0m
[10.121s] [35m[1mConsolidate compiler generated dependencies of target frame_transforms[0m
[10.129s] [ 50%] Built target debug_vect_advertiser
[10.139s] [ 66%] Built target frame_transforms
[10.146s] [ 75%] [32mBuilding CXX object CMakeFiles/drone_position_plotter.dir/src/examples/traj_plot/drone_position_plotter.cpp.o[0m
[10.154s] [ 91%] Built target sensor_combined_listener
[10.625s] [01m[K/home/klingjac/ws_offboard_control/src/px4_ros_com/src/examples/traj_plot/drone_position_plotter.cpp:3:10:[m[K [01;31m[Kfatal error: [m[Kvisualization_msgs/msg/marker.hpp: No such file or directory
[10.625s]     3 | #include [01;31m[K"visualization_msgs/msg/marker.hpp"[m[K
[10.626s]       |          [01;31m[K^~~~~~~~~~~~~~~~~~~~~~~~~~~~~~~~~~~[m[K
[10.626s] compilation terminated.
[10.628s] gmake[2]: *** [CMakeFiles/drone_position_plotter.dir/build.make:76: CMakeFiles/drone_position_plotter.dir/src/examples/traj_plot/drone_position_plotter.cpp.o] Error 1
[10.628s] gmake[1]: *** [CMakeFiles/Makefile2:277: CMakeFiles/drone_position_plotter.dir/all] Error 2
[10.628s] gmake: *** [Makefile:146: all] Error 2
[10.630s] Invoked command in '/home/klingjac/ws_offboard_control/build/px4_ros_com' returned '2': AMENT_PREFIX_PATH=/home/klingjac/ws_offboard_control/install/px4_msgs:${AMENT_PREFIX_PATH} CMAKE_PREFIX_PATH=/home/klingjac/ws_offboard_control/install/px4_msgs:/opt/ros/humble LD_LIBRARY_PATH=/home/klingjac/ws_offboard_control/install/px4_msgs/lib:${LD_LIBRARY_PATH} PYTHONPATH=/home/klingjac/ws_offboard_control/install/px4_msgs/local/lib/python3.10/dist-packages:${PYTHONPATH} /usr/bin/cmake --build /home/klingjac/ws_offboard_control/build/px4_ros_com -- -j20 -l20
