[0.779s] Invoking command in '/home/klingjac/ws_offboard_control/src/px4_visualize': CMAKE_PREFIX_PATH=/home/klingjac/ws_offboard_control/install/px4_msgs:/home/klingjac/ws_offboard_control/install/px4_ros_com LD_LIBRARY_PATH=/home/klingjac/ws_offboard_control/install/px4_msgs/lib:/opt/ros/humble/opt/rviz_ogre_vendor/lib:/opt/ros/humble/lib/x86_64-linux-gnu:/opt/ros/humble/lib:/home/klingjac/ws_offboard_control/install/px4_ros_com/lib PYTHONPATH=/home/klingjac/ws_offboard_control/build/px4_offboard/prefix_override:/home/klingjac/ws_offboard_control/install/px4_offboard/lib/python3.10/site-packages:${PYTHONPATH} /usr/bin/python3 setup.py egg_info --egg-base ../../build/px4_offboard build --build-base /home/klingjac/ws_offboard_control/build/px4_offboard/build install --record /home/klingjac/ws_offboard_control/build/px4_offboard/install.log --single-version-externally-managed
[1.019s] running egg_info
[1.019s] writing ../../build/px4_offboard/px4_offboard.egg-info/PKG-INFO
[1.020s] writing dependency_links to ../../build/px4_offboard/px4_offboard.egg-info/dependency_links.txt
[1.020s] writing entry points to ../../build/px4_offboard/px4_offboard.egg-info/entry_points.txt
[1.020s] writing requirements to ../../build/px4_offboard/px4_offboard.egg-info/requires.txt
[1.021s] writing top-level names to ../../build/px4_offboard/px4_offboard.egg-info/top_level.txt
[1.022s] reading manifest file '../../build/px4_offboard/px4_offboard.egg-info/SOURCES.txt'
[1.022s] adding license file 'LICENSE'
[1.023s] writing manifest file '../../build/px4_offboard/px4_offboard.egg-info/SOURCES.txt'
[1.023s] running build
[1.023s] running build_py
[1.024s] running install
[1.025s] running install_lib
[1.026s] running install_data
[1.026s] running install_egg_info
[1.028s] removing '/home/klingjac/ws_offboard_control/install/px4_offboard/lib/python3.10/site-packages/px4_offboard-0.0.0-py3.10.egg-info' (and everything under it)
[1.028s] Copying ../../build/px4_offboard/px4_offboard.egg-info to /home/klingjac/ws_offboard_control/install/px4_offboard/lib/python3.10/site-packages/px4_offboard-0.0.0-py3.10.egg-info
[1.029s] running install_scripts
[1.047s] Installing offboard_control script to /home/klingjac/ws_offboard_control/install/px4_offboard/lib/px4_offboard
[1.048s] Installing visualizer script to /home/klingjac/ws_offboard_control/install/px4_offboard/lib/px4_offboard
[1.048s] writing list of installed files to '/home/klingjac/ws_offboard_control/build/px4_offboard/install.log'
[1.074s] Invoked command in '/home/klingjac/ws_offboard_control/src/px4_visualize' returned '0': CMAKE_PREFIX_PATH=/home/klingjac/ws_offboard_control/install/px4_msgs:/home/klingjac/ws_offboard_control/install/px4_ros_com LD_LIBRARY_PATH=/home/klingjac/ws_offboard_control/install/px4_msgs/lib:/opt/ros/humble/opt/rviz_ogre_vendor/lib:/opt/ros/humble/lib/x86_64-linux-gnu:/opt/ros/humble/lib:/home/klingjac/ws_offboard_control/install/px4_ros_com/lib PYTHONPATH=/home/klingjac/ws_offboard_control/build/px4_offboard/prefix_override:/home/klingjac/ws_offboard_control/install/px4_offboard/lib/python3.10/site-packages:${PYTHONPATH} /usr/bin/python3 setup.py egg_info --egg-base ../../build/px4_offboard build --build-base /home/klingjac/ws_offboard_control/build/px4_offboard/build install --record /home/klingjac/ws_offboard_control/build/px4_offboard/install.log --single-version-externally-managed
