[0.878s] Invoking command in '/home/klingjac/ws_offboard_control/src/px4_visualize': CMAKE_PREFIX_PATH=/home/klingjac/ws_offboard_control/install/px4_msgs:/home/klingjac/ws_offboard_control/install/px4_ros_com LD_LIBRARY_PATH=/home/klingjac/ws_offboard_control/install/px4_msgs/lib:/home/klingjac/ws_offboard_control/install/px4_ros_com/lib:/opt/ros/humble/opt/rviz_ogre_vendor/lib:/opt/ros/humble/lib/x86_64-linux-gnu:/opt/ros/humble/lib PYTHONPATH=/home/klingjac/ws_offboard_control/build/px4_offboard/prefix_override:/home/klingjac/ws_offboard_control/install/px4_offboard/lib/python3.10/site-packages:${PYTHONPATH} /usr/bin/python3 setup.py egg_info --egg-base ../../build/px4_offboard build --build-base /home/klingjac/ws_offboard_control/build/px4_offboard/build install --record /home/klingjac/ws_offboard_control/build/px4_offboard/install.log --single-version-externally-managed
[1.081s] running egg_info
[1.081s] writing ../../build/px4_offboard/px4_offboard.egg-info/PKG-INFO
[1.082s] writing dependency_links to ../../build/px4_offboard/px4_offboard.egg-info/dependency_links.txt
[1.082s] writing entry points to ../../build/px4_offboard/px4_offboard.egg-info/entry_points.txt
[1.082s] writing requirements to ../../build/px4_offboard/px4_offboard.egg-info/requires.txt
[1.082s] writing top-level names to ../../build/px4_offboard/px4_offboard.egg-info/top_level.txt
[1.084s] reading manifest file '../../build/px4_offboard/px4_offboard.egg-info/SOURCES.txt'
[1.084s] adding license file 'LICENSE'
[1.084s] writing manifest file '../../build/px4_offboard/px4_offboard.egg-info/SOURCES.txt'
[1.084s] running build
[1.084s] running build_py
[1.085s] running install
[1.085s] running install_lib
[1.086s] running install_data
[1.086s] running install_egg_info
[1.088s] removing '/home/klingjac/ws_offboard_control/install/px4_offboard/lib/python3.10/site-packages/px4_offboard-0.0.0-py3.10.egg-info' (and everything under it)
[1.088s] Copying ../../build/px4_offboard/px4_offboard.egg-info to /home/klingjac/ws_offboard_control/install/px4_offboard/lib/python3.10/site-packages/px4_offboard-0.0.0-py3.10.egg-info
[1.088s] running install_scripts
[1.104s] Installing offboard_control script to /home/klingjac/ws_offboard_control/install/px4_offboard/lib/px4_offboard
[1.105s] Installing visualizer script to /home/klingjac/ws_offboard_control/install/px4_offboard/lib/px4_offboard
[1.105s] writing list of installed files to '/home/klingjac/ws_offboard_control/build/px4_offboard/install.log'
[1.127s] Invoked command in '/home/klingjac/ws_offboard_control/src/px4_visualize' returned '0': CMAKE_PREFIX_PATH=/home/klingjac/ws_offboard_control/install/px4_msgs:/home/klingjac/ws_offboard_control/install/px4_ros_com LD_LIBRARY_PATH=/home/klingjac/ws_offboard_control/install/px4_msgs/lib:/home/klingjac/ws_offboard_control/install/px4_ros_com/lib:/opt/ros/humble/opt/rviz_ogre_vendor/lib:/opt/ros/humble/lib/x86_64-linux-gnu:/opt/ros/humble/lib PYTHONPATH=/home/klingjac/ws_offboard_control/build/px4_offboard/prefix_override:/home/klingjac/ws_offboard_control/install/px4_offboard/lib/python3.10/site-packages:${PYTHONPATH} /usr/bin/python3 setup.py egg_info --egg-base ../../build/px4_offboard build --build-base /home/klingjac/ws_offboard_control/build/px4_offboard/build install --record /home/klingjac/ws_offboard_control/build/px4_offboard/install.log --single-version-externally-managed
