[0.458s] DEBUG:colcon:Command line arguments: ['/usr/bin/colcon', 'build']
[0.458s] DEBUG:colcon:Parsed command line arguments: Namespace(log_base=None, log_level=None, verb_name='build', build_base='build', install_base='install', merge_install=False, symlink_install=False, test_result_base=None, continue_on_error=False, executor='parallel', parallel_workers=20, event_handlers=None, ignore_user_meta=False, metas=['./colcon.meta'], base_paths=['.'], packages_ignore=None, packages_ignore_regex=None, paths=None, packages_up_to=None, packages_up_to_regex=None, packages_above=None, packages_above_and_dependencies=None, packages_above_depth=None, packages_select_by_dep=None, packages_skip_by_dep=None, packages_skip_up_to=None, packages_select_build_failed=False, packages_skip_build_finished=False, packages_select_test_failures=False, packages_skip_test_passed=False, packages_select=None, packages_skip=None, packages_select_regex=None, packages_skip_regex=None, packages_start=None, packages_end=None, allow_overriding=[], cmake_args=None, cmake_target=None, cmake_target_skip_unavailable=False, cmake_clean_cache=False, cmake_clean_first=False, cmake_force_configure=False, ament_cmake_args=None, catkin_cmake_args=None, catkin_skip_building_tests=False, verb_parser=<colcon_defaults.argument_parser.defaults.DefaultArgumentsDecorator object at 0x7f4728aa46a0>, verb_extension=<colcon_core.verb.build.BuildVerb object at 0x7f47294969e0>, main=<bound method BuildVerb.main of <colcon_core.verb.build.BuildVerb object at 0x7f47294969e0>>)
[0.477s] Level 1:colcon.colcon_core.package_discovery:discover_packages(colcon_meta) check parameters
[0.477s] Level 1:colcon.colcon_core.package_discovery:discover_packages(recursive) check parameters
[0.477s] Level 1:colcon.colcon_core.package_discovery:discover_packages(ignore) check parameters
[0.477s] Level 1:colcon.colcon_core.package_discovery:discover_packages(path) check parameters
[0.477s] Level 1:colcon.colcon_core.package_discovery:discover_packages(colcon_meta) discover
[0.477s] Level 1:colcon.colcon_core.package_discovery:discover_packages(recursive) discover
[0.477s] INFO:colcon.colcon_core.package_discovery:Crawling recursively for packages in '/home/klingjac/ws_offboard_control'
[0.477s] Level 1:colcon.colcon_core.package_identification:_identify(.) by extensions ['ignore', 'ignore_ament_install']
[0.477s] Level 1:colcon.colcon_core.package_identification:_identify(.) by extension 'ignore'
[0.477s] Level 1:colcon.colcon_core.package_identification:_identify(.) by extension 'ignore_ament_install'
[0.478s] Level 1:colcon.colcon_core.package_identification:_identify(.) by extensions ['colcon_pkg']
[0.478s] Level 1:colcon.colcon_core.package_identification:_identify(.) by extension 'colcon_pkg'
[0.478s] Level 1:colcon.colcon_core.package_identification:_identify(.) by extensions ['colcon_meta']
[0.478s] Level 1:colcon.colcon_core.package_identification:_identify(.) by extension 'colcon_meta'
[0.478s] Level 1:colcon.colcon_core.package_identification:_identify(.) by extensions ['ros']
[0.478s] Level 1:colcon.colcon_core.package_identification:_identify(.) by extension 'ros'
[0.487s] Level 1:colcon.colcon_core.package_identification:_identify(.) by extensions ['cmake', 'python']
[0.487s] Level 1:colcon.colcon_core.package_identification:_identify(.) by extension 'cmake'
[0.487s] Level 1:colcon.colcon_core.package_identification:_identify(.) by extension 'python'
[0.487s] Level 1:colcon.colcon_core.package_identification:_identify(.) by extensions ['python_setup_py']
[0.487s] Level 1:colcon.colcon_core.package_identification:_identify(.) by extension 'python_setup_py'
[0.488s] Level 1:colcon.colcon_core.package_identification:_identify(build) by extensions ['ignore', 'ignore_ament_install']
[0.488s] Level 1:colcon.colcon_core.package_identification:_identify(build) by extension 'ignore'
[0.488s] Level 1:colcon.colcon_core.package_identification:_identify(build) ignored
[0.488s] Level 1:colcon.colcon_core.package_identification:_identify(install) by extensions ['ignore', 'ignore_ament_install']
[0.488s] Level 1:colcon.colcon_core.package_identification:_identify(install) by extension 'ignore'
[0.488s] Level 1:colcon.colcon_core.package_identification:_identify(install) ignored
[0.488s] Level 1:colcon.colcon_core.package_identification:_identify(log) by extensions ['ignore', 'ignore_ament_install']
[0.488s] Level 1:colcon.colcon_core.package_identification:_identify(log) by extension 'ignore'
[0.488s] Level 1:colcon.colcon_core.package_identification:_identify(log) ignored
[0.488s] Level 1:colcon.colcon_core.package_identification:_identify(src) by extensions ['ignore', 'ignore_ament_install']
[0.488s] Level 1:colcon.colcon_core.package_identification:_identify(src) by extension 'ignore'
[0.488s] Level 1:colcon.colcon_core.package_identification:_identify(src) by extension 'ignore_ament_install'
[0.488s] Level 1:colcon.colcon_core.package_identification:_identify(src) by extensions ['colcon_pkg']
[0.488s] Level 1:colcon.colcon_core.package_identification:_identify(src) by extension 'colcon_pkg'
[0.488s] Level 1:colcon.colcon_core.package_identification:_identify(src) by extensions ['colcon_meta']
[0.488s] Level 1:colcon.colcon_core.package_identification:_identify(src) by extension 'colcon_meta'
[0.488s] Level 1:colcon.colcon_core.package_identification:_identify(src) by extensions ['ros']
[0.488s] Level 1:colcon.colcon_core.package_identification:_identify(src) by extension 'ros'
[0.488s] Level 1:colcon.colcon_core.package_identification:_identify(src) by extensions ['cmake', 'python']
[0.488s] Level 1:colcon.colcon_core.package_identification:_identify(src) by extension 'cmake'
[0.488s] Level 1:colcon.colcon_core.package_identification:_identify(src) by extension 'python'
[0.488s] Level 1:colcon.colcon_core.package_identification:_identify(src) by extensions ['python_setup_py']
[0.488s] Level 1:colcon.colcon_core.package_identification:_identify(src) by extension 'python_setup_py'
[0.488s] Level 1:colcon.colcon_core.package_identification:_identify(src/build) by extensions ['ignore', 'ignore_ament_install']
[0.489s] Level 1:colcon.colcon_core.package_identification:_identify(src/build) by extension 'ignore'
[0.489s] Level 1:colcon.colcon_core.package_identification:_identify(src/build) ignored
[0.489s] Level 1:colcon.colcon_core.package_identification:_identify(src/install) by extensions ['ignore', 'ignore_ament_install']
[0.489s] Level 1:colcon.colcon_core.package_identification:_identify(src/install) by extension 'ignore'
[0.489s] Level 1:colcon.colcon_core.package_identification:_identify(src/install) ignored
[0.489s] Level 1:colcon.colcon_core.package_identification:_identify(src/log) by extensions ['ignore', 'ignore_ament_install']
[0.489s] Level 1:colcon.colcon_core.package_identification:_identify(src/log) by extension 'ignore'
[0.489s] Level 1:colcon.colcon_core.package_identification:_identify(src/log) ignored
[0.489s] Level 1:colcon.colcon_core.package_identification:_identify(src/px4_msgs) by extensions ['ignore', 'ignore_ament_install']
[0.489s] Level 1:colcon.colcon_core.package_identification:_identify(src/px4_msgs) by extension 'ignore'
[0.489s] Level 1:colcon.colcon_core.package_identification:_identify(src/px4_msgs) by extension 'ignore_ament_install'
[0.489s] Level 1:colcon.colcon_core.package_identification:_identify(src/px4_msgs) by extensions ['colcon_pkg']
[0.489s] Level 1:colcon.colcon_core.package_identification:_identify(src/px4_msgs) by extension 'colcon_pkg'
[0.489s] Level 1:colcon.colcon_core.package_identification:_identify(src/px4_msgs) by extensions ['colcon_meta']
[0.489s] Level 1:colcon.colcon_core.package_identification:_identify(src/px4_msgs) by extension 'colcon_meta'
[0.489s] Level 1:colcon.colcon_core.package_identification:_identify(src/px4_msgs) by extensions ['ros']
[0.489s] Level 1:colcon.colcon_core.package_identification:_identify(src/px4_msgs) by extension 'ros'
[0.491s] DEBUG:colcon.colcon_core.package_identification:Package 'src/px4_msgs' with type 'ros.ament_cmake' and name 'px4_msgs'
[0.491s] Level 1:colcon.colcon_core.package_identification:_identify(src/px4_ros_com) by extensions ['ignore', 'ignore_ament_install']
[0.491s] Level 1:colcon.colcon_core.package_identification:_identify(src/px4_ros_com) by extension 'ignore'
[0.492s] Level 1:colcon.colcon_core.package_identification:_identify(src/px4_ros_com) by extension 'ignore_ament_install'
[0.492s] Level 1:colcon.colcon_core.package_identification:_identify(src/px4_ros_com) by extensions ['colcon_pkg']
[0.492s] Level 1:colcon.colcon_core.package_identification:_identify(src/px4_ros_com) by extension 'colcon_pkg'
[0.492s] Level 1:colcon.colcon_core.package_identification:_identify(src/px4_ros_com) by extensions ['colcon_meta']
[0.492s] Level 1:colcon.colcon_core.package_identification:_identify(src/px4_ros_com) by extension 'colcon_meta'
[0.492s] Level 1:colcon.colcon_core.package_identification:_identify(src/px4_ros_com) by extensions ['ros']
[0.492s] Level 1:colcon.colcon_core.package_identification:_identify(src/px4_ros_com) by extension 'ros'
[0.493s] DEBUG:colcon.colcon_core.package_identification:Package 'src/px4_ros_com' with type 'ros.ament_cmake' and name 'px4_ros_com'
[0.493s] Level 1:colcon.colcon_core.package_identification:_identify(src/px4_visualize) by extensions ['ignore', 'ignore_ament_install']
[0.493s] Level 1:colcon.colcon_core.package_identification:_identify(src/px4_visualize) by extension 'ignore'
[0.493s] Level 1:colcon.colcon_core.package_identification:_identify(src/px4_visualize) by extension 'ignore_ament_install'
[0.493s] Level 1:colcon.colcon_core.package_identification:_identify(src/px4_visualize) by extensions ['colcon_pkg']
[0.493s] Level 1:colcon.colcon_core.package_identification:_identify(src/px4_visualize) by extension 'colcon_pkg'
[0.493s] Level 1:colcon.colcon_core.package_identification:_identify(src/px4_visualize) by extensions ['colcon_meta']
[0.493s] Level 1:colcon.colcon_core.package_identification:_identify(src/px4_visualize) by extension 'colcon_meta'
[0.493s] Level 1:colcon.colcon_core.package_identification:_identify(src/px4_visualize) by extensions ['ros']
[0.493s] Level 1:colcon.colcon_core.package_identification:_identify(src/px4_visualize) by extension 'ros'
[0.494s] DEBUG:colcon.colcon_core.package_identification:Package 'src/px4_visualize' with type 'ros.ament_python' and name 'px4_offboard'
[0.494s] Level 1:colcon.colcon_core.package_discovery:discover_packages(recursive) using defaults
[0.494s] Level 1:colcon.colcon_core.package_discovery:discover_packages(ignore) discover
[0.494s] Level 1:colcon.colcon_core.package_discovery:discover_packages(ignore) using defaults
[0.494s] Level 1:colcon.colcon_core.package_discovery:discover_packages(path) discover
[0.494s] Level 1:colcon.colcon_core.package_discovery:discover_packages(path) using defaults
[0.513s] Level 1:colcon.colcon_core.package_discovery:discover_packages(prefix_path) check parameters
[0.513s] Level 1:colcon.colcon_core.package_discovery:discover_packages(prefix_path) discover
[0.515s] DEBUG:colcon.colcon_installed_package_information.package_discovery:Found 3 installed packages in /home/klingjac/ws_offboard_control/install
[0.516s] DEBUG:colcon.colcon_installed_package_information.package_discovery:Found 270 installed packages in /opt/ros/humble
[0.517s] Level 1:colcon.colcon_core.package_discovery:discover_packages(prefix_path) using defaults
[0.563s] Level 5:colcon.colcon_core.verb:set package 'px4_msgs' build argument 'cmake_args' from command line to 'None'
[0.563s] Level 5:colcon.colcon_core.verb:set package 'px4_msgs' build argument 'cmake_target' from command line to 'None'
[0.564s] Level 5:colcon.colcon_core.verb:set package 'px4_msgs' build argument 'cmake_target_skip_unavailable' from command line to 'False'
[0.564s] Level 5:colcon.colcon_core.verb:set package 'px4_msgs' build argument 'cmake_clean_cache' from command line to 'False'
[0.564s] Level 5:colcon.colcon_core.verb:set package 'px4_msgs' build argument 'cmake_clean_first' from command line to 'False'
[0.564s] Level 5:colcon.colcon_core.verb:set package 'px4_msgs' build argument 'cmake_force_configure' from command line to 'False'
[0.564s] Level 5:colcon.colcon_core.verb:set package 'px4_msgs' build argument 'ament_cmake_args' from command line to 'None'
[0.564s] Level 5:colcon.colcon_core.verb:set package 'px4_msgs' build argument 'catkin_cmake_args' from command line to 'None'
[0.564s] Level 5:colcon.colcon_core.verb:set package 'px4_msgs' build argument 'catkin_skip_building_tests' from command line to 'False'
[0.564s] DEBUG:colcon.colcon_core.verb:Building package 'px4_msgs' with the following arguments: {'ament_cmake_args': None, 'build_base': '/home/klingjac/ws_offboard_control/build/px4_msgs', 'catkin_cmake_args': None, 'catkin_skip_building_tests': False, 'cmake_args': None, 'cmake_clean_cache': False, 'cmake_clean_first': False, 'cmake_force_configure': False, 'cmake_target': None, 'cmake_target_skip_unavailable': False, 'install_base': '/home/klingjac/ws_offboard_control/install/px4_msgs', 'merge_install': False, 'path': '/home/klingjac/ws_offboard_control/src/px4_msgs', 'symlink_install': False, 'test_result_base': None}
[0.564s] Level 5:colcon.colcon_core.verb:set package 'px4_offboard' build argument 'cmake_args' from command line to 'None'
[0.565s] Level 5:colcon.colcon_core.verb:set package 'px4_offboard' build argument 'cmake_target' from command line to 'None'
[0.565s] Level 5:colcon.colcon_core.verb:set package 'px4_offboard' build argument 'cmake_target_skip_unavailable' from command line to 'False'
[0.565s] Level 5:colcon.colcon_core.verb:set package 'px4_offboard' build argument 'cmake_clean_cache' from command line to 'False'
[0.565s] Level 5:colcon.colcon_core.verb:set package 'px4_offboard' build argument 'cmake_clean_first' from command line to 'False'
[0.566s] Level 5:colcon.colcon_core.verb:set package 'px4_offboard' build argument 'cmake_force_configure' from command line to 'False'
[0.566s] Level 5:colcon.colcon_core.verb:set package 'px4_offboard' build argument 'ament_cmake_args' from command line to 'None'
[0.566s] Level 5:colcon.colcon_core.verb:set package 'px4_offboard' build argument 'catkin_cmake_args' from command line to 'None'
[0.566s] Level 5:colcon.colcon_core.verb:set package 'px4_offboard' build argument 'catkin_skip_building_tests' from command line to 'False'
[0.566s] DEBUG:colcon.colcon_core.verb:Building package 'px4_offboard' with the following arguments: {'ament_cmake_args': None, 'build_base': '/home/klingjac/ws_offboard_control/build/px4_offboard', 'catkin_cmake_args': None, 'catkin_skip_building_tests': False, 'cmake_args': None, 'cmake_clean_cache': False, 'cmake_clean_first': False, 'cmake_force_configure': False, 'cmake_target': None, 'cmake_target_skip_unavailable': False, 'install_base': '/home/klingjac/ws_offboard_control/install/px4_offboard', 'merge_install': False, 'path': '/home/klingjac/ws_offboard_control/src/px4_visualize', 'symlink_install': False, 'test_result_base': None}
[0.567s] Level 5:colcon.colcon_core.verb:set package 'px4_ros_com' build argument 'cmake_args' from command line to 'None'
[0.567s] Level 5:colcon.colcon_core.verb:set package 'px4_ros_com' build argument 'cmake_target' from command line to 'None'
[0.567s] Level 5:colcon.colcon_core.verb:set package 'px4_ros_com' build argument 'cmake_target_skip_unavailable' from command line to 'False'
[0.567s] Level 5:colcon.colcon_core.verb:set package 'px4_ros_com' build argument 'cmake_clean_cache' from command line to 'False'
[0.568s] Level 5:colcon.colcon_core.verb:set package 'px4_ros_com' build argument 'cmake_clean_first' from command line to 'False'
[0.568s] Level 5:colcon.colcon_core.verb:set package 'px4_ros_com' build argument 'cmake_force_configure' from command line to 'False'
[0.568s] Level 5:colcon.colcon_core.verb:set package 'px4_ros_com' build argument 'ament_cmake_args' from command line to 'None'
[0.568s] Level 5:colcon.colcon_core.verb:set package 'px4_ros_com' build argument 'catkin_cmake_args' from command line to 'None'
[0.568s] Level 5:colcon.colcon_core.verb:set package 'px4_ros_com' build argument 'catkin_skip_building_tests' from command line to 'False'
[0.568s] DEBUG:colcon.colcon_core.verb:Building package 'px4_ros_com' with the following arguments: {'ament_cmake_args': None, 'build_base': '/home/klingjac/ws_offboard_control/build/px4_ros_com', 'catkin_cmake_args': None, 'catkin_skip_building_tests': False, 'cmake_args': None, 'cmake_clean_cache': False, 'cmake_clean_first': False, 'cmake_force_configure': False, 'cmake_target': None, 'cmake_target_skip_unavailable': False, 'install_base': '/home/klingjac/ws_offboard_control/install/px4_ros_com', 'merge_install': False, 'path': '/home/klingjac/ws_offboard_control/src/px4_ros_com', 'symlink_install': False, 'test_result_base': None}
[0.569s] INFO:colcon.colcon_core.executor:Executing jobs using 'parallel' executor
[0.573s] DEBUG:colcon.colcon_parallel_executor.executor.parallel:run_until_complete
[0.573s] INFO:colcon.colcon_ros.task.ament_cmake.build:Building ROS package in '/home/klingjac/ws_offboard_control/src/px4_msgs' with build type 'ament_cmake'
[0.573s] INFO:colcon.colcon_cmake.task.cmake.build:Building CMake package in '/home/klingjac/ws_offboard_control/src/px4_msgs'
[0.577s] INFO:colcon.colcon_core.plugin_system:Skipping extension 'colcon_core.shell.bat': Not used on non-Windows systems
[0.578s] INFO:colcon.colcon_core.shell:Skip shell extension 'powershell' for command environment: Not usable outside of PowerShell
[0.578s] DEBUG:colcon.colcon_core.shell:Skip shell extension 'dsv' for command environment
[0.588s] DEBUG:colcon.colcon_core.event_handler.log_command:Invoking command in '/home/klingjac/ws_offboard_control/build/px4_msgs': CMAKE_PREFIX_PATH=${CMAKE_PREFIX_PATH}:/home/klingjac/ws_offboard_control/install/px4_offboard:/opt/ros/humble /usr/bin/cmake --build /home/klingjac/ws_offboard_control/build/px4_msgs -- -j20 -l20
[1.322s] DEBUG:colcon.colcon_core.event_handler.log_command:Invoked command in '/home/klingjac/ws_offboard_control/build/px4_msgs' returned '0': CMAKE_PREFIX_PATH=${CMAKE_PREFIX_PATH}:/home/klingjac/ws_offboard_control/install/px4_offboard:/opt/ros/humble /usr/bin/cmake --build /home/klingjac/ws_offboard_control/build/px4_msgs -- -j20 -l20
[4.415s] DEBUG:colcon.colcon_core.event_handler.log_command:Invoking command in '/home/klingjac/ws_offboard_control/build/px4_msgs': CMAKE_PREFIX_PATH=${CMAKE_PREFIX_PATH}:/home/klingjac/ws_offboard_control/install/px4_offboard:/opt/ros/humble /usr/bin/cmake --install /home/klingjac/ws_offboard_control/build/px4_msgs
[4.744s] Level 1:colcon.colcon_core.environment:create_environment_scripts_only(px4_msgs)
[4.779s] Level 1:colcon.colcon_core.environment:checking '/home/klingjac/ws_offboard_control/install/px4_msgs' for CMake module files
[4.784s] Level 1:colcon.colcon_core.environment:checking '/home/klingjac/ws_offboard_control/install/px4_msgs' for CMake config files
[4.800s] Level 1:colcon.colcon_core.shell:create_environment_hook('px4_msgs', 'cmake_prefix_path')
[4.802s] INFO:colcon.colcon_core.shell:Creating environment hook '/home/klingjac/ws_offboard_control/install/px4_msgs/share/px4_msgs/hook/cmake_prefix_path.ps1'
[4.807s] INFO:colcon.colcon_core.shell:Creating environment descriptor '/home/klingjac/ws_offboard_control/install/px4_msgs/share/px4_msgs/hook/cmake_prefix_path.dsv'
[4.817s] INFO:colcon.colcon_core.shell:Creating environment hook '/home/klingjac/ws_offboard_control/install/px4_msgs/share/px4_msgs/hook/cmake_prefix_path.sh'
[4.821s] Level 1:colcon.colcon_core.environment:checking '/home/klingjac/ws_offboard_control/install/px4_msgs/lib'
[4.827s] Level 1:colcon.colcon_core.shell:create_environment_hook('px4_msgs', 'ld_library_path_lib')
[4.828s] INFO:colcon.colcon_core.shell:Creating environment hook '/home/klingjac/ws_offboard_control/install/px4_msgs/share/px4_msgs/hook/ld_library_path_lib.ps1'
[4.829s] INFO:colcon.colcon_core.shell:Creating environment descriptor '/home/klingjac/ws_offboard_control/install/px4_msgs/share/px4_msgs/hook/ld_library_path_lib.dsv'
[4.830s] INFO:colcon.colcon_core.shell:Creating environment hook '/home/klingjac/ws_offboard_control/install/px4_msgs/share/px4_msgs/hook/ld_library_path_lib.sh'
[4.831s] DEBUG:colcon.colcon_core.event_handler.log_command:Invoked command in '/home/klingjac/ws_offboard_control/build/px4_msgs' returned '0': CMAKE_PREFIX_PATH=${CMAKE_PREFIX_PATH}:/home/klingjac/ws_offboard_control/install/px4_offboard:/opt/ros/humble /usr/bin/cmake --install /home/klingjac/ws_offboard_control/build/px4_msgs
[4.831s] Level 1:colcon.colcon_core.environment:checking '/home/klingjac/ws_offboard_control/install/px4_msgs/bin'
[4.831s] Level 1:colcon.colcon_core.environment:checking '/home/klingjac/ws_offboard_control/install/px4_msgs/lib/pkgconfig/px4_msgs.pc'
[4.832s] Level 1:colcon.colcon_core.environment:checking '/home/klingjac/ws_offboard_control/install/px4_msgs/lib/python3.10/site-packages'
[4.832s] Level 1:colcon.colcon_core.environment:checking '/home/klingjac/ws_offboard_control/install/px4_msgs/bin'
[4.833s] INFO:colcon.colcon_core.shell:Creating package script '/home/klingjac/ws_offboard_control/install/px4_msgs/share/px4_msgs/package.ps1'
[4.833s] INFO:colcon.colcon_core.shell:Creating package descriptor '/home/klingjac/ws_offboard_control/install/px4_msgs/share/px4_msgs/package.dsv'
[4.834s] INFO:colcon.colcon_core.shell:Creating package script '/home/klingjac/ws_offboard_control/install/px4_msgs/share/px4_msgs/package.sh'
[4.834s] INFO:colcon.colcon_core.shell:Creating package script '/home/klingjac/ws_offboard_control/install/px4_msgs/share/px4_msgs/package.bash'
[4.835s] INFO:colcon.colcon_core.shell:Creating package script '/home/klingjac/ws_offboard_control/install/px4_msgs/share/px4_msgs/package.zsh'
[4.835s] Level 1:colcon.colcon_core.environment:create_file_with_runtime_dependencies(/home/klingjac/ws_offboard_control/install/px4_msgs/share/colcon-core/packages/px4_msgs)
[8.005s] Level 1:colcon.colcon_core.environment:create_environment_scripts_only(px4_msgs)
[8.008s] Level 1:colcon.colcon_core.environment:checking '/home/klingjac/ws_offboard_control/install/px4_msgs' for CMake module files
[8.009s] Level 1:colcon.colcon_core.environment:checking '/home/klingjac/ws_offboard_control/install/px4_msgs' for CMake config files
[8.009s] Level 1:colcon.colcon_core.shell:create_environment_hook('px4_msgs', 'cmake_prefix_path')
[8.010s] INFO:colcon.colcon_core.shell:Creating environment hook '/home/klingjac/ws_offboard_control/install/px4_msgs/share/px4_msgs/hook/cmake_prefix_path.ps1'
[8.010s] INFO:colcon.colcon_core.shell:Creating environment descriptor '/home/klingjac/ws_offboard_control/install/px4_msgs/share/px4_msgs/hook/cmake_prefix_path.dsv'
[8.011s] INFO:colcon.colcon_core.shell:Creating environment hook '/home/klingjac/ws_offboard_control/install/px4_msgs/share/px4_msgs/hook/cmake_prefix_path.sh'
[8.011s] Level 1:colcon.colcon_core.environment:checking '/home/klingjac/ws_offboard_control/install/px4_msgs/lib'
[8.011s] Level 1:colcon.colcon_core.shell:create_environment_hook('px4_msgs', 'ld_library_path_lib')
[8.012s] INFO:colcon.colcon_core.shell:Creating environment hook '/home/klingjac/ws_offboard_control/install/px4_msgs/share/px4_msgs/hook/ld_library_path_lib.ps1'
[8.012s] INFO:colcon.colcon_core.shell:Creating environment descriptor '/home/klingjac/ws_offboard_control/install/px4_msgs/share/px4_msgs/hook/ld_library_path_lib.dsv'
[8.012s] INFO:colcon.colcon_core.shell:Creating environment hook '/home/klingjac/ws_offboard_control/install/px4_msgs/share/px4_msgs/hook/ld_library_path_lib.sh'
[8.013s] Level 1:colcon.colcon_core.environment:checking '/home/klingjac/ws_offboard_control/install/px4_msgs/bin'
[8.013s] Level 1:colcon.colcon_core.environment:checking '/home/klingjac/ws_offboard_control/install/px4_msgs/lib/pkgconfig/px4_msgs.pc'
[8.013s] Level 1:colcon.colcon_core.environment:checking '/home/klingjac/ws_offboard_control/install/px4_msgs/lib/python3.10/site-packages'
[8.013s] Level 1:colcon.colcon_core.environment:checking '/home/klingjac/ws_offboard_control/install/px4_msgs/bin'
[8.014s] INFO:colcon.colcon_core.shell:Creating package script '/home/klingjac/ws_offboard_control/install/px4_msgs/share/px4_msgs/package.ps1'
[8.014s] INFO:colcon.colcon_core.shell:Creating package descriptor '/home/klingjac/ws_offboard_control/install/px4_msgs/share/px4_msgs/package.dsv'
[8.015s] INFO:colcon.colcon_core.shell:Creating package script '/home/klingjac/ws_offboard_control/install/px4_msgs/share/px4_msgs/package.sh'
[8.015s] INFO:colcon.colcon_core.shell:Creating package script '/home/klingjac/ws_offboard_control/install/px4_msgs/share/px4_msgs/package.bash'
[8.015s] INFO:colcon.colcon_core.shell:Creating package script '/home/klingjac/ws_offboard_control/install/px4_msgs/share/px4_msgs/package.zsh'
[8.016s] Level 1:colcon.colcon_core.environment:create_file_with_runtime_dependencies(/home/klingjac/ws_offboard_control/install/px4_msgs/share/colcon-core/packages/px4_msgs)
[8.016s] INFO:colcon.colcon_ros.task.ament_python.build:Building ROS package in '/home/klingjac/ws_offboard_control/src/px4_visualize' with build type 'ament_python'
[8.016s] Level 1:colcon.colcon_core.shell:create_environment_hook('px4_offboard', 'ament_prefix_path')
[8.017s] INFO:colcon.colcon_core.shell:Creating environment hook '/home/klingjac/ws_offboard_control/install/px4_offboard/share/px4_offboard/hook/ament_prefix_path.ps1'
[8.018s] INFO:colcon.colcon_core.shell:Creating environment descriptor '/home/klingjac/ws_offboard_control/install/px4_offboard/share/px4_offboard/hook/ament_prefix_path.dsv'
[8.019s] INFO:colcon.colcon_core.shell:Creating environment hook '/home/klingjac/ws_offboard_control/install/px4_offboard/share/px4_offboard/hook/ament_prefix_path.sh'
[8.020s] INFO:colcon.colcon_core.shell:Skip shell extension 'powershell' for command environment: Not usable outside of PowerShell
[8.020s] DEBUG:colcon.colcon_core.shell:Skip shell extension 'dsv' for command environment
[8.023s] INFO:colcon.colcon_ros.task.ament_cmake.build:Building ROS package in '/home/klingjac/ws_offboard_control/src/px4_ros_com' with build type 'ament_cmake'
[8.024s] INFO:colcon.colcon_cmake.task.cmake.build:Building CMake package in '/home/klingjac/ws_offboard_control/src/px4_ros_com'
[8.025s] INFO:colcon.colcon_core.shell:Skip shell extension 'powershell' for command environment: Not usable outside of PowerShell
[8.026s] DEBUG:colcon.colcon_core.shell:Skip shell extension 'dsv' for command environment
[8.131s] DEBUG:colcon.colcon_core.event_handler.log_command:Invoking command in '/home/klingjac/ws_offboard_control/build/px4_ros_com': CMAKE_PREFIX_PATH=/home/klingjac/ws_offboard_control/install/px4_msgs:/home/klingjac/ws_offboard_control/install/px4_ros_com:/home/klingjac/ws_offboard_control/install/px4_offboard:/opt/ros/humble LD_LIBRARY_PATH=/home/klingjac/ws_offboard_control/install/px4_msgs/lib:/home/klingjac/ws_offboard_control/install/px4_ros_com/lib:/opt/ros/humble/opt/rviz_ogre_vendor/lib:/opt/ros/humble/lib/x86_64-linux-gnu:/opt/ros/humble/lib /usr/bin/cmake --build /home/klingjac/ws_offboard_control/build/px4_ros_com -- -j20 -l20
[8.385s] INFO:colcon.colcon_core.task.python.build:Building Python package in '/home/klingjac/ws_offboard_control/src/px4_visualize'
[8.386s] INFO:colcon.colcon_core.shell:Skip shell extension 'powershell' for command environment: Not usable outside of PowerShell
[8.386s] DEBUG:colcon.colcon_core.shell:Skip shell extension 'dsv' for command environment
[8.988s] DEBUG:colcon.colcon_core.event_handler.log_command:Invoking command in '/home/klingjac/ws_offboard_control/src/px4_visualize': CMAKE_PREFIX_PATH=/home/klingjac/ws_offboard_control/install/px4_msgs:/home/klingjac/ws_offboard_control/install/px4_ros_com LD_LIBRARY_PATH=/home/klingjac/ws_offboard_control/install/px4_msgs/lib:/home/klingjac/ws_offboard_control/install/px4_ros_com/lib:/opt/ros/humble/opt/rviz_ogre_vendor/lib:/opt/ros/humble/lib/x86_64-linux-gnu:/opt/ros/humble/lib PYTHONPATH=/home/klingjac/ws_offboard_control/build/px4_offboard/prefix_override:/home/klingjac/ws_offboard_control/install/px4_offboard/lib/python3.10/site-packages:${PYTHONPATH} /usr/bin/python3 setup.py egg_info --egg-base ../../build/px4_offboard build --build-base /home/klingjac/ws_offboard_control/build/px4_offboard/build install --record /home/klingjac/ws_offboard_control/build/px4_offboard/install.log --single-version-externally-managed
[9.303s] Level 1:colcon.colcon_core.environment:checking '/home/klingjac/ws_offboard_control/install/px4_offboard' for CMake module files
[9.304s] DEBUG:colcon.colcon_core.event_handler.log_command:Invoked command in '/home/klingjac/ws_offboard_control/src/px4_visualize' returned '0': CMAKE_PREFIX_PATH=/home/klingjac/ws_offboard_control/install/px4_msgs:/home/klingjac/ws_offboard_control/install/px4_ros_com LD_LIBRARY_PATH=/home/klingjac/ws_offboard_control/install/px4_msgs/lib:/home/klingjac/ws_offboard_control/install/px4_ros_com/lib:/opt/ros/humble/opt/rviz_ogre_vendor/lib:/opt/ros/humble/lib/x86_64-linux-gnu:/opt/ros/humble/lib PYTHONPATH=/home/klingjac/ws_offboard_control/build/px4_offboard/prefix_override:/home/klingjac/ws_offboard_control/install/px4_offboard/lib/python3.10/site-packages:${PYTHONPATH} /usr/bin/python3 setup.py egg_info --egg-base ../../build/px4_offboard build --build-base /home/klingjac/ws_offboard_control/build/px4_offboard/build install --record /home/klingjac/ws_offboard_control/build/px4_offboard/install.log --single-version-externally-managed
[9.304s] Level 1:colcon.colcon_core.environment:checking '/home/klingjac/ws_offboard_control/install/px4_offboard' for CMake config files
[9.304s] Level 1:colcon.colcon_core.environment:checking '/home/klingjac/ws_offboard_control/install/px4_offboard/lib'
[9.304s] Level 1:colcon.colcon_core.environment:checking '/home/klingjac/ws_offboard_control/install/px4_offboard/bin'
[9.304s] Level 1:colcon.colcon_core.environment:checking '/home/klingjac/ws_offboard_control/install/px4_offboard/lib/pkgconfig/px4_offboard.pc'
[9.305s] Level 1:colcon.colcon_core.environment:checking '/home/klingjac/ws_offboard_control/install/px4_offboard/lib/python3.10/site-packages'
[9.305s] Level 1:colcon.colcon_core.shell:create_environment_hook('px4_offboard', 'pythonpath')
[9.306s] INFO:colcon.colcon_core.shell:Creating environment hook '/home/klingjac/ws_offboard_control/install/px4_offboard/share/px4_offboard/hook/pythonpath.ps1'
[9.306s] INFO:colcon.colcon_core.shell:Creating environment descriptor '/home/klingjac/ws_offboard_control/install/px4_offboard/share/px4_offboard/hook/pythonpath.dsv'
[9.306s] INFO:colcon.colcon_core.shell:Creating environment hook '/home/klingjac/ws_offboard_control/install/px4_offboard/share/px4_offboard/hook/pythonpath.sh'
[9.306s] Level 1:colcon.colcon_core.environment:checking '/home/klingjac/ws_offboard_control/install/px4_offboard/bin'
[9.306s] Level 1:colcon.colcon_core.environment:create_environment_scripts_only(px4_offboard)
[9.307s] INFO:colcon.colcon_core.shell:Creating package script '/home/klingjac/ws_offboard_control/install/px4_offboard/share/px4_offboard/package.ps1'
[9.308s] INFO:colcon.colcon_core.shell:Creating package descriptor '/home/klingjac/ws_offboard_control/install/px4_offboard/share/px4_offboard/package.dsv'
[9.308s] INFO:colcon.colcon_core.shell:Creating package script '/home/klingjac/ws_offboard_control/install/px4_offboard/share/px4_offboard/package.sh'
[9.308s] INFO:colcon.colcon_core.shell:Creating package script '/home/klingjac/ws_offboard_control/install/px4_offboard/share/px4_offboard/package.bash'
[9.308s] INFO:colcon.colcon_core.shell:Creating package script '/home/klingjac/ws_offboard_control/install/px4_offboard/share/px4_offboard/package.zsh'
[9.309s] Level 1:colcon.colcon_core.environment:create_file_with_runtime_dependencies(/home/klingjac/ws_offboard_control/install/px4_offboard/share/colcon-core/packages/px4_offboard)
[13.701s] DEBUG:colcon.colcon_core.event_handler.log_command:Invoked command in '/home/klingjac/ws_offboard_control/build/px4_ros_com' returned '0': CMAKE_PREFIX_PATH=/home/klingjac/ws_offboard_control/install/px4_msgs:/home/klingjac/ws_offboard_control/install/px4_ros_com:/home/klingjac/ws_offboard_control/install/px4_offboard:/opt/ros/humble LD_LIBRARY_PATH=/home/klingjac/ws_offboard_control/install/px4_msgs/lib:/home/klingjac/ws_offboard_control/install/px4_ros_com/lib:/opt/ros/humble/opt/rviz_ogre_vendor/lib:/opt/ros/humble/lib/x86_64-linux-gnu:/opt/ros/humble/lib /usr/bin/cmake --build /home/klingjac/ws_offboard_control/build/px4_ros_com -- -j20 -l20
[13.742s] DEBUG:colcon.colcon_core.event_handler.log_command:Invoking command in '/home/klingjac/ws_offboard_control/build/px4_ros_com': CMAKE_PREFIX_PATH=/home/klingjac/ws_offboard_control/install/px4_msgs:/home/klingjac/ws_offboard_control/install/px4_ros_com:/home/klingjac/ws_offboard_control/install/px4_offboard:/opt/ros/humble LD_LIBRARY_PATH=/home/klingjac/ws_offboard_control/install/px4_msgs/lib:/home/klingjac/ws_offboard_control/install/px4_ros_com/lib:/opt/ros/humble/opt/rviz_ogre_vendor/lib:/opt/ros/humble/lib/x86_64-linux-gnu:/opt/ros/humble/lib /usr/bin/cmake --install /home/klingjac/ws_offboard_control/build/px4_ros_com
[13.761s] Level 1:colcon.colcon_core.environment:create_environment_scripts_only(px4_ros_com)
[13.763s] Level 1:colcon.colcon_core.environment:checking '/home/klingjac/ws_offboard_control/install/px4_ros_com' for CMake module files
[13.764s] DEBUG:colcon.colcon_core.event_handler.log_command:Invoked command in '/home/klingjac/ws_offboard_control/build/px4_ros_com' returned '0': CMAKE_PREFIX_PATH=/home/klingjac/ws_offboard_control/install/px4_msgs:/home/klingjac/ws_offboard_control/install/px4_ros_com:/home/klingjac/ws_offboard_control/install/px4_offboard:/opt/ros/humble LD_LIBRARY_PATH=/home/klingjac/ws_offboard_control/install/px4_msgs/lib:/home/klingjac/ws_offboard_control/install/px4_ros_com/lib:/opt/ros/humble/opt/rviz_ogre_vendor/lib:/opt/ros/humble/lib/x86_64-linux-gnu:/opt/ros/humble/lib /usr/bin/cmake --install /home/klingjac/ws_offboard_control/build/px4_ros_com
[13.765s] Level 1:colcon.colcon_core.environment:checking '/home/klingjac/ws_offboard_control/install/px4_ros_com' for CMake config files
[13.766s] Level 1:colcon.colcon_core.shell:create_environment_hook('px4_ros_com', 'cmake_prefix_path')
[13.774s] INFO:colcon.colcon_core.shell:Creating environment hook '/home/klingjac/ws_offboard_control/install/px4_ros_com/share/px4_ros_com/hook/cmake_prefix_path.ps1'
[13.775s] INFO:colcon.colcon_core.shell:Creating environment descriptor '/home/klingjac/ws_offboard_control/install/px4_ros_com/share/px4_ros_com/hook/cmake_prefix_path.dsv'
[13.775s] INFO:colcon.colcon_core.shell:Creating environment hook '/home/klingjac/ws_offboard_control/install/px4_ros_com/share/px4_ros_com/hook/cmake_prefix_path.sh'
[13.776s] Level 1:colcon.colcon_core.environment:checking '/home/klingjac/ws_offboard_control/install/px4_ros_com/lib'
[13.776s] Level 1:colcon.colcon_core.shell:create_environment_hook('px4_ros_com', 'ld_library_path_lib')
[13.780s] INFO:colcon.colcon_core.shell:Creating environment hook '/home/klingjac/ws_offboard_control/install/px4_ros_com/share/px4_ros_com/hook/ld_library_path_lib.ps1'
[13.781s] INFO:colcon.colcon_core.shell:Creating environment descriptor '/home/klingjac/ws_offboard_control/install/px4_ros_com/share/px4_ros_com/hook/ld_library_path_lib.dsv'
[13.781s] INFO:colcon.colcon_core.shell:Creating environment hook '/home/klingjac/ws_offboard_control/install/px4_ros_com/share/px4_ros_com/hook/ld_library_path_lib.sh'
[13.782s] Level 1:colcon.colcon_core.environment:checking '/home/klingjac/ws_offboard_control/install/px4_ros_com/bin'
[13.782s] Level 1:colcon.colcon_core.environment:checking '/home/klingjac/ws_offboard_control/install/px4_ros_com/lib/pkgconfig/px4_ros_com.pc'
[13.782s] Level 1:colcon.colcon_core.environment:checking '/home/klingjac/ws_offboard_control/install/px4_ros_com/lib/python3.10/site-packages'
[13.783s] Level 1:colcon.colcon_core.environment:checking '/home/klingjac/ws_offboard_control/install/px4_ros_com/bin'
[13.785s] INFO:colcon.colcon_core.shell:Creating package script '/home/klingjac/ws_offboard_control/install/px4_ros_com/share/px4_ros_com/package.ps1'
[13.786s] INFO:colcon.colcon_core.shell:Creating package descriptor '/home/klingjac/ws_offboard_control/install/px4_ros_com/share/px4_ros_com/package.dsv'
[13.787s] INFO:colcon.colcon_core.shell:Creating package script '/home/klingjac/ws_offboard_control/install/px4_ros_com/share/px4_ros_com/package.sh'
[13.787s] INFO:colcon.colcon_core.shell:Creating package script '/home/klingjac/ws_offboard_control/install/px4_ros_com/share/px4_ros_com/package.bash'
[13.788s] INFO:colcon.colcon_core.shell:Creating package script '/home/klingjac/ws_offboard_control/install/px4_ros_com/share/px4_ros_com/package.zsh'
[13.789s] Level 1:colcon.colcon_core.environment:create_file_with_runtime_dependencies(/home/klingjac/ws_offboard_control/install/px4_ros_com/share/colcon-core/packages/px4_ros_com)
[13.829s] Level 1:colcon.colcon_core.environment:create_environment_scripts_only(px4_ros_com)
[13.831s] Level 1:colcon.colcon_core.environment:checking '/home/klingjac/ws_offboard_control/install/px4_ros_com' for CMake module files
[13.832s] Level 1:colcon.colcon_core.environment:checking '/home/klingjac/ws_offboard_control/install/px4_ros_com' for CMake config files
[13.832s] Level 1:colcon.colcon_core.shell:create_environment_hook('px4_ros_com', 'cmake_prefix_path')
[13.834s] INFO:colcon.colcon_core.shell:Creating environment hook '/home/klingjac/ws_offboard_control/install/px4_ros_com/share/px4_ros_com/hook/cmake_prefix_path.ps1'
[13.834s] INFO:colcon.colcon_core.shell:Creating environment descriptor '/home/klingjac/ws_offboard_control/install/px4_ros_com/share/px4_ros_com/hook/cmake_prefix_path.dsv'
[13.834s] INFO:colcon.colcon_core.shell:Creating environment hook '/home/klingjac/ws_offboard_control/install/px4_ros_com/share/px4_ros_com/hook/cmake_prefix_path.sh'
[13.835s] Level 1:colcon.colcon_core.environment:checking '/home/klingjac/ws_offboard_control/install/px4_ros_com/lib'
[13.835s] Level 1:colcon.colcon_core.shell:create_environment_hook('px4_ros_com', 'ld_library_path_lib')
[13.836s] INFO:colcon.colcon_core.shell:Creating environment hook '/home/klingjac/ws_offboard_control/install/px4_ros_com/share/px4_ros_com/hook/ld_library_path_lib.ps1'
[13.836s] INFO:colcon.colcon_core.shell:Creating environment descriptor '/home/klingjac/ws_offboard_control/install/px4_ros_com/share/px4_ros_com/hook/ld_library_path_lib.dsv'
[13.837s] INFO:colcon.colcon_core.shell:Creating environment hook '/home/klingjac/ws_offboard_control/install/px4_ros_com/share/px4_ros_com/hook/ld_library_path_lib.sh'
[13.837s] Level 1:colcon.colcon_core.environment:checking '/home/klingjac/ws_offboard_control/install/px4_ros_com/bin'
[13.837s] Level 1:colcon.colcon_core.environment:checking '/home/klingjac/ws_offboard_control/install/px4_ros_com/lib/pkgconfig/px4_ros_com.pc'
[13.838s] Level 1:colcon.colcon_core.environment:checking '/home/klingjac/ws_offboard_control/install/px4_ros_com/lib/python3.10/site-packages'
[13.838s] Level 1:colcon.colcon_core.environment:checking '/home/klingjac/ws_offboard_control/install/px4_ros_com/bin'
[13.839s] INFO:colcon.colcon_core.shell:Creating package script '/home/klingjac/ws_offboard_control/install/px4_ros_com/share/px4_ros_com/package.ps1'
[13.840s] INFO:colcon.colcon_core.shell:Creating package descriptor '/home/klingjac/ws_offboard_control/install/px4_ros_com/share/px4_ros_com/package.dsv'
[13.840s] INFO:colcon.colcon_core.shell:Creating package script '/home/klingjac/ws_offboard_control/install/px4_ros_com/share/px4_ros_com/package.sh'
[13.841s] INFO:colcon.colcon_core.shell:Creating package script '/home/klingjac/ws_offboard_control/install/px4_ros_com/share/px4_ros_com/package.bash'
[13.841s] INFO:colcon.colcon_core.shell:Creating package script '/home/klingjac/ws_offboard_control/install/px4_ros_com/share/px4_ros_com/package.zsh'
[13.841s] Level 1:colcon.colcon_core.environment:create_file_with_runtime_dependencies(/home/klingjac/ws_offboard_control/install/px4_ros_com/share/colcon-core/packages/px4_ros_com)
[13.841s] DEBUG:colcon.colcon_parallel_executor.executor.parallel:closing loop
[13.842s] DEBUG:colcon.colcon_parallel_executor.executor.parallel:loop closed
[13.842s] DEBUG:colcon.colcon_parallel_executor.executor.parallel:run_until_complete finished with '0'
[13.842s] DEBUG:colcon.colcon_core.event_reactor:joining thread
[13.945s] INFO:colcon.colcon_core.plugin_system:Skipping extension 'colcon_notification.desktop_notification.notify_send': Could not find 'notify-send'
[13.945s] INFO:colcon.colcon_core.plugin_system:Skipping extension 'colcon_notification.desktop_notification.terminal_notifier': Not used on non-Darwin systems
[13.945s] INFO:colcon.colcon_core.plugin_system:Skipping extension 'colcon_notification.desktop_notification.win32': Not used on non-Windows systems
[13.945s] INFO:colcon.colcon_notification.desktop_notification:Sending desktop notification using 'notify2'
[13.945s] DEBUG:colcon.colcon_notification.desktop_notification.notify2:Failed to initialize notify2: org.freedesktop.DBus.Error.FileNotFound: Failed to connect to socket /run/user/1000/bus: No such file or directory
[13.946s] DEBUG:colcon.colcon_core.event_reactor:joined thread
[13.948s] INFO:colcon.colcon_core.shell:Creating prefix script '/home/klingjac/ws_offboard_control/install/local_setup.ps1'
[13.949s] INFO:colcon.colcon_core.shell:Creating prefix util module '/home/klingjac/ws_offboard_control/install/_local_setup_util_ps1.py'
[13.951s] INFO:colcon.colcon_core.shell:Creating prefix chain script '/home/klingjac/ws_offboard_control/install/setup.ps1'
[13.955s] INFO:colcon.colcon_core.shell:Creating prefix script '/home/klingjac/ws_offboard_control/install/local_setup.sh'
[13.956s] INFO:colcon.colcon_core.shell:Creating prefix util module '/home/klingjac/ws_offboard_control/install/_local_setup_util_sh.py'
[13.956s] INFO:colcon.colcon_core.shell:Creating prefix chain script '/home/klingjac/ws_offboard_control/install/setup.sh'
[13.958s] INFO:colcon.colcon_core.shell:Creating prefix script '/home/klingjac/ws_offboard_control/install/local_setup.bash'
[13.959s] INFO:colcon.colcon_core.shell:Creating prefix chain script '/home/klingjac/ws_offboard_control/install/setup.bash'
[13.960s] INFO:colcon.colcon_core.shell:Creating prefix script '/home/klingjac/ws_offboard_control/install/local_setup.zsh'
[13.960s] INFO:colcon.colcon_core.shell:Creating prefix chain script '/home/klingjac/ws_offboard_control/install/setup.zsh'
