[0.621s] Invoking command in '/home/klingjac/ws_offboard_control/src/px4_visualize': AMENT_PREFIX_PATH=/home/klingjac/ws_offboard_control/src/install/px4_msgs:${AMENT_PREFIX_PATH} CMAKE_PREFIX_PATH=/home/klingjac/ws_offboard_control/src/install/px4_msgs LD_LIBRARY_PATH=/home/klingjac/ws_offboard_control/src/install/px4_msgs/lib:${LD_LIBRARY_PATH} PYTHONPATH=/home/klingjac/ws_offboard_control/src/build/px4_offboard/prefix_override:/home/klingjac/ws_offboard_control/src/install/px4_offboard/lib/python3.10/site-packages:/home/klingjac/ws_offboard_control/src/install/px4_msgs/local/lib/python3.10/dist-packages:${PYTHONPATH} /usr/bin/python3 setup.py egg_info --egg-base ../build/px4_offboard build --build-base /home/klingjac/ws_offboard_control/src/build/px4_offboard/build install --record /home/klingjac/ws_offboard_control/src/build/px4_offboard/install.log --single-version-externally-managed
[0.754s] running egg_info
[0.754s] creating ../build/px4_offboard/px4_offboard.egg-info
[0.754s] writing ../build/px4_offboard/px4_offboard.egg-info/PKG-INFO
[0.754s] writing dependency_links to ../build/px4_offboard/px4_offboard.egg-info/dependency_links.txt
[0.755s] writing entry points to ../build/px4_offboard/px4_offboard.egg-info/entry_points.txt
[0.755s] writing requirements to ../build/px4_offboard/px4_offboard.egg-info/requires.txt
[0.755s] writing top-level names to ../build/px4_offboard/px4_offboard.egg-info/top_level.txt
[0.755s] writing manifest file '../build/px4_offboard/px4_offboard.egg-info/SOURCES.txt'
[0.756s] reading manifest file '../build/px4_offboard/px4_offboard.egg-info/SOURCES.txt'
[0.756s] adding license file 'LICENSE'
[0.756s] writing manifest file '../build/px4_offboard/px4_offboard.egg-info/SOURCES.txt'
[0.756s] running build
[0.756s] running build_py
[0.757s] creating /home/klingjac/ws_offboard_control/src/build/px4_offboard/build
[0.757s] creating /home/klingjac/ws_offboard_control/src/build/px4_offboard/build/lib
[0.757s] creating /home/klingjac/ws_offboard_control/src/build/px4_offboard/build/lib/px4_offboard
[0.757s] copying px4_offboard/offboard_control.py -> /home/klingjac/ws_offboard_control/src/build/px4_offboard/build/lib/px4_offboard
[0.757s] copying px4_offboard/__init__.py -> /home/klingjac/ws_offboard_control/src/build/px4_offboard/build/lib/px4_offboard
[0.757s] copying px4_offboard/visualizer.py -> /home/klingjac/ws_offboard_control/src/build/px4_offboard/build/lib/px4_offboard
[0.757s] /usr/lib/python3/dist-packages/setuptools/command/install.py:34: SetuptoolsDeprecationWarning: setup.py install is deprecated. Use build and pip and other standards-based tools.
[0.757s]   warnings.warn(
[0.757s] running install
[0.757s] running install_lib
[0.758s] creating /home/klingjac/ws_offboard_control/src/install/px4_offboard/lib/python3.10/site-packages/px4_offboard
[0.758s] copying /home/klingjac/ws_offboard_control/src/build/px4_offboard/build/lib/px4_offboard/offboard_control.py -> /home/klingjac/ws_offboard_control/src/install/px4_offboard/lib/python3.10/site-packages/px4_offboard
[0.758s] copying /home/klingjac/ws_offboard_control/src/build/px4_offboard/build/lib/px4_offboard/__init__.py -> /home/klingjac/ws_offboard_control/src/install/px4_offboard/lib/python3.10/site-packages/px4_offboard
[0.758s] copying /home/klingjac/ws_offboard_control/src/build/px4_offboard/build/lib/px4_offboard/visualizer.py -> /home/klingjac/ws_offboard_control/src/install/px4_offboard/lib/python3.10/site-packages/px4_offboard
[0.758s] byte-compiling /home/klingjac/ws_offboard_control/src/install/px4_offboard/lib/python3.10/site-packages/px4_offboard/offboard_control.py to offboard_control.cpython-310.pyc
[0.759s] byte-compiling /home/klingjac/ws_offboard_control/src/install/px4_offboard/lib/python3.10/site-packages/px4_offboard/__init__.py to __init__.cpython-310.pyc
[0.759s] byte-compiling /home/klingjac/ws_offboard_control/src/install/px4_offboard/lib/python3.10/site-packages/px4_offboard/visualizer.py to visualizer.cpython-310.pyc
[0.760s] running install_data
[0.760s] creating /home/klingjac/ws_offboard_control/src/install/px4_offboard/share/ament_index
[0.760s] creating /home/klingjac/ws_offboard_control/src/install/px4_offboard/share/ament_index/resource_index
[0.761s] creating /home/klingjac/ws_offboard_control/src/install/px4_offboard/share/ament_index/resource_index/packages
[0.761s] copying resource/px4_offboard -> /home/klingjac/ws_offboard_control/src/install/px4_offboard/share/ament_index/resource_index/packages
[0.761s] copying resource/visualize.rviz -> /home/klingjac/ws_offboard_control/src/install/px4_offboard/share/ament_index/resource_index/packages
[0.761s] copying package.xml -> /home/klingjac/ws_offboard_control/src/install/px4_offboard/share/px4_offboard
[0.761s] copying launch/offboard_position_control.launch.py -> /home/klingjac/ws_offboard_control/src/install/px4_offboard/share/px4_offboard
[0.761s] copying launch/visualize.launch.py -> /home/klingjac/ws_offboard_control/src/install/px4_offboard/share/px4_offboard
[0.761s] copying resource/visualize.rviz -> /home/klingjac/ws_offboard_control/src/install/px4_offboard/share/px4_offboard
[0.761s] running install_egg_info
[0.762s] Copying ../build/px4_offboard/px4_offboard.egg-info to /home/klingjac/ws_offboard_control/src/install/px4_offboard/lib/python3.10/site-packages/px4_offboard-0.0.0-py3.10.egg-info
[0.763s] running install_scripts
[0.776s] Installing offboard_control script to /home/klingjac/ws_offboard_control/src/install/px4_offboard/lib/px4_offboard
[0.776s] Installing visualizer script to /home/klingjac/ws_offboard_control/src/install/px4_offboard/lib/px4_offboard
[0.776s] writing list of installed files to '/home/klingjac/ws_offboard_control/src/build/px4_offboard/install.log'
[0.790s] Invoked command in '/home/klingjac/ws_offboard_control/src/px4_visualize' returned '0': AMENT_PREFIX_PATH=/home/klingjac/ws_offboard_control/src/install/px4_msgs:${AMENT_PREFIX_PATH} CMAKE_PREFIX_PATH=/home/klingjac/ws_offboard_control/src/install/px4_msgs LD_LIBRARY_PATH=/home/klingjac/ws_offboard_control/src/install/px4_msgs/lib:${LD_LIBRARY_PATH} PYTHONPATH=/home/klingjac/ws_offboard_control/src/build/px4_offboard/prefix_override:/home/klingjac/ws_offboard_control/src/install/px4_offboard/lib/python3.10/site-packages:/home/klingjac/ws_offboard_control/src/install/px4_msgs/local/lib/python3.10/dist-packages:${PYTHONPATH} /usr/bin/python3 setup.py egg_info --egg-base ../build/px4_offboard build --build-base /home/klingjac/ws_offboard_control/src/build/px4_offboard/build install --record /home/klingjac/ws_offboard_control/src/build/px4_offboard/install.log --single-version-externally-managed
