[0.171s] Invoking command in '/home/klingjac/ws_offboard_control/build/px4_ros_com': CMAKE_PREFIX_PATH=/home/klingjac/ws_offboard_control/install/px4_msgs:/home/klingjac/ws_offboard_control/install/px4_ros_com:/home/klingjac/ws_offboard_control/install/px4_offboard:/opt/ros/humble LD_LIBRARY_PATH=/home/klingjac/ws_offboard_control/install/px4_msgs/lib:/home/klingjac/ws_offboard_control/install/px4_ros_com/lib:/opt/ros/humble/opt/rviz_ogre_vendor/lib:/opt/ros/humble/lib/x86_64-linux-gnu:/opt/ros/humble/lib /usr/bin/cmake --build /home/klingjac/ws_offboard_control/build/px4_ros_com -- -j20 -l20
[0.182s] -- Found ament_cmake: 1.3.5 (/opt/ros/humble/share/ament_cmake/cmake)
[0.262s] -- Found builtin_interfaces: 1.2.1 (/opt/ros/humble/share/builtin_interfaces/cmake)
[0.368s] -- Found rosidl_generator_c: 3.1.5 (/opt/ros/humble/share/rosidl_generator_c/cmake)
[0.369s] -- Found rosidl_adapter: 3.1.5 (/opt/ros/humble/share/rosidl_adapter/cmake)
[0.372s] -- Found rosidl_generator_cpp: 3.1.5 (/opt/ros/humble/share/rosidl_generator_cpp/cmake)
[0.378s] -- Using all available rosidl_typesupport_c: rosidl_typesupport_fastrtps_c;rosidl_typesupport_introspection_c
[0.386s] -- Using all available rosidl_typesupport_cpp: rosidl_typesupport_fastrtps_cpp;rosidl_typesupport_introspection_cpp
[0.393s] -- Found eigen3_cmake_module: 0.1.1 (/opt/ros/humble/share/eigen3_cmake_module/cmake)
[0.394s] -- Found geometry_msgs: 4.2.3 (/opt/ros/humble/share/geometry_msgs/cmake)
[0.445s] -- Found px4_msgs: 2.0.1 (/home/klingjac/ws_offboard_control/install/px4_msgs/share/px4_msgs/cmake)
[0.463s] -- Found rclcpp: 16.0.5 (/opt/ros/humble/share/rclcpp/cmake)
[0.489s] -- Found rmw_implementation_cmake: 6.1.1 (/opt/ros/humble/share/rmw_implementation_cmake/cmake)
[0.489s] -- Found rmw_fastrtps_cpp: 6.2.3 (/opt/ros/humble/share/rmw_fastrtps_cpp/cmake)
[4.402s] -- Using RMW implementation 'rmw_fastrtps_cpp' as default
[4.471s] -- Found sensor_msgs: 4.2.3 (/opt/ros/humble/share/sensor_msgs/cmake)
[4.513s] -- Found visualization_msgs: 4.2.3 (/opt/ros/humble/share/visualization_msgs/cmake)
[4.578s] -- Found tf2_ros: 0.25.3 (/opt/ros/humble/share/tf2_ros/cmake)
[4.768s] -- Found tf2_geometry_msgs: 0.25.3 (/opt/ros/humble/share/tf2_geometry_msgs/cmake)
[4.798s] -- Ensuring Eigen3 include directory is part of orocos-kdl CMake target
[4.806s] -- Found ament_lint_auto: 0.12.7 (/opt/ros/humble/share/ament_lint_auto/cmake)
[4.842s] -- Added test 'copyright' to check source files copyright and LICENSE
[4.843s] -- Added test 'cppcheck' to perform static code analysis on C / C++ code
[4.844s] -- Configured cppcheck include dirs: /home/klingjac/ws_offboard_control/src/px4_ros_com/include;$<BUILD_INTERFACE:/home/klingjac/ws_offboard_control/src/px4_ros_com/include/px4_ros_com>
[4.844s] -- Configured cppcheck exclude dirs and/or files: 
[4.845s] -- Added test 'cpplint' to check C / C++ code against the Google style
[4.845s] -- Configured cpplint exclude dirs and/or files: 
[4.846s] -- Added test 'flake8' to check Python code syntax and style conventions
[4.846s] -- Added test 'lint_cmake' to check CMake code style
[4.846s] -- Added test 'pep257' to check Python code against some of the docstring style conventions in PEP 257
[4.848s] -- Added test 'uncrustify' to check C / C++ code style
[4.848s] -- Configured uncrustify additional arguments: 
[4.849s] -- Added test 'xmllint' to check XML markup files
[4.849s] -- Configuring done
[4.862s] -- Generating done
[4.863s] -- Build files have been written to: /home/klingjac/ws_offboard_control/build/px4_ros_com
[4.877s] [35m[1mConsolidate compiler generated dependencies of target frame_transforms[0m
[4.878s] [35m[1mConsolidate compiler generated dependencies of target vehicle_gps_position_listener[0m
[4.878s] [35m[1mConsolidate compiler generated dependencies of target sensor_combined_listener[0m
[4.878s] [35m[1mConsolidate compiler generated dependencies of target offboard_control[0m
[4.878s] [35m[1mConsolidate compiler generated dependencies of target debug_vect_advertiser[0m
[4.880s] [35m[1mConsolidate compiler generated dependencies of target drone_position_plotter[0m
[4.885s] [ 16%] Built target frame_transforms
[4.886s] [ 50%] Built target debug_vect_advertiser
[4.886s] [ 41%] Built target sensor_combined_listener
[4.886s] [ 66%] Built target offboard_control
[4.888s] [ 83%] Built target vehicle_gps_position_listener
[4.888s] [ 91%] [32mBuilding CXX object CMakeFiles/drone_position_plotter.dir/src/examples/traj_plot/drone_position_plotter.cpp.o[0m
[4.980s] [01m[K/home/klingjac/ws_offboard_control/src/px4_ros_com/src/examples/traj_plot/drone_position_plotter.cpp:7:10:[m[K [01;31m[Kfatal error: [m[Ktf2_geometry_msgs/tf2_geometry_msgs.h: No such file or directory
[4.980s]     7 | #include [01;31m[K"tf2_geometry_msgs/tf2_geometry_msgs.h"[m[K
[4.980s]       |          [01;31m[K^~~~~~~~~~~~~~~~~~~~~~~~~~~~~~~~~~~~~~~[m[K
[4.980s] compilation terminated.
[4.983s] gmake[2]: *** [CMakeFiles/drone_position_plotter.dir/build.make:76: CMakeFiles/drone_position_plotter.dir/src/examples/traj_plot/drone_position_plotter.cpp.o] Error 1
[4.983s] gmake[1]: *** [CMakeFiles/Makefile2:277: CMakeFiles/drone_position_plotter.dir/all] Error 2
[4.983s] gmake: *** [Makefile:146: all] Error 2
[4.984s] Invoked command in '/home/klingjac/ws_offboard_control/build/px4_ros_com' returned '2': CMAKE_PREFIX_PATH=/home/klingjac/ws_offboard_control/install/px4_msgs:/home/klingjac/ws_offboard_control/install/px4_ros_com:/home/klingjac/ws_offboard_control/install/px4_offboard:/opt/ros/humble LD_LIBRARY_PATH=/home/klingjac/ws_offboard_control/install/px4_msgs/lib:/home/klingjac/ws_offboard_control/install/px4_ros_com/lib:/opt/ros/humble/opt/rviz_ogre_vendor/lib:/opt/ros/humble/lib/x86_64-linux-gnu:/opt/ros/humble/lib /usr/bin/cmake --build /home/klingjac/ws_offboard_control/build/px4_ros_com -- -j20 -l20
