[0.473s] Invoking command in '/home/klingjac/ws_offboard_control/src/px4_visualize': AMENT_PREFIX_PATH=/home/klingjac/ws_offboard_control/src/install/px4_msgs:${AMENT_PREFIX_PATH} CMAKE_PREFIX_PATH=/home/klingjac/ws_offboard_control/src/install/px4_msgs LD_LIBRARY_PATH=/home/klingjac/ws_offboard_control/src/install/px4_msgs/lib:${LD_LIBRARY_PATH} PYTHONPATH=/home/klingjac/ws_offboard_control/src/build/px4_offboard/prefix_override:/home/klingjac/ws_offboard_control/src/install/px4_offboard/lib/python3.10/site-packages:/home/klingjac/ws_offboard_control/src/install/px4_msgs/local/lib/python3.10/dist-packages:${PYTHONPATH} /usr/bin/python3 setup.py egg_info --egg-base ../build/px4_offboard build --build-base /home/klingjac/ws_offboard_control/src/build/px4_offboard/build install --record /home/klingjac/ws_offboard_control/src/build/px4_offboard/install.log --single-version-externally-managed
[0.595s] running egg_info
[0.596s] writing ../build/px4_offboard/px4_offboard.egg-info/PKG-INFO
[0.596s] writing dependency_links to ../build/px4_offboard/px4_offboard.egg-info/dependency_links.txt
[0.596s] writing entry points to ../build/px4_offboard/px4_offboard.egg-info/entry_points.txt
[0.596s] writing requirements to ../build/px4_offboard/px4_offboard.egg-info/requires.txt
[0.596s] writing top-level names to ../build/px4_offboard/px4_offboard.egg-info/top_level.txt
[0.597s] reading manifest file '../build/px4_offboard/px4_offboard.egg-info/SOURCES.txt'
[0.597s] adding license file 'LICENSE'
[0.597s] writing manifest file '../build/px4_offboard/px4_offboard.egg-info/SOURCES.txt'
[0.597s] running build
[0.597s] running build_py
[0.598s] running install
[0.598s] running install_lib
[0.598s] running install_data
[0.599s] running install_egg_info
[0.599s] removing '/home/klingjac/ws_offboard_control/src/install/px4_offboard/lib/python3.10/site-packages/px4_offboard-0.0.0-py3.10.egg-info' (and everything under it)
[0.599s] Copying ../build/px4_offboard/px4_offboard.egg-info to /home/klingjac/ws_offboard_control/src/install/px4_offboard/lib/python3.10/site-packages/px4_offboard-0.0.0-py3.10.egg-info
[0.600s] running install_scripts
[0.610s] Installing offboard_control script to /home/klingjac/ws_offboard_control/src/install/px4_offboard/lib/px4_offboard
[0.610s] Installing visualizer script to /home/klingjac/ws_offboard_control/src/install/px4_offboard/lib/px4_offboard
[0.610s] writing list of installed files to '/home/klingjac/ws_offboard_control/src/build/px4_offboard/install.log'
[0.622s] Invoked command in '/home/klingjac/ws_offboard_control/src/px4_visualize' returned '0': AMENT_PREFIX_PATH=/home/klingjac/ws_offboard_control/src/install/px4_msgs:${AMENT_PREFIX_PATH} CMAKE_PREFIX_PATH=/home/klingjac/ws_offboard_control/src/install/px4_msgs LD_LIBRARY_PATH=/home/klingjac/ws_offboard_control/src/install/px4_msgs/lib:${LD_LIBRARY_PATH} PYTHONPATH=/home/klingjac/ws_offboard_control/src/build/px4_offboard/prefix_override:/home/klingjac/ws_offboard_control/src/install/px4_offboard/lib/python3.10/site-packages:/home/klingjac/ws_offboard_control/src/install/px4_msgs/local/lib/python3.10/dist-packages:${PYTHONPATH} /usr/bin/python3 setup.py egg_info --egg-base ../build/px4_offboard build --build-base /home/klingjac/ws_offboard_control/src/build/px4_offboard/build install --record /home/klingjac/ws_offboard_control/src/build/px4_offboard/install.log --single-version-externally-managed
