[0.472s] DEBUG:colcon:Command line arguments: ['/usr/bin/colcon', 'build']
[0.472s] DEBUG:colcon:Parsed command line arguments: Namespace(log_base=None, log_level=None, verb_name='build', build_base='build', install_base='install', merge_install=False, symlink_install=False, test_result_base=None, continue_on_error=False, executor='parallel', parallel_workers=20, event_handlers=None, ignore_user_meta=False, metas=['./colcon.meta'], base_paths=['.'], packages_ignore=None, packages_ignore_regex=None, paths=None, packages_up_to=None, packages_up_to_regex=None, packages_above=None, packages_above_and_dependencies=None, packages_above_depth=None, packages_select_by_dep=None, packages_skip_by_dep=None, packages_skip_up_to=None, packages_select_build_failed=False, packages_skip_build_finished=False, packages_select_test_failures=False, packages_skip_test_passed=False, packages_select=None, packages_skip=None, packages_select_regex=None, packages_skip_regex=None, packages_start=None, packages_end=None, allow_overriding=[], cmake_args=None, cmake_target=None, cmake_target_skip_unavailable=False, cmake_clean_cache=False, cmake_clean_first=False, cmake_force_configure=False, ament_cmake_args=None, catkin_cmake_args=None, catkin_skip_building_tests=False, verb_parser=<colcon_defaults.argument_parser.defaults.DefaultArgumentsDecorator object at 0x7f904c7bc4f0>, verb_extension=<colcon_core.verb.build.BuildVerb object at 0x7f904d1a1a80>, main=<bound method BuildVerb.main of <colcon_core.verb.build.BuildVerb object at 0x7f904d1a1a80>>)
[0.501s] Level 1:colcon.colcon_core.package_discovery:discover_packages(colcon_meta) check parameters
[0.501s] Level 1:colcon.colcon_core.package_discovery:discover_packages(recursive) check parameters
[0.501s] Level 1:colcon.colcon_core.package_discovery:discover_packages(ignore) check parameters
[0.501s] Level 1:colcon.colcon_core.package_discovery:discover_packages(path) check parameters
[0.501s] Level 1:colcon.colcon_core.package_discovery:discover_packages(colcon_meta) discover
[0.501s] Level 1:colcon.colcon_core.package_discovery:discover_packages(recursive) discover
[0.501s] INFO:colcon.colcon_core.package_discovery:Crawling recursively for packages in '/home/klingjac/ws_offboard_control/src'
[0.501s] Level 1:colcon.colcon_core.package_identification:_identify(.) by extensions ['ignore', 'ignore_ament_install']
[0.501s] Level 1:colcon.colcon_core.package_identification:_identify(.) by extension 'ignore'
[0.501s] Level 1:colcon.colcon_core.package_identification:_identify(.) by extension 'ignore_ament_install'
[0.501s] Level 1:colcon.colcon_core.package_identification:_identify(.) by extensions ['colcon_pkg']
[0.501s] Level 1:colcon.colcon_core.package_identification:_identify(.) by extension 'colcon_pkg'
[0.501s] Level 1:colcon.colcon_core.package_identification:_identify(.) by extensions ['colcon_meta']
[0.501s] Level 1:colcon.colcon_core.package_identification:_identify(.) by extension 'colcon_meta'
[0.501s] Level 1:colcon.colcon_core.package_identification:_identify(.) by extensions ['ros']
[0.501s] Level 1:colcon.colcon_core.package_identification:_identify(.) by extension 'ros'
[0.510s] Level 1:colcon.colcon_core.package_identification:_identify(.) by extensions ['cmake', 'python']
[0.510s] Level 1:colcon.colcon_core.package_identification:_identify(.) by extension 'cmake'
[0.510s] Level 1:colcon.colcon_core.package_identification:_identify(.) by extension 'python'
[0.510s] Level 1:colcon.colcon_core.package_identification:_identify(.) by extensions ['python_setup_py']
[0.510s] Level 1:colcon.colcon_core.package_identification:_identify(.) by extension 'python_setup_py'
[0.510s] Level 1:colcon.colcon_core.package_identification:_identify(build) by extensions ['ignore', 'ignore_ament_install']
[0.510s] Level 1:colcon.colcon_core.package_identification:_identify(build) by extension 'ignore'
[0.510s] Level 1:colcon.colcon_core.package_identification:_identify(build) ignored
[0.510s] Level 1:colcon.colcon_core.package_identification:_identify(install) by extensions ['ignore', 'ignore_ament_install']
[0.510s] Level 1:colcon.colcon_core.package_identification:_identify(install) by extension 'ignore'
[0.510s] Level 1:colcon.colcon_core.package_identification:_identify(install) ignored
[0.510s] Level 1:colcon.colcon_core.package_identification:_identify(log) by extensions ['ignore', 'ignore_ament_install']
[0.510s] Level 1:colcon.colcon_core.package_identification:_identify(log) by extension 'ignore'
[0.510s] Level 1:colcon.colcon_core.package_identification:_identify(log) ignored
[0.510s] Level 1:colcon.colcon_core.package_identification:_identify(px4_msgs) by extensions ['ignore', 'ignore_ament_install']
[0.510s] Level 1:colcon.colcon_core.package_identification:_identify(px4_msgs) by extension 'ignore'
[0.510s] Level 1:colcon.colcon_core.package_identification:_identify(px4_msgs) by extension 'ignore_ament_install'
[0.510s] Level 1:colcon.colcon_core.package_identification:_identify(px4_msgs) by extensions ['colcon_pkg']
[0.511s] Level 1:colcon.colcon_core.package_identification:_identify(px4_msgs) by extension 'colcon_pkg'
[0.511s] Level 1:colcon.colcon_core.package_identification:_identify(px4_msgs) by extensions ['colcon_meta']
[0.511s] Level 1:colcon.colcon_core.package_identification:_identify(px4_msgs) by extension 'colcon_meta'
[0.511s] Level 1:colcon.colcon_core.package_identification:_identify(px4_msgs) by extensions ['ros']
[0.511s] Level 1:colcon.colcon_core.package_identification:_identify(px4_msgs) by extension 'ros'
[0.513s] DEBUG:colcon.colcon_core.package_identification:Package 'px4_msgs' with type 'ros.ament_cmake' and name 'px4_msgs'
[0.513s] Level 1:colcon.colcon_core.package_identification:_identify(px4_ros_com) by extensions ['ignore', 'ignore_ament_install']
[0.513s] Level 1:colcon.colcon_core.package_identification:_identify(px4_ros_com) by extension 'ignore'
[0.513s] Level 1:colcon.colcon_core.package_identification:_identify(px4_ros_com) by extension 'ignore_ament_install'
[0.513s] Level 1:colcon.colcon_core.package_identification:_identify(px4_ros_com) by extensions ['colcon_pkg']
[0.513s] Level 1:colcon.colcon_core.package_identification:_identify(px4_ros_com) by extension 'colcon_pkg'
[0.513s] Level 1:colcon.colcon_core.package_identification:_identify(px4_ros_com) by extensions ['colcon_meta']
[0.513s] Level 1:colcon.colcon_core.package_identification:_identify(px4_ros_com) by extension 'colcon_meta'
[0.513s] Level 1:colcon.colcon_core.package_identification:_identify(px4_ros_com) by extensions ['ros']
[0.513s] Level 1:colcon.colcon_core.package_identification:_identify(px4_ros_com) by extension 'ros'
[0.514s] DEBUG:colcon.colcon_core.package_identification:Package 'px4_ros_com' with type 'ros.ament_cmake' and name 'px4_ros_com'
[0.514s] Level 1:colcon.colcon_core.package_identification:_identify(px4_visualize) by extensions ['ignore', 'ignore_ament_install']
[0.514s] Level 1:colcon.colcon_core.package_identification:_identify(px4_visualize) by extension 'ignore'
[0.514s] Level 1:colcon.colcon_core.package_identification:_identify(px4_visualize) by extension 'ignore_ament_install'
[0.514s] Level 1:colcon.colcon_core.package_identification:_identify(px4_visualize) by extensions ['colcon_pkg']
[0.514s] Level 1:colcon.colcon_core.package_identification:_identify(px4_visualize) by extension 'colcon_pkg'
[0.514s] Level 1:colcon.colcon_core.package_identification:_identify(px4_visualize) by extensions ['colcon_meta']
[0.514s] Level 1:colcon.colcon_core.package_identification:_identify(px4_visualize) by extension 'colcon_meta'
[0.514s] Level 1:colcon.colcon_core.package_identification:_identify(px4_visualize) by extensions ['ros']
[0.514s] Level 1:colcon.colcon_core.package_identification:_identify(px4_visualize) by extension 'ros'
[0.514s] DEBUG:colcon.colcon_core.package_identification:Package 'px4_visualize' with type 'ros.ament_python' and name 'px4_offboard'
[0.515s] Level 1:colcon.colcon_core.package_discovery:discover_packages(recursive) using defaults
[0.515s] Level 1:colcon.colcon_core.package_discovery:discover_packages(ignore) discover
[0.515s] Level 1:colcon.colcon_core.package_discovery:discover_packages(ignore) using defaults
[0.515s] Level 1:colcon.colcon_core.package_discovery:discover_packages(path) discover
[0.515s] Level 1:colcon.colcon_core.package_discovery:discover_packages(path) using defaults
[0.535s] Level 1:colcon.colcon_core.package_discovery:discover_packages(prefix_path) check parameters
[0.535s] Level 1:colcon.colcon_core.package_discovery:discover_packages(prefix_path) discover
[0.537s] DEBUG:colcon.colcon_installed_package_information.package_discovery:Found 270 installed packages in /opt/ros/humble
[0.538s] Level 1:colcon.colcon_core.package_discovery:discover_packages(prefix_path) using defaults
[0.565s] Level 5:colcon.colcon_core.verb:set package 'px4_msgs' build argument 'cmake_args' from command line to 'None'
[0.565s] Level 5:colcon.colcon_core.verb:set package 'px4_msgs' build argument 'cmake_target' from command line to 'None'
[0.565s] Level 5:colcon.colcon_core.verb:set package 'px4_msgs' build argument 'cmake_target_skip_unavailable' from command line to 'False'
[0.565s] Level 5:colcon.colcon_core.verb:set package 'px4_msgs' build argument 'cmake_clean_cache' from command line to 'False'
[0.565s] Level 5:colcon.colcon_core.verb:set package 'px4_msgs' build argument 'cmake_clean_first' from command line to 'False'
[0.565s] Level 5:colcon.colcon_core.verb:set package 'px4_msgs' build argument 'cmake_force_configure' from command line to 'False'
[0.565s] Level 5:colcon.colcon_core.verb:set package 'px4_msgs' build argument 'ament_cmake_args' from command line to 'None'
[0.565s] Level 5:colcon.colcon_core.verb:set package 'px4_msgs' build argument 'catkin_cmake_args' from command line to 'None'
[0.565s] Level 5:colcon.colcon_core.verb:set package 'px4_msgs' build argument 'catkin_skip_building_tests' from command line to 'False'
[0.565s] DEBUG:colcon.colcon_core.verb:Building package 'px4_msgs' with the following arguments: {'ament_cmake_args': None, 'build_base': '/home/klingjac/ws_offboard_control/src/build/px4_msgs', 'catkin_cmake_args': None, 'catkin_skip_building_tests': False, 'cmake_args': None, 'cmake_clean_cache': False, 'cmake_clean_first': False, 'cmake_force_configure': False, 'cmake_target': None, 'cmake_target_skip_unavailable': False, 'install_base': '/home/klingjac/ws_offboard_control/src/install/px4_msgs', 'merge_install': False, 'path': '/home/klingjac/ws_offboard_control/src/px4_msgs', 'symlink_install': False, 'test_result_base': None}
[0.565s] Level 5:colcon.colcon_core.verb:set package 'px4_offboard' build argument 'cmake_args' from command line to 'None'
[0.565s] Level 5:colcon.colcon_core.verb:set package 'px4_offboard' build argument 'cmake_target' from command line to 'None'
[0.565s] Level 5:colcon.colcon_core.verb:set package 'px4_offboard' build argument 'cmake_target_skip_unavailable' from command line to 'False'
[0.565s] Level 5:colcon.colcon_core.verb:set package 'px4_offboard' build argument 'cmake_clean_cache' from command line to 'False'
[0.566s] Level 5:colcon.colcon_core.verb:set package 'px4_offboard' build argument 'cmake_clean_first' from command line to 'False'
[0.566s] Level 5:colcon.colcon_core.verb:set package 'px4_offboard' build argument 'cmake_force_configure' from command line to 'False'
[0.566s] Level 5:colcon.colcon_core.verb:set package 'px4_offboard' build argument 'ament_cmake_args' from command line to 'None'
[0.566s] Level 5:colcon.colcon_core.verb:set package 'px4_offboard' build argument 'catkin_cmake_args' from command line to 'None'
[0.566s] Level 5:colcon.colcon_core.verb:set package 'px4_offboard' build argument 'catkin_skip_building_tests' from command line to 'False'
[0.566s] DEBUG:colcon.colcon_core.verb:Building package 'px4_offboard' with the following arguments: {'ament_cmake_args': None, 'build_base': '/home/klingjac/ws_offboard_control/src/build/px4_offboard', 'catkin_cmake_args': None, 'catkin_skip_building_tests': False, 'cmake_args': None, 'cmake_clean_cache': False, 'cmake_clean_first': False, 'cmake_force_configure': False, 'cmake_target': None, 'cmake_target_skip_unavailable': False, 'install_base': '/home/klingjac/ws_offboard_control/src/install/px4_offboard', 'merge_install': False, 'path': '/home/klingjac/ws_offboard_control/src/px4_visualize', 'symlink_install': False, 'test_result_base': None}
[0.566s] Level 5:colcon.colcon_core.verb:set package 'px4_ros_com' build argument 'cmake_args' from command line to 'None'
[0.566s] Level 5:colcon.colcon_core.verb:set package 'px4_ros_com' build argument 'cmake_target' from command line to 'None'
[0.566s] Level 5:colcon.colcon_core.verb:set package 'px4_ros_com' build argument 'cmake_target_skip_unavailable' from command line to 'False'
[0.566s] Level 5:colcon.colcon_core.verb:set package 'px4_ros_com' build argument 'cmake_clean_cache' from command line to 'False'
[0.566s] Level 5:colcon.colcon_core.verb:set package 'px4_ros_com' build argument 'cmake_clean_first' from command line to 'False'
[0.566s] Level 5:colcon.colcon_core.verb:set package 'px4_ros_com' build argument 'cmake_force_configure' from command line to 'False'
[0.566s] Level 5:colcon.colcon_core.verb:set package 'px4_ros_com' build argument 'ament_cmake_args' from command line to 'None'
[0.566s] Level 5:colcon.colcon_core.verb:set package 'px4_ros_com' build argument 'catkin_cmake_args' from command line to 'None'
[0.566s] Level 5:colcon.colcon_core.verb:set package 'px4_ros_com' build argument 'catkin_skip_building_tests' from command line to 'False'
[0.566s] DEBUG:colcon.colcon_core.verb:Building package 'px4_ros_com' with the following arguments: {'ament_cmake_args': None, 'build_base': '/home/klingjac/ws_offboard_control/src/build/px4_ros_com', 'catkin_cmake_args': None, 'catkin_skip_building_tests': False, 'cmake_args': None, 'cmake_clean_cache': False, 'cmake_clean_first': False, 'cmake_force_configure': False, 'cmake_target': None, 'cmake_target_skip_unavailable': False, 'install_base': '/home/klingjac/ws_offboard_control/src/install/px4_ros_com', 'merge_install': False, 'path': '/home/klingjac/ws_offboard_control/src/px4_ros_com', 'symlink_install': False, 'test_result_base': None}
[0.566s] INFO:colcon.colcon_core.executor:Executing jobs using 'parallel' executor
[0.568s] DEBUG:colcon.colcon_parallel_executor.executor.parallel:run_until_complete
[0.568s] INFO:colcon.colcon_ros.task.ament_cmake.build:Building ROS package in '/home/klingjac/ws_offboard_control/src/px4_msgs' with build type 'ament_cmake'
[0.568s] INFO:colcon.colcon_cmake.task.cmake.build:Building CMake package in '/home/klingjac/ws_offboard_control/src/px4_msgs'
[0.584s] INFO:colcon.colcon_core.plugin_system:Skipping extension 'colcon_core.shell.bat': Not used on non-Windows systems
[0.590s] INFO:colcon.colcon_core.shell:Skip shell extension 'powershell' for command environment: Not usable outside of PowerShell
[0.590s] DEBUG:colcon.colcon_core.shell:Skip shell extension 'dsv' for command environment
[0.596s] DEBUG:colcon.colcon_core.event_handler.log_command:Invoking command in '/home/klingjac/ws_offboard_control/src/build/px4_msgs': CMAKE_PREFIX_PATH=/opt/ros/humble /usr/bin/cmake --build /home/klingjac/ws_offboard_control/src/build/px4_msgs -- -j20 -l20
[1.240s] DEBUG:colcon.colcon_core.event_handler.log_command:Invoked command in '/home/klingjac/ws_offboard_control/src/build/px4_msgs' returned '0': CMAKE_PREFIX_PATH=/opt/ros/humble /usr/bin/cmake --build /home/klingjac/ws_offboard_control/src/build/px4_msgs -- -j20 -l20
[2.575s] DEBUG:colcon.colcon_core.event_handler.log_command:Invoking command in '/home/klingjac/ws_offboard_control/src/build/px4_msgs': CMAKE_PREFIX_PATH=/opt/ros/humble /usr/bin/cmake --install /home/klingjac/ws_offboard_control/src/build/px4_msgs
[2.809s] Level 1:colcon.colcon_core.environment:create_environment_scripts_only(px4_msgs)
[2.809s] DEBUG:colcon.colcon_core.event_handler.log_command:Invoked command in '/home/klingjac/ws_offboard_control/src/build/px4_msgs' returned '0': CMAKE_PREFIX_PATH=/opt/ros/humble /usr/bin/cmake --install /home/klingjac/ws_offboard_control/src/build/px4_msgs
[2.815s] Level 1:colcon.colcon_core.environment:checking '/home/klingjac/ws_offboard_control/src/install/px4_msgs' for CMake module files
[2.815s] Level 1:colcon.colcon_core.environment:checking '/home/klingjac/ws_offboard_control/src/install/px4_msgs' for CMake config files
[2.815s] Level 1:colcon.colcon_core.shell:create_environment_hook('px4_msgs', 'cmake_prefix_path')
[2.816s] INFO:colcon.colcon_core.shell:Creating environment hook '/home/klingjac/ws_offboard_control/src/install/px4_msgs/share/px4_msgs/hook/cmake_prefix_path.ps1'
[2.816s] INFO:colcon.colcon_core.shell:Creating environment descriptor '/home/klingjac/ws_offboard_control/src/install/px4_msgs/share/px4_msgs/hook/cmake_prefix_path.dsv'
[2.817s] INFO:colcon.colcon_core.shell:Creating environment hook '/home/klingjac/ws_offboard_control/src/install/px4_msgs/share/px4_msgs/hook/cmake_prefix_path.sh'
[2.817s] Level 1:colcon.colcon_core.environment:checking '/home/klingjac/ws_offboard_control/src/install/px4_msgs/lib'
[2.817s] Level 1:colcon.colcon_core.shell:create_environment_hook('px4_msgs', 'ld_library_path_lib')
[2.818s] INFO:colcon.colcon_core.shell:Creating environment hook '/home/klingjac/ws_offboard_control/src/install/px4_msgs/share/px4_msgs/hook/ld_library_path_lib.ps1'
[2.818s] INFO:colcon.colcon_core.shell:Creating environment descriptor '/home/klingjac/ws_offboard_control/src/install/px4_msgs/share/px4_msgs/hook/ld_library_path_lib.dsv'
[2.818s] INFO:colcon.colcon_core.shell:Creating environment hook '/home/klingjac/ws_offboard_control/src/install/px4_msgs/share/px4_msgs/hook/ld_library_path_lib.sh'
[2.818s] Level 1:colcon.colcon_core.environment:checking '/home/klingjac/ws_offboard_control/src/install/px4_msgs/bin'
[2.818s] Level 1:colcon.colcon_core.environment:checking '/home/klingjac/ws_offboard_control/src/install/px4_msgs/lib/pkgconfig/px4_msgs.pc'
[2.819s] Level 1:colcon.colcon_core.environment:checking '/home/klingjac/ws_offboard_control/src/install/px4_msgs/lib/python3.10/site-packages'
[2.819s] Level 1:colcon.colcon_core.environment:checking '/home/klingjac/ws_offboard_control/src/install/px4_msgs/bin'
[2.819s] INFO:colcon.colcon_core.shell:Creating package script '/home/klingjac/ws_offboard_control/src/install/px4_msgs/share/px4_msgs/package.ps1'
[2.820s] INFO:colcon.colcon_core.shell:Creating package descriptor '/home/klingjac/ws_offboard_control/src/install/px4_msgs/share/px4_msgs/package.dsv'
[2.820s] INFO:colcon.colcon_core.shell:Creating package script '/home/klingjac/ws_offboard_control/src/install/px4_msgs/share/px4_msgs/package.sh'
[2.821s] INFO:colcon.colcon_core.shell:Creating package script '/home/klingjac/ws_offboard_control/src/install/px4_msgs/share/px4_msgs/package.bash'
[2.821s] INFO:colcon.colcon_core.shell:Creating package script '/home/klingjac/ws_offboard_control/src/install/px4_msgs/share/px4_msgs/package.zsh'
[2.822s] Level 1:colcon.colcon_core.environment:create_file_with_runtime_dependencies(/home/klingjac/ws_offboard_control/src/install/px4_msgs/share/colcon-core/packages/px4_msgs)
[4.138s] Level 1:colcon.colcon_core.environment:create_environment_scripts_only(px4_msgs)
[4.139s] Level 1:colcon.colcon_core.environment:checking '/home/klingjac/ws_offboard_control/src/install/px4_msgs' for CMake module files
[4.140s] Level 1:colcon.colcon_core.environment:checking '/home/klingjac/ws_offboard_control/src/install/px4_msgs' for CMake config files
[4.140s] Level 1:colcon.colcon_core.shell:create_environment_hook('px4_msgs', 'cmake_prefix_path')
[4.140s] INFO:colcon.colcon_core.shell:Creating environment hook '/home/klingjac/ws_offboard_control/src/install/px4_msgs/share/px4_msgs/hook/cmake_prefix_path.ps1'
[4.140s] INFO:colcon.colcon_core.shell:Creating environment descriptor '/home/klingjac/ws_offboard_control/src/install/px4_msgs/share/px4_msgs/hook/cmake_prefix_path.dsv'
[4.140s] INFO:colcon.colcon_core.shell:Creating environment hook '/home/klingjac/ws_offboard_control/src/install/px4_msgs/share/px4_msgs/hook/cmake_prefix_path.sh'
[4.141s] Level 1:colcon.colcon_core.environment:checking '/home/klingjac/ws_offboard_control/src/install/px4_msgs/lib'
[4.141s] Level 1:colcon.colcon_core.shell:create_environment_hook('px4_msgs', 'ld_library_path_lib')
[4.141s] INFO:colcon.colcon_core.shell:Creating environment hook '/home/klingjac/ws_offboard_control/src/install/px4_msgs/share/px4_msgs/hook/ld_library_path_lib.ps1'
[4.141s] INFO:colcon.colcon_core.shell:Creating environment descriptor '/home/klingjac/ws_offboard_control/src/install/px4_msgs/share/px4_msgs/hook/ld_library_path_lib.dsv'
[4.142s] INFO:colcon.colcon_core.shell:Creating environment hook '/home/klingjac/ws_offboard_control/src/install/px4_msgs/share/px4_msgs/hook/ld_library_path_lib.sh'
[4.142s] Level 1:colcon.colcon_core.environment:checking '/home/klingjac/ws_offboard_control/src/install/px4_msgs/bin'
[4.142s] Level 1:colcon.colcon_core.environment:checking '/home/klingjac/ws_offboard_control/src/install/px4_msgs/lib/pkgconfig/px4_msgs.pc'
[4.142s] Level 1:colcon.colcon_core.environment:checking '/home/klingjac/ws_offboard_control/src/install/px4_msgs/lib/python3.10/site-packages'
[4.142s] Level 1:colcon.colcon_core.environment:checking '/home/klingjac/ws_offboard_control/src/install/px4_msgs/bin'
[4.143s] INFO:colcon.colcon_core.shell:Creating package script '/home/klingjac/ws_offboard_control/src/install/px4_msgs/share/px4_msgs/package.ps1'
[4.143s] INFO:colcon.colcon_core.shell:Creating package descriptor '/home/klingjac/ws_offboard_control/src/install/px4_msgs/share/px4_msgs/package.dsv'
[4.143s] INFO:colcon.colcon_core.shell:Creating package script '/home/klingjac/ws_offboard_control/src/install/px4_msgs/share/px4_msgs/package.sh'
[4.143s] INFO:colcon.colcon_core.shell:Creating package script '/home/klingjac/ws_offboard_control/src/install/px4_msgs/share/px4_msgs/package.bash'
[4.144s] INFO:colcon.colcon_core.shell:Creating package script '/home/klingjac/ws_offboard_control/src/install/px4_msgs/share/px4_msgs/package.zsh'
[4.144s] Level 1:colcon.colcon_core.environment:create_file_with_runtime_dependencies(/home/klingjac/ws_offboard_control/src/install/px4_msgs/share/colcon-core/packages/px4_msgs)
[4.144s] INFO:colcon.colcon_ros.task.ament_python.build:Building ROS package in '/home/klingjac/ws_offboard_control/src/px4_visualize' with build type 'ament_python'
[4.144s] Level 1:colcon.colcon_core.shell:create_environment_hook('px4_offboard', 'ament_prefix_path')
[4.145s] INFO:colcon.colcon_core.shell:Creating environment hook '/home/klingjac/ws_offboard_control/src/install/px4_offboard/share/px4_offboard/hook/ament_prefix_path.ps1'
[4.145s] INFO:colcon.colcon_core.shell:Creating environment descriptor '/home/klingjac/ws_offboard_control/src/install/px4_offboard/share/px4_offboard/hook/ament_prefix_path.dsv'
[4.145s] INFO:colcon.colcon_core.shell:Creating environment hook '/home/klingjac/ws_offboard_control/src/install/px4_offboard/share/px4_offboard/hook/ament_prefix_path.sh'
[4.146s] INFO:colcon.colcon_core.shell:Skip shell extension 'powershell' for command environment: Not usable outside of PowerShell
[4.146s] DEBUG:colcon.colcon_core.shell:Skip shell extension 'dsv' for command environment
[4.148s] INFO:colcon.colcon_ros.task.ament_cmake.build:Building ROS package in '/home/klingjac/ws_offboard_control/src/px4_ros_com' with build type 'ament_cmake'
[4.148s] INFO:colcon.colcon_cmake.task.cmake.build:Building CMake package in '/home/klingjac/ws_offboard_control/src/px4_ros_com'
[4.148s] INFO:colcon.colcon_core.shell:Skip shell extension 'powershell' for command environment: Not usable outside of PowerShell
[4.148s] DEBUG:colcon.colcon_core.shell:Skip shell extension 'dsv' for command environment
[4.218s] DEBUG:colcon.colcon_core.event_handler.log_command:Invoking command in '/home/klingjac/ws_offboard_control/src/build/px4_ros_com': AMENT_PREFIX_PATH=/home/klingjac/ws_offboard_control/src/install/px4_msgs:${AMENT_PREFIX_PATH} CMAKE_PREFIX_PATH=/home/klingjac/ws_offboard_control/src/install/px4_msgs:/opt/ros/humble LD_LIBRARY_PATH=/home/klingjac/ws_offboard_control/src/install/px4_msgs/lib:${LD_LIBRARY_PATH} PYTHONPATH=/home/klingjac/ws_offboard_control/src/install/px4_msgs/local/lib/python3.10/dist-packages:${PYTHONPATH} /usr/bin/cmake --build /home/klingjac/ws_offboard_control/src/build/px4_ros_com -- -j20 -l20
[4.349s] INFO:colcon.colcon_core.task.python.build:Building Python package in '/home/klingjac/ws_offboard_control/src/px4_visualize'
[4.350s] INFO:colcon.colcon_core.shell:Skip shell extension 'powershell' for command environment: Not usable outside of PowerShell
[4.350s] DEBUG:colcon.colcon_core.shell:Skip shell extension 'dsv' for command environment
[4.354s] DEBUG:colcon.colcon_core.event_handler.log_command:Invoked command in '/home/klingjac/ws_offboard_control/src/build/px4_ros_com' returned '0': AMENT_PREFIX_PATH=/home/klingjac/ws_offboard_control/src/install/px4_msgs:${AMENT_PREFIX_PATH} CMAKE_PREFIX_PATH=/home/klingjac/ws_offboard_control/src/install/px4_msgs:/opt/ros/humble LD_LIBRARY_PATH=/home/klingjac/ws_offboard_control/src/install/px4_msgs/lib:${LD_LIBRARY_PATH} PYTHONPATH=/home/klingjac/ws_offboard_control/src/install/px4_msgs/local/lib/python3.10/dist-packages:${PYTHONPATH} /usr/bin/cmake --build /home/klingjac/ws_offboard_control/src/build/px4_ros_com -- -j20 -l20
[4.370s] DEBUG:colcon.colcon_core.event_handler.log_command:Invoking command in '/home/klingjac/ws_offboard_control/src/build/px4_ros_com': AMENT_PREFIX_PATH=/home/klingjac/ws_offboard_control/src/install/px4_msgs:${AMENT_PREFIX_PATH} CMAKE_PREFIX_PATH=/home/klingjac/ws_offboard_control/src/install/px4_msgs:/opt/ros/humble LD_LIBRARY_PATH=/home/klingjac/ws_offboard_control/src/install/px4_msgs/lib:${LD_LIBRARY_PATH} PYTHONPATH=/home/klingjac/ws_offboard_control/src/install/px4_msgs/local/lib/python3.10/dist-packages:${PYTHONPATH} /usr/bin/cmake --install /home/klingjac/ws_offboard_control/src/build/px4_ros_com
[4.380s] Level 1:colcon.colcon_core.environment:create_environment_scripts_only(px4_ros_com)
[4.381s] DEBUG:colcon.colcon_core.event_handler.log_command:Invoked command in '/home/klingjac/ws_offboard_control/src/build/px4_ros_com' returned '0': AMENT_PREFIX_PATH=/home/klingjac/ws_offboard_control/src/install/px4_msgs:${AMENT_PREFIX_PATH} CMAKE_PREFIX_PATH=/home/klingjac/ws_offboard_control/src/install/px4_msgs:/opt/ros/humble LD_LIBRARY_PATH=/home/klingjac/ws_offboard_control/src/install/px4_msgs/lib:${LD_LIBRARY_PATH} PYTHONPATH=/home/klingjac/ws_offboard_control/src/install/px4_msgs/local/lib/python3.10/dist-packages:${PYTHONPATH} /usr/bin/cmake --install /home/klingjac/ws_offboard_control/src/build/px4_ros_com
[4.382s] Level 1:colcon.colcon_core.environment:checking '/home/klingjac/ws_offboard_control/src/install/px4_ros_com' for CMake module files
[4.382s] Level 1:colcon.colcon_core.environment:checking '/home/klingjac/ws_offboard_control/src/install/px4_ros_com' for CMake config files
[4.382s] Level 1:colcon.colcon_core.shell:create_environment_hook('px4_ros_com', 'cmake_prefix_path')
[4.383s] INFO:colcon.colcon_core.shell:Creating environment hook '/home/klingjac/ws_offboard_control/src/install/px4_ros_com/share/px4_ros_com/hook/cmake_prefix_path.ps1'
[4.383s] INFO:colcon.colcon_core.shell:Creating environment descriptor '/home/klingjac/ws_offboard_control/src/install/px4_ros_com/share/px4_ros_com/hook/cmake_prefix_path.dsv'
[4.383s] INFO:colcon.colcon_core.shell:Creating environment hook '/home/klingjac/ws_offboard_control/src/install/px4_ros_com/share/px4_ros_com/hook/cmake_prefix_path.sh'
[4.383s] Level 1:colcon.colcon_core.environment:checking '/home/klingjac/ws_offboard_control/src/install/px4_ros_com/lib'
[4.383s] Level 1:colcon.colcon_core.shell:create_environment_hook('px4_ros_com', 'ld_library_path_lib')
[4.384s] INFO:colcon.colcon_core.shell:Creating environment hook '/home/klingjac/ws_offboard_control/src/install/px4_ros_com/share/px4_ros_com/hook/ld_library_path_lib.ps1'
[4.384s] INFO:colcon.colcon_core.shell:Creating environment descriptor '/home/klingjac/ws_offboard_control/src/install/px4_ros_com/share/px4_ros_com/hook/ld_library_path_lib.dsv'
[4.384s] INFO:colcon.colcon_core.shell:Creating environment hook '/home/klingjac/ws_offboard_control/src/install/px4_ros_com/share/px4_ros_com/hook/ld_library_path_lib.sh'
[4.384s] Level 1:colcon.colcon_core.environment:checking '/home/klingjac/ws_offboard_control/src/install/px4_ros_com/bin'
[4.384s] Level 1:colcon.colcon_core.environment:checking '/home/klingjac/ws_offboard_control/src/install/px4_ros_com/lib/pkgconfig/px4_ros_com.pc'
[4.384s] Level 1:colcon.colcon_core.environment:checking '/home/klingjac/ws_offboard_control/src/install/px4_ros_com/lib/python3.10/site-packages'
[4.384s] Level 1:colcon.colcon_core.environment:checking '/home/klingjac/ws_offboard_control/src/install/px4_ros_com/bin'
[4.385s] INFO:colcon.colcon_core.shell:Creating package script '/home/klingjac/ws_offboard_control/src/install/px4_ros_com/share/px4_ros_com/package.ps1'
[4.385s] INFO:colcon.colcon_core.shell:Creating package descriptor '/home/klingjac/ws_offboard_control/src/install/px4_ros_com/share/px4_ros_com/package.dsv'
[4.385s] INFO:colcon.colcon_core.shell:Creating package script '/home/klingjac/ws_offboard_control/src/install/px4_ros_com/share/px4_ros_com/package.sh'
[4.385s] INFO:colcon.colcon_core.shell:Creating package script '/home/klingjac/ws_offboard_control/src/install/px4_ros_com/share/px4_ros_com/package.bash'
[4.386s] INFO:colcon.colcon_core.shell:Creating package script '/home/klingjac/ws_offboard_control/src/install/px4_ros_com/share/px4_ros_com/package.zsh'
[4.386s] Level 1:colcon.colcon_core.environment:create_file_with_runtime_dependencies(/home/klingjac/ws_offboard_control/src/install/px4_ros_com/share/colcon-core/packages/px4_ros_com)
[4.400s] Level 1:colcon.colcon_core.environment:create_environment_scripts_only(px4_ros_com)
[4.401s] Level 1:colcon.colcon_core.environment:checking '/home/klingjac/ws_offboard_control/src/install/px4_ros_com' for CMake module files
[4.402s] Level 1:colcon.colcon_core.environment:checking '/home/klingjac/ws_offboard_control/src/install/px4_ros_com' for CMake config files
[4.402s] Level 1:colcon.colcon_core.shell:create_environment_hook('px4_ros_com', 'cmake_prefix_path')
[4.402s] INFO:colcon.colcon_core.shell:Creating environment hook '/home/klingjac/ws_offboard_control/src/install/px4_ros_com/share/px4_ros_com/hook/cmake_prefix_path.ps1'
[4.402s] INFO:colcon.colcon_core.shell:Creating environment descriptor '/home/klingjac/ws_offboard_control/src/install/px4_ros_com/share/px4_ros_com/hook/cmake_prefix_path.dsv'
[4.403s] INFO:colcon.colcon_core.shell:Creating environment hook '/home/klingjac/ws_offboard_control/src/install/px4_ros_com/share/px4_ros_com/hook/cmake_prefix_path.sh'
[4.403s] Level 1:colcon.colcon_core.environment:checking '/home/klingjac/ws_offboard_control/src/install/px4_ros_com/lib'
[4.403s] Level 1:colcon.colcon_core.shell:create_environment_hook('px4_ros_com', 'ld_library_path_lib')
[4.403s] INFO:colcon.colcon_core.shell:Creating environment hook '/home/klingjac/ws_offboard_control/src/install/px4_ros_com/share/px4_ros_com/hook/ld_library_path_lib.ps1'
[4.403s] INFO:colcon.colcon_core.shell:Creating environment descriptor '/home/klingjac/ws_offboard_control/src/install/px4_ros_com/share/px4_ros_com/hook/ld_library_path_lib.dsv'
[4.404s] INFO:colcon.colcon_core.shell:Creating environment hook '/home/klingjac/ws_offboard_control/src/install/px4_ros_com/share/px4_ros_com/hook/ld_library_path_lib.sh'
[4.404s] Level 1:colcon.colcon_core.environment:checking '/home/klingjac/ws_offboard_control/src/install/px4_ros_com/bin'
[4.404s] Level 1:colcon.colcon_core.environment:checking '/home/klingjac/ws_offboard_control/src/install/px4_ros_com/lib/pkgconfig/px4_ros_com.pc'
[4.404s] Level 1:colcon.colcon_core.environment:checking '/home/klingjac/ws_offboard_control/src/install/px4_ros_com/lib/python3.10/site-packages'
[4.404s] Level 1:colcon.colcon_core.environment:checking '/home/klingjac/ws_offboard_control/src/install/px4_ros_com/bin'
[4.405s] INFO:colcon.colcon_core.shell:Creating package script '/home/klingjac/ws_offboard_control/src/install/px4_ros_com/share/px4_ros_com/package.ps1'
[4.405s] INFO:colcon.colcon_core.shell:Creating package descriptor '/home/klingjac/ws_offboard_control/src/install/px4_ros_com/share/px4_ros_com/package.dsv'
[4.405s] INFO:colcon.colcon_core.shell:Creating package script '/home/klingjac/ws_offboard_control/src/install/px4_ros_com/share/px4_ros_com/package.sh'
[4.405s] INFO:colcon.colcon_core.shell:Creating package script '/home/klingjac/ws_offboard_control/src/install/px4_ros_com/share/px4_ros_com/package.bash'
[4.405s] INFO:colcon.colcon_core.shell:Creating package script '/home/klingjac/ws_offboard_control/src/install/px4_ros_com/share/px4_ros_com/package.zsh'
[4.405s] Level 1:colcon.colcon_core.environment:create_file_with_runtime_dependencies(/home/klingjac/ws_offboard_control/src/install/px4_ros_com/share/colcon-core/packages/px4_ros_com)
[4.646s] DEBUG:colcon.colcon_core.event_handler.log_command:Invoking command in '/home/klingjac/ws_offboard_control/src/px4_visualize': AMENT_PREFIX_PATH=/home/klingjac/ws_offboard_control/src/install/px4_msgs:${AMENT_PREFIX_PATH} CMAKE_PREFIX_PATH=/home/klingjac/ws_offboard_control/src/install/px4_msgs LD_LIBRARY_PATH=/home/klingjac/ws_offboard_control/src/install/px4_msgs/lib:${LD_LIBRARY_PATH} PYTHONPATH=/home/klingjac/ws_offboard_control/src/build/px4_offboard/prefix_override:/home/klingjac/ws_offboard_control/src/install/px4_offboard/lib/python3.10/site-packages:/home/klingjac/ws_offboard_control/src/install/px4_msgs/local/lib/python3.10/dist-packages:${PYTHONPATH} /usr/bin/python3 setup.py egg_info --egg-base ../build/px4_offboard build --build-base /home/klingjac/ws_offboard_control/src/build/px4_offboard/build install --record /home/klingjac/ws_offboard_control/src/build/px4_offboard/install.log --single-version-externally-managed
[4.800s] Level 1:colcon.colcon_core.environment:checking '/home/klingjac/ws_offboard_control/src/install/px4_offboard' for CMake module files
[4.800s] DEBUG:colcon.colcon_core.event_handler.log_command:Invoked command in '/home/klingjac/ws_offboard_control/src/px4_visualize' returned '0': AMENT_PREFIX_PATH=/home/klingjac/ws_offboard_control/src/install/px4_msgs:${AMENT_PREFIX_PATH} CMAKE_PREFIX_PATH=/home/klingjac/ws_offboard_control/src/install/px4_msgs LD_LIBRARY_PATH=/home/klingjac/ws_offboard_control/src/install/px4_msgs/lib:${LD_LIBRARY_PATH} PYTHONPATH=/home/klingjac/ws_offboard_control/src/build/px4_offboard/prefix_override:/home/klingjac/ws_offboard_control/src/install/px4_offboard/lib/python3.10/site-packages:/home/klingjac/ws_offboard_control/src/install/px4_msgs/local/lib/python3.10/dist-packages:${PYTHONPATH} /usr/bin/python3 setup.py egg_info --egg-base ../build/px4_offboard build --build-base /home/klingjac/ws_offboard_control/src/build/px4_offboard/build install --record /home/klingjac/ws_offboard_control/src/build/px4_offboard/install.log --single-version-externally-managed
[4.800s] Level 1:colcon.colcon_core.environment:checking '/home/klingjac/ws_offboard_control/src/install/px4_offboard' for CMake config files
[4.800s] Level 1:colcon.colcon_core.environment:checking '/home/klingjac/ws_offboard_control/src/install/px4_offboard/lib'
[4.801s] Level 1:colcon.colcon_core.environment:checking '/home/klingjac/ws_offboard_control/src/install/px4_offboard/bin'
[4.801s] Level 1:colcon.colcon_core.environment:checking '/home/klingjac/ws_offboard_control/src/install/px4_offboard/lib/pkgconfig/px4_offboard.pc'
[4.801s] Level 1:colcon.colcon_core.environment:checking '/home/klingjac/ws_offboard_control/src/install/px4_offboard/lib/python3.10/site-packages'
[4.801s] Level 1:colcon.colcon_core.shell:create_environment_hook('px4_offboard', 'pythonpath')
[4.801s] INFO:colcon.colcon_core.shell:Creating environment hook '/home/klingjac/ws_offboard_control/src/install/px4_offboard/share/px4_offboard/hook/pythonpath.ps1'
[4.802s] INFO:colcon.colcon_core.shell:Creating environment descriptor '/home/klingjac/ws_offboard_control/src/install/px4_offboard/share/px4_offboard/hook/pythonpath.dsv'
[4.802s] INFO:colcon.colcon_core.shell:Creating environment hook '/home/klingjac/ws_offboard_control/src/install/px4_offboard/share/px4_offboard/hook/pythonpath.sh'
[4.802s] Level 1:colcon.colcon_core.environment:checking '/home/klingjac/ws_offboard_control/src/install/px4_offboard/bin'
[4.802s] Level 1:colcon.colcon_core.environment:create_environment_scripts_only(px4_offboard)
[4.803s] INFO:colcon.colcon_core.shell:Creating package script '/home/klingjac/ws_offboard_control/src/install/px4_offboard/share/px4_offboard/package.ps1'
[4.803s] INFO:colcon.colcon_core.shell:Creating package descriptor '/home/klingjac/ws_offboard_control/src/install/px4_offboard/share/px4_offboard/package.dsv'
[4.803s] INFO:colcon.colcon_core.shell:Creating package script '/home/klingjac/ws_offboard_control/src/install/px4_offboard/share/px4_offboard/package.sh'
[4.803s] INFO:colcon.colcon_core.shell:Creating package script '/home/klingjac/ws_offboard_control/src/install/px4_offboard/share/px4_offboard/package.bash'
[4.803s] INFO:colcon.colcon_core.shell:Creating package script '/home/klingjac/ws_offboard_control/src/install/px4_offboard/share/px4_offboard/package.zsh'
[4.803s] Level 1:colcon.colcon_core.environment:create_file_with_runtime_dependencies(/home/klingjac/ws_offboard_control/src/install/px4_offboard/share/colcon-core/packages/px4_offboard)
[4.803s] DEBUG:colcon.colcon_parallel_executor.executor.parallel:closing loop
[4.804s] DEBUG:colcon.colcon_parallel_executor.executor.parallel:loop closed
[4.804s] DEBUG:colcon.colcon_parallel_executor.executor.parallel:run_until_complete finished with '0'
[4.804s] DEBUG:colcon.colcon_core.event_reactor:joining thread
[4.856s] INFO:colcon.colcon_core.plugin_system:Skipping extension 'colcon_notification.desktop_notification.notify_send': Could not find 'notify-send'
[4.857s] INFO:colcon.colcon_core.plugin_system:Skipping extension 'colcon_notification.desktop_notification.terminal_notifier': Not used on non-Darwin systems
[4.857s] INFO:colcon.colcon_core.plugin_system:Skipping extension 'colcon_notification.desktop_notification.win32': Not used on non-Windows systems
[4.857s] INFO:colcon.colcon_notification.desktop_notification:Sending desktop notification using 'notify2'
[4.857s] DEBUG:colcon.colcon_notification.desktop_notification.notify2:Failed to initialize notify2: org.freedesktop.DBus.Error.FileNotFound: Failed to connect to socket /run/user/1000/bus: No such file or directory
[4.857s] DEBUG:colcon.colcon_core.event_reactor:joined thread
[4.858s] INFO:colcon.colcon_core.shell:Creating prefix script '/home/klingjac/ws_offboard_control/src/install/local_setup.ps1'
[4.859s] INFO:colcon.colcon_core.shell:Creating prefix util module '/home/klingjac/ws_offboard_control/src/install/_local_setup_util_ps1.py'
[4.860s] INFO:colcon.colcon_core.shell:Creating prefix chain script '/home/klingjac/ws_offboard_control/src/install/setup.ps1'
[4.861s] INFO:colcon.colcon_core.shell:Creating prefix script '/home/klingjac/ws_offboard_control/src/install/local_setup.sh'
[4.861s] INFO:colcon.colcon_core.shell:Creating prefix util module '/home/klingjac/ws_offboard_control/src/install/_local_setup_util_sh.py'
[4.862s] INFO:colcon.colcon_core.shell:Creating prefix chain script '/home/klingjac/ws_offboard_control/src/install/setup.sh'
[4.863s] INFO:colcon.colcon_core.shell:Creating prefix script '/home/klingjac/ws_offboard_control/src/install/local_setup.bash'
[4.863s] INFO:colcon.colcon_core.shell:Creating prefix chain script '/home/klingjac/ws_offboard_control/src/install/setup.bash'
[4.864s] INFO:colcon.colcon_core.shell:Creating prefix script '/home/klingjac/ws_offboard_control/src/install/local_setup.zsh'
[4.864s] INFO:colcon.colcon_core.shell:Creating prefix chain script '/home/klingjac/ws_offboard_control/src/install/setup.zsh'
