running egg_info
writing ../build/px4_offboard/px4_offboard.egg-info/PKG-INFO
writing dependency_links to ../build/px4_offboard/px4_offboard.egg-info/dependency_links.txt
writing entry points to ../build/px4_offboard/px4_offboard.egg-info/entry_points.txt
writing requirements to ../build/px4_offboard/px4_offboard.egg-info/requires.txt
writing top-level names to ../build/px4_offboard/px4_offboard.egg-info/top_level.txt
reading manifest file '../build/px4_offboard/px4_offboard.egg-info/SOURCES.txt'
adding license file 'LICENSE'
writing manifest file '../build/px4_offboard/px4_offboard.egg-info/SOURCES.txt'
running build
running build_py
running install
/home/klingjac/.local/lib/python3.10/site-packages/setuptools/command/install.py:34: SetuptoolsDeprecationWarning: setup.py install is deprecated. Use build and pip and other standards-based tools.
  warnings.warn(
running install_lib
running install_data
running install_egg_info
removing '/home/klingjac/ws_offboard_control/src/install/px4_offboard/lib/python3.10/site-packages/px4_offboard-0.0.0-py3.10.egg-info' (and everything under it)
Copying ../build/px4_offboard/px4_offboard.egg-info to /home/klingjac/ws_offboard_control/src/install/px4_offboard/lib/python3.10/site-packages/px4_offboard-0.0.0-py3.10.egg-info
running install_scripts
Installing offboard_control script to /home/klingjac/ws_offboard_control/src/install/px4_offboard/lib/px4_offboard
Installing visualizer script to /home/klingjac/ws_offboard_control/src/install/px4_offboard/lib/px4_offboard
writing list of installed files to '/home/klingjac/ws_offboard_control/src/build/px4_offboard/install.log'
