[0.012s] Invoking command in '/home/klingjac/ws_offboard_control/build/px4_msgs': CMAKE_PREFIX_PATH=/opt/ros/humble PS1=\[\e]0;\u@\h: \w\a\]${debian_chroot:+($debian_chroot)}\[\033[01;32m\]\u@\h\[\033[00m\]:\[\033[01;34m\]\w\[\033[00m\]\$ /usr/bin/cmake --build /home/klingjac/ws_offboard_control/build/px4_msgs -- -j20 -l20
[0.227s] [  0%] Built target px4_msgs__cpp
[0.242s] [  0%] Built target ament_cmake_python_copy_px4_msgs
[0.249s] [ 12%] Built target px4_msgs__rosidl_generator_c
[0.279s] [ 24%] Built target px4_msgs__rosidl_typesupport_cpp
[0.281s] [ 37%] Built target px4_msgs__rosidl_typesupport_c
[0.284s] [ 50%] Built target px4_msgs__rosidl_typesupport_introspection_cpp
[0.285s] [ 62%] Built target px4_msgs__rosidl_typesupport_fastrtps_cpp
[0.292s] [ 75%] Built target px4_msgs__rosidl_typesupport_introspection_c
[0.308s] [ 88%] Built target px4_msgs__rosidl_typesupport_fastrtps_c
[0.320s] [ 88%] Built target px4_msgs
[0.335s] [ 88%] Built target px4_msgs__py
[0.395s] running egg_info
[0.395s] writing px4_msgs.egg-info/PKG-INFO
[0.395s] writing dependency_links to px4_msgs.egg-info/dependency_links.txt
[0.395s] writing top-level names to px4_msgs.egg-info/top_level.txt
[0.397s] [100%] Built target px4_msgs__rosidl_generator_py
[0.397s] reading manifest file 'px4_msgs.egg-info/SOURCES.txt'
[0.399s] writing manifest file 'px4_msgs.egg-info/SOURCES.txt'
[0.411s] [100%] Built target px4_msgs__rosidl_typesupport_fastrtps_c__pyext
[0.411s] [100%] Built target px4_msgs__rosidl_typesupport_c__pyext
[0.411s] [100%] Built target px4_msgs__rosidl_typesupport_introspection_c__pyext
[0.417s] [100%] Built target ament_cmake_python_build_px4_msgs_egg
[0.423s] Invoked command in '/home/klingjac/ws_offboard_control/build/px4_msgs' returned '0': CMAKE_PREFIX_PATH=/opt/ros/humble PS1=\[\e]0;\u@\h: \w\a\]${debian_chroot:+($debian_chroot)}\[\033[01;32m\]\u@\h\[\033[00m\]:\[\033[01;34m\]\w\[\033[00m\]\$ /usr/bin/cmake --build /home/klingjac/ws_offboard_control/build/px4_msgs -- -j20 -l20
