[0.279s] DEBUG:colcon:Command line arguments: ['/usr/bin/colcon', 'build']
[0.279s] DEBUG:colcon:Parsed command line arguments: Namespace(log_base=None, log_level=None, verb_name='build', build_base='build', install_base='install', merge_install=False, symlink_install=False, test_result_base=None, continue_on_error=False, executor='parallel', parallel_workers=20, event_handlers=None, ignore_user_meta=False, metas=['./colcon.meta'], base_paths=['.'], packages_ignore=None, packages_ignore_regex=None, paths=None, packages_up_to=None, packages_up_to_regex=None, packages_above=None, packages_above_and_dependencies=None, packages_above_depth=None, packages_select_by_dep=None, packages_skip_by_dep=None, packages_skip_up_to=None, packages_select_build_failed=False, packages_skip_build_finished=False, packages_select_test_failures=False, packages_skip_test_passed=False, packages_select=None, packages_skip=None, packages_select_regex=None, packages_skip_regex=None, packages_start=None, packages_end=None, allow_overriding=[], cmake_args=None, cmake_target=None, cmake_target_skip_unavailable=False, cmake_clean_cache=False, cmake_clean_first=False, cmake_force_configure=False, ament_cmake_args=None, catkin_cmake_args=None, catkin_skip_building_tests=False, verb_parser=<colcon_defaults.argument_parser.defaults.DefaultArgumentsDecorator object at 0x7fb3c8e98d30>, verb_extension=<colcon_core.verb.build.BuildVerb object at 0x7fb3c987edd0>, main=<bound method BuildVerb.main of <colcon_core.verb.build.BuildVerb object at 0x7fb3c987edd0>>)
[0.294s] Level 1:colcon.colcon_core.package_discovery:discover_packages(colcon_meta) check parameters
[0.294s] Level 1:colcon.colcon_core.package_discovery:discover_packages(recursive) check parameters
[0.294s] Level 1:colcon.colcon_core.package_discovery:discover_packages(ignore) check parameters
[0.294s] Level 1:colcon.colcon_core.package_discovery:discover_packages(path) check parameters
[0.294s] Level 1:colcon.colcon_core.package_discovery:discover_packages(colcon_meta) discover
[0.294s] Level 1:colcon.colcon_core.package_discovery:discover_packages(recursive) discover
[0.294s] INFO:colcon.colcon_core.package_discovery:Crawling recursively for packages in '/home/klingjac/ws_offboard_control'
[0.294s] Level 1:colcon.colcon_core.package_identification:_identify(.) by extensions ['ignore', 'ignore_ament_install']
[0.294s] Level 1:colcon.colcon_core.package_identification:_identify(.) by extension 'ignore'
[0.294s] Level 1:colcon.colcon_core.package_identification:_identify(.) by extension 'ignore_ament_install'
[0.294s] Level 1:colcon.colcon_core.package_identification:_identify(.) by extensions ['colcon_pkg']
[0.294s] Level 1:colcon.colcon_core.package_identification:_identify(.) by extension 'colcon_pkg'
[0.294s] Level 1:colcon.colcon_core.package_identification:_identify(.) by extensions ['colcon_meta']
[0.294s] Level 1:colcon.colcon_core.package_identification:_identify(.) by extension 'colcon_meta'
[0.294s] Level 1:colcon.colcon_core.package_identification:_identify(.) by extensions ['ros']
[0.294s] Level 1:colcon.colcon_core.package_identification:_identify(.) by extension 'ros'
[0.302s] Level 1:colcon.colcon_core.package_identification:_identify(.) by extensions ['cmake', 'python']
[0.302s] Level 1:colcon.colcon_core.package_identification:_identify(.) by extension 'cmake'
[0.302s] Level 1:colcon.colcon_core.package_identification:_identify(.) by extension 'python'
[0.302s] Level 1:colcon.colcon_core.package_identification:_identify(.) by extensions ['python_setup_py']
[0.302s] Level 1:colcon.colcon_core.package_identification:_identify(.) by extension 'python_setup_py'
[0.303s] Level 1:colcon.colcon_core.package_identification:_identify(build) by extensions ['ignore', 'ignore_ament_install']
[0.303s] Level 1:colcon.colcon_core.package_identification:_identify(build) by extension 'ignore'
[0.303s] Level 1:colcon.colcon_core.package_identification:_identify(build) ignored
[0.303s] Level 1:colcon.colcon_core.package_identification:_identify(install) by extensions ['ignore', 'ignore_ament_install']
[0.303s] Level 1:colcon.colcon_core.package_identification:_identify(install) by extension 'ignore'
[0.303s] Level 1:colcon.colcon_core.package_identification:_identify(install) ignored
[0.303s] Level 1:colcon.colcon_core.package_identification:_identify(log) by extensions ['ignore', 'ignore_ament_install']
[0.303s] Level 1:colcon.colcon_core.package_identification:_identify(log) by extension 'ignore'
[0.303s] Level 1:colcon.colcon_core.package_identification:_identify(log) ignored
[0.303s] Level 1:colcon.colcon_core.package_identification:_identify(src) by extensions ['ignore', 'ignore_ament_install']
[0.303s] Level 1:colcon.colcon_core.package_identification:_identify(src) by extension 'ignore'
[0.303s] Level 1:colcon.colcon_core.package_identification:_identify(src) by extension 'ignore_ament_install'
[0.303s] Level 1:colcon.colcon_core.package_identification:_identify(src) by extensions ['colcon_pkg']
[0.303s] Level 1:colcon.colcon_core.package_identification:_identify(src) by extension 'colcon_pkg'
[0.303s] Level 1:colcon.colcon_core.package_identification:_identify(src) by extensions ['colcon_meta']
[0.303s] Level 1:colcon.colcon_core.package_identification:_identify(src) by extension 'colcon_meta'
[0.303s] Level 1:colcon.colcon_core.package_identification:_identify(src) by extensions ['ros']
[0.303s] Level 1:colcon.colcon_core.package_identification:_identify(src) by extension 'ros'
[0.303s] Level 1:colcon.colcon_core.package_identification:_identify(src) by extensions ['cmake', 'python']
[0.303s] Level 1:colcon.colcon_core.package_identification:_identify(src) by extension 'cmake'
[0.303s] Level 1:colcon.colcon_core.package_identification:_identify(src) by extension 'python'
[0.303s] Level 1:colcon.colcon_core.package_identification:_identify(src) by extensions ['python_setup_py']
[0.303s] Level 1:colcon.colcon_core.package_identification:_identify(src) by extension 'python_setup_py'
[0.303s] Level 1:colcon.colcon_core.package_identification:_identify(src/build) by extensions ['ignore', 'ignore_ament_install']
[0.303s] Level 1:colcon.colcon_core.package_identification:_identify(src/build) by extension 'ignore'
[0.303s] Level 1:colcon.colcon_core.package_identification:_identify(src/build) ignored
[0.303s] Level 1:colcon.colcon_core.package_identification:_identify(src/install) by extensions ['ignore', 'ignore_ament_install']
[0.303s] Level 1:colcon.colcon_core.package_identification:_identify(src/install) by extension 'ignore'
[0.303s] Level 1:colcon.colcon_core.package_identification:_identify(src/install) ignored
[0.303s] Level 1:colcon.colcon_core.package_identification:_identify(src/log) by extensions ['ignore', 'ignore_ament_install']
[0.303s] Level 1:colcon.colcon_core.package_identification:_identify(src/log) by extension 'ignore'
[0.303s] Level 1:colcon.colcon_core.package_identification:_identify(src/log) ignored
[0.303s] Level 1:colcon.colcon_core.package_identification:_identify(src/px4_msgs) by extensions ['ignore', 'ignore_ament_install']
[0.303s] Level 1:colcon.colcon_core.package_identification:_identify(src/px4_msgs) by extension 'ignore'
[0.303s] Level 1:colcon.colcon_core.package_identification:_identify(src/px4_msgs) by extension 'ignore_ament_install'
[0.304s] Level 1:colcon.colcon_core.package_identification:_identify(src/px4_msgs) by extensions ['colcon_pkg']
[0.304s] Level 1:colcon.colcon_core.package_identification:_identify(src/px4_msgs) by extension 'colcon_pkg'
[0.304s] Level 1:colcon.colcon_core.package_identification:_identify(src/px4_msgs) by extensions ['colcon_meta']
[0.304s] Level 1:colcon.colcon_core.package_identification:_identify(src/px4_msgs) by extension 'colcon_meta'
[0.304s] Level 1:colcon.colcon_core.package_identification:_identify(src/px4_msgs) by extensions ['ros']
[0.304s] Level 1:colcon.colcon_core.package_identification:_identify(src/px4_msgs) by extension 'ros'
[0.305s] DEBUG:colcon.colcon_core.package_identification:Package 'src/px4_msgs' with type 'ros.ament_cmake' and name 'px4_msgs'
[0.305s] Level 1:colcon.colcon_core.package_identification:_identify(src/px4_ros_com) by extensions ['ignore', 'ignore_ament_install']
[0.305s] Level 1:colcon.colcon_core.package_identification:_identify(src/px4_ros_com) by extension 'ignore'
[0.305s] Level 1:colcon.colcon_core.package_identification:_identify(src/px4_ros_com) by extension 'ignore_ament_install'
[0.305s] Level 1:colcon.colcon_core.package_identification:_identify(src/px4_ros_com) by extensions ['colcon_pkg']
[0.305s] Level 1:colcon.colcon_core.package_identification:_identify(src/px4_ros_com) by extension 'colcon_pkg'
[0.305s] Level 1:colcon.colcon_core.package_identification:_identify(src/px4_ros_com) by extensions ['colcon_meta']
[0.305s] Level 1:colcon.colcon_core.package_identification:_identify(src/px4_ros_com) by extension 'colcon_meta'
[0.306s] Level 1:colcon.colcon_core.package_identification:_identify(src/px4_ros_com) by extensions ['ros']
[0.306s] Level 1:colcon.colcon_core.package_identification:_identify(src/px4_ros_com) by extension 'ros'
[0.306s] DEBUG:colcon.colcon_core.package_identification:Package 'src/px4_ros_com' with type 'ros.ament_cmake' and name 'px4_ros_com'
[0.306s] Level 1:colcon.colcon_core.package_identification:_identify(src/px4_visualize) by extensions ['ignore', 'ignore_ament_install']
[0.306s] Level 1:colcon.colcon_core.package_identification:_identify(src/px4_visualize) by extension 'ignore'
[0.306s] Level 1:colcon.colcon_core.package_identification:_identify(src/px4_visualize) by extension 'ignore_ament_install'
[0.306s] Level 1:colcon.colcon_core.package_identification:_identify(src/px4_visualize) by extensions ['colcon_pkg']
[0.306s] Level 1:colcon.colcon_core.package_identification:_identify(src/px4_visualize) by extension 'colcon_pkg'
[0.306s] Level 1:colcon.colcon_core.package_identification:_identify(src/px4_visualize) by extensions ['colcon_meta']
[0.306s] Level 1:colcon.colcon_core.package_identification:_identify(src/px4_visualize) by extension 'colcon_meta'
[0.306s] Level 1:colcon.colcon_core.package_identification:_identify(src/px4_visualize) by extensions ['ros']
[0.306s] Level 1:colcon.colcon_core.package_identification:_identify(src/px4_visualize) by extension 'ros'
[0.307s] DEBUG:colcon.colcon_core.package_identification:Package 'src/px4_visualize' with type 'ros.ament_python' and name 'px4_offboard'
[0.307s] Level 1:colcon.colcon_core.package_discovery:discover_packages(recursive) using defaults
[0.307s] Level 1:colcon.colcon_core.package_discovery:discover_packages(ignore) discover
[0.307s] Level 1:colcon.colcon_core.package_discovery:discover_packages(ignore) using defaults
[0.307s] Level 1:colcon.colcon_core.package_discovery:discover_packages(path) discover
[0.307s] Level 1:colcon.colcon_core.package_discovery:discover_packages(path) using defaults
[0.320s] Level 1:colcon.colcon_core.package_discovery:discover_packages(prefix_path) check parameters
[0.320s] Level 1:colcon.colcon_core.package_discovery:discover_packages(prefix_path) discover
[0.321s] DEBUG:colcon.colcon_installed_package_information.package_discovery:Found 3 installed packages in /home/klingjac/ws_offboard_control/install
[0.322s] DEBUG:colcon.colcon_installed_package_information.package_discovery:Found 269 installed packages in /opt/ros/humble
[0.323s] Level 1:colcon.colcon_core.package_discovery:discover_packages(prefix_path) using defaults
[0.350s] Level 5:colcon.colcon_core.verb:set package 'px4_msgs' build argument 'cmake_args' from command line to 'None'
[0.350s] Level 5:colcon.colcon_core.verb:set package 'px4_msgs' build argument 'cmake_target' from command line to 'None'
[0.350s] Level 5:colcon.colcon_core.verb:set package 'px4_msgs' build argument 'cmake_target_skip_unavailable' from command line to 'False'
[0.350s] Level 5:colcon.colcon_core.verb:set package 'px4_msgs' build argument 'cmake_clean_cache' from command line to 'False'
[0.350s] Level 5:colcon.colcon_core.verb:set package 'px4_msgs' build argument 'cmake_clean_first' from command line to 'False'
[0.350s] Level 5:colcon.colcon_core.verb:set package 'px4_msgs' build argument 'cmake_force_configure' from command line to 'False'
[0.350s] Level 5:colcon.colcon_core.verb:set package 'px4_msgs' build argument 'ament_cmake_args' from command line to 'None'
[0.350s] Level 5:colcon.colcon_core.verb:set package 'px4_msgs' build argument 'catkin_cmake_args' from command line to 'None'
[0.350s] Level 5:colcon.colcon_core.verb:set package 'px4_msgs' build argument 'catkin_skip_building_tests' from command line to 'False'
[0.350s] DEBUG:colcon.colcon_core.verb:Building package 'px4_msgs' with the following arguments: {'ament_cmake_args': None, 'build_base': '/home/klingjac/ws_offboard_control/build/px4_msgs', 'catkin_cmake_args': None, 'catkin_skip_building_tests': False, 'cmake_args': None, 'cmake_clean_cache': False, 'cmake_clean_first': False, 'cmake_force_configure': False, 'cmake_target': None, 'cmake_target_skip_unavailable': False, 'install_base': '/home/klingjac/ws_offboard_control/install/px4_msgs', 'merge_install': False, 'path': '/home/klingjac/ws_offboard_control/src/px4_msgs', 'symlink_install': False, 'test_result_base': None}
[0.351s] Level 5:colcon.colcon_core.verb:set package 'px4_offboard' build argument 'cmake_args' from command line to 'None'
[0.351s] Level 5:colcon.colcon_core.verb:set package 'px4_offboard' build argument 'cmake_target' from command line to 'None'
[0.351s] Level 5:colcon.colcon_core.verb:set package 'px4_offboard' build argument 'cmake_target_skip_unavailable' from command line to 'False'
[0.351s] Level 5:colcon.colcon_core.verb:set package 'px4_offboard' build argument 'cmake_clean_cache' from command line to 'False'
[0.351s] Level 5:colcon.colcon_core.verb:set package 'px4_offboard' build argument 'cmake_clean_first' from command line to 'False'
[0.351s] Level 5:colcon.colcon_core.verb:set package 'px4_offboard' build argument 'cmake_force_configure' from command line to 'False'
[0.351s] Level 5:colcon.colcon_core.verb:set package 'px4_offboard' build argument 'ament_cmake_args' from command line to 'None'
[0.351s] Level 5:colcon.colcon_core.verb:set package 'px4_offboard' build argument 'catkin_cmake_args' from command line to 'None'
[0.351s] Level 5:colcon.colcon_core.verb:set package 'px4_offboard' build argument 'catkin_skip_building_tests' from command line to 'False'
[0.351s] DEBUG:colcon.colcon_core.verb:Building package 'px4_offboard' with the following arguments: {'ament_cmake_args': None, 'build_base': '/home/klingjac/ws_offboard_control/build/px4_offboard', 'catkin_cmake_args': None, 'catkin_skip_building_tests': False, 'cmake_args': None, 'cmake_clean_cache': False, 'cmake_clean_first': False, 'cmake_force_configure': False, 'cmake_target': None, 'cmake_target_skip_unavailable': False, 'install_base': '/home/klingjac/ws_offboard_control/install/px4_offboard', 'merge_install': False, 'path': '/home/klingjac/ws_offboard_control/src/px4_visualize', 'symlink_install': False, 'test_result_base': None}
[0.351s] Level 5:colcon.colcon_core.verb:set package 'px4_ros_com' build argument 'cmake_args' from command line to 'None'
[0.351s] Level 5:colcon.colcon_core.verb:set package 'px4_ros_com' build argument 'cmake_target' from command line to 'None'
[0.351s] Level 5:colcon.colcon_core.verb:set package 'px4_ros_com' build argument 'cmake_target_skip_unavailable' from command line to 'False'
[0.351s] Level 5:colcon.colcon_core.verb:set package 'px4_ros_com' build argument 'cmake_clean_cache' from command line to 'False'
[0.351s] Level 5:colcon.colcon_core.verb:set package 'px4_ros_com' build argument 'cmake_clean_first' from command line to 'False'
[0.351s] Level 5:colcon.colcon_core.verb:set package 'px4_ros_com' build argument 'cmake_force_configure' from command line to 'False'
[0.351s] Level 5:colcon.colcon_core.verb:set package 'px4_ros_com' build argument 'ament_cmake_args' from command line to 'None'
[0.351s] Level 5:colcon.colcon_core.verb:set package 'px4_ros_com' build argument 'catkin_cmake_args' from command line to 'None'
[0.352s] Level 5:colcon.colcon_core.verb:set package 'px4_ros_com' build argument 'catkin_skip_building_tests' from command line to 'False'
[0.352s] DEBUG:colcon.colcon_core.verb:Building package 'px4_ros_com' with the following arguments: {'ament_cmake_args': None, 'build_base': '/home/klingjac/ws_offboard_control/build/px4_ros_com', 'catkin_cmake_args': None, 'catkin_skip_building_tests': False, 'cmake_args': None, 'cmake_clean_cache': False, 'cmake_clean_first': False, 'cmake_force_configure': False, 'cmake_target': None, 'cmake_target_skip_unavailable': False, 'install_base': '/home/klingjac/ws_offboard_control/install/px4_ros_com', 'merge_install': False, 'path': '/home/klingjac/ws_offboard_control/src/px4_ros_com', 'symlink_install': False, 'test_result_base': None}
[0.352s] INFO:colcon.colcon_core.executor:Executing jobs using 'parallel' executor
[0.354s] DEBUG:colcon.colcon_parallel_executor.executor.parallel:run_until_complete
[0.354s] INFO:colcon.colcon_ros.task.ament_cmake.build:Building ROS package in '/home/klingjac/ws_offboard_control/src/px4_msgs' with build type 'ament_cmake'
[0.354s] INFO:colcon.colcon_cmake.task.cmake.build:Building CMake package in '/home/klingjac/ws_offboard_control/src/px4_msgs'
[0.356s] INFO:colcon.colcon_core.plugin_system:Skipping extension 'colcon_core.shell.bat': Not used on non-Windows systems
[0.356s] INFO:colcon.colcon_core.shell:Skip shell extension 'powershell' for command environment: Not usable outside of PowerShell
[0.357s] DEBUG:colcon.colcon_core.shell:Skip shell extension 'dsv' for command environment
[0.364s] DEBUG:colcon.colcon_core.event_handler.log_command:Invoking command in '/home/klingjac/ws_offboard_control/build/px4_msgs': CMAKE_PREFIX_PATH=${CMAKE_PREFIX_PATH}:/opt/ros/humble:/home/klingjac/ws_offboard_control/install/px4_offboard /usr/bin/cmake --build /home/klingjac/ws_offboard_control/build/px4_msgs -- -j20 -l20
[0.847s] DEBUG:colcon.colcon_core.event_handler.log_command:Invoked command in '/home/klingjac/ws_offboard_control/build/px4_msgs' returned '0': CMAKE_PREFIX_PATH=${CMAKE_PREFIX_PATH}:/opt/ros/humble:/home/klingjac/ws_offboard_control/install/px4_offboard /usr/bin/cmake --build /home/klingjac/ws_offboard_control/build/px4_msgs -- -j20 -l20
[2.591s] DEBUG:colcon.colcon_core.event_handler.log_command:Invoking command in '/home/klingjac/ws_offboard_control/build/px4_msgs': CMAKE_PREFIX_PATH=${CMAKE_PREFIX_PATH}:/opt/ros/humble:/home/klingjac/ws_offboard_control/install/px4_offboard /usr/bin/cmake --install /home/klingjac/ws_offboard_control/build/px4_msgs
[2.814s] Level 1:colcon.colcon_core.environment:create_environment_scripts_only(px4_msgs)
[2.855s] DEBUG:colcon.colcon_core.event_handler.log_command:Invoked command in '/home/klingjac/ws_offboard_control/build/px4_msgs' returned '0': CMAKE_PREFIX_PATH=${CMAKE_PREFIX_PATH}:/opt/ros/humble:/home/klingjac/ws_offboard_control/install/px4_offboard /usr/bin/cmake --install /home/klingjac/ws_offboard_control/build/px4_msgs
[2.856s] Level 1:colcon.colcon_core.environment:checking '/home/klingjac/ws_offboard_control/install/px4_msgs' for CMake module files
[2.857s] Level 1:colcon.colcon_core.environment:checking '/home/klingjac/ws_offboard_control/install/px4_msgs' for CMake config files
[2.857s] Level 1:colcon.colcon_core.shell:create_environment_hook('px4_msgs', 'cmake_prefix_path')
[2.857s] INFO:colcon.colcon_core.shell:Creating environment hook '/home/klingjac/ws_offboard_control/install/px4_msgs/share/px4_msgs/hook/cmake_prefix_path.ps1'
[2.858s] INFO:colcon.colcon_core.shell:Creating environment descriptor '/home/klingjac/ws_offboard_control/install/px4_msgs/share/px4_msgs/hook/cmake_prefix_path.dsv'
[2.858s] INFO:colcon.colcon_core.shell:Creating environment hook '/home/klingjac/ws_offboard_control/install/px4_msgs/share/px4_msgs/hook/cmake_prefix_path.sh'
[2.859s] Level 1:colcon.colcon_core.environment:checking '/home/klingjac/ws_offboard_control/install/px4_msgs/lib'
[2.859s] Level 1:colcon.colcon_core.shell:create_environment_hook('px4_msgs', 'ld_library_path_lib')
[2.859s] INFO:colcon.colcon_core.shell:Creating environment hook '/home/klingjac/ws_offboard_control/install/px4_msgs/share/px4_msgs/hook/ld_library_path_lib.ps1'
[2.859s] INFO:colcon.colcon_core.shell:Creating environment descriptor '/home/klingjac/ws_offboard_control/install/px4_msgs/share/px4_msgs/hook/ld_library_path_lib.dsv'
[2.860s] INFO:colcon.colcon_core.shell:Creating environment hook '/home/klingjac/ws_offboard_control/install/px4_msgs/share/px4_msgs/hook/ld_library_path_lib.sh'
[2.860s] Level 1:colcon.colcon_core.environment:checking '/home/klingjac/ws_offboard_control/install/px4_msgs/bin'
[2.860s] Level 1:colcon.colcon_core.environment:checking '/home/klingjac/ws_offboard_control/install/px4_msgs/lib/pkgconfig/px4_msgs.pc'
[2.860s] Level 1:colcon.colcon_core.environment:checking '/home/klingjac/ws_offboard_control/install/px4_msgs/lib/python3.10/site-packages'
[2.860s] Level 1:colcon.colcon_core.environment:checking '/home/klingjac/ws_offboard_control/install/px4_msgs/bin'
[2.861s] INFO:colcon.colcon_core.shell:Creating package script '/home/klingjac/ws_offboard_control/install/px4_msgs/share/px4_msgs/package.ps1'
[2.862s] INFO:colcon.colcon_core.shell:Creating package descriptor '/home/klingjac/ws_offboard_control/install/px4_msgs/share/px4_msgs/package.dsv'
[2.862s] INFO:colcon.colcon_core.shell:Creating package script '/home/klingjac/ws_offboard_control/install/px4_msgs/share/px4_msgs/package.sh'
[2.862s] INFO:colcon.colcon_core.shell:Creating package script '/home/klingjac/ws_offboard_control/install/px4_msgs/share/px4_msgs/package.bash'
[2.863s] INFO:colcon.colcon_core.shell:Creating package script '/home/klingjac/ws_offboard_control/install/px4_msgs/share/px4_msgs/package.zsh'
[2.863s] Level 1:colcon.colcon_core.environment:create_file_with_runtime_dependencies(/home/klingjac/ws_offboard_control/install/px4_msgs/share/colcon-core/packages/px4_msgs)
[4.566s] Level 1:colcon.colcon_core.environment:create_environment_scripts_only(px4_msgs)
[4.567s] Level 1:colcon.colcon_core.environment:checking '/home/klingjac/ws_offboard_control/install/px4_msgs' for CMake module files
[4.567s] Level 1:colcon.colcon_core.environment:checking '/home/klingjac/ws_offboard_control/install/px4_msgs' for CMake config files
[4.568s] Level 1:colcon.colcon_core.shell:create_environment_hook('px4_msgs', 'cmake_prefix_path')
[4.568s] INFO:colcon.colcon_core.shell:Creating environment hook '/home/klingjac/ws_offboard_control/install/px4_msgs/share/px4_msgs/hook/cmake_prefix_path.ps1'
[4.568s] INFO:colcon.colcon_core.shell:Creating environment descriptor '/home/klingjac/ws_offboard_control/install/px4_msgs/share/px4_msgs/hook/cmake_prefix_path.dsv'
[4.568s] INFO:colcon.colcon_core.shell:Creating environment hook '/home/klingjac/ws_offboard_control/install/px4_msgs/share/px4_msgs/hook/cmake_prefix_path.sh'
[4.569s] Level 1:colcon.colcon_core.environment:checking '/home/klingjac/ws_offboard_control/install/px4_msgs/lib'
[4.569s] Level 1:colcon.colcon_core.shell:create_environment_hook('px4_msgs', 'ld_library_path_lib')
[4.569s] INFO:colcon.colcon_core.shell:Creating environment hook '/home/klingjac/ws_offboard_control/install/px4_msgs/share/px4_msgs/hook/ld_library_path_lib.ps1'
[4.569s] INFO:colcon.colcon_core.shell:Creating environment descriptor '/home/klingjac/ws_offboard_control/install/px4_msgs/share/px4_msgs/hook/ld_library_path_lib.dsv'
[4.569s] INFO:colcon.colcon_core.shell:Creating environment hook '/home/klingjac/ws_offboard_control/install/px4_msgs/share/px4_msgs/hook/ld_library_path_lib.sh'
[4.570s] Level 1:colcon.colcon_core.environment:checking '/home/klingjac/ws_offboard_control/install/px4_msgs/bin'
[4.570s] Level 1:colcon.colcon_core.environment:checking '/home/klingjac/ws_offboard_control/install/px4_msgs/lib/pkgconfig/px4_msgs.pc'
[4.570s] Level 1:colcon.colcon_core.environment:checking '/home/klingjac/ws_offboard_control/install/px4_msgs/lib/python3.10/site-packages'
[4.570s] Level 1:colcon.colcon_core.environment:checking '/home/klingjac/ws_offboard_control/install/px4_msgs/bin'
[4.571s] INFO:colcon.colcon_core.shell:Creating package script '/home/klingjac/ws_offboard_control/install/px4_msgs/share/px4_msgs/package.ps1'
[4.571s] INFO:colcon.colcon_core.shell:Creating package descriptor '/home/klingjac/ws_offboard_control/install/px4_msgs/share/px4_msgs/package.dsv'
[4.571s] INFO:colcon.colcon_core.shell:Creating package script '/home/klingjac/ws_offboard_control/install/px4_msgs/share/px4_msgs/package.sh'
[4.571s] INFO:colcon.colcon_core.shell:Creating package script '/home/klingjac/ws_offboard_control/install/px4_msgs/share/px4_msgs/package.bash'
[4.572s] INFO:colcon.colcon_core.shell:Creating package script '/home/klingjac/ws_offboard_control/install/px4_msgs/share/px4_msgs/package.zsh'
[4.572s] Level 1:colcon.colcon_core.environment:create_file_with_runtime_dependencies(/home/klingjac/ws_offboard_control/install/px4_msgs/share/colcon-core/packages/px4_msgs)
[4.572s] INFO:colcon.colcon_ros.task.ament_python.build:Building ROS package in '/home/klingjac/ws_offboard_control/src/px4_visualize' with build type 'ament_python'
[4.572s] Level 1:colcon.colcon_core.shell:create_environment_hook('px4_offboard', 'ament_prefix_path')
[4.573s] INFO:colcon.colcon_core.shell:Creating environment hook '/home/klingjac/ws_offboard_control/install/px4_offboard/share/px4_offboard/hook/ament_prefix_path.ps1'
[4.574s] INFO:colcon.colcon_core.shell:Creating environment descriptor '/home/klingjac/ws_offboard_control/install/px4_offboard/share/px4_offboard/hook/ament_prefix_path.dsv'
[4.574s] INFO:colcon.colcon_core.shell:Creating environment hook '/home/klingjac/ws_offboard_control/install/px4_offboard/share/px4_offboard/hook/ament_prefix_path.sh'
[4.575s] INFO:colcon.colcon_core.shell:Skip shell extension 'powershell' for command environment: Not usable outside of PowerShell
[4.575s] DEBUG:colcon.colcon_core.shell:Skip shell extension 'dsv' for command environment
[4.578s] INFO:colcon.colcon_ros.task.ament_cmake.build:Building ROS package in '/home/klingjac/ws_offboard_control/src/px4_ros_com' with build type 'ament_cmake'
[4.578s] INFO:colcon.colcon_cmake.task.cmake.build:Building CMake package in '/home/klingjac/ws_offboard_control/src/px4_ros_com'
[4.579s] INFO:colcon.colcon_core.shell:Skip shell extension 'powershell' for command environment: Not usable outside of PowerShell
[4.579s] DEBUG:colcon.colcon_core.shell:Skip shell extension 'dsv' for command environment
[4.644s] DEBUG:colcon.colcon_core.event_handler.log_command:Invoking command in '/home/klingjac/ws_offboard_control/build/px4_ros_com': CMAKE_PREFIX_PATH=/home/klingjac/ws_offboard_control/install/px4_msgs:/home/klingjac/ws_offboard_control/install/px4_ros_com:/opt/ros/humble:/home/klingjac/ws_offboard_control/install/px4_offboard LD_LIBRARY_PATH=/home/klingjac/ws_offboard_control/install/px4_msgs/lib:/opt/ros/humble/opt/rviz_ogre_vendor/lib:/opt/ros/humble/lib/x86_64-linux-gnu:/opt/ros/humble/lib:/home/klingjac/ws_offboard_control/install/px4_ros_com/lib /usr/bin/cmake --build /home/klingjac/ws_offboard_control/build/px4_ros_com -- -j20 -l20
[4.798s] INFO:colcon.colcon_core.task.python.build:Building Python package in '/home/klingjac/ws_offboard_control/src/px4_visualize'
[4.799s] INFO:colcon.colcon_core.shell:Skip shell extension 'powershell' for command environment: Not usable outside of PowerShell
[4.799s] DEBUG:colcon.colcon_core.shell:Skip shell extension 'dsv' for command environment
[5.129s] DEBUG:colcon.colcon_core.event_handler.log_command:Invoking command in '/home/klingjac/ws_offboard_control/src/px4_visualize': CMAKE_PREFIX_PATH=/home/klingjac/ws_offboard_control/install/px4_msgs:/home/klingjac/ws_offboard_control/install/px4_ros_com LD_LIBRARY_PATH=/home/klingjac/ws_offboard_control/install/px4_msgs/lib:/opt/ros/humble/opt/rviz_ogre_vendor/lib:/opt/ros/humble/lib/x86_64-linux-gnu:/opt/ros/humble/lib:/home/klingjac/ws_offboard_control/install/px4_ros_com/lib PYTHONPATH=/home/klingjac/ws_offboard_control/build/px4_offboard/prefix_override:/home/klingjac/ws_offboard_control/install/px4_offboard/lib/python3.10/site-packages:${PYTHONPATH} /usr/bin/python3 setup.py egg_info --egg-base ../../build/px4_offboard build --build-base /home/klingjac/ws_offboard_control/build/px4_offboard/build install --record /home/klingjac/ws_offboard_control/build/px4_offboard/install.log --single-version-externally-managed
[5.303s] Level 1:colcon.colcon_core.environment:checking '/home/klingjac/ws_offboard_control/install/px4_offboard' for CMake module files
[5.303s] DEBUG:colcon.colcon_core.event_handler.log_command:Invoked command in '/home/klingjac/ws_offboard_control/src/px4_visualize' returned '0': CMAKE_PREFIX_PATH=/home/klingjac/ws_offboard_control/install/px4_msgs:/home/klingjac/ws_offboard_control/install/px4_ros_com LD_LIBRARY_PATH=/home/klingjac/ws_offboard_control/install/px4_msgs/lib:/opt/ros/humble/opt/rviz_ogre_vendor/lib:/opt/ros/humble/lib/x86_64-linux-gnu:/opt/ros/humble/lib:/home/klingjac/ws_offboard_control/install/px4_ros_com/lib PYTHONPATH=/home/klingjac/ws_offboard_control/build/px4_offboard/prefix_override:/home/klingjac/ws_offboard_control/install/px4_offboard/lib/python3.10/site-packages:${PYTHONPATH} /usr/bin/python3 setup.py egg_info --egg-base ../../build/px4_offboard build --build-base /home/klingjac/ws_offboard_control/build/px4_offboard/build install --record /home/klingjac/ws_offboard_control/build/px4_offboard/install.log --single-version-externally-managed
[5.303s] Level 1:colcon.colcon_core.environment:checking '/home/klingjac/ws_offboard_control/install/px4_offboard' for CMake config files
[5.304s] Level 1:colcon.colcon_core.environment:checking '/home/klingjac/ws_offboard_control/install/px4_offboard/lib'
[5.304s] Level 1:colcon.colcon_core.environment:checking '/home/klingjac/ws_offboard_control/install/px4_offboard/bin'
[5.304s] Level 1:colcon.colcon_core.environment:checking '/home/klingjac/ws_offboard_control/install/px4_offboard/lib/pkgconfig/px4_offboard.pc'
[5.304s] Level 1:colcon.colcon_core.environment:checking '/home/klingjac/ws_offboard_control/install/px4_offboard/lib/python3.10/site-packages'
[5.304s] Level 1:colcon.colcon_core.shell:create_environment_hook('px4_offboard', 'pythonpath')
[5.304s] INFO:colcon.colcon_core.shell:Creating environment hook '/home/klingjac/ws_offboard_control/install/px4_offboard/share/px4_offboard/hook/pythonpath.ps1'
[5.305s] INFO:colcon.colcon_core.shell:Creating environment descriptor '/home/klingjac/ws_offboard_control/install/px4_offboard/share/px4_offboard/hook/pythonpath.dsv'
[5.305s] INFO:colcon.colcon_core.shell:Creating environment hook '/home/klingjac/ws_offboard_control/install/px4_offboard/share/px4_offboard/hook/pythonpath.sh'
[5.305s] Level 1:colcon.colcon_core.environment:checking '/home/klingjac/ws_offboard_control/install/px4_offboard/bin'
[5.305s] Level 1:colcon.colcon_core.environment:create_environment_scripts_only(px4_offboard)
[5.306s] INFO:colcon.colcon_core.shell:Creating package script '/home/klingjac/ws_offboard_control/install/px4_offboard/share/px4_offboard/package.ps1'
[5.306s] INFO:colcon.colcon_core.shell:Creating package descriptor '/home/klingjac/ws_offboard_control/install/px4_offboard/share/px4_offboard/package.dsv'
[5.306s] INFO:colcon.colcon_core.shell:Creating package script '/home/klingjac/ws_offboard_control/install/px4_offboard/share/px4_offboard/package.sh'
[5.306s] INFO:colcon.colcon_core.shell:Creating package script '/home/klingjac/ws_offboard_control/install/px4_offboard/share/px4_offboard/package.bash'
[5.306s] INFO:colcon.colcon_core.shell:Creating package script '/home/klingjac/ws_offboard_control/install/px4_offboard/share/px4_offboard/package.zsh'
[5.307s] Level 1:colcon.colcon_core.environment:create_file_with_runtime_dependencies(/home/klingjac/ws_offboard_control/install/px4_offboard/share/colcon-core/packages/px4_offboard)
[13.216s] DEBUG:colcon.colcon_core.event_handler.log_command:Invoked command in '/home/klingjac/ws_offboard_control/build/px4_ros_com' returned '0': CMAKE_PREFIX_PATH=/home/klingjac/ws_offboard_control/install/px4_msgs:/home/klingjac/ws_offboard_control/install/px4_ros_com:/opt/ros/humble:/home/klingjac/ws_offboard_control/install/px4_offboard LD_LIBRARY_PATH=/home/klingjac/ws_offboard_control/install/px4_msgs/lib:/opt/ros/humble/opt/rviz_ogre_vendor/lib:/opt/ros/humble/lib/x86_64-linux-gnu:/opt/ros/humble/lib:/home/klingjac/ws_offboard_control/install/px4_ros_com/lib /usr/bin/cmake --build /home/klingjac/ws_offboard_control/build/px4_ros_com -- -j20 -l20
[13.234s] DEBUG:colcon.colcon_core.event_handler.log_command:Invoking command in '/home/klingjac/ws_offboard_control/build/px4_ros_com': CMAKE_PREFIX_PATH=/home/klingjac/ws_offboard_control/install/px4_msgs:/home/klingjac/ws_offboard_control/install/px4_ros_com:/opt/ros/humble:/home/klingjac/ws_offboard_control/install/px4_offboard LD_LIBRARY_PATH=/home/klingjac/ws_offboard_control/install/px4_msgs/lib:/opt/ros/humble/opt/rviz_ogre_vendor/lib:/opt/ros/humble/lib/x86_64-linux-gnu:/opt/ros/humble/lib:/home/klingjac/ws_offboard_control/install/px4_ros_com/lib /usr/bin/cmake --install /home/klingjac/ws_offboard_control/build/px4_ros_com
[13.243s] Level 1:colcon.colcon_core.environment:create_environment_scripts_only(px4_ros_com)
[13.243s] DEBUG:colcon.colcon_core.event_handler.log_command:Invoked command in '/home/klingjac/ws_offboard_control/build/px4_ros_com' returned '0': CMAKE_PREFIX_PATH=/home/klingjac/ws_offboard_control/install/px4_msgs:/home/klingjac/ws_offboard_control/install/px4_ros_com:/opt/ros/humble:/home/klingjac/ws_offboard_control/install/px4_offboard LD_LIBRARY_PATH=/home/klingjac/ws_offboard_control/install/px4_msgs/lib:/opt/ros/humble/opt/rviz_ogre_vendor/lib:/opt/ros/humble/lib/x86_64-linux-gnu:/opt/ros/humble/lib:/home/klingjac/ws_offboard_control/install/px4_ros_com/lib /usr/bin/cmake --install /home/klingjac/ws_offboard_control/build/px4_ros_com
[13.244s] Level 1:colcon.colcon_core.environment:checking '/home/klingjac/ws_offboard_control/install/px4_ros_com' for CMake module files
[13.245s] Level 1:colcon.colcon_core.environment:checking '/home/klingjac/ws_offboard_control/install/px4_ros_com' for CMake config files
[13.245s] Level 1:colcon.colcon_core.shell:create_environment_hook('px4_ros_com', 'cmake_prefix_path')
[13.246s] INFO:colcon.colcon_core.shell:Creating environment hook '/home/klingjac/ws_offboard_control/install/px4_ros_com/share/px4_ros_com/hook/cmake_prefix_path.ps1'
[13.246s] INFO:colcon.colcon_core.shell:Creating environment descriptor '/home/klingjac/ws_offboard_control/install/px4_ros_com/share/px4_ros_com/hook/cmake_prefix_path.dsv'
[13.246s] INFO:colcon.colcon_core.shell:Creating environment hook '/home/klingjac/ws_offboard_control/install/px4_ros_com/share/px4_ros_com/hook/cmake_prefix_path.sh'
[13.247s] Level 1:colcon.colcon_core.environment:checking '/home/klingjac/ws_offboard_control/install/px4_ros_com/lib'
[13.247s] Level 1:colcon.colcon_core.shell:create_environment_hook('px4_ros_com', 'ld_library_path_lib')
[13.247s] INFO:colcon.colcon_core.shell:Creating environment hook '/home/klingjac/ws_offboard_control/install/px4_ros_com/share/px4_ros_com/hook/ld_library_path_lib.ps1'
[13.248s] INFO:colcon.colcon_core.shell:Creating environment descriptor '/home/klingjac/ws_offboard_control/install/px4_ros_com/share/px4_ros_com/hook/ld_library_path_lib.dsv'
[13.248s] INFO:colcon.colcon_core.shell:Creating environment hook '/home/klingjac/ws_offboard_control/install/px4_ros_com/share/px4_ros_com/hook/ld_library_path_lib.sh'
[13.248s] Level 1:colcon.colcon_core.environment:checking '/home/klingjac/ws_offboard_control/install/px4_ros_com/bin'
[13.248s] Level 1:colcon.colcon_core.environment:checking '/home/klingjac/ws_offboard_control/install/px4_ros_com/lib/pkgconfig/px4_ros_com.pc'
[13.248s] Level 1:colcon.colcon_core.environment:checking '/home/klingjac/ws_offboard_control/install/px4_ros_com/lib/python3.10/site-packages'
[13.249s] Level 1:colcon.colcon_core.environment:checking '/home/klingjac/ws_offboard_control/install/px4_ros_com/bin'
[13.249s] INFO:colcon.colcon_core.shell:Creating package script '/home/klingjac/ws_offboard_control/install/px4_ros_com/share/px4_ros_com/package.ps1'
[13.250s] INFO:colcon.colcon_core.shell:Creating package descriptor '/home/klingjac/ws_offboard_control/install/px4_ros_com/share/px4_ros_com/package.dsv'
[13.250s] INFO:colcon.colcon_core.shell:Creating package script '/home/klingjac/ws_offboard_control/install/px4_ros_com/share/px4_ros_com/package.sh'
[13.250s] INFO:colcon.colcon_core.shell:Creating package script '/home/klingjac/ws_offboard_control/install/px4_ros_com/share/px4_ros_com/package.bash'
[13.250s] INFO:colcon.colcon_core.shell:Creating package script '/home/klingjac/ws_offboard_control/install/px4_ros_com/share/px4_ros_com/package.zsh'
[13.251s] Level 1:colcon.colcon_core.environment:create_file_with_runtime_dependencies(/home/klingjac/ws_offboard_control/install/px4_ros_com/share/colcon-core/packages/px4_ros_com)
[13.270s] Level 1:colcon.colcon_core.environment:create_environment_scripts_only(px4_ros_com)
[13.271s] Level 1:colcon.colcon_core.environment:checking '/home/klingjac/ws_offboard_control/install/px4_ros_com' for CMake module files
[13.272s] Level 1:colcon.colcon_core.environment:checking '/home/klingjac/ws_offboard_control/install/px4_ros_com' for CMake config files
[13.272s] Level 1:colcon.colcon_core.shell:create_environment_hook('px4_ros_com', 'cmake_prefix_path')
[13.272s] INFO:colcon.colcon_core.shell:Creating environment hook '/home/klingjac/ws_offboard_control/install/px4_ros_com/share/px4_ros_com/hook/cmake_prefix_path.ps1'
[13.273s] INFO:colcon.colcon_core.shell:Creating environment descriptor '/home/klingjac/ws_offboard_control/install/px4_ros_com/share/px4_ros_com/hook/cmake_prefix_path.dsv'
[13.273s] INFO:colcon.colcon_core.shell:Creating environment hook '/home/klingjac/ws_offboard_control/install/px4_ros_com/share/px4_ros_com/hook/cmake_prefix_path.sh'
[13.273s] Level 1:colcon.colcon_core.environment:checking '/home/klingjac/ws_offboard_control/install/px4_ros_com/lib'
[13.273s] Level 1:colcon.colcon_core.shell:create_environment_hook('px4_ros_com', 'ld_library_path_lib')
[13.274s] INFO:colcon.colcon_core.shell:Creating environment hook '/home/klingjac/ws_offboard_control/install/px4_ros_com/share/px4_ros_com/hook/ld_library_path_lib.ps1'
[13.274s] INFO:colcon.colcon_core.shell:Creating environment descriptor '/home/klingjac/ws_offboard_control/install/px4_ros_com/share/px4_ros_com/hook/ld_library_path_lib.dsv'
[13.274s] INFO:colcon.colcon_core.shell:Creating environment hook '/home/klingjac/ws_offboard_control/install/px4_ros_com/share/px4_ros_com/hook/ld_library_path_lib.sh'
[13.274s] Level 1:colcon.colcon_core.environment:checking '/home/klingjac/ws_offboard_control/install/px4_ros_com/bin'
[13.274s] Level 1:colcon.colcon_core.environment:checking '/home/klingjac/ws_offboard_control/install/px4_ros_com/lib/pkgconfig/px4_ros_com.pc'
[13.274s] Level 1:colcon.colcon_core.environment:checking '/home/klingjac/ws_offboard_control/install/px4_ros_com/lib/python3.10/site-packages'
[13.274s] Level 1:colcon.colcon_core.environment:checking '/home/klingjac/ws_offboard_control/install/px4_ros_com/bin'
[13.275s] INFO:colcon.colcon_core.shell:Creating package script '/home/klingjac/ws_offboard_control/install/px4_ros_com/share/px4_ros_com/package.ps1'
[13.275s] INFO:colcon.colcon_core.shell:Creating package descriptor '/home/klingjac/ws_offboard_control/install/px4_ros_com/share/px4_ros_com/package.dsv'
[13.276s] INFO:colcon.colcon_core.shell:Creating package script '/home/klingjac/ws_offboard_control/install/px4_ros_com/share/px4_ros_com/package.sh'
[13.276s] INFO:colcon.colcon_core.shell:Creating package script '/home/klingjac/ws_offboard_control/install/px4_ros_com/share/px4_ros_com/package.bash'
[13.276s] INFO:colcon.colcon_core.shell:Creating package script '/home/klingjac/ws_offboard_control/install/px4_ros_com/share/px4_ros_com/package.zsh'
[13.276s] Level 1:colcon.colcon_core.environment:create_file_with_runtime_dependencies(/home/klingjac/ws_offboard_control/install/px4_ros_com/share/colcon-core/packages/px4_ros_com)
[13.277s] DEBUG:colcon.colcon_parallel_executor.executor.parallel:closing loop
[13.277s] DEBUG:colcon.colcon_parallel_executor.executor.parallel:loop closed
[13.277s] DEBUG:colcon.colcon_parallel_executor.executor.parallel:run_until_complete finished with '0'
[13.277s] DEBUG:colcon.colcon_core.event_reactor:joining thread
[13.311s] INFO:colcon.colcon_core.plugin_system:Skipping extension 'colcon_notification.desktop_notification.notify_send': Could not find 'notify-send'
[13.312s] INFO:colcon.colcon_core.plugin_system:Skipping extension 'colcon_notification.desktop_notification.terminal_notifier': Not used on non-Darwin systems
[13.312s] INFO:colcon.colcon_core.plugin_system:Skipping extension 'colcon_notification.desktop_notification.win32': Not used on non-Windows systems
[13.312s] INFO:colcon.colcon_notification.desktop_notification:Sending desktop notification using 'notify2'
[13.312s] DEBUG:colcon.colcon_notification.desktop_notification.notify2:Failed to initialize notify2: org.freedesktop.DBus.Error.FileNotFound: Failed to connect to socket /run/user/1000/bus: No such file or directory
[13.312s] DEBUG:colcon.colcon_core.event_reactor:joined thread
[13.313s] INFO:colcon.colcon_core.shell:Creating prefix script '/home/klingjac/ws_offboard_control/install/local_setup.ps1'
[13.313s] INFO:colcon.colcon_core.shell:Creating prefix util module '/home/klingjac/ws_offboard_control/install/_local_setup_util_ps1.py'
[13.314s] INFO:colcon.colcon_core.shell:Creating prefix chain script '/home/klingjac/ws_offboard_control/install/setup.ps1'
[13.314s] INFO:colcon.colcon_core.shell:Creating prefix script '/home/klingjac/ws_offboard_control/install/local_setup.sh'
[13.315s] INFO:colcon.colcon_core.shell:Creating prefix util module '/home/klingjac/ws_offboard_control/install/_local_setup_util_sh.py'
[13.315s] INFO:colcon.colcon_core.shell:Creating prefix chain script '/home/klingjac/ws_offboard_control/install/setup.sh'
[13.316s] INFO:colcon.colcon_core.shell:Creating prefix script '/home/klingjac/ws_offboard_control/install/local_setup.bash'
[13.316s] INFO:colcon.colcon_core.shell:Creating prefix chain script '/home/klingjac/ws_offboard_control/install/setup.bash'
[13.316s] INFO:colcon.colcon_core.shell:Creating prefix script '/home/klingjac/ws_offboard_control/install/local_setup.zsh'
[13.317s] INFO:colcon.colcon_core.shell:Creating prefix chain script '/home/klingjac/ws_offboard_control/install/setup.zsh'
