[0.012s] Invoking command in '/home/klingjac/ws_offboard_control/build/px4_msgs': CMAKE_PREFIX_PATH=/opt/ros/humble PS1=\[\e]0;\u@\h: \w\a\]${debian_chroot:+($debian_chroot)}\[\033[01;32m\]\u@\h\[\033[00m\]:\[\033[01;34m\]\w\[\033[00m\]\$ /usr/bin/cmake --build /home/klingjac/ws_offboard_control/build/px4_msgs -- -j20 -l20
[0.225s] [  0%] Built target px4_msgs__cpp
[0.240s] [  0%] Built target ament_cmake_python_copy_px4_msgs
[0.243s] [ 12%] Built target px4_msgs__rosidl_generator_c
[0.270s] [ 25%] Built target px4_msgs__rosidl_typesupport_c
[0.274s] [ 37%] Built target px4_msgs__rosidl_typesupport_cpp
[0.283s] [ 49%] Built target px4_msgs__rosidl_typesupport_fastrtps_cpp
[0.285s] [ 62%] Built target px4_msgs__rosidl_typesupport_introspection_cpp
[0.289s] [ 75%] Built target px4_msgs__rosidl_typesupport_introspection_c
[0.300s] [ 88%] Built target px4_msgs__rosidl_typesupport_fastrtps_c
[0.309s] [ 88%] Built target px4_msgs
[0.323s] [ 88%] Built target px4_msgs__py
[0.378s] [100%] Built target px4_msgs__rosidl_generator_py
[0.382s] running egg_info
[0.382s] writing px4_msgs.egg-info/PKG-INFO
[0.382s] writing dependency_links to px4_msgs.egg-info/dependency_links.txt
[0.382s] writing top-level names to px4_msgs.egg-info/top_level.txt
[0.386s] reading manifest file 'px4_msgs.egg-info/SOURCES.txt'
[0.386s] writing manifest file 'px4_msgs.egg-info/SOURCES.txt'
[0.391s] [100%] Built target px4_msgs__rosidl_typesupport_introspection_c__pyext
[0.391s] [100%] Built target px4_msgs__rosidl_typesupport_c__pyext
[0.400s] [100%] Built target ament_cmake_python_build_px4_msgs_egg
[0.402s] [100%] Built target px4_msgs__rosidl_typesupport_fastrtps_c__pyext
[0.409s] Invoked command in '/home/klingjac/ws_offboard_control/build/px4_msgs' returned '0': CMAKE_PREFIX_PATH=/opt/ros/humble PS1=\[\e]0;\u@\h: \w\a\]${debian_chroot:+($debian_chroot)}\[\033[01;32m\]\u@\h\[\033[00m\]:\[\033[01;34m\]\w\[\033[00m\]\$ /usr/bin/cmake --build /home/klingjac/ws_offboard_control/build/px4_msgs -- -j20 -l20
