[0.187s] Invoking command in '/home/klingjac/ws_offboard_control/build/px4_ros_com': CMAKE_PREFIX_PATH=/home/klingjac/ws_offboard_control/install/px4_msgs:/home/klingjac/ws_offboard_control/install/px4_ros_com:/home/klingjac/ws_offboard_control/install/px4_offboard:/opt/ros/humble LD_LIBRARY_PATH=/home/klingjac/ws_offboard_control/install/px4_msgs/lib:/home/klingjac/ws_offboard_control/install/px4_ros_com/lib:/opt/ros/humble/opt/rviz_ogre_vendor/lib:/opt/ros/humble/lib/x86_64-linux-gnu:/opt/ros/humble/lib /usr/bin/cmake --build /home/klingjac/ws_offboard_control/build/px4_ros_com -- -j20 -l20
[0.199s] -- Found ament_cmake: 1.3.5 (/opt/ros/humble/share/ament_cmake/cmake)
[0.281s] -- Found builtin_interfaces: 1.2.1 (/opt/ros/humble/share/builtin_interfaces/cmake)
[0.385s] -- Found rosidl_generator_c: 3.1.5 (/opt/ros/humble/share/rosidl_generator_c/cmake)
[0.387s] -- Found rosidl_adapter: 3.1.5 (/opt/ros/humble/share/rosidl_adapter/cmake)
[0.390s] -- Found rosidl_generator_cpp: 3.1.5 (/opt/ros/humble/share/rosidl_generator_cpp/cmake)
[0.396s] -- Using all available rosidl_typesupport_c: rosidl_typesupport_fastrtps_c;rosidl_typesupport_introspection_c
[0.403s] -- Using all available rosidl_typesupport_cpp: rosidl_typesupport_fastrtps_cpp;rosidl_typesupport_introspection_cpp
[0.411s] -- Found eigen3_cmake_module: 0.1.1 (/opt/ros/humble/share/eigen3_cmake_module/cmake)
[0.412s] -- Found geometry_msgs: 4.2.3 (/opt/ros/humble/share/geometry_msgs/cmake)
[0.461s] -- Found px4_msgs: 2.0.1 (/home/klingjac/ws_offboard_control/install/px4_msgs/share/px4_msgs/cmake)
[0.478s] -- Found rclcpp: 16.0.5 (/opt/ros/humble/share/rclcpp/cmake)
[0.502s] -- Found rmw_implementation_cmake: 6.1.1 (/opt/ros/humble/share/rmw_implementation_cmake/cmake)
[0.502s] -- Found rmw_fastrtps_cpp: 6.2.3 (/opt/ros/humble/share/rmw_fastrtps_cpp/cmake)
[4.495s] -- Using RMW implementation 'rmw_fastrtps_cpp' as default
[4.562s] -- Found sensor_msgs: 4.2.3 (/opt/ros/humble/share/sensor_msgs/cmake)
[4.605s] -- Found visualization_msgs: 4.2.3 (/opt/ros/humble/share/visualization_msgs/cmake)
[4.669s] -- Found tf2_ros: 0.25.3 (/opt/ros/humble/share/tf2_ros/cmake)
[4.840s] -- Found tf2_geometry_msgs: 0.25.3 (/opt/ros/humble/share/tf2_geometry_msgs/cmake)
[4.843s] -- Ensuring Eigen3 include directory is part of orocos-kdl CMake target
[4.851s] -- Found ament_lint_auto: 0.12.7 (/opt/ros/humble/share/ament_lint_auto/cmake)
[4.887s] -- Added test 'copyright' to check source files copyright and LICENSE
[4.889s] -- Added test 'cppcheck' to perform static code analysis on C / C++ code
[4.889s] -- Configured cppcheck include dirs: /home/klingjac/ws_offboard_control/src/px4_ros_com/include;$<BUILD_INTERFACE:/home/klingjac/ws_offboard_control/src/px4_ros_com/include/px4_ros_com>
[4.889s] -- Configured cppcheck exclude dirs and/or files: 
[4.891s] -- Added test 'cpplint' to check C / C++ code against the Google style
[4.891s] -- Configured cpplint exclude dirs and/or files: 
[4.891s] -- Added test 'flake8' to check Python code syntax and style conventions
[4.891s] -- Added test 'lint_cmake' to check CMake code style
[4.892s] -- Added test 'pep257' to check Python code against some of the docstring style conventions in PEP 257
[4.893s] -- Added test 'uncrustify' to check C / C++ code style
[4.893s] -- Configured uncrustify additional arguments: 
[4.894s] -- Added test 'xmllint' to check XML markup files
[4.894s] -- Configuring done
[4.906s] -- Generating done
[4.907s] -- Build files have been written to: /home/klingjac/ws_offboard_control/build/px4_ros_com
[4.923s] [35m[1mConsolidate compiler generated dependencies of target frame_transforms[0m
[4.923s] [35m[1mConsolidate compiler generated dependencies of target debug_vect_advertiser[0m
[4.923s] [35m[1mConsolidate compiler generated dependencies of target sensor_combined_listener[0m
[4.923s] [35m[1mConsolidate compiler generated dependencies of target vehicle_gps_position_listener[0m
[4.923s] [35m[1mConsolidate compiler generated dependencies of target offboard_control[0m
[4.923s] [35m[1mConsolidate compiler generated dependencies of target drone_position_plotter[0m
[4.930s] [ 16%] Built target frame_transforms
[4.930s] [ 33%] Built target vehicle_gps_position_listener
[4.930s] [ 50%] Built target debug_vect_advertiser
[4.931s] [ 66%] Built target sensor_combined_listener
[4.931s] [ 83%] Built target offboard_control
[4.931s] [ 91%] [32mBuilding CXX object CMakeFiles/drone_position_plotter.dir/src/examples/traj_plot/drone_position_plotter.cpp.o[0m
[5.023s] [01m[K/home/klingjac/ws_offboard_control/src/px4_ros_com/src/examples/traj_plot/drone_position_plotter.cpp:7:10:[m[K [01;31m[Kfatal error: [m[Ktf2_geometry_msgs/tf2_geometry_msgs.h: No such file or directory
[5.023s]     7 | #include [01;31m[K"tf2_geometry_msgs/tf2_geometry_msgs.h"[m[K
[5.023s]       |          [01;31m[K^~~~~~~~~~~~~~~~~~~~~~~~~~~~~~~~~~~~~~~[m[K
[5.023s] compilation terminated.
[5.025s] gmake[2]: *** [CMakeFiles/drone_position_plotter.dir/build.make:76: CMakeFiles/drone_position_plotter.dir/src/examples/traj_plot/drone_position_plotter.cpp.o] Error 1
[5.025s] gmake[1]: *** [CMakeFiles/Makefile2:277: CMakeFiles/drone_position_plotter.dir/all] Error 2
[5.025s] gmake: *** [Makefile:146: all] Error 2
[5.027s] Invoked command in '/home/klingjac/ws_offboard_control/build/px4_ros_com' returned '2': CMAKE_PREFIX_PATH=/home/klingjac/ws_offboard_control/install/px4_msgs:/home/klingjac/ws_offboard_control/install/px4_ros_com:/home/klingjac/ws_offboard_control/install/px4_offboard:/opt/ros/humble LD_LIBRARY_PATH=/home/klingjac/ws_offboard_control/install/px4_msgs/lib:/home/klingjac/ws_offboard_control/install/px4_ros_com/lib:/opt/ros/humble/opt/rviz_ogre_vendor/lib:/opt/ros/humble/lib/x86_64-linux-gnu:/opt/ros/humble/lib /usr/bin/cmake --build /home/klingjac/ws_offboard_control/build/px4_ros_com -- -j20 -l20
