[0.904s] Invoking command in '/home/klingjac/ws_offboard_control/src/px4_visualize': CMAKE_PREFIX_PATH=/home/klingjac/ws_offboard_control/src/install/px4_msgs:/home/klingjac/ws_offboard_control/src/install/px4_ros_com LD_LIBRARY_PATH=/home/klingjac/ws_offboard_control/src/install/px4_msgs/lib:/home/klingjac/ws_offboard_control/src/install/px4_ros_com/lib:/opt/ros/humble/opt/rviz_ogre_vendor/lib:/opt/ros/humble/lib/x86_64-linux-gnu:/opt/ros/humble/lib PYTHONPATH=/home/klingjac/ws_offboard_control/src/build/px4_offboard/prefix_override:/home/klingjac/ws_offboard_control/src/install/px4_offboard/lib/python3.10/site-packages:${PYTHONPATH} /usr/bin/python3 setup.py egg_info --egg-base ../build/px4_offboard build --build-base /home/klingjac/ws_offboard_control/src/build/px4_offboard/build install --record /home/klingjac/ws_offboard_control/src/build/px4_offboard/install.log --single-version-externally-managed
[1.149s] running egg_info
[1.149s] writing ../build/px4_offboard/px4_offboard.egg-info/PKG-INFO
[1.150s] writing dependency_links to ../build/px4_offboard/px4_offboard.egg-info/dependency_links.txt
[1.150s] writing entry points to ../build/px4_offboard/px4_offboard.egg-info/entry_points.txt
[1.150s] writing requirements to ../build/px4_offboard/px4_offboard.egg-info/requires.txt
[1.150s] writing top-level names to ../build/px4_offboard/px4_offboard.egg-info/top_level.txt
[1.152s] reading manifest file '../build/px4_offboard/px4_offboard.egg-info/SOURCES.txt'
[1.152s] adding license file 'LICENSE'
[1.153s] writing manifest file '../build/px4_offboard/px4_offboard.egg-info/SOURCES.txt'
[1.153s] running build
[1.153s] running build_py
[1.153s] running install
[1.153s] running install_lib
[1.154s] running install_data
[1.155s] running install_egg_info
[1.157s] removing '/home/klingjac/ws_offboard_control/src/install/px4_offboard/lib/python3.10/site-packages/px4_offboard-0.0.0-py3.10.egg-info' (and everything under it)
[1.158s] Copying ../build/px4_offboard/px4_offboard.egg-info to /home/klingjac/ws_offboard_control/src/install/px4_offboard/lib/python3.10/site-packages/px4_offboard-0.0.0-py3.10.egg-info
[1.158s] running install_scripts
[1.181s] Installing offboard_control script to /home/klingjac/ws_offboard_control/src/install/px4_offboard/lib/px4_offboard
[1.182s] Installing visualizer script to /home/klingjac/ws_offboard_control/src/install/px4_offboard/lib/px4_offboard
[1.182s] writing list of installed files to '/home/klingjac/ws_offboard_control/src/build/px4_offboard/install.log'
[1.210s] Invoked command in '/home/klingjac/ws_offboard_control/src/px4_visualize' returned '0': CMAKE_PREFIX_PATH=/home/klingjac/ws_offboard_control/src/install/px4_msgs:/home/klingjac/ws_offboard_control/src/install/px4_ros_com LD_LIBRARY_PATH=/home/klingjac/ws_offboard_control/src/install/px4_msgs/lib:/home/klingjac/ws_offboard_control/src/install/px4_ros_com/lib:/opt/ros/humble/opt/rviz_ogre_vendor/lib:/opt/ros/humble/lib/x86_64-linux-gnu:/opt/ros/humble/lib PYTHONPATH=/home/klingjac/ws_offboard_control/src/build/px4_offboard/prefix_override:/home/klingjac/ws_offboard_control/src/install/px4_offboard/lib/python3.10/site-packages:${PYTHONPATH} /usr/bin/python3 setup.py egg_info --egg-base ../build/px4_offboard build --build-base /home/klingjac/ws_offboard_control/src/build/px4_offboard/build install --record /home/klingjac/ws_offboard_control/src/build/px4_offboard/install.log --single-version-externally-managed
