[0.073s] Invoking command in '/home/klingjac/ws_offboard_control/build/px4_ros_com': CMAKE_PREFIX_PATH=/home/klingjac/ws_offboard_control/install/px4_msgs:/home/klingjac/ws_offboard_control/install/px4_ros_com:/home/klingjac/ws_offboard_control/install/px4_offboard:/opt/ros/humble LD_LIBRARY_PATH=/home/klingjac/ws_offboard_control/install/px4_msgs/lib:/home/klingjac/ws_offboard_control/install/px4_ros_com/lib:/opt/ros/humble/opt/rviz_ogre_vendor/lib:/opt/ros/humble/lib/x86_64-linux-gnu:/opt/ros/humble/lib /usr/bin/cmake --build /home/klingjac/ws_offboard_control/build/px4_ros_com -- -j20 -l20
[0.095s] -- Found ament_cmake: 1.3.5 (/opt/ros/humble/share/ament_cmake/cmake)
[0.181s] -- Found builtin_interfaces: 1.2.1 (/opt/ros/humble/share/builtin_interfaces/cmake)
[0.424s] -- Found rosidl_generator_c: 3.1.5 (/opt/ros/humble/share/rosidl_generator_c/cmake)
[0.425s] -- Found rosidl_adapter: 3.1.5 (/opt/ros/humble/share/rosidl_adapter/cmake)
[0.429s] -- Found rosidl_generator_cpp: 3.1.5 (/opt/ros/humble/share/rosidl_generator_cpp/cmake)
[0.435s] -- Using all available rosidl_typesupport_c: rosidl_typesupport_fastrtps_c;rosidl_typesupport_introspection_c
[0.443s] -- Using all available rosidl_typesupport_cpp: rosidl_typesupport_fastrtps_cpp;rosidl_typesupport_introspection_cpp
[0.454s] -- Found eigen3_cmake_module: 0.1.1 (/opt/ros/humble/share/eigen3_cmake_module/cmake)
[0.457s] -- Found geometry_msgs: 4.2.3 (/opt/ros/humble/share/geometry_msgs/cmake)
[0.522s] -- Found px4_msgs: 2.0.1 (/home/klingjac/ws_offboard_control/install/px4_msgs/share/px4_msgs/cmake)
[0.546s] -- Found rclcpp: 16.0.5 (/opt/ros/humble/share/rclcpp/cmake)
[0.589s] -- Found rmw_implementation_cmake: 6.1.1 (/opt/ros/humble/share/rmw_implementation_cmake/cmake)
[0.592s] -- Found rmw_fastrtps_cpp: 6.2.3 (/opt/ros/humble/share/rmw_fastrtps_cpp/cmake)
[4.902s] -- Using RMW implementation 'rmw_fastrtps_cpp' as default
[4.990s] -- Found sensor_msgs: 4.2.3 (/opt/ros/humble/share/sensor_msgs/cmake)
[5.042s] -- Found visualization_msgs: 4.2.3 (/opt/ros/humble/share/visualization_msgs/cmake)
[5.122s] -- Found ament_lint_auto: 0.12.7 (/opt/ros/humble/share/ament_lint_auto/cmake)
[5.167s] -- Added test 'copyright' to check source files copyright and LICENSE
[5.175s] -- Added test 'cppcheck' to perform static code analysis on C / C++ code
[5.175s] -- Configured cppcheck include dirs: /home/klingjac/ws_offboard_control/src/px4_ros_com/include;$<BUILD_INTERFACE:/home/klingjac/ws_offboard_control/src/px4_ros_com/include/px4_ros_com>
[5.175s] -- Configured cppcheck exclude dirs and/or files: 
[5.177s] -- Added test 'cpplint' to check C / C++ code against the Google style
[5.177s] -- Configured cpplint exclude dirs and/or files: 
[5.177s] -- Added test 'flake8' to check Python code syntax and style conventions
[5.178s] -- Added test 'lint_cmake' to check CMake code style
[5.178s] -- Added test 'pep257' to check Python code against some of the docstring style conventions in PEP 257
[5.181s] -- Added test 'uncrustify' to check C / C++ code style
[5.181s] -- Configured uncrustify additional arguments: 
[5.181s] -- Added test 'xmllint' to check XML markup files
[5.183s] -- Configuring done
[5.202s] -- Generating done
[5.203s] -- Build files have been written to: /home/klingjac/ws_offboard_control/build/px4_ros_com
[5.217s] [35m[1mConsolidate compiler generated dependencies of target frame_transforms[0m
[5.217s] [35m[1mConsolidate compiler generated dependencies of target offboard_control[0m
[5.218s] [35m[1mConsolidate compiler generated dependencies of target sensor_combined_listener[0m
[5.218s] [35m[1mConsolidate compiler generated dependencies of target drone_position_plotter[0m
[5.218s] [35m[1mConsolidate compiler generated dependencies of target debug_vect_advertiser[0m
[5.219s] [35m[1mConsolidate compiler generated dependencies of target vehicle_gps_position_listener[0m
[5.235s] [ 16%] Built target frame_transforms
[5.241s] [ 50%] [32mBuilding CXX object CMakeFiles/offboard_control.dir/src/examples/offboard/offboard_control.cpp.o[0m
[5.241s] [ 33%] [32mBuilding CXX object CMakeFiles/sensor_combined_listener.dir/src/examples/listeners/sensor_combined_listener.cpp.o[0m
[5.241s] [ 50%] [32mBuilding CXX object CMakeFiles/vehicle_gps_position_listener.dir/src/examples/listeners/vehicle_gps_position_listener.cpp.o[0m
[5.241s] [ 50%] [32mBuilding CXX object CMakeFiles/debug_vect_advertiser.dir/src/examples/advertisers/debug_vect_advertiser.cpp.o[0m
[5.242s] [ 58%] [32mBuilding CXX object CMakeFiles/drone_position_plotter.dir/src/examples/traj_plot/drone_position_plotter.cpp.o[0m
[8.197s] [ 66%] [32m[1mLinking CXX executable debug_vect_advertiser[0m
[8.411s] [ 66%] Built target debug_vect_advertiser
[8.810s] [ 75%] [32m[1mLinking CXX executable offboard_control[0m
[9.048s] [ 75%] Built target offboard_control
[10.697s] [ 83%] [32m[1mLinking CXX executable sensor_combined_listener[0m
[10.700s] [ 91%] [32m[1mLinking CXX executable vehicle_gps_position_listener[0m
[10.952s] [ 91%] Built target sensor_combined_listener
[10.952s] [ 91%] Built target vehicle_gps_position_listener
[11.071s] [100%] [32m[1mLinking CXX executable drone_position_plotter[0m
[11.393s] [100%] Built target drone_position_plotter
[11.398s] Invoked command in '/home/klingjac/ws_offboard_control/build/px4_ros_com' returned '0': CMAKE_PREFIX_PATH=/home/klingjac/ws_offboard_control/install/px4_msgs:/home/klingjac/ws_offboard_control/install/px4_ros_com:/home/klingjac/ws_offboard_control/install/px4_offboard:/opt/ros/humble LD_LIBRARY_PATH=/home/klingjac/ws_offboard_control/install/px4_msgs/lib:/home/klingjac/ws_offboard_control/install/px4_ros_com/lib:/opt/ros/humble/opt/rviz_ogre_vendor/lib:/opt/ros/humble/lib/x86_64-linux-gnu:/opt/ros/humble/lib /usr/bin/cmake --build /home/klingjac/ws_offboard_control/build/px4_ros_com -- -j20 -l20
[11.415s] Invoking command in '/home/klingjac/ws_offboard_control/build/px4_ros_com': CMAKE_PREFIX_PATH=/home/klingjac/ws_offboard_control/install/px4_msgs:/home/klingjac/ws_offboard_control/install/px4_ros_com:/home/klingjac/ws_offboard_control/install/px4_offboard:/opt/ros/humble LD_LIBRARY_PATH=/home/klingjac/ws_offboard_control/install/px4_msgs/lib:/home/klingjac/ws_offboard_control/install/px4_ros_com/lib:/opt/ros/humble/opt/rviz_ogre_vendor/lib:/opt/ros/humble/lib/x86_64-linux-gnu:/opt/ros/humble/lib /usr/bin/cmake --install /home/klingjac/ws_offboard_control/build/px4_ros_com
[11.419s] -- Install configuration: ""
[11.420s] -- Installing: /home/klingjac/ws_offboard_control/install/px4_ros_com/lib/px4_ros_com/sensor_combined_listener
[11.422s] -- Set runtime path of "/home/klingjac/ws_offboard_control/install/px4_ros_com/lib/px4_ros_com/sensor_combined_listener" to ""
[11.422s] -- Installing: /home/klingjac/ws_offboard_control/install/px4_ros_com/lib/px4_ros_com/vehicle_gps_position_listener
[11.424s] -- Set runtime path of "/home/klingjac/ws_offboard_control/install/px4_ros_com/lib/px4_ros_com/vehicle_gps_position_listener" to ""
[11.424s] -- Installing: /home/klingjac/ws_offboard_control/install/px4_ros_com/lib/px4_ros_com/debug_vect_advertiser
[11.425s] -- Set runtime path of "/home/klingjac/ws_offboard_control/install/px4_ros_com/lib/px4_ros_com/debug_vect_advertiser" to ""
[11.425s] -- Installing: /home/klingjac/ws_offboard_control/install/px4_ros_com/lib/px4_ros_com/offboard_control
[11.426s] -- Set runtime path of "/home/klingjac/ws_offboard_control/install/px4_ros_com/lib/px4_ros_com/offboard_control" to ""
[11.426s] -- Installing: /home/klingjac/ws_offboard_control/install/px4_ros_com/lib/px4_ros_com/drone_position_plotter
[11.428s] -- Set runtime path of "/home/klingjac/ws_offboard_control/install/px4_ros_com/lib/px4_ros_com/drone_position_plotter" to ""
[11.428s] -- Up-to-date: /home/klingjac/ws_offboard_control/install/px4_ros_com/share/px4_ros_com/environment/library_path.sh
[11.428s] -- Installing: /home/klingjac/ws_offboard_control/install/px4_ros_com/share/px4_ros_com/environment/library_path.dsv
[11.428s] -- Up-to-date: /home/klingjac/ws_offboard_control/install/px4_ros_com/include/px4_ros_com
[11.428s] -- Up-to-date: /home/klingjac/ws_offboard_control/install/px4_ros_com/include/px4_ros_com/frame_transforms.h
[11.429s] -- Up-to-date: /home/klingjac/ws_offboard_control/install/px4_ros_com/lib/libframe_transforms.so
[11.429s] -- Up-to-date: /home/klingjac/ws_offboard_control/install/px4_ros_com/share/px4_ros_com//launch
[11.429s] -- Up-to-date: /home/klingjac/ws_offboard_control/install/px4_ros_com/share/px4_ros_com//launch/sensor_combined_listener.launch.py
[11.429s] -- Up-to-date: /home/klingjac/ws_offboard_control/install/px4_ros_com/share/px4_ros_com//launch/offboard_control_launch.yaml
[11.429s] -- Up-to-date: /home/klingjac/ws_offboard_control/install/px4_ros_com/share/px4_ros_com//test
[11.429s] -- Up-to-date: /home/klingjac/ws_offboard_control/install/px4_ros_com/share/px4_ros_com//test/pipeline_io_test.py
[11.429s] -- Up-to-date: /home/klingjac/ws_offboard_control/install/px4_ros_com/share/px4_ros_com//test/__init__.py
[11.430s] -- Up-to-date: /home/klingjac/ws_offboard_control/install/px4_ros_com/share/px4_ros_com//test/test_output.py
[11.430s] -- Up-to-date: /home/klingjac/ws_offboard_control/install/px4_ros_com/share/px4_ros_com//test/test_input.py
[11.430s] -- Up-to-date: /home/klingjac/ws_offboard_control/install/px4_ros_com/share/ament_index/resource_index/package_run_dependencies/px4_ros_com
[11.430s] -- Installing: /home/klingjac/ws_offboard_control/install/px4_ros_com/share/ament_index/resource_index/parent_prefix_path/px4_ros_com
[11.430s] -- Up-to-date: /home/klingjac/ws_offboard_control/install/px4_ros_com/share/px4_ros_com/environment/ament_prefix_path.sh
[11.430s] -- Installing: /home/klingjac/ws_offboard_control/install/px4_ros_com/share/px4_ros_com/environment/ament_prefix_path.dsv
[11.430s] -- Up-to-date: /home/klingjac/ws_offboard_control/install/px4_ros_com/share/px4_ros_com/environment/path.sh
[11.430s] -- Installing: /home/klingjac/ws_offboard_control/install/px4_ros_com/share/px4_ros_com/environment/path.dsv
[11.430s] -- Up-to-date: /home/klingjac/ws_offboard_control/install/px4_ros_com/share/px4_ros_com/local_setup.bash
[11.430s] -- Up-to-date: /home/klingjac/ws_offboard_control/install/px4_ros_com/share/px4_ros_com/local_setup.sh
[11.430s] -- Up-to-date: /home/klingjac/ws_offboard_control/install/px4_ros_com/share/px4_ros_com/local_setup.zsh
[11.430s] -- Installing: /home/klingjac/ws_offboard_control/install/px4_ros_com/share/px4_ros_com/local_setup.dsv
[11.430s] -- Installing: /home/klingjac/ws_offboard_control/install/px4_ros_com/share/px4_ros_com/package.dsv
[11.430s] -- Up-to-date: /home/klingjac/ws_offboard_control/install/px4_ros_com/share/ament_index/resource_index/packages/px4_ros_com
[11.431s] -- Up-to-date: /home/klingjac/ws_offboard_control/install/px4_ros_com/share/px4_ros_com/cmake/export_frame_transformsExport.cmake
[11.431s] -- Up-to-date: /home/klingjac/ws_offboard_control/install/px4_ros_com/share/px4_ros_com/cmake/export_frame_transformsExport-noconfig.cmake
[11.431s] -- Up-to-date: /home/klingjac/ws_offboard_control/install/px4_ros_com/share/px4_ros_com/cmake/ament_cmake_export_dependencies-extras.cmake
[11.431s] -- Up-to-date: /home/klingjac/ws_offboard_control/install/px4_ros_com/share/px4_ros_com/cmake/ament_cmake_export_targets-extras.cmake
[11.431s] -- Up-to-date: /home/klingjac/ws_offboard_control/install/px4_ros_com/share/px4_ros_com/cmake/ament_cmake_export_include_directories-extras.cmake
[11.431s] -- Up-to-date: /home/klingjac/ws_offboard_control/install/px4_ros_com/share/px4_ros_com/cmake/ament_cmake_export_libraries-extras.cmake
[11.431s] -- Up-to-date: /home/klingjac/ws_offboard_control/install/px4_ros_com/share/px4_ros_com/cmake/px4_ros_comConfig.cmake
[11.431s] -- Up-to-date: /home/klingjac/ws_offboard_control/install/px4_ros_com/share/px4_ros_com/cmake/px4_ros_comConfig-version.cmake
[11.431s] -- Up-to-date: /home/klingjac/ws_offboard_control/install/px4_ros_com/share/px4_ros_com/package.xml
[11.433s] Invoked command in '/home/klingjac/ws_offboard_control/build/px4_ros_com' returned '0': CMAKE_PREFIX_PATH=/home/klingjac/ws_offboard_control/install/px4_msgs:/home/klingjac/ws_offboard_control/install/px4_ros_com:/home/klingjac/ws_offboard_control/install/px4_offboard:/opt/ros/humble LD_LIBRARY_PATH=/home/klingjac/ws_offboard_control/install/px4_msgs/lib:/home/klingjac/ws_offboard_control/install/px4_ros_com/lib:/opt/ros/humble/opt/rviz_ogre_vendor/lib:/opt/ros/humble/lib/x86_64-linux-gnu:/opt/ros/humble/lib /usr/bin/cmake --install /home/klingjac/ws_offboard_control/build/px4_ros_com
