[0.538s] DEBUG:colcon:Command line arguments: ['/usr/bin/colcon', 'build']
[0.538s] DEBUG:colcon:Parsed command line arguments: Namespace(log_base=None, log_level=None, verb_name='build', build_base='build', install_base='install', merge_install=False, symlink_install=False, test_result_base=None, continue_on_error=False, executor='parallel', parallel_workers=20, event_handlers=None, ignore_user_meta=False, metas=['./colcon.meta'], base_paths=['.'], packages_ignore=None, packages_ignore_regex=None, paths=None, packages_up_to=None, packages_up_to_regex=None, packages_above=None, packages_above_and_dependencies=None, packages_above_depth=None, packages_select_by_dep=None, packages_skip_by_dep=None, packages_skip_up_to=None, packages_select_build_failed=False, packages_skip_build_finished=False, packages_select_test_failures=False, packages_skip_test_passed=False, packages_select=None, packages_skip=None, packages_select_regex=None, packages_skip_regex=None, packages_start=None, packages_end=None, allow_overriding=[], cmake_args=None, cmake_target=None, cmake_target_skip_unavailable=False, cmake_clean_cache=False, cmake_clean_first=False, cmake_force_configure=False, ament_cmake_args=None, catkin_cmake_args=None, catkin_skip_building_tests=False, verb_parser=<colcon_defaults.argument_parser.defaults.DefaultArgumentsDecorator object at 0x7fc222a10a60>, verb_extension=<colcon_core.verb.build.BuildVerb object at 0x7fc223406f50>, main=<bound method BuildVerb.main of <colcon_core.verb.build.BuildVerb object at 0x7fc223406f50>>)
[0.559s] Level 1:colcon.colcon_core.package_discovery:discover_packages(colcon_meta) check parameters
[0.559s] Level 1:colcon.colcon_core.package_discovery:discover_packages(recursive) check parameters
[0.559s] Level 1:colcon.colcon_core.package_discovery:discover_packages(ignore) check parameters
[0.559s] Level 1:colcon.colcon_core.package_discovery:discover_packages(path) check parameters
[0.559s] Level 1:colcon.colcon_core.package_discovery:discover_packages(colcon_meta) discover
[0.560s] Level 1:colcon.colcon_core.package_discovery:discover_packages(recursive) discover
[0.560s] INFO:colcon.colcon_core.package_discovery:Crawling recursively for packages in '/home/klingjac/ws_offboard_control/src'
[0.560s] Level 1:colcon.colcon_core.package_identification:_identify(.) by extensions ['ignore', 'ignore_ament_install']
[0.560s] Level 1:colcon.colcon_core.package_identification:_identify(.) by extension 'ignore'
[0.560s] Level 1:colcon.colcon_core.package_identification:_identify(.) by extension 'ignore_ament_install'
[0.560s] Level 1:colcon.colcon_core.package_identification:_identify(.) by extensions ['colcon_pkg']
[0.560s] Level 1:colcon.colcon_core.package_identification:_identify(.) by extension 'colcon_pkg'
[0.560s] Level 1:colcon.colcon_core.package_identification:_identify(.) by extensions ['colcon_meta']
[0.560s] Level 1:colcon.colcon_core.package_identification:_identify(.) by extension 'colcon_meta'
[0.560s] Level 1:colcon.colcon_core.package_identification:_identify(.) by extensions ['ros']
[0.560s] Level 1:colcon.colcon_core.package_identification:_identify(.) by extension 'ros'
[0.569s] Level 1:colcon.colcon_core.package_identification:_identify(.) by extensions ['cmake', 'python']
[0.569s] Level 1:colcon.colcon_core.package_identification:_identify(.) by extension 'cmake'
[0.569s] Level 1:colcon.colcon_core.package_identification:_identify(.) by extension 'python'
[0.569s] Level 1:colcon.colcon_core.package_identification:_identify(.) by extensions ['python_setup_py']
[0.569s] Level 1:colcon.colcon_core.package_identification:_identify(.) by extension 'python_setup_py'
[0.569s] Level 1:colcon.colcon_core.package_identification:_identify(build) by extensions ['ignore', 'ignore_ament_install']
[0.570s] Level 1:colcon.colcon_core.package_identification:_identify(build) by extension 'ignore'
[0.570s] Level 1:colcon.colcon_core.package_identification:_identify(build) ignored
[0.570s] Level 1:colcon.colcon_core.package_identification:_identify(install) by extensions ['ignore', 'ignore_ament_install']
[0.570s] Level 1:colcon.colcon_core.package_identification:_identify(install) by extension 'ignore'
[0.570s] Level 1:colcon.colcon_core.package_identification:_identify(install) ignored
[0.570s] Level 1:colcon.colcon_core.package_identification:_identify(log) by extensions ['ignore', 'ignore_ament_install']
[0.570s] Level 1:colcon.colcon_core.package_identification:_identify(log) by extension 'ignore'
[0.570s] Level 1:colcon.colcon_core.package_identification:_identify(log) ignored
[0.570s] Level 1:colcon.colcon_core.package_identification:_identify(px4_msgs) by extensions ['ignore', 'ignore_ament_install']
[0.570s] Level 1:colcon.colcon_core.package_identification:_identify(px4_msgs) by extension 'ignore'
[0.570s] Level 1:colcon.colcon_core.package_identification:_identify(px4_msgs) by extension 'ignore_ament_install'
[0.570s] Level 1:colcon.colcon_core.package_identification:_identify(px4_msgs) by extensions ['colcon_pkg']
[0.570s] Level 1:colcon.colcon_core.package_identification:_identify(px4_msgs) by extension 'colcon_pkg'
[0.570s] Level 1:colcon.colcon_core.package_identification:_identify(px4_msgs) by extensions ['colcon_meta']
[0.570s] Level 1:colcon.colcon_core.package_identification:_identify(px4_msgs) by extension 'colcon_meta'
[0.570s] Level 1:colcon.colcon_core.package_identification:_identify(px4_msgs) by extensions ['ros']
[0.570s] Level 1:colcon.colcon_core.package_identification:_identify(px4_msgs) by extension 'ros'
[0.573s] DEBUG:colcon.colcon_core.package_identification:Package 'px4_msgs' with type 'ros.ament_cmake' and name 'px4_msgs'
[0.573s] Level 1:colcon.colcon_core.package_identification:_identify(px4_ros_com) by extensions ['ignore', 'ignore_ament_install']
[0.573s] Level 1:colcon.colcon_core.package_identification:_identify(px4_ros_com) by extension 'ignore'
[0.573s] Level 1:colcon.colcon_core.package_identification:_identify(px4_ros_com) by extension 'ignore_ament_install'
[0.573s] Level 1:colcon.colcon_core.package_identification:_identify(px4_ros_com) by extensions ['colcon_pkg']
[0.573s] Level 1:colcon.colcon_core.package_identification:_identify(px4_ros_com) by extension 'colcon_pkg'
[0.573s] Level 1:colcon.colcon_core.package_identification:_identify(px4_ros_com) by extensions ['colcon_meta']
[0.573s] Level 1:colcon.colcon_core.package_identification:_identify(px4_ros_com) by extension 'colcon_meta'
[0.573s] Level 1:colcon.colcon_core.package_identification:_identify(px4_ros_com) by extensions ['ros']
[0.573s] Level 1:colcon.colcon_core.package_identification:_identify(px4_ros_com) by extension 'ros'
[0.574s] DEBUG:colcon.colcon_core.package_identification:Package 'px4_ros_com' with type 'ros.ament_cmake' and name 'px4_ros_com'
[0.574s] Level 1:colcon.colcon_core.package_identification:_identify(px4_visualize) by extensions ['ignore', 'ignore_ament_install']
[0.574s] Level 1:colcon.colcon_core.package_identification:_identify(px4_visualize) by extension 'ignore'
[0.574s] Level 1:colcon.colcon_core.package_identification:_identify(px4_visualize) by extension 'ignore_ament_install'
[0.574s] Level 1:colcon.colcon_core.package_identification:_identify(px4_visualize) by extensions ['colcon_pkg']
[0.574s] Level 1:colcon.colcon_core.package_identification:_identify(px4_visualize) by extension 'colcon_pkg'
[0.574s] Level 1:colcon.colcon_core.package_identification:_identify(px4_visualize) by extensions ['colcon_meta']
[0.574s] Level 1:colcon.colcon_core.package_identification:_identify(px4_visualize) by extension 'colcon_meta'
[0.574s] Level 1:colcon.colcon_core.package_identification:_identify(px4_visualize) by extensions ['ros']
[0.574s] Level 1:colcon.colcon_core.package_identification:_identify(px4_visualize) by extension 'ros'
[0.575s] DEBUG:colcon.colcon_core.package_identification:Package 'px4_visualize' with type 'ros.ament_python' and name 'px4_offboard'
[0.575s] Level 1:colcon.colcon_core.package_discovery:discover_packages(recursive) using defaults
[0.575s] Level 1:colcon.colcon_core.package_discovery:discover_packages(ignore) discover
[0.575s] Level 1:colcon.colcon_core.package_discovery:discover_packages(ignore) using defaults
[0.575s] Level 1:colcon.colcon_core.package_discovery:discover_packages(path) discover
[0.575s] Level 1:colcon.colcon_core.package_discovery:discover_packages(path) using defaults
[0.595s] Level 1:colcon.colcon_core.package_discovery:discover_packages(prefix_path) check parameters
[0.595s] Level 1:colcon.colcon_core.package_discovery:discover_packages(prefix_path) discover
[0.597s] DEBUG:colcon.colcon_installed_package_information.package_discovery:Found 3 installed packages in /home/klingjac/ws_offboard_control/src/install
[0.597s] DEBUG:colcon.colcon_installed_package_information.package_discovery:Found 1 installed packages in /home/klingjac/ws_offboard_control/src/px4_visualize/install
[0.599s] DEBUG:colcon.colcon_installed_package_information.package_discovery:Found 270 installed packages in /opt/ros/humble
[0.600s] Level 1:colcon.colcon_core.package_discovery:discover_packages(prefix_path) using defaults
[0.644s] Level 5:colcon.colcon_core.verb:set package 'px4_msgs' build argument 'cmake_args' from command line to 'None'
[0.644s] Level 5:colcon.colcon_core.verb:set package 'px4_msgs' build argument 'cmake_target' from command line to 'None'
[0.644s] Level 5:colcon.colcon_core.verb:set package 'px4_msgs' build argument 'cmake_target_skip_unavailable' from command line to 'False'
[0.644s] Level 5:colcon.colcon_core.verb:set package 'px4_msgs' build argument 'cmake_clean_cache' from command line to 'False'
[0.644s] Level 5:colcon.colcon_core.verb:set package 'px4_msgs' build argument 'cmake_clean_first' from command line to 'False'
[0.644s] Level 5:colcon.colcon_core.verb:set package 'px4_msgs' build argument 'cmake_force_configure' from command line to 'False'
[0.644s] Level 5:colcon.colcon_core.verb:set package 'px4_msgs' build argument 'ament_cmake_args' from command line to 'None'
[0.644s] Level 5:colcon.colcon_core.verb:set package 'px4_msgs' build argument 'catkin_cmake_args' from command line to 'None'
[0.644s] Level 5:colcon.colcon_core.verb:set package 'px4_msgs' build argument 'catkin_skip_building_tests' from command line to 'False'
[0.644s] DEBUG:colcon.colcon_core.verb:Building package 'px4_msgs' with the following arguments: {'ament_cmake_args': None, 'build_base': '/home/klingjac/ws_offboard_control/src/build/px4_msgs', 'catkin_cmake_args': None, 'catkin_skip_building_tests': False, 'cmake_args': None, 'cmake_clean_cache': False, 'cmake_clean_first': False, 'cmake_force_configure': False, 'cmake_target': None, 'cmake_target_skip_unavailable': False, 'install_base': '/home/klingjac/ws_offboard_control/src/install/px4_msgs', 'merge_install': False, 'path': '/home/klingjac/ws_offboard_control/src/px4_msgs', 'symlink_install': False, 'test_result_base': None}
[0.645s] Level 5:colcon.colcon_core.verb:set package 'px4_offboard' build argument 'cmake_args' from command line to 'None'
[0.645s] Level 5:colcon.colcon_core.verb:set package 'px4_offboard' build argument 'cmake_target' from command line to 'None'
[0.645s] Level 5:colcon.colcon_core.verb:set package 'px4_offboard' build argument 'cmake_target_skip_unavailable' from command line to 'False'
[0.645s] Level 5:colcon.colcon_core.verb:set package 'px4_offboard' build argument 'cmake_clean_cache' from command line to 'False'
[0.645s] Level 5:colcon.colcon_core.verb:set package 'px4_offboard' build argument 'cmake_clean_first' from command line to 'False'
[0.645s] Level 5:colcon.colcon_core.verb:set package 'px4_offboard' build argument 'cmake_force_configure' from command line to 'False'
[0.645s] Level 5:colcon.colcon_core.verb:set package 'px4_offboard' build argument 'ament_cmake_args' from command line to 'None'
[0.645s] Level 5:colcon.colcon_core.verb:set package 'px4_offboard' build argument 'catkin_cmake_args' from command line to 'None'
[0.645s] Level 5:colcon.colcon_core.verb:set package 'px4_offboard' build argument 'catkin_skip_building_tests' from command line to 'False'
[0.645s] DEBUG:colcon.colcon_core.verb:Building package 'px4_offboard' with the following arguments: {'ament_cmake_args': None, 'build_base': '/home/klingjac/ws_offboard_control/src/build/px4_offboard', 'catkin_cmake_args': None, 'catkin_skip_building_tests': False, 'cmake_args': None, 'cmake_clean_cache': False, 'cmake_clean_first': False, 'cmake_force_configure': False, 'cmake_target': None, 'cmake_target_skip_unavailable': False, 'install_base': '/home/klingjac/ws_offboard_control/src/install/px4_offboard', 'merge_install': False, 'path': '/home/klingjac/ws_offboard_control/src/px4_visualize', 'symlink_install': False, 'test_result_base': None}
[0.646s] Level 5:colcon.colcon_core.verb:set package 'px4_ros_com' build argument 'cmake_args' from command line to 'None'
[0.646s] Level 5:colcon.colcon_core.verb:set package 'px4_ros_com' build argument 'cmake_target' from command line to 'None'
[0.646s] Level 5:colcon.colcon_core.verb:set package 'px4_ros_com' build argument 'cmake_target_skip_unavailable' from command line to 'False'
[0.646s] Level 5:colcon.colcon_core.verb:set package 'px4_ros_com' build argument 'cmake_clean_cache' from command line to 'False'
[0.646s] Level 5:colcon.colcon_core.verb:set package 'px4_ros_com' build argument 'cmake_clean_first' from command line to 'False'
[0.646s] Level 5:colcon.colcon_core.verb:set package 'px4_ros_com' build argument 'cmake_force_configure' from command line to 'False'
[0.646s] Level 5:colcon.colcon_core.verb:set package 'px4_ros_com' build argument 'ament_cmake_args' from command line to 'None'
[0.646s] Level 5:colcon.colcon_core.verb:set package 'px4_ros_com' build argument 'catkin_cmake_args' from command line to 'None'
[0.646s] Level 5:colcon.colcon_core.verb:set package 'px4_ros_com' build argument 'catkin_skip_building_tests' from command line to 'False'
[0.646s] DEBUG:colcon.colcon_core.verb:Building package 'px4_ros_com' with the following arguments: {'ament_cmake_args': None, 'build_base': '/home/klingjac/ws_offboard_control/src/build/px4_ros_com', 'catkin_cmake_args': None, 'catkin_skip_building_tests': False, 'cmake_args': None, 'cmake_clean_cache': False, 'cmake_clean_first': False, 'cmake_force_configure': False, 'cmake_target': None, 'cmake_target_skip_unavailable': False, 'install_base': '/home/klingjac/ws_offboard_control/src/install/px4_ros_com', 'merge_install': False, 'path': '/home/klingjac/ws_offboard_control/src/px4_ros_com', 'symlink_install': False, 'test_result_base': None}
[0.646s] INFO:colcon.colcon_core.executor:Executing jobs using 'parallel' executor
[0.649s] DEBUG:colcon.colcon_parallel_executor.executor.parallel:run_until_complete
[0.649s] INFO:colcon.colcon_ros.task.ament_cmake.build:Building ROS package in '/home/klingjac/ws_offboard_control/src/px4_msgs' with build type 'ament_cmake'
[0.649s] INFO:colcon.colcon_cmake.task.cmake.build:Building CMake package in '/home/klingjac/ws_offboard_control/src/px4_msgs'
[0.654s] INFO:colcon.colcon_core.plugin_system:Skipping extension 'colcon_core.shell.bat': Not used on non-Windows systems
[0.654s] INFO:colcon.colcon_core.shell:Skip shell extension 'powershell' for command environment: Not usable outside of PowerShell
[0.654s] DEBUG:colcon.colcon_core.shell:Skip shell extension 'dsv' for command environment
[0.664s] DEBUG:colcon.colcon_core.event_handler.log_command:Invoking command in '/home/klingjac/ws_offboard_control/src/build/px4_msgs': CMAKE_PREFIX_PATH=${CMAKE_PREFIX_PATH}:/home/klingjac/ws_offboard_control/src/px4_visualize/install/px4_offboard:/home/klingjac/ws_offboard_control/src/install/px4_offboard:/opt/ros/humble /usr/bin/cmake --build /home/klingjac/ws_offboard_control/src/build/px4_msgs -- -j20 -l20
[1.380s] DEBUG:colcon.colcon_core.event_handler.log_command:Invoked command in '/home/klingjac/ws_offboard_control/src/build/px4_msgs' returned '0': CMAKE_PREFIX_PATH=${CMAKE_PREFIX_PATH}:/home/klingjac/ws_offboard_control/src/px4_visualize/install/px4_offboard:/home/klingjac/ws_offboard_control/src/install/px4_offboard:/opt/ros/humble /usr/bin/cmake --build /home/klingjac/ws_offboard_control/src/build/px4_msgs -- -j20 -l20
[4.498s] DEBUG:colcon.colcon_core.event_handler.log_command:Invoking command in '/home/klingjac/ws_offboard_control/src/build/px4_msgs': CMAKE_PREFIX_PATH=${CMAKE_PREFIX_PATH}:/home/klingjac/ws_offboard_control/src/px4_visualize/install/px4_offboard:/home/klingjac/ws_offboard_control/src/install/px4_offboard:/opt/ros/humble /usr/bin/cmake --install /home/klingjac/ws_offboard_control/src/build/px4_msgs
[4.806s] Level 1:colcon.colcon_core.environment:create_environment_scripts_only(px4_msgs)
[4.890s] Level 1:colcon.colcon_core.environment:checking '/home/klingjac/ws_offboard_control/src/install/px4_msgs' for CMake module files
[4.893s] DEBUG:colcon.colcon_core.event_handler.log_command:Invoked command in '/home/klingjac/ws_offboard_control/src/build/px4_msgs' returned '0': CMAKE_PREFIX_PATH=${CMAKE_PREFIX_PATH}:/home/klingjac/ws_offboard_control/src/px4_visualize/install/px4_offboard:/home/klingjac/ws_offboard_control/src/install/px4_offboard:/opt/ros/humble /usr/bin/cmake --install /home/klingjac/ws_offboard_control/src/build/px4_msgs
[4.893s] Level 1:colcon.colcon_core.environment:checking '/home/klingjac/ws_offboard_control/src/install/px4_msgs' for CMake config files
[4.893s] Level 1:colcon.colcon_core.shell:create_environment_hook('px4_msgs', 'cmake_prefix_path')
[4.894s] INFO:colcon.colcon_core.shell:Creating environment hook '/home/klingjac/ws_offboard_control/src/install/px4_msgs/share/px4_msgs/hook/cmake_prefix_path.ps1'
[4.895s] INFO:colcon.colcon_core.shell:Creating environment descriptor '/home/klingjac/ws_offboard_control/src/install/px4_msgs/share/px4_msgs/hook/cmake_prefix_path.dsv'
[4.895s] INFO:colcon.colcon_core.shell:Creating environment hook '/home/klingjac/ws_offboard_control/src/install/px4_msgs/share/px4_msgs/hook/cmake_prefix_path.sh'
[4.896s] Level 1:colcon.colcon_core.environment:checking '/home/klingjac/ws_offboard_control/src/install/px4_msgs/lib'
[4.896s] Level 1:colcon.colcon_core.shell:create_environment_hook('px4_msgs', 'ld_library_path_lib')
[4.897s] INFO:colcon.colcon_core.shell:Creating environment hook '/home/klingjac/ws_offboard_control/src/install/px4_msgs/share/px4_msgs/hook/ld_library_path_lib.ps1'
[4.898s] INFO:colcon.colcon_core.shell:Creating environment descriptor '/home/klingjac/ws_offboard_control/src/install/px4_msgs/share/px4_msgs/hook/ld_library_path_lib.dsv'
[4.899s] INFO:colcon.colcon_core.shell:Creating environment hook '/home/klingjac/ws_offboard_control/src/install/px4_msgs/share/px4_msgs/hook/ld_library_path_lib.sh'
[4.899s] Level 1:colcon.colcon_core.environment:checking '/home/klingjac/ws_offboard_control/src/install/px4_msgs/bin'
[4.899s] Level 1:colcon.colcon_core.environment:checking '/home/klingjac/ws_offboard_control/src/install/px4_msgs/lib/pkgconfig/px4_msgs.pc'
[4.899s] Level 1:colcon.colcon_core.environment:checking '/home/klingjac/ws_offboard_control/src/install/px4_msgs/lib/python3.10/site-packages'
[4.899s] Level 1:colcon.colcon_core.environment:checking '/home/klingjac/ws_offboard_control/src/install/px4_msgs/bin'
[4.900s] INFO:colcon.colcon_core.shell:Creating package script '/home/klingjac/ws_offboard_control/src/install/px4_msgs/share/px4_msgs/package.ps1'
[4.901s] INFO:colcon.colcon_core.shell:Creating package descriptor '/home/klingjac/ws_offboard_control/src/install/px4_msgs/share/px4_msgs/package.dsv'
[4.901s] INFO:colcon.colcon_core.shell:Creating package script '/home/klingjac/ws_offboard_control/src/install/px4_msgs/share/px4_msgs/package.sh'
[4.902s] INFO:colcon.colcon_core.shell:Creating package script '/home/klingjac/ws_offboard_control/src/install/px4_msgs/share/px4_msgs/package.bash'
[4.903s] INFO:colcon.colcon_core.shell:Creating package script '/home/klingjac/ws_offboard_control/src/install/px4_msgs/share/px4_msgs/package.zsh'
[4.903s] Level 1:colcon.colcon_core.environment:create_file_with_runtime_dependencies(/home/klingjac/ws_offboard_control/src/install/px4_msgs/share/colcon-core/packages/px4_msgs)
[7.805s] Level 1:colcon.colcon_core.environment:create_environment_scripts_only(px4_msgs)
[7.807s] Level 1:colcon.colcon_core.environment:checking '/home/klingjac/ws_offboard_control/src/install/px4_msgs' for CMake module files
[7.808s] Level 1:colcon.colcon_core.environment:checking '/home/klingjac/ws_offboard_control/src/install/px4_msgs' for CMake config files
[7.808s] Level 1:colcon.colcon_core.shell:create_environment_hook('px4_msgs', 'cmake_prefix_path')
[7.809s] INFO:colcon.colcon_core.shell:Creating environment hook '/home/klingjac/ws_offboard_control/src/install/px4_msgs/share/px4_msgs/hook/cmake_prefix_path.ps1'
[7.809s] INFO:colcon.colcon_core.shell:Creating environment descriptor '/home/klingjac/ws_offboard_control/src/install/px4_msgs/share/px4_msgs/hook/cmake_prefix_path.dsv'
[7.810s] INFO:colcon.colcon_core.shell:Creating environment hook '/home/klingjac/ws_offboard_control/src/install/px4_msgs/share/px4_msgs/hook/cmake_prefix_path.sh'
[7.810s] Level 1:colcon.colcon_core.environment:checking '/home/klingjac/ws_offboard_control/src/install/px4_msgs/lib'
[7.810s] Level 1:colcon.colcon_core.shell:create_environment_hook('px4_msgs', 'ld_library_path_lib')
[7.811s] INFO:colcon.colcon_core.shell:Creating environment hook '/home/klingjac/ws_offboard_control/src/install/px4_msgs/share/px4_msgs/hook/ld_library_path_lib.ps1'
[7.812s] INFO:colcon.colcon_core.shell:Creating environment descriptor '/home/klingjac/ws_offboard_control/src/install/px4_msgs/share/px4_msgs/hook/ld_library_path_lib.dsv'
[7.812s] INFO:colcon.colcon_core.shell:Creating environment hook '/home/klingjac/ws_offboard_control/src/install/px4_msgs/share/px4_msgs/hook/ld_library_path_lib.sh'
[7.812s] Level 1:colcon.colcon_core.environment:checking '/home/klingjac/ws_offboard_control/src/install/px4_msgs/bin'
[7.812s] Level 1:colcon.colcon_core.environment:checking '/home/klingjac/ws_offboard_control/src/install/px4_msgs/lib/pkgconfig/px4_msgs.pc'
[7.812s] Level 1:colcon.colcon_core.environment:checking '/home/klingjac/ws_offboard_control/src/install/px4_msgs/lib/python3.10/site-packages'
[7.812s] Level 1:colcon.colcon_core.environment:checking '/home/klingjac/ws_offboard_control/src/install/px4_msgs/bin'
[7.814s] INFO:colcon.colcon_core.shell:Creating package script '/home/klingjac/ws_offboard_control/src/install/px4_msgs/share/px4_msgs/package.ps1'
[7.814s] INFO:colcon.colcon_core.shell:Creating package descriptor '/home/klingjac/ws_offboard_control/src/install/px4_msgs/share/px4_msgs/package.dsv'
[7.814s] INFO:colcon.colcon_core.shell:Creating package script '/home/klingjac/ws_offboard_control/src/install/px4_msgs/share/px4_msgs/package.sh'
[7.815s] INFO:colcon.colcon_core.shell:Creating package script '/home/klingjac/ws_offboard_control/src/install/px4_msgs/share/px4_msgs/package.bash'
[7.815s] INFO:colcon.colcon_core.shell:Creating package script '/home/klingjac/ws_offboard_control/src/install/px4_msgs/share/px4_msgs/package.zsh'
[7.815s] Level 1:colcon.colcon_core.environment:create_file_with_runtime_dependencies(/home/klingjac/ws_offboard_control/src/install/px4_msgs/share/colcon-core/packages/px4_msgs)
[7.816s] INFO:colcon.colcon_ros.task.ament_python.build:Building ROS package in '/home/klingjac/ws_offboard_control/src/px4_visualize' with build type 'ament_python'
[7.816s] Level 1:colcon.colcon_core.shell:create_environment_hook('px4_offboard', 'ament_prefix_path')
[7.817s] INFO:colcon.colcon_core.shell:Creating environment hook '/home/klingjac/ws_offboard_control/src/install/px4_offboard/share/px4_offboard/hook/ament_prefix_path.ps1'
[7.818s] INFO:colcon.colcon_core.shell:Creating environment descriptor '/home/klingjac/ws_offboard_control/src/install/px4_offboard/share/px4_offboard/hook/ament_prefix_path.dsv'
[7.819s] INFO:colcon.colcon_core.shell:Creating environment hook '/home/klingjac/ws_offboard_control/src/install/px4_offboard/share/px4_offboard/hook/ament_prefix_path.sh'
[7.820s] INFO:colcon.colcon_core.shell:Skip shell extension 'powershell' for command environment: Not usable outside of PowerShell
[7.820s] DEBUG:colcon.colcon_core.shell:Skip shell extension 'dsv' for command environment
[7.825s] INFO:colcon.colcon_ros.task.ament_cmake.build:Building ROS package in '/home/klingjac/ws_offboard_control/src/px4_ros_com' with build type 'ament_cmake'
[7.826s] INFO:colcon.colcon_cmake.task.cmake.build:Building CMake package in '/home/klingjac/ws_offboard_control/src/px4_ros_com'
[7.827s] INFO:colcon.colcon_core.shell:Skip shell extension 'powershell' for command environment: Not usable outside of PowerShell
[7.827s] DEBUG:colcon.colcon_core.shell:Skip shell extension 'dsv' for command environment
[8.191s] INFO:colcon.colcon_core.task.python.build:Building Python package in '/home/klingjac/ws_offboard_control/src/px4_visualize'
[8.192s] INFO:colcon.colcon_core.shell:Skip shell extension 'powershell' for command environment: Not usable outside of PowerShell
[8.192s] DEBUG:colcon.colcon_core.shell:Skip shell extension 'dsv' for command environment
[8.201s] DEBUG:colcon.colcon_core.event_handler.log_command:Invoking command in '/home/klingjac/ws_offboard_control/src/build/px4_ros_com': CMAKE_PREFIX_PATH=/home/klingjac/ws_offboard_control/src/install/px4_msgs:/home/klingjac/ws_offboard_control/src/install/px4_ros_com:/home/klingjac/ws_offboard_control/src/px4_visualize/install/px4_offboard:/home/klingjac/ws_offboard_control/src/install/px4_offboard:/opt/ros/humble LD_LIBRARY_PATH=/home/klingjac/ws_offboard_control/src/install/px4_msgs/lib:/home/klingjac/ws_offboard_control/src/install/px4_ros_com/lib:/opt/ros/humble/opt/rviz_ogre_vendor/lib:/opt/ros/humble/lib/x86_64-linux-gnu:/opt/ros/humble/lib /usr/bin/cmake --build /home/klingjac/ws_offboard_control/src/build/px4_ros_com -- -j20 -l20
[8.722s] DEBUG:colcon.colcon_core.event_handler.log_command:Invoking command in '/home/klingjac/ws_offboard_control/src/px4_visualize': CMAKE_PREFIX_PATH=/home/klingjac/ws_offboard_control/src/install/px4_msgs:/home/klingjac/ws_offboard_control/src/install/px4_ros_com LD_LIBRARY_PATH=/home/klingjac/ws_offboard_control/src/install/px4_msgs/lib:/home/klingjac/ws_offboard_control/src/install/px4_ros_com/lib:/opt/ros/humble/opt/rviz_ogre_vendor/lib:/opt/ros/humble/lib/x86_64-linux-gnu:/opt/ros/humble/lib PYTHONPATH=/home/klingjac/ws_offboard_control/src/build/px4_offboard/prefix_override:/home/klingjac/ws_offboard_control/src/install/px4_offboard/lib/python3.10/site-packages:${PYTHONPATH} /usr/bin/python3 setup.py egg_info --egg-base ../build/px4_offboard build --build-base /home/klingjac/ws_offboard_control/src/build/px4_offboard/build install --record /home/klingjac/ws_offboard_control/src/build/px4_offboard/install.log --single-version-externally-managed
[9.028s] Level 1:colcon.colcon_core.environment:checking '/home/klingjac/ws_offboard_control/src/install/px4_offboard' for CMake module files
[9.028s] DEBUG:colcon.colcon_core.event_handler.log_command:Invoked command in '/home/klingjac/ws_offboard_control/src/px4_visualize' returned '0': CMAKE_PREFIX_PATH=/home/klingjac/ws_offboard_control/src/install/px4_msgs:/home/klingjac/ws_offboard_control/src/install/px4_ros_com LD_LIBRARY_PATH=/home/klingjac/ws_offboard_control/src/install/px4_msgs/lib:/home/klingjac/ws_offboard_control/src/install/px4_ros_com/lib:/opt/ros/humble/opt/rviz_ogre_vendor/lib:/opt/ros/humble/lib/x86_64-linux-gnu:/opt/ros/humble/lib PYTHONPATH=/home/klingjac/ws_offboard_control/src/build/px4_offboard/prefix_override:/home/klingjac/ws_offboard_control/src/install/px4_offboard/lib/python3.10/site-packages:${PYTHONPATH} /usr/bin/python3 setup.py egg_info --egg-base ../build/px4_offboard build --build-base /home/klingjac/ws_offboard_control/src/build/px4_offboard/build install --record /home/klingjac/ws_offboard_control/src/build/px4_offboard/install.log --single-version-externally-managed
[9.029s] Level 1:colcon.colcon_core.environment:checking '/home/klingjac/ws_offboard_control/src/install/px4_offboard' for CMake config files
[9.030s] Level 1:colcon.colcon_core.environment:checking '/home/klingjac/ws_offboard_control/src/install/px4_offboard/lib'
[9.030s] Level 1:colcon.colcon_core.environment:checking '/home/klingjac/ws_offboard_control/src/install/px4_offboard/bin'
[9.030s] Level 1:colcon.colcon_core.environment:checking '/home/klingjac/ws_offboard_control/src/install/px4_offboard/lib/pkgconfig/px4_offboard.pc'
[9.030s] Level 1:colcon.colcon_core.environment:checking '/home/klingjac/ws_offboard_control/src/install/px4_offboard/lib/python3.10/site-packages'
[9.031s] Level 1:colcon.colcon_core.shell:create_environment_hook('px4_offboard', 'pythonpath')
[9.032s] INFO:colcon.colcon_core.shell:Creating environment hook '/home/klingjac/ws_offboard_control/src/install/px4_offboard/share/px4_offboard/hook/pythonpath.ps1'
[9.033s] INFO:colcon.colcon_core.shell:Creating environment descriptor '/home/klingjac/ws_offboard_control/src/install/px4_offboard/share/px4_offboard/hook/pythonpath.dsv'
[9.033s] INFO:colcon.colcon_core.shell:Creating environment hook '/home/klingjac/ws_offboard_control/src/install/px4_offboard/share/px4_offboard/hook/pythonpath.sh'
[9.034s] Level 1:colcon.colcon_core.environment:checking '/home/klingjac/ws_offboard_control/src/install/px4_offboard/bin'
[9.034s] Level 1:colcon.colcon_core.environment:create_environment_scripts_only(px4_offboard)
[9.036s] INFO:colcon.colcon_core.shell:Creating package script '/home/klingjac/ws_offboard_control/src/install/px4_offboard/share/px4_offboard/package.ps1'
[9.037s] INFO:colcon.colcon_core.shell:Creating package descriptor '/home/klingjac/ws_offboard_control/src/install/px4_offboard/share/px4_offboard/package.dsv'
[9.037s] INFO:colcon.colcon_core.shell:Creating package script '/home/klingjac/ws_offboard_control/src/install/px4_offboard/share/px4_offboard/package.sh'
[9.038s] INFO:colcon.colcon_core.shell:Creating package script '/home/klingjac/ws_offboard_control/src/install/px4_offboard/share/px4_offboard/package.bash'
[9.038s] INFO:colcon.colcon_core.shell:Creating package script '/home/klingjac/ws_offboard_control/src/install/px4_offboard/share/px4_offboard/package.zsh'
[9.038s] Level 1:colcon.colcon_core.environment:create_file_with_runtime_dependencies(/home/klingjac/ws_offboard_control/src/install/px4_offboard/share/colcon-core/packages/px4_offboard)
[13.301s] DEBUG:colcon.colcon_core.event_handler.log_command:Invoked command in '/home/klingjac/ws_offboard_control/src/build/px4_ros_com' returned '0': CMAKE_PREFIX_PATH=/home/klingjac/ws_offboard_control/src/install/px4_msgs:/home/klingjac/ws_offboard_control/src/install/px4_ros_com:/home/klingjac/ws_offboard_control/src/px4_visualize/install/px4_offboard:/home/klingjac/ws_offboard_control/src/install/px4_offboard:/opt/ros/humble LD_LIBRARY_PATH=/home/klingjac/ws_offboard_control/src/install/px4_msgs/lib:/home/klingjac/ws_offboard_control/src/install/px4_ros_com/lib:/opt/ros/humble/opt/rviz_ogre_vendor/lib:/opt/ros/humble/lib/x86_64-linux-gnu:/opt/ros/humble/lib /usr/bin/cmake --build /home/klingjac/ws_offboard_control/src/build/px4_ros_com -- -j20 -l20
[13.339s] DEBUG:colcon.colcon_core.event_handler.log_command:Invoking command in '/home/klingjac/ws_offboard_control/src/build/px4_ros_com': CMAKE_PREFIX_PATH=/home/klingjac/ws_offboard_control/src/install/px4_msgs:/home/klingjac/ws_offboard_control/src/install/px4_ros_com:/home/klingjac/ws_offboard_control/src/px4_visualize/install/px4_offboard:/home/klingjac/ws_offboard_control/src/install/px4_offboard:/opt/ros/humble LD_LIBRARY_PATH=/home/klingjac/ws_offboard_control/src/install/px4_msgs/lib:/home/klingjac/ws_offboard_control/src/install/px4_ros_com/lib:/opt/ros/humble/opt/rviz_ogre_vendor/lib:/opt/ros/humble/lib/x86_64-linux-gnu:/opt/ros/humble/lib /usr/bin/cmake --install /home/klingjac/ws_offboard_control/src/build/px4_ros_com
[13.353s] Level 1:colcon.colcon_core.environment:create_environment_scripts_only(px4_ros_com)
[13.355s] Level 1:colcon.colcon_core.environment:checking '/home/klingjac/ws_offboard_control/src/install/px4_ros_com' for CMake module files
[13.355s] DEBUG:colcon.colcon_core.event_handler.log_command:Invoked command in '/home/klingjac/ws_offboard_control/src/build/px4_ros_com' returned '0': CMAKE_PREFIX_PATH=/home/klingjac/ws_offboard_control/src/install/px4_msgs:/home/klingjac/ws_offboard_control/src/install/px4_ros_com:/home/klingjac/ws_offboard_control/src/px4_visualize/install/px4_offboard:/home/klingjac/ws_offboard_control/src/install/px4_offboard:/opt/ros/humble LD_LIBRARY_PATH=/home/klingjac/ws_offboard_control/src/install/px4_msgs/lib:/home/klingjac/ws_offboard_control/src/install/px4_ros_com/lib:/opt/ros/humble/opt/rviz_ogre_vendor/lib:/opt/ros/humble/lib/x86_64-linux-gnu:/opt/ros/humble/lib /usr/bin/cmake --install /home/klingjac/ws_offboard_control/src/build/px4_ros_com
[13.356s] Level 1:colcon.colcon_core.environment:checking '/home/klingjac/ws_offboard_control/src/install/px4_ros_com' for CMake config files
[13.356s] Level 1:colcon.colcon_core.shell:create_environment_hook('px4_ros_com', 'cmake_prefix_path')
[13.357s] INFO:colcon.colcon_core.shell:Creating environment hook '/home/klingjac/ws_offboard_control/src/install/px4_ros_com/share/px4_ros_com/hook/cmake_prefix_path.ps1'
[13.358s] INFO:colcon.colcon_core.shell:Creating environment descriptor '/home/klingjac/ws_offboard_control/src/install/px4_ros_com/share/px4_ros_com/hook/cmake_prefix_path.dsv'
[13.358s] INFO:colcon.colcon_core.shell:Creating environment hook '/home/klingjac/ws_offboard_control/src/install/px4_ros_com/share/px4_ros_com/hook/cmake_prefix_path.sh'
[13.358s] Level 1:colcon.colcon_core.environment:checking '/home/klingjac/ws_offboard_control/src/install/px4_ros_com/lib'
[13.359s] Level 1:colcon.colcon_core.shell:create_environment_hook('px4_ros_com', 'ld_library_path_lib')
[13.359s] INFO:colcon.colcon_core.shell:Creating environment hook '/home/klingjac/ws_offboard_control/src/install/px4_ros_com/share/px4_ros_com/hook/ld_library_path_lib.ps1'
[13.360s] INFO:colcon.colcon_core.shell:Creating environment descriptor '/home/klingjac/ws_offboard_control/src/install/px4_ros_com/share/px4_ros_com/hook/ld_library_path_lib.dsv'
[13.360s] INFO:colcon.colcon_core.shell:Creating environment hook '/home/klingjac/ws_offboard_control/src/install/px4_ros_com/share/px4_ros_com/hook/ld_library_path_lib.sh'
[13.360s] Level 1:colcon.colcon_core.environment:checking '/home/klingjac/ws_offboard_control/src/install/px4_ros_com/bin'
[13.360s] Level 1:colcon.colcon_core.environment:checking '/home/klingjac/ws_offboard_control/src/install/px4_ros_com/lib/pkgconfig/px4_ros_com.pc'
[13.360s] Level 1:colcon.colcon_core.environment:checking '/home/klingjac/ws_offboard_control/src/install/px4_ros_com/lib/python3.10/site-packages'
[13.360s] Level 1:colcon.colcon_core.environment:checking '/home/klingjac/ws_offboard_control/src/install/px4_ros_com/bin'
[13.361s] INFO:colcon.colcon_core.shell:Creating package script '/home/klingjac/ws_offboard_control/src/install/px4_ros_com/share/px4_ros_com/package.ps1'
[13.362s] INFO:colcon.colcon_core.shell:Creating package descriptor '/home/klingjac/ws_offboard_control/src/install/px4_ros_com/share/px4_ros_com/package.dsv'
[13.362s] INFO:colcon.colcon_core.shell:Creating package script '/home/klingjac/ws_offboard_control/src/install/px4_ros_com/share/px4_ros_com/package.sh'
[13.362s] INFO:colcon.colcon_core.shell:Creating package script '/home/klingjac/ws_offboard_control/src/install/px4_ros_com/share/px4_ros_com/package.bash'
[13.362s] INFO:colcon.colcon_core.shell:Creating package script '/home/klingjac/ws_offboard_control/src/install/px4_ros_com/share/px4_ros_com/package.zsh'
[13.363s] Level 1:colcon.colcon_core.environment:create_file_with_runtime_dependencies(/home/klingjac/ws_offboard_control/src/install/px4_ros_com/share/colcon-core/packages/px4_ros_com)
[13.394s] Level 1:colcon.colcon_core.environment:create_environment_scripts_only(px4_ros_com)
[13.395s] Level 1:colcon.colcon_core.environment:checking '/home/klingjac/ws_offboard_control/src/install/px4_ros_com' for CMake module files
[13.395s] Level 1:colcon.colcon_core.environment:checking '/home/klingjac/ws_offboard_control/src/install/px4_ros_com' for CMake config files
[13.396s] Level 1:colcon.colcon_core.shell:create_environment_hook('px4_ros_com', 'cmake_prefix_path')
[13.396s] INFO:colcon.colcon_core.shell:Creating environment hook '/home/klingjac/ws_offboard_control/src/install/px4_ros_com/share/px4_ros_com/hook/cmake_prefix_path.ps1'
[13.397s] INFO:colcon.colcon_core.shell:Creating environment descriptor '/home/klingjac/ws_offboard_control/src/install/px4_ros_com/share/px4_ros_com/hook/cmake_prefix_path.dsv'
[13.397s] INFO:colcon.colcon_core.shell:Creating environment hook '/home/klingjac/ws_offboard_control/src/install/px4_ros_com/share/px4_ros_com/hook/cmake_prefix_path.sh'
[13.398s] Level 1:colcon.colcon_core.environment:checking '/home/klingjac/ws_offboard_control/src/install/px4_ros_com/lib'
[13.398s] Level 1:colcon.colcon_core.shell:create_environment_hook('px4_ros_com', 'ld_library_path_lib')
[13.399s] INFO:colcon.colcon_core.shell:Creating environment hook '/home/klingjac/ws_offboard_control/src/install/px4_ros_com/share/px4_ros_com/hook/ld_library_path_lib.ps1'
[13.399s] INFO:colcon.colcon_core.shell:Creating environment descriptor '/home/klingjac/ws_offboard_control/src/install/px4_ros_com/share/px4_ros_com/hook/ld_library_path_lib.dsv'
[13.400s] INFO:colcon.colcon_core.shell:Creating environment hook '/home/klingjac/ws_offboard_control/src/install/px4_ros_com/share/px4_ros_com/hook/ld_library_path_lib.sh'
[13.400s] Level 1:colcon.colcon_core.environment:checking '/home/klingjac/ws_offboard_control/src/install/px4_ros_com/bin'
[13.400s] Level 1:colcon.colcon_core.environment:checking '/home/klingjac/ws_offboard_control/src/install/px4_ros_com/lib/pkgconfig/px4_ros_com.pc'
[13.400s] Level 1:colcon.colcon_core.environment:checking '/home/klingjac/ws_offboard_control/src/install/px4_ros_com/lib/python3.10/site-packages'
[13.401s] Level 1:colcon.colcon_core.environment:checking '/home/klingjac/ws_offboard_control/src/install/px4_ros_com/bin'
[13.402s] INFO:colcon.colcon_core.shell:Creating package script '/home/klingjac/ws_offboard_control/src/install/px4_ros_com/share/px4_ros_com/package.ps1'
[13.403s] INFO:colcon.colcon_core.shell:Creating package descriptor '/home/klingjac/ws_offboard_control/src/install/px4_ros_com/share/px4_ros_com/package.dsv'
[13.403s] INFO:colcon.colcon_core.shell:Creating package script '/home/klingjac/ws_offboard_control/src/install/px4_ros_com/share/px4_ros_com/package.sh'
[13.404s] INFO:colcon.colcon_core.shell:Creating package script '/home/klingjac/ws_offboard_control/src/install/px4_ros_com/share/px4_ros_com/package.bash'
[13.404s] INFO:colcon.colcon_core.shell:Creating package script '/home/klingjac/ws_offboard_control/src/install/px4_ros_com/share/px4_ros_com/package.zsh'
[13.404s] Level 1:colcon.colcon_core.environment:create_file_with_runtime_dependencies(/home/klingjac/ws_offboard_control/src/install/px4_ros_com/share/colcon-core/packages/px4_ros_com)
[13.405s] DEBUG:colcon.colcon_parallel_executor.executor.parallel:closing loop
[13.405s] DEBUG:colcon.colcon_parallel_executor.executor.parallel:loop closed
[13.406s] DEBUG:colcon.colcon_parallel_executor.executor.parallel:run_until_complete finished with '0'
[13.406s] DEBUG:colcon.colcon_core.event_reactor:joining thread
[13.513s] INFO:colcon.colcon_core.plugin_system:Skipping extension 'colcon_notification.desktop_notification.notify_send': Could not find 'notify-send'
[13.513s] INFO:colcon.colcon_core.plugin_system:Skipping extension 'colcon_notification.desktop_notification.terminal_notifier': Not used on non-Darwin systems
[13.514s] INFO:colcon.colcon_core.plugin_system:Skipping extension 'colcon_notification.desktop_notification.win32': Not used on non-Windows systems
[13.514s] INFO:colcon.colcon_notification.desktop_notification:Sending desktop notification using 'notify2'
[13.514s] DEBUG:colcon.colcon_notification.desktop_notification.notify2:Failed to initialize notify2: org.freedesktop.DBus.Error.FileNotFound: Failed to connect to socket /run/user/1000/bus: No such file or directory
[13.514s] DEBUG:colcon.colcon_core.event_reactor:joined thread
[13.515s] INFO:colcon.colcon_core.shell:Creating prefix script '/home/klingjac/ws_offboard_control/src/install/local_setup.ps1'
[13.516s] INFO:colcon.colcon_core.shell:Creating prefix util module '/home/klingjac/ws_offboard_control/src/install/_local_setup_util_ps1.py'
[13.517s] INFO:colcon.colcon_core.shell:Creating prefix chain script '/home/klingjac/ws_offboard_control/src/install/setup.ps1'
[13.518s] INFO:colcon.colcon_core.shell:Creating prefix script '/home/klingjac/ws_offboard_control/src/install/local_setup.sh'
[13.519s] INFO:colcon.colcon_core.shell:Creating prefix util module '/home/klingjac/ws_offboard_control/src/install/_local_setup_util_sh.py'
[13.519s] INFO:colcon.colcon_core.shell:Creating prefix chain script '/home/klingjac/ws_offboard_control/src/install/setup.sh'
[13.520s] INFO:colcon.colcon_core.shell:Creating prefix script '/home/klingjac/ws_offboard_control/src/install/local_setup.bash'
[13.520s] INFO:colcon.colcon_core.shell:Creating prefix chain script '/home/klingjac/ws_offboard_control/src/install/setup.bash'
[13.521s] INFO:colcon.colcon_core.shell:Creating prefix script '/home/klingjac/ws_offboard_control/src/install/local_setup.zsh'
[13.522s] INFO:colcon.colcon_core.shell:Creating prefix chain script '/home/klingjac/ws_offboard_control/src/install/setup.zsh'
