[0.342s] DEBUG:colcon:Command line arguments: ['/usr/bin/colcon', 'build']
[0.342s] DEBUG:colcon:Parsed command line arguments: Namespace(log_base=None, log_level=None, verb_name='build', build_base='build', install_base='install', merge_install=False, symlink_install=False, test_result_base=None, continue_on_error=False, executor='parallel', parallel_workers=20, event_handlers=None, ignore_user_meta=False, metas=['./colcon.meta'], base_paths=['.'], packages_ignore=None, packages_ignore_regex=None, paths=None, packages_up_to=None, packages_up_to_regex=None, packages_above=None, packages_above_and_dependencies=None, packages_above_depth=None, packages_select_by_dep=None, packages_skip_by_dep=None, packages_skip_up_to=None, packages_select_build_failed=False, packages_skip_build_finished=False, packages_select_test_failures=False, packages_skip_test_passed=False, packages_select=None, packages_skip=None, packages_select_regex=None, packages_skip_regex=None, packages_start=None, packages_end=None, allow_overriding=[], cmake_args=None, cmake_target=None, cmake_target_skip_unavailable=False, cmake_clean_cache=False, cmake_clean_first=False, cmake_force_configure=False, ament_cmake_args=None, catkin_cmake_args=None, catkin_skip_building_tests=False, verb_parser=<colcon_defaults.argument_parser.defaults.DefaultArgumentsDecorator object at 0x7faa81787a60>, verb_extension=<colcon_core.verb.build.BuildVerb object at 0x7faa81f0d060>, main=<bound method BuildVerb.main of <colcon_core.verb.build.BuildVerb object at 0x7faa81f0d060>>)
[0.360s] Level 1:colcon.colcon_core.package_discovery:discover_packages(colcon_meta) check parameters
[0.360s] Level 1:colcon.colcon_core.package_discovery:discover_packages(recursive) check parameters
[0.360s] Level 1:colcon.colcon_core.package_discovery:discover_packages(ignore) check parameters
[0.360s] Level 1:colcon.colcon_core.package_discovery:discover_packages(path) check parameters
[0.360s] Level 1:colcon.colcon_core.package_discovery:discover_packages(colcon_meta) discover
[0.360s] Level 1:colcon.colcon_core.package_discovery:discover_packages(recursive) discover
[0.360s] INFO:colcon.colcon_core.package_discovery:Crawling recursively for packages in '/home/klingjac/ws_offboard_control'
[0.360s] Level 1:colcon.colcon_core.package_identification:_identify(.) by extensions ['ignore', 'ignore_ament_install']
[0.360s] Level 1:colcon.colcon_core.package_identification:_identify(.) by extension 'ignore'
[0.360s] Level 1:colcon.colcon_core.package_identification:_identify(.) by extension 'ignore_ament_install'
[0.360s] Level 1:colcon.colcon_core.package_identification:_identify(.) by extensions ['colcon_pkg']
[0.360s] Level 1:colcon.colcon_core.package_identification:_identify(.) by extension 'colcon_pkg'
[0.360s] Level 1:colcon.colcon_core.package_identification:_identify(.) by extensions ['colcon_meta']
[0.360s] Level 1:colcon.colcon_core.package_identification:_identify(.) by extension 'colcon_meta'
[0.360s] Level 1:colcon.colcon_core.package_identification:_identify(.) by extensions ['ros']
[0.360s] Level 1:colcon.colcon_core.package_identification:_identify(.) by extension 'ros'
[0.366s] Level 1:colcon.colcon_core.package_identification:_identify(.) by extensions ['cmake', 'python']
[0.366s] Level 1:colcon.colcon_core.package_identification:_identify(.) by extension 'cmake'
[0.367s] Level 1:colcon.colcon_core.package_identification:_identify(.) by extension 'python'
[0.367s] Level 1:colcon.colcon_core.package_identification:_identify(.) by extensions ['python_setup_py']
[0.367s] Level 1:colcon.colcon_core.package_identification:_identify(.) by extension 'python_setup_py'
[0.367s] Level 1:colcon.colcon_core.package_identification:_identify(build) by extensions ['ignore', 'ignore_ament_install']
[0.367s] Level 1:colcon.colcon_core.package_identification:_identify(build) by extension 'ignore'
[0.367s] Level 1:colcon.colcon_core.package_identification:_identify(build) ignored
[0.367s] Level 1:colcon.colcon_core.package_identification:_identify(install) by extensions ['ignore', 'ignore_ament_install']
[0.367s] Level 1:colcon.colcon_core.package_identification:_identify(install) by extension 'ignore'
[0.367s] Level 1:colcon.colcon_core.package_identification:_identify(install) ignored
[0.367s] Level 1:colcon.colcon_core.package_identification:_identify(log) by extensions ['ignore', 'ignore_ament_install']
[0.367s] Level 1:colcon.colcon_core.package_identification:_identify(log) by extension 'ignore'
[0.367s] Level 1:colcon.colcon_core.package_identification:_identify(log) ignored
[0.367s] Level 1:colcon.colcon_core.package_identification:_identify(src) by extensions ['ignore', 'ignore_ament_install']
[0.367s] Level 1:colcon.colcon_core.package_identification:_identify(src) by extension 'ignore'
[0.367s] Level 1:colcon.colcon_core.package_identification:_identify(src) by extension 'ignore_ament_install'
[0.367s] Level 1:colcon.colcon_core.package_identification:_identify(src) by extensions ['colcon_pkg']
[0.367s] Level 1:colcon.colcon_core.package_identification:_identify(src) by extension 'colcon_pkg'
[0.367s] Level 1:colcon.colcon_core.package_identification:_identify(src) by extensions ['colcon_meta']
[0.367s] Level 1:colcon.colcon_core.package_identification:_identify(src) by extension 'colcon_meta'
[0.367s] Level 1:colcon.colcon_core.package_identification:_identify(src) by extensions ['ros']
[0.367s] Level 1:colcon.colcon_core.package_identification:_identify(src) by extension 'ros'
[0.367s] Level 1:colcon.colcon_core.package_identification:_identify(src) by extensions ['cmake', 'python']
[0.367s] Level 1:colcon.colcon_core.package_identification:_identify(src) by extension 'cmake'
[0.367s] Level 1:colcon.colcon_core.package_identification:_identify(src) by extension 'python'
[0.367s] Level 1:colcon.colcon_core.package_identification:_identify(src) by extensions ['python_setup_py']
[0.367s] Level 1:colcon.colcon_core.package_identification:_identify(src) by extension 'python_setup_py'
[0.367s] Level 1:colcon.colcon_core.package_identification:_identify(src/px4_msgs) by extensions ['ignore', 'ignore_ament_install']
[0.367s] Level 1:colcon.colcon_core.package_identification:_identify(src/px4_msgs) by extension 'ignore'
[0.367s] Level 1:colcon.colcon_core.package_identification:_identify(src/px4_msgs) by extension 'ignore_ament_install'
[0.367s] Level 1:colcon.colcon_core.package_identification:_identify(src/px4_msgs) by extensions ['colcon_pkg']
[0.367s] Level 1:colcon.colcon_core.package_identification:_identify(src/px4_msgs) by extension 'colcon_pkg'
[0.367s] Level 1:colcon.colcon_core.package_identification:_identify(src/px4_msgs) by extensions ['colcon_meta']
[0.367s] Level 1:colcon.colcon_core.package_identification:_identify(src/px4_msgs) by extension 'colcon_meta'
[0.367s] Level 1:colcon.colcon_core.package_identification:_identify(src/px4_msgs) by extensions ['ros']
[0.367s] Level 1:colcon.colcon_core.package_identification:_identify(src/px4_msgs) by extension 'ros'
[0.369s] DEBUG:colcon.colcon_core.package_identification:Package 'src/px4_msgs' with type 'ros.ament_cmake' and name 'px4_msgs'
[0.369s] Level 1:colcon.colcon_core.package_identification:_identify(src/px4_ros_com) by extensions ['ignore', 'ignore_ament_install']
[0.369s] Level 1:colcon.colcon_core.package_identification:_identify(src/px4_ros_com) by extension 'ignore'
[0.369s] Level 1:colcon.colcon_core.package_identification:_identify(src/px4_ros_com) by extension 'ignore_ament_install'
[0.369s] Level 1:colcon.colcon_core.package_identification:_identify(src/px4_ros_com) by extensions ['colcon_pkg']
[0.369s] Level 1:colcon.colcon_core.package_identification:_identify(src/px4_ros_com) by extension 'colcon_pkg'
[0.369s] Level 1:colcon.colcon_core.package_identification:_identify(src/px4_ros_com) by extensions ['colcon_meta']
[0.369s] Level 1:colcon.colcon_core.package_identification:_identify(src/px4_ros_com) by extension 'colcon_meta'
[0.369s] Level 1:colcon.colcon_core.package_identification:_identify(src/px4_ros_com) by extensions ['ros']
[0.369s] Level 1:colcon.colcon_core.package_identification:_identify(src/px4_ros_com) by extension 'ros'
[0.369s] DEBUG:colcon.colcon_core.package_identification:Package 'src/px4_ros_com' with type 'ros.ament_cmake' and name 'px4_ros_com'
[0.370s] Level 1:colcon.colcon_core.package_identification:_identify(src/px4_visualize) by extensions ['ignore', 'ignore_ament_install']
[0.370s] Level 1:colcon.colcon_core.package_identification:_identify(src/px4_visualize) by extension 'ignore'
[0.370s] Level 1:colcon.colcon_core.package_identification:_identify(src/px4_visualize) by extension 'ignore_ament_install'
[0.370s] Level 1:colcon.colcon_core.package_identification:_identify(src/px4_visualize) by extensions ['colcon_pkg']
[0.370s] Level 1:colcon.colcon_core.package_identification:_identify(src/px4_visualize) by extension 'colcon_pkg'
[0.370s] Level 1:colcon.colcon_core.package_identification:_identify(src/px4_visualize) by extensions ['colcon_meta']
[0.370s] Level 1:colcon.colcon_core.package_identification:_identify(src/px4_visualize) by extension 'colcon_meta'
[0.370s] Level 1:colcon.colcon_core.package_identification:_identify(src/px4_visualize) by extensions ['ros']
[0.370s] Level 1:colcon.colcon_core.package_identification:_identify(src/px4_visualize) by extension 'ros'
[0.370s] DEBUG:colcon.colcon_core.package_identification:Package 'src/px4_visualize' with type 'ros.ament_python' and name 'px4_offboard'
[0.370s] Level 1:colcon.colcon_core.package_discovery:discover_packages(recursive) using defaults
[0.370s] Level 1:colcon.colcon_core.package_discovery:discover_packages(ignore) discover
[0.370s] Level 1:colcon.colcon_core.package_discovery:discover_packages(ignore) using defaults
[0.370s] Level 1:colcon.colcon_core.package_discovery:discover_packages(path) discover
[0.370s] Level 1:colcon.colcon_core.package_discovery:discover_packages(path) using defaults
[0.383s] Level 1:colcon.colcon_core.package_discovery:discover_packages(prefix_path) check parameters
[0.383s] Level 1:colcon.colcon_core.package_discovery:discover_packages(prefix_path) discover
[0.384s] DEBUG:colcon.colcon_installed_package_information.package_discovery:Found 270 installed packages in /opt/ros/humble
[0.385s] Level 1:colcon.colcon_core.package_discovery:discover_packages(prefix_path) using defaults
[0.413s] Level 5:colcon.colcon_core.verb:set package 'px4_msgs' build argument 'cmake_args' from command line to 'None'
[0.413s] Level 5:colcon.colcon_core.verb:set package 'px4_msgs' build argument 'cmake_target' from command line to 'None'
[0.413s] Level 5:colcon.colcon_core.verb:set package 'px4_msgs' build argument 'cmake_target_skip_unavailable' from command line to 'False'
[0.413s] Level 5:colcon.colcon_core.verb:set package 'px4_msgs' build argument 'cmake_clean_cache' from command line to 'False'
[0.413s] Level 5:colcon.colcon_core.verb:set package 'px4_msgs' build argument 'cmake_clean_first' from command line to 'False'
[0.413s] Level 5:colcon.colcon_core.verb:set package 'px4_msgs' build argument 'cmake_force_configure' from command line to 'False'
[0.413s] Level 5:colcon.colcon_core.verb:set package 'px4_msgs' build argument 'ament_cmake_args' from command line to 'None'
[0.413s] Level 5:colcon.colcon_core.verb:set package 'px4_msgs' build argument 'catkin_cmake_args' from command line to 'None'
[0.413s] Level 5:colcon.colcon_core.verb:set package 'px4_msgs' build argument 'catkin_skip_building_tests' from command line to 'False'
[0.413s] DEBUG:colcon.colcon_core.verb:Building package 'px4_msgs' with the following arguments: {'ament_cmake_args': None, 'build_base': '/home/klingjac/ws_offboard_control/build/px4_msgs', 'catkin_cmake_args': None, 'catkin_skip_building_tests': False, 'cmake_args': None, 'cmake_clean_cache': False, 'cmake_clean_first': False, 'cmake_force_configure': False, 'cmake_target': None, 'cmake_target_skip_unavailable': False, 'install_base': '/home/klingjac/ws_offboard_control/install/px4_msgs', 'merge_install': False, 'path': '/home/klingjac/ws_offboard_control/src/px4_msgs', 'symlink_install': False, 'test_result_base': None}
[0.413s] Level 5:colcon.colcon_core.verb:set package 'px4_offboard' build argument 'cmake_args' from command line to 'None'
[0.413s] Level 5:colcon.colcon_core.verb:set package 'px4_offboard' build argument 'cmake_target' from command line to 'None'
[0.413s] Level 5:colcon.colcon_core.verb:set package 'px4_offboard' build argument 'cmake_target_skip_unavailable' from command line to 'False'
[0.413s] Level 5:colcon.colcon_core.verb:set package 'px4_offboard' build argument 'cmake_clean_cache' from command line to 'False'
[0.413s] Level 5:colcon.colcon_core.verb:set package 'px4_offboard' build argument 'cmake_clean_first' from command line to 'False'
[0.413s] Level 5:colcon.colcon_core.verb:set package 'px4_offboard' build argument 'cmake_force_configure' from command line to 'False'
[0.413s] Level 5:colcon.colcon_core.verb:set package 'px4_offboard' build argument 'ament_cmake_args' from command line to 'None'
[0.413s] Level 5:colcon.colcon_core.verb:set package 'px4_offboard' build argument 'catkin_cmake_args' from command line to 'None'
[0.413s] Level 5:colcon.colcon_core.verb:set package 'px4_offboard' build argument 'catkin_skip_building_tests' from command line to 'False'
[0.413s] DEBUG:colcon.colcon_core.verb:Building package 'px4_offboard' with the following arguments: {'ament_cmake_args': None, 'build_base': '/home/klingjac/ws_offboard_control/build/px4_offboard', 'catkin_cmake_args': None, 'catkin_skip_building_tests': False, 'cmake_args': None, 'cmake_clean_cache': False, 'cmake_clean_first': False, 'cmake_force_configure': False, 'cmake_target': None, 'cmake_target_skip_unavailable': False, 'install_base': '/home/klingjac/ws_offboard_control/install/px4_offboard', 'merge_install': False, 'path': '/home/klingjac/ws_offboard_control/src/px4_visualize', 'symlink_install': False, 'test_result_base': None}
[0.414s] Level 5:colcon.colcon_core.verb:set package 'px4_ros_com' build argument 'cmake_args' from command line to 'None'
[0.414s] Level 5:colcon.colcon_core.verb:set package 'px4_ros_com' build argument 'cmake_target' from command line to 'None'
[0.414s] Level 5:colcon.colcon_core.verb:set package 'px4_ros_com' build argument 'cmake_target_skip_unavailable' from command line to 'False'
[0.414s] Level 5:colcon.colcon_core.verb:set package 'px4_ros_com' build argument 'cmake_clean_cache' from command line to 'False'
[0.414s] Level 5:colcon.colcon_core.verb:set package 'px4_ros_com' build argument 'cmake_clean_first' from command line to 'False'
[0.414s] Level 5:colcon.colcon_core.verb:set package 'px4_ros_com' build argument 'cmake_force_configure' from command line to 'False'
[0.414s] Level 5:colcon.colcon_core.verb:set package 'px4_ros_com' build argument 'ament_cmake_args' from command line to 'None'
[0.414s] Level 5:colcon.colcon_core.verb:set package 'px4_ros_com' build argument 'catkin_cmake_args' from command line to 'None'
[0.414s] Level 5:colcon.colcon_core.verb:set package 'px4_ros_com' build argument 'catkin_skip_building_tests' from command line to 'False'
[0.414s] DEBUG:colcon.colcon_core.verb:Building package 'px4_ros_com' with the following arguments: {'ament_cmake_args': None, 'build_base': '/home/klingjac/ws_offboard_control/build/px4_ros_com', 'catkin_cmake_args': None, 'catkin_skip_building_tests': False, 'cmake_args': None, 'cmake_clean_cache': False, 'cmake_clean_first': False, 'cmake_force_configure': False, 'cmake_target': None, 'cmake_target_skip_unavailable': False, 'install_base': '/home/klingjac/ws_offboard_control/install/px4_ros_com', 'merge_install': False, 'path': '/home/klingjac/ws_offboard_control/src/px4_ros_com', 'symlink_install': False, 'test_result_base': None}
[0.414s] INFO:colcon.colcon_core.executor:Executing jobs using 'parallel' executor
[0.416s] DEBUG:colcon.colcon_parallel_executor.executor.parallel:run_until_complete
[0.416s] INFO:colcon.colcon_ros.task.ament_cmake.build:Building ROS package in '/home/klingjac/ws_offboard_control/src/px4_msgs' with build type 'ament_cmake'
[0.417s] INFO:colcon.colcon_cmake.task.cmake.build:Building CMake package in '/home/klingjac/ws_offboard_control/src/px4_msgs'
[0.419s] INFO:colcon.colcon_core.plugin_system:Skipping extension 'colcon_core.shell.bat': Not used on non-Windows systems
[0.419s] INFO:colcon.colcon_core.shell:Skip shell extension 'powershell' for command environment: Not usable outside of PowerShell
[0.419s] DEBUG:colcon.colcon_core.shell:Skip shell extension 'dsv' for command environment
[0.426s] DEBUG:colcon.colcon_core.event_handler.log_command:Invoking command in '/home/klingjac/ws_offboard_control/build/px4_msgs': CMAKE_PREFIX_PATH=/opt/ros/humble /usr/bin/cmake --build /home/klingjac/ws_offboard_control/build/px4_msgs -- -j20 -l20
[0.810s] DEBUG:colcon.colcon_core.event_handler.log_command:Invoked command in '/home/klingjac/ws_offboard_control/build/px4_msgs' returned '0': CMAKE_PREFIX_PATH=/opt/ros/humble /usr/bin/cmake --build /home/klingjac/ws_offboard_control/build/px4_msgs -- -j20 -l20
[2.354s] DEBUG:colcon.colcon_core.event_handler.log_command:Invoking command in '/home/klingjac/ws_offboard_control/build/px4_msgs': CMAKE_PREFIX_PATH=/opt/ros/humble /usr/bin/cmake --install /home/klingjac/ws_offboard_control/build/px4_msgs
[2.552s] Level 1:colcon.colcon_core.environment:create_environment_scripts_only(px4_msgs)
[2.586s] DEBUG:colcon.colcon_core.event_handler.log_command:Invoked command in '/home/klingjac/ws_offboard_control/build/px4_msgs' returned '0': CMAKE_PREFIX_PATH=/opt/ros/humble /usr/bin/cmake --install /home/klingjac/ws_offboard_control/build/px4_msgs
[2.588s] Level 1:colcon.colcon_core.environment:checking '/home/klingjac/ws_offboard_control/install/px4_msgs' for CMake module files
[2.588s] Level 1:colcon.colcon_core.environment:checking '/home/klingjac/ws_offboard_control/install/px4_msgs' for CMake config files
[2.588s] Level 1:colcon.colcon_core.shell:create_environment_hook('px4_msgs', 'cmake_prefix_path')
[2.589s] INFO:colcon.colcon_core.shell:Creating environment hook '/home/klingjac/ws_offboard_control/install/px4_msgs/share/px4_msgs/hook/cmake_prefix_path.ps1'
[2.589s] INFO:colcon.colcon_core.shell:Creating environment descriptor '/home/klingjac/ws_offboard_control/install/px4_msgs/share/px4_msgs/hook/cmake_prefix_path.dsv'
[2.589s] INFO:colcon.colcon_core.shell:Creating environment hook '/home/klingjac/ws_offboard_control/install/px4_msgs/share/px4_msgs/hook/cmake_prefix_path.sh'
[2.590s] Level 1:colcon.colcon_core.environment:checking '/home/klingjac/ws_offboard_control/install/px4_msgs/lib'
[2.590s] Level 1:colcon.colcon_core.shell:create_environment_hook('px4_msgs', 'ld_library_path_lib')
[2.591s] INFO:colcon.colcon_core.shell:Creating environment hook '/home/klingjac/ws_offboard_control/install/px4_msgs/share/px4_msgs/hook/ld_library_path_lib.ps1'
[2.591s] INFO:colcon.colcon_core.shell:Creating environment descriptor '/home/klingjac/ws_offboard_control/install/px4_msgs/share/px4_msgs/hook/ld_library_path_lib.dsv'
[2.591s] INFO:colcon.colcon_core.shell:Creating environment hook '/home/klingjac/ws_offboard_control/install/px4_msgs/share/px4_msgs/hook/ld_library_path_lib.sh'
[2.591s] Level 1:colcon.colcon_core.environment:checking '/home/klingjac/ws_offboard_control/install/px4_msgs/bin'
[2.591s] Level 1:colcon.colcon_core.environment:checking '/home/klingjac/ws_offboard_control/install/px4_msgs/lib/pkgconfig/px4_msgs.pc'
[2.591s] Level 1:colcon.colcon_core.environment:checking '/home/klingjac/ws_offboard_control/install/px4_msgs/lib/python3.10/site-packages'
[2.591s] Level 1:colcon.colcon_core.environment:checking '/home/klingjac/ws_offboard_control/install/px4_msgs/bin'
[2.592s] INFO:colcon.colcon_core.shell:Creating package script '/home/klingjac/ws_offboard_control/install/px4_msgs/share/px4_msgs/package.ps1'
[2.592s] INFO:colcon.colcon_core.shell:Creating package descriptor '/home/klingjac/ws_offboard_control/install/px4_msgs/share/px4_msgs/package.dsv'
[2.593s] INFO:colcon.colcon_core.shell:Creating package script '/home/klingjac/ws_offboard_control/install/px4_msgs/share/px4_msgs/package.sh'
[2.593s] INFO:colcon.colcon_core.shell:Creating package script '/home/klingjac/ws_offboard_control/install/px4_msgs/share/px4_msgs/package.bash'
[2.593s] INFO:colcon.colcon_core.shell:Creating package script '/home/klingjac/ws_offboard_control/install/px4_msgs/share/px4_msgs/package.zsh'
[2.594s] Level 1:colcon.colcon_core.environment:create_file_with_runtime_dependencies(/home/klingjac/ws_offboard_control/install/px4_msgs/share/colcon-core/packages/px4_msgs)
[4.120s] Level 1:colcon.colcon_core.environment:create_environment_scripts_only(px4_msgs)
[4.121s] Level 1:colcon.colcon_core.environment:checking '/home/klingjac/ws_offboard_control/install/px4_msgs' for CMake module files
[4.121s] Level 1:colcon.colcon_core.environment:checking '/home/klingjac/ws_offboard_control/install/px4_msgs' for CMake config files
[4.122s] Level 1:colcon.colcon_core.shell:create_environment_hook('px4_msgs', 'cmake_prefix_path')
[4.122s] INFO:colcon.colcon_core.shell:Creating environment hook '/home/klingjac/ws_offboard_control/install/px4_msgs/share/px4_msgs/hook/cmake_prefix_path.ps1'
[4.123s] INFO:colcon.colcon_core.shell:Creating environment descriptor '/home/klingjac/ws_offboard_control/install/px4_msgs/share/px4_msgs/hook/cmake_prefix_path.dsv'
[4.123s] INFO:colcon.colcon_core.shell:Creating environment hook '/home/klingjac/ws_offboard_control/install/px4_msgs/share/px4_msgs/hook/cmake_prefix_path.sh'
[4.123s] Level 1:colcon.colcon_core.environment:checking '/home/klingjac/ws_offboard_control/install/px4_msgs/lib'
[4.123s] Level 1:colcon.colcon_core.shell:create_environment_hook('px4_msgs', 'ld_library_path_lib')
[4.124s] INFO:colcon.colcon_core.shell:Creating environment hook '/home/klingjac/ws_offboard_control/install/px4_msgs/share/px4_msgs/hook/ld_library_path_lib.ps1'
[4.124s] INFO:colcon.colcon_core.shell:Creating environment descriptor '/home/klingjac/ws_offboard_control/install/px4_msgs/share/px4_msgs/hook/ld_library_path_lib.dsv'
[4.124s] INFO:colcon.colcon_core.shell:Creating environment hook '/home/klingjac/ws_offboard_control/install/px4_msgs/share/px4_msgs/hook/ld_library_path_lib.sh'
[4.125s] Level 1:colcon.colcon_core.environment:checking '/home/klingjac/ws_offboard_control/install/px4_msgs/bin'
[4.125s] Level 1:colcon.colcon_core.environment:checking '/home/klingjac/ws_offboard_control/install/px4_msgs/lib/pkgconfig/px4_msgs.pc'
[4.125s] Level 1:colcon.colcon_core.environment:checking '/home/klingjac/ws_offboard_control/install/px4_msgs/lib/python3.10/site-packages'
[4.125s] Level 1:colcon.colcon_core.environment:checking '/home/klingjac/ws_offboard_control/install/px4_msgs/bin'
[4.125s] INFO:colcon.colcon_core.shell:Creating package script '/home/klingjac/ws_offboard_control/install/px4_msgs/share/px4_msgs/package.ps1'
[4.126s] INFO:colcon.colcon_core.shell:Creating package descriptor '/home/klingjac/ws_offboard_control/install/px4_msgs/share/px4_msgs/package.dsv'
[4.126s] INFO:colcon.colcon_core.shell:Creating package script '/home/klingjac/ws_offboard_control/install/px4_msgs/share/px4_msgs/package.sh'
[4.126s] INFO:colcon.colcon_core.shell:Creating package script '/home/klingjac/ws_offboard_control/install/px4_msgs/share/px4_msgs/package.bash'
[4.126s] INFO:colcon.colcon_core.shell:Creating package script '/home/klingjac/ws_offboard_control/install/px4_msgs/share/px4_msgs/package.zsh'
[4.127s] Level 1:colcon.colcon_core.environment:create_file_with_runtime_dependencies(/home/klingjac/ws_offboard_control/install/px4_msgs/share/colcon-core/packages/px4_msgs)
[4.127s] INFO:colcon.colcon_ros.task.ament_python.build:Building ROS package in '/home/klingjac/ws_offboard_control/src/px4_visualize' with build type 'ament_python'
[4.127s] Level 1:colcon.colcon_core.shell:create_environment_hook('px4_offboard', 'ament_prefix_path')
[4.128s] INFO:colcon.colcon_core.shell:Creating environment hook '/home/klingjac/ws_offboard_control/install/px4_offboard/share/px4_offboard/hook/ament_prefix_path.ps1'
[4.128s] INFO:colcon.colcon_core.shell:Creating environment descriptor '/home/klingjac/ws_offboard_control/install/px4_offboard/share/px4_offboard/hook/ament_prefix_path.dsv'
[4.128s] INFO:colcon.colcon_core.shell:Creating environment hook '/home/klingjac/ws_offboard_control/install/px4_offboard/share/px4_offboard/hook/ament_prefix_path.sh'
[4.129s] INFO:colcon.colcon_core.shell:Skip shell extension 'powershell' for command environment: Not usable outside of PowerShell
[4.129s] DEBUG:colcon.colcon_core.shell:Skip shell extension 'dsv' for command environment
[4.131s] INFO:colcon.colcon_ros.task.ament_cmake.build:Building ROS package in '/home/klingjac/ws_offboard_control/src/px4_ros_com' with build type 'ament_cmake'
[4.131s] INFO:colcon.colcon_cmake.task.cmake.build:Building CMake package in '/home/klingjac/ws_offboard_control/src/px4_ros_com'
[4.131s] INFO:colcon.colcon_core.shell:Skip shell extension 'powershell' for command environment: Not usable outside of PowerShell
[4.131s] DEBUG:colcon.colcon_core.shell:Skip shell extension 'dsv' for command environment
[4.242s] DEBUG:colcon.colcon_core.event_handler.log_command:Invoking command in '/home/klingjac/ws_offboard_control/build/px4_ros_com': AMENT_PREFIX_PATH=/home/klingjac/ws_offboard_control/install/px4_msgs:${AMENT_PREFIX_PATH} CMAKE_PREFIX_PATH=/home/klingjac/ws_offboard_control/install/px4_msgs:/opt/ros/humble LD_LIBRARY_PATH=/home/klingjac/ws_offboard_control/install/px4_msgs/lib:${LD_LIBRARY_PATH} PYTHONPATH=/home/klingjac/ws_offboard_control/install/px4_msgs/local/lib/python3.10/dist-packages:${PYTHONPATH} /usr/bin/cmake --build /home/klingjac/ws_offboard_control/build/px4_ros_com -- -j20 -l20
[4.375s] INFO:colcon.colcon_core.task.python.build:Building Python package in '/home/klingjac/ws_offboard_control/src/px4_visualize'
[4.376s] INFO:colcon.colcon_core.shell:Skip shell extension 'powershell' for command environment: Not usable outside of PowerShell
[4.376s] DEBUG:colcon.colcon_core.shell:Skip shell extension 'dsv' for command environment
[4.378s] DEBUG:colcon.colcon_core.event_handler.log_command:Invoked command in '/home/klingjac/ws_offboard_control/build/px4_ros_com' returned '0': AMENT_PREFIX_PATH=/home/klingjac/ws_offboard_control/install/px4_msgs:${AMENT_PREFIX_PATH} CMAKE_PREFIX_PATH=/home/klingjac/ws_offboard_control/install/px4_msgs:/opt/ros/humble LD_LIBRARY_PATH=/home/klingjac/ws_offboard_control/install/px4_msgs/lib:${LD_LIBRARY_PATH} PYTHONPATH=/home/klingjac/ws_offboard_control/install/px4_msgs/local/lib/python3.10/dist-packages:${PYTHONPATH} /usr/bin/cmake --build /home/klingjac/ws_offboard_control/build/px4_ros_com -- -j20 -l20
[4.395s] DEBUG:colcon.colcon_core.event_handler.log_command:Invoking command in '/home/klingjac/ws_offboard_control/build/px4_ros_com': AMENT_PREFIX_PATH=/home/klingjac/ws_offboard_control/install/px4_msgs:${AMENT_PREFIX_PATH} CMAKE_PREFIX_PATH=/home/klingjac/ws_offboard_control/install/px4_msgs:/opt/ros/humble LD_LIBRARY_PATH=/home/klingjac/ws_offboard_control/install/px4_msgs/lib:${LD_LIBRARY_PATH} PYTHONPATH=/home/klingjac/ws_offboard_control/install/px4_msgs/local/lib/python3.10/dist-packages:${PYTHONPATH} /usr/bin/cmake --install /home/klingjac/ws_offboard_control/build/px4_ros_com
[4.402s] Level 1:colcon.colcon_core.environment:create_environment_scripts_only(px4_ros_com)
[4.402s] DEBUG:colcon.colcon_core.event_handler.log_command:Invoked command in '/home/klingjac/ws_offboard_control/build/px4_ros_com' returned '0': AMENT_PREFIX_PATH=/home/klingjac/ws_offboard_control/install/px4_msgs:${AMENT_PREFIX_PATH} CMAKE_PREFIX_PATH=/home/klingjac/ws_offboard_control/install/px4_msgs:/opt/ros/humble LD_LIBRARY_PATH=/home/klingjac/ws_offboard_control/install/px4_msgs/lib:${LD_LIBRARY_PATH} PYTHONPATH=/home/klingjac/ws_offboard_control/install/px4_msgs/local/lib/python3.10/dist-packages:${PYTHONPATH} /usr/bin/cmake --install /home/klingjac/ws_offboard_control/build/px4_ros_com
[4.403s] Level 1:colcon.colcon_core.environment:checking '/home/klingjac/ws_offboard_control/install/px4_ros_com' for CMake module files
[4.404s] Level 1:colcon.colcon_core.environment:checking '/home/klingjac/ws_offboard_control/install/px4_ros_com' for CMake config files
[4.404s] Level 1:colcon.colcon_core.shell:create_environment_hook('px4_ros_com', 'cmake_prefix_path')
[4.405s] INFO:colcon.colcon_core.shell:Creating environment hook '/home/klingjac/ws_offboard_control/install/px4_ros_com/share/px4_ros_com/hook/cmake_prefix_path.ps1'
[4.405s] INFO:colcon.colcon_core.shell:Creating environment descriptor '/home/klingjac/ws_offboard_control/install/px4_ros_com/share/px4_ros_com/hook/cmake_prefix_path.dsv'
[4.405s] INFO:colcon.colcon_core.shell:Creating environment hook '/home/klingjac/ws_offboard_control/install/px4_ros_com/share/px4_ros_com/hook/cmake_prefix_path.sh'
[4.406s] Level 1:colcon.colcon_core.environment:checking '/home/klingjac/ws_offboard_control/install/px4_ros_com/lib'
[4.406s] Level 1:colcon.colcon_core.shell:create_environment_hook('px4_ros_com', 'ld_library_path_lib')
[4.407s] INFO:colcon.colcon_core.shell:Creating environment hook '/home/klingjac/ws_offboard_control/install/px4_ros_com/share/px4_ros_com/hook/ld_library_path_lib.ps1'
[4.407s] INFO:colcon.colcon_core.shell:Creating environment descriptor '/home/klingjac/ws_offboard_control/install/px4_ros_com/share/px4_ros_com/hook/ld_library_path_lib.dsv'
[4.407s] INFO:colcon.colcon_core.shell:Creating environment hook '/home/klingjac/ws_offboard_control/install/px4_ros_com/share/px4_ros_com/hook/ld_library_path_lib.sh'
[4.408s] Level 1:colcon.colcon_core.environment:checking '/home/klingjac/ws_offboard_control/install/px4_ros_com/bin'
[4.408s] Level 1:colcon.colcon_core.environment:checking '/home/klingjac/ws_offboard_control/install/px4_ros_com/lib/pkgconfig/px4_ros_com.pc'
[4.408s] Level 1:colcon.colcon_core.environment:checking '/home/klingjac/ws_offboard_control/install/px4_ros_com/lib/python3.10/site-packages'
[4.408s] Level 1:colcon.colcon_core.environment:checking '/home/klingjac/ws_offboard_control/install/px4_ros_com/bin'
[4.409s] INFO:colcon.colcon_core.shell:Creating package script '/home/klingjac/ws_offboard_control/install/px4_ros_com/share/px4_ros_com/package.ps1'
[4.409s] INFO:colcon.colcon_core.shell:Creating package descriptor '/home/klingjac/ws_offboard_control/install/px4_ros_com/share/px4_ros_com/package.dsv'
[4.409s] INFO:colcon.colcon_core.shell:Creating package script '/home/klingjac/ws_offboard_control/install/px4_ros_com/share/px4_ros_com/package.sh'
[4.409s] INFO:colcon.colcon_core.shell:Creating package script '/home/klingjac/ws_offboard_control/install/px4_ros_com/share/px4_ros_com/package.bash'
[4.409s] INFO:colcon.colcon_core.shell:Creating package script '/home/klingjac/ws_offboard_control/install/px4_ros_com/share/px4_ros_com/package.zsh'
[4.410s] Level 1:colcon.colcon_core.environment:create_file_with_runtime_dependencies(/home/klingjac/ws_offboard_control/install/px4_ros_com/share/colcon-core/packages/px4_ros_com)
[4.427s] Level 1:colcon.colcon_core.environment:create_environment_scripts_only(px4_ros_com)
[4.427s] Level 1:colcon.colcon_core.environment:checking '/home/klingjac/ws_offboard_control/install/px4_ros_com' for CMake module files
[4.428s] Level 1:colcon.colcon_core.environment:checking '/home/klingjac/ws_offboard_control/install/px4_ros_com' for CMake config files
[4.428s] Level 1:colcon.colcon_core.shell:create_environment_hook('px4_ros_com', 'cmake_prefix_path')
[4.429s] INFO:colcon.colcon_core.shell:Creating environment hook '/home/klingjac/ws_offboard_control/install/px4_ros_com/share/px4_ros_com/hook/cmake_prefix_path.ps1'
[4.429s] INFO:colcon.colcon_core.shell:Creating environment descriptor '/home/klingjac/ws_offboard_control/install/px4_ros_com/share/px4_ros_com/hook/cmake_prefix_path.dsv'
[4.429s] INFO:colcon.colcon_core.shell:Creating environment hook '/home/klingjac/ws_offboard_control/install/px4_ros_com/share/px4_ros_com/hook/cmake_prefix_path.sh'
[4.429s] Level 1:colcon.colcon_core.environment:checking '/home/klingjac/ws_offboard_control/install/px4_ros_com/lib'
[4.429s] Level 1:colcon.colcon_core.shell:create_environment_hook('px4_ros_com', 'ld_library_path_lib')
[4.430s] INFO:colcon.colcon_core.shell:Creating environment hook '/home/klingjac/ws_offboard_control/install/px4_ros_com/share/px4_ros_com/hook/ld_library_path_lib.ps1'
[4.430s] INFO:colcon.colcon_core.shell:Creating environment descriptor '/home/klingjac/ws_offboard_control/install/px4_ros_com/share/px4_ros_com/hook/ld_library_path_lib.dsv'
[4.430s] INFO:colcon.colcon_core.shell:Creating environment hook '/home/klingjac/ws_offboard_control/install/px4_ros_com/share/px4_ros_com/hook/ld_library_path_lib.sh'
[4.430s] Level 1:colcon.colcon_core.environment:checking '/home/klingjac/ws_offboard_control/install/px4_ros_com/bin'
[4.430s] Level 1:colcon.colcon_core.environment:checking '/home/klingjac/ws_offboard_control/install/px4_ros_com/lib/pkgconfig/px4_ros_com.pc'
[4.431s] Level 1:colcon.colcon_core.environment:checking '/home/klingjac/ws_offboard_control/install/px4_ros_com/lib/python3.10/site-packages'
[4.431s] Level 1:colcon.colcon_core.environment:checking '/home/klingjac/ws_offboard_control/install/px4_ros_com/bin'
[4.431s] INFO:colcon.colcon_core.shell:Creating package script '/home/klingjac/ws_offboard_control/install/px4_ros_com/share/px4_ros_com/package.ps1'
[4.431s] INFO:colcon.colcon_core.shell:Creating package descriptor '/home/klingjac/ws_offboard_control/install/px4_ros_com/share/px4_ros_com/package.dsv'
[4.432s] INFO:colcon.colcon_core.shell:Creating package script '/home/klingjac/ws_offboard_control/install/px4_ros_com/share/px4_ros_com/package.sh'
[4.432s] INFO:colcon.colcon_core.shell:Creating package script '/home/klingjac/ws_offboard_control/install/px4_ros_com/share/px4_ros_com/package.bash'
[4.432s] INFO:colcon.colcon_core.shell:Creating package script '/home/klingjac/ws_offboard_control/install/px4_ros_com/share/px4_ros_com/package.zsh'
[4.432s] Level 1:colcon.colcon_core.environment:create_file_with_runtime_dependencies(/home/klingjac/ws_offboard_control/install/px4_ros_com/share/colcon-core/packages/px4_ros_com)
[4.725s] DEBUG:colcon.colcon_core.event_handler.log_command:Invoking command in '/home/klingjac/ws_offboard_control/src/px4_visualize': AMENT_PREFIX_PATH=/home/klingjac/ws_offboard_control/install/px4_msgs:${AMENT_PREFIX_PATH} CMAKE_PREFIX_PATH=/home/klingjac/ws_offboard_control/install/px4_msgs LD_LIBRARY_PATH=/home/klingjac/ws_offboard_control/install/px4_msgs/lib:${LD_LIBRARY_PATH} PYTHONPATH=/home/klingjac/ws_offboard_control/build/px4_offboard/prefix_override:/home/klingjac/ws_offboard_control/install/px4_offboard/lib/python3.10/site-packages:/home/klingjac/ws_offboard_control/install/px4_msgs/local/lib/python3.10/dist-packages:${PYTHONPATH} /usr/bin/python3 setup.py egg_info --egg-base ../../build/px4_offboard build --build-base /home/klingjac/ws_offboard_control/build/px4_offboard/build install --record /home/klingjac/ws_offboard_control/build/px4_offboard/install.log --single-version-externally-managed
[4.890s] Level 1:colcon.colcon_core.environment:checking '/home/klingjac/ws_offboard_control/install/px4_offboard' for CMake module files
[4.890s] DEBUG:colcon.colcon_core.event_handler.log_command:Invoked command in '/home/klingjac/ws_offboard_control/src/px4_visualize' returned '0': AMENT_PREFIX_PATH=/home/klingjac/ws_offboard_control/install/px4_msgs:${AMENT_PREFIX_PATH} CMAKE_PREFIX_PATH=/home/klingjac/ws_offboard_control/install/px4_msgs LD_LIBRARY_PATH=/home/klingjac/ws_offboard_control/install/px4_msgs/lib:${LD_LIBRARY_PATH} PYTHONPATH=/home/klingjac/ws_offboard_control/build/px4_offboard/prefix_override:/home/klingjac/ws_offboard_control/install/px4_offboard/lib/python3.10/site-packages:/home/klingjac/ws_offboard_control/install/px4_msgs/local/lib/python3.10/dist-packages:${PYTHONPATH} /usr/bin/python3 setup.py egg_info --egg-base ../../build/px4_offboard build --build-base /home/klingjac/ws_offboard_control/build/px4_offboard/build install --record /home/klingjac/ws_offboard_control/build/px4_offboard/install.log --single-version-externally-managed
[4.890s] Level 1:colcon.colcon_core.environment:checking '/home/klingjac/ws_offboard_control/install/px4_offboard' for CMake config files
[4.890s] Level 1:colcon.colcon_core.environment:checking '/home/klingjac/ws_offboard_control/install/px4_offboard/lib'
[4.890s] Level 1:colcon.colcon_core.environment:checking '/home/klingjac/ws_offboard_control/install/px4_offboard/bin'
[4.890s] Level 1:colcon.colcon_core.environment:checking '/home/klingjac/ws_offboard_control/install/px4_offboard/lib/pkgconfig/px4_offboard.pc'
[4.891s] Level 1:colcon.colcon_core.environment:checking '/home/klingjac/ws_offboard_control/install/px4_offboard/lib/python3.10/site-packages'
[4.891s] Level 1:colcon.colcon_core.shell:create_environment_hook('px4_offboard', 'pythonpath')
[4.891s] INFO:colcon.colcon_core.shell:Creating environment hook '/home/klingjac/ws_offboard_control/install/px4_offboard/share/px4_offboard/hook/pythonpath.ps1'
[4.891s] INFO:colcon.colcon_core.shell:Creating environment descriptor '/home/klingjac/ws_offboard_control/install/px4_offboard/share/px4_offboard/hook/pythonpath.dsv'
[4.892s] INFO:colcon.colcon_core.shell:Creating environment hook '/home/klingjac/ws_offboard_control/install/px4_offboard/share/px4_offboard/hook/pythonpath.sh'
[4.892s] Level 1:colcon.colcon_core.environment:checking '/home/klingjac/ws_offboard_control/install/px4_offboard/bin'
[4.892s] Level 1:colcon.colcon_core.environment:create_environment_scripts_only(px4_offboard)
[4.892s] INFO:colcon.colcon_core.shell:Creating package script '/home/klingjac/ws_offboard_control/install/px4_offboard/share/px4_offboard/package.ps1'
[4.893s] INFO:colcon.colcon_core.shell:Creating package descriptor '/home/klingjac/ws_offboard_control/install/px4_offboard/share/px4_offboard/package.dsv'
[4.893s] INFO:colcon.colcon_core.shell:Creating package script '/home/klingjac/ws_offboard_control/install/px4_offboard/share/px4_offboard/package.sh'
[4.893s] INFO:colcon.colcon_core.shell:Creating package script '/home/klingjac/ws_offboard_control/install/px4_offboard/share/px4_offboard/package.bash'
[4.893s] INFO:colcon.colcon_core.shell:Creating package script '/home/klingjac/ws_offboard_control/install/px4_offboard/share/px4_offboard/package.zsh'
[4.893s] Level 1:colcon.colcon_core.environment:create_file_with_runtime_dependencies(/home/klingjac/ws_offboard_control/install/px4_offboard/share/colcon-core/packages/px4_offboard)
[4.893s] DEBUG:colcon.colcon_parallel_executor.executor.parallel:closing loop
[4.893s] DEBUG:colcon.colcon_parallel_executor.executor.parallel:loop closed
[4.894s] DEBUG:colcon.colcon_parallel_executor.executor.parallel:run_until_complete finished with '0'
[4.894s] DEBUG:colcon.colcon_core.event_reactor:joining thread
[5.005s] INFO:colcon.colcon_core.plugin_system:Skipping extension 'colcon_notification.desktop_notification.notify_send': Could not find 'notify-send'
[5.005s] INFO:colcon.colcon_core.plugin_system:Skipping extension 'colcon_notification.desktop_notification.terminal_notifier': Not used on non-Darwin systems
[5.005s] INFO:colcon.colcon_core.plugin_system:Skipping extension 'colcon_notification.desktop_notification.win32': Not used on non-Windows systems
[5.005s] INFO:colcon.colcon_notification.desktop_notification:Sending desktop notification using 'notify2'
[5.005s] DEBUG:colcon.colcon_notification.desktop_notification.notify2:Failed to initialize notify2: org.freedesktop.DBus.Error.FileNotFound: Failed to connect to socket /run/user/1000/bus: No such file or directory
[5.005s] DEBUG:colcon.colcon_core.event_reactor:joined thread
[5.006s] INFO:colcon.colcon_core.shell:Creating prefix script '/home/klingjac/ws_offboard_control/install/local_setup.ps1'
[5.007s] INFO:colcon.colcon_core.shell:Creating prefix util module '/home/klingjac/ws_offboard_control/install/_local_setup_util_ps1.py'
[5.007s] INFO:colcon.colcon_core.shell:Creating prefix chain script '/home/klingjac/ws_offboard_control/install/setup.ps1'
[5.008s] INFO:colcon.colcon_core.shell:Creating prefix script '/home/klingjac/ws_offboard_control/install/local_setup.sh'
[5.008s] INFO:colcon.colcon_core.shell:Creating prefix util module '/home/klingjac/ws_offboard_control/install/_local_setup_util_sh.py'
[5.008s] INFO:colcon.colcon_core.shell:Creating prefix chain script '/home/klingjac/ws_offboard_control/install/setup.sh'
[5.009s] INFO:colcon.colcon_core.shell:Creating prefix script '/home/klingjac/ws_offboard_control/install/local_setup.bash'
[5.009s] INFO:colcon.colcon_core.shell:Creating prefix chain script '/home/klingjac/ws_offboard_control/install/setup.bash'
[5.009s] INFO:colcon.colcon_core.shell:Creating prefix script '/home/klingjac/ws_offboard_control/install/local_setup.zsh'
[5.010s] INFO:colcon.colcon_core.shell:Creating prefix chain script '/home/klingjac/ws_offboard_control/install/setup.zsh'
