[0.999s] Invoking command in '/home/klingjac/ws_offboard_control/src/px4_visualize': AMENT_PREFIX_PATH=/home/klingjac/ws_offboard_control/install/px4_msgs:${AMENT_PREFIX_PATH} CMAKE_PREFIX_PATH=/home/klingjac/ws_offboard_control/install/px4_msgs LD_LIBRARY_PATH=/home/klingjac/ws_offboard_control/install/px4_msgs/lib:${LD_LIBRARY_PATH} PYTHONPATH=/home/klingjac/ws_offboard_control/build/px4_offboard/prefix_override:/home/klingjac/ws_offboard_control/install/px4_offboard/lib/python3.10/site-packages:/home/klingjac/ws_offboard_control/install/px4_msgs/local/lib/python3.10/dist-packages:${PYTHONPATH} /usr/bin/python3 setup.py egg_info --egg-base ../../build/px4_offboard build --build-base /home/klingjac/ws_offboard_control/build/px4_offboard/build install --record /home/klingjac/ws_offboard_control/build/px4_offboard/install.log --single-version-externally-managed
[1.221s] running egg_info
[1.222s] writing ../../build/px4_offboard/px4_offboard.egg-info/PKG-INFO
[1.222s] writing dependency_links to ../../build/px4_offboard/px4_offboard.egg-info/dependency_links.txt
[1.223s] writing entry points to ../../build/px4_offboard/px4_offboard.egg-info/entry_points.txt
[1.223s] writing requirements to ../../build/px4_offboard/px4_offboard.egg-info/requires.txt
[1.223s] writing top-level names to ../../build/px4_offboard/px4_offboard.egg-info/top_level.txt
[1.225s] reading manifest file '../../build/px4_offboard/px4_offboard.egg-info/SOURCES.txt'
[1.226s] adding license file 'LICENSE'
[1.227s] writing manifest file '../../build/px4_offboard/px4_offboard.egg-info/SOURCES.txt'
[1.227s] running build
[1.227s] running build_py
[1.228s] copying px4_offboard/offboard_control.py -> /home/klingjac/ws_offboard_control/build/px4_offboard/build/lib/px4_offboard
[1.228s] running install
[1.229s] /home/klingjac/.local/lib/python3.10/site-packages/setuptools/command/install.py:34: SetuptoolsDeprecationWarning: setup.py install is deprecated. Use build and pip and other standards-based tools.
[1.229s]   warnings.warn(
[1.229s] running install_lib
[1.230s] copying /home/klingjac/ws_offboard_control/build/px4_offboard/build/lib/px4_offboard/offboard_control.py -> /home/klingjac/ws_offboard_control/install/px4_offboard/lib/python3.10/site-packages/px4_offboard
[1.231s] byte-compiling /home/klingjac/ws_offboard_control/install/px4_offboard/lib/python3.10/site-packages/px4_offboard/offboard_control.py to offboard_control.cpython-310.pyc
[1.232s] running install_data
[1.233s] running install_egg_info
[1.234s] removing '/home/klingjac/ws_offboard_control/install/px4_offboard/lib/python3.10/site-packages/px4_offboard-0.0.0-py3.10.egg-info' (and everything under it)
[1.234s] Copying ../../build/px4_offboard/px4_offboard.egg-info to /home/klingjac/ws_offboard_control/install/px4_offboard/lib/python3.10/site-packages/px4_offboard-0.0.0-py3.10.egg-info
[1.235s] running install_scripts
[1.252s] Installing offboard_control script to /home/klingjac/ws_offboard_control/install/px4_offboard/lib/px4_offboard
[1.252s] Installing visualizer script to /home/klingjac/ws_offboard_control/install/px4_offboard/lib/px4_offboard
[1.252s] writing list of installed files to '/home/klingjac/ws_offboard_control/build/px4_offboard/install.log'
[1.274s] Invoked command in '/home/klingjac/ws_offboard_control/src/px4_visualize' returned '0': AMENT_PREFIX_PATH=/home/klingjac/ws_offboard_control/install/px4_msgs:${AMENT_PREFIX_PATH} CMAKE_PREFIX_PATH=/home/klingjac/ws_offboard_control/install/px4_msgs LD_LIBRARY_PATH=/home/klingjac/ws_offboard_control/install/px4_msgs/lib:${LD_LIBRARY_PATH} PYTHONPATH=/home/klingjac/ws_offboard_control/build/px4_offboard/prefix_override:/home/klingjac/ws_offboard_control/install/px4_offboard/lib/python3.10/site-packages:/home/klingjac/ws_offboard_control/install/px4_msgs/local/lib/python3.10/dist-packages:${PYTHONPATH} /usr/bin/python3 setup.py egg_info --egg-base ../../build/px4_offboard build --build-base /home/klingjac/ws_offboard_control/build/px4_offboard/build install --record /home/klingjac/ws_offboard_control/build/px4_offboard/install.log --single-version-externally-managed
