[0.174s] Invoking command in '/home/klingjac/ws_offboard_control/build/px4_ros_com': AMENT_PREFIX_PATH=/home/klingjac/ws_offboard_control/install/px4_msgs:${AMENT_PREFIX_PATH} CMAKE_PREFIX_PATH=/home/klingjac/ws_offboard_control/install/px4_msgs:/opt/ros/humble LD_LIBRARY_PATH=/home/klingjac/ws_offboard_control/install/px4_msgs/lib:${LD_LIBRARY_PATH} PYTHONPATH=/home/klingjac/ws_offboard_control/install/px4_msgs/local/lib/python3.10/dist-packages:${PYTHONPATH} /usr/bin/cmake --build /home/klingjac/ws_offboard_control/build/px4_ros_com -- -j20 -l20
[0.197s] [35m[1mConsolidate compiler generated dependencies of target drone_position_plotter[0m
[0.200s] [ 16%] Built target frame_transforms
[0.201s] [ 33%] Built target sensor_combined_listener
[0.201s] [ 50%] Built target debug_vect_advertiser
[0.202s] [ 66%] Built target vehicle_gps_position_listener
[0.202s] [ 83%] Built target offboard_control
[0.207s] [ 91%] [32mBuilding CXX object CMakeFiles/drone_position_plotter.dir/src/examples/traj_plot/drone_position_plotter.cpp.o[0m
[6.904s] [100%] [32m[1mLinking CXX executable drone_position_plotter[0m
[7.286s] [100%] Built target drone_position_plotter
[7.292s] Invoked command in '/home/klingjac/ws_offboard_control/build/px4_ros_com' returned '0': AMENT_PREFIX_PATH=/home/klingjac/ws_offboard_control/install/px4_msgs:${AMENT_PREFIX_PATH} CMAKE_PREFIX_PATH=/home/klingjac/ws_offboard_control/install/px4_msgs:/opt/ros/humble LD_LIBRARY_PATH=/home/klingjac/ws_offboard_control/install/px4_msgs/lib:${LD_LIBRARY_PATH} PYTHONPATH=/home/klingjac/ws_offboard_control/install/px4_msgs/local/lib/python3.10/dist-packages:${PYTHONPATH} /usr/bin/cmake --build /home/klingjac/ws_offboard_control/build/px4_ros_com -- -j20 -l20
[7.312s] Invoking command in '/home/klingjac/ws_offboard_control/build/px4_ros_com': AMENT_PREFIX_PATH=/home/klingjac/ws_offboard_control/install/px4_msgs:${AMENT_PREFIX_PATH} CMAKE_PREFIX_PATH=/home/klingjac/ws_offboard_control/install/px4_msgs:/opt/ros/humble LD_LIBRARY_PATH=/home/klingjac/ws_offboard_control/install/px4_msgs/lib:${LD_LIBRARY_PATH} PYTHONPATH=/home/klingjac/ws_offboard_control/install/px4_msgs/local/lib/python3.10/dist-packages:${PYTHONPATH} /usr/bin/cmake --install /home/klingjac/ws_offboard_control/build/px4_ros_com
[7.315s] -- Install configuration: ""
[7.316s] -- Up-to-date: /home/klingjac/ws_offboard_control/install/px4_ros_com/lib/px4_ros_com/sensor_combined_listener
[7.316s] -- Up-to-date: /home/klingjac/ws_offboard_control/install/px4_ros_com/lib/px4_ros_com/vehicle_gps_position_listener
[7.316s] -- Up-to-date: /home/klingjac/ws_offboard_control/install/px4_ros_com/lib/px4_ros_com/debug_vect_advertiser
[7.316s] -- Up-to-date: /home/klingjac/ws_offboard_control/install/px4_ros_com/lib/px4_ros_com/offboard_control
[7.316s] -- Installing: /home/klingjac/ws_offboard_control/install/px4_ros_com/lib/px4_ros_com/drone_position_plotter
[7.318s] -- Set runtime path of "/home/klingjac/ws_offboard_control/install/px4_ros_com/lib/px4_ros_com/drone_position_plotter" to ""
[7.319s] -- Up-to-date: /home/klingjac/ws_offboard_control/install/px4_ros_com/share/px4_ros_com/environment/library_path.sh
[7.319s] -- Up-to-date: /home/klingjac/ws_offboard_control/install/px4_ros_com/share/px4_ros_com/environment/library_path.dsv
[7.319s] -- Up-to-date: /home/klingjac/ws_offboard_control/install/px4_ros_com/include/px4_ros_com
[7.319s] -- Up-to-date: /home/klingjac/ws_offboard_control/install/px4_ros_com/include/px4_ros_com/frame_transforms.h
[7.319s] -- Up-to-date: /home/klingjac/ws_offboard_control/install/px4_ros_com/lib/libframe_transforms.so
[7.319s] -- Up-to-date: /home/klingjac/ws_offboard_control/install/px4_ros_com/share/px4_ros_com//launch
[7.319s] -- Up-to-date: /home/klingjac/ws_offboard_control/install/px4_ros_com/share/px4_ros_com//launch/sensor_combined_listener.launch.py
[7.319s] -- Up-to-date: /home/klingjac/ws_offboard_control/install/px4_ros_com/share/px4_ros_com//launch/offboard_control_launch.yaml
[7.319s] -- Up-to-date: /home/klingjac/ws_offboard_control/install/px4_ros_com/share/px4_ros_com//test
[7.320s] -- Up-to-date: /home/klingjac/ws_offboard_control/install/px4_ros_com/share/px4_ros_com//test/pipeline_io_test.py
[7.320s] -- Up-to-date: /home/klingjac/ws_offboard_control/install/px4_ros_com/share/px4_ros_com//test/__init__.py
[7.320s] -- Up-to-date: /home/klingjac/ws_offboard_control/install/px4_ros_com/share/px4_ros_com//test/test_output.py
[7.320s] -- Up-to-date: /home/klingjac/ws_offboard_control/install/px4_ros_com/share/px4_ros_com//test/test_input.py
[7.320s] [31mCMake Error at cmake_install.cmake:189 (file):
[7.320s]   file INSTALL cannot find
[7.320s]   "/home/klingjac/ws_offboard_control/src/px4_ros_com/examples/models": No
[7.320s]   such file or directory.
[7.320s] 
[7.320s] [0m
[7.321s] Invoked command in '/home/klingjac/ws_offboard_control/build/px4_ros_com' returned '1': AMENT_PREFIX_PATH=/home/klingjac/ws_offboard_control/install/px4_msgs:${AMENT_PREFIX_PATH} CMAKE_PREFIX_PATH=/home/klingjac/ws_offboard_control/install/px4_msgs:/opt/ros/humble LD_LIBRARY_PATH=/home/klingjac/ws_offboard_control/install/px4_msgs/lib:${LD_LIBRARY_PATH} PYTHONPATH=/home/klingjac/ws_offboard_control/install/px4_msgs/local/lib/python3.10/dist-packages:${PYTHONPATH} /usr/bin/cmake --install /home/klingjac/ws_offboard_control/build/px4_ros_com
