[0.840s] DEBUG:colcon:Command line arguments: ['/usr/bin/colcon', 'build']
[0.841s] DEBUG:colcon:Parsed command line arguments: Namespace(log_base=None, log_level=None, verb_name='build', build_base='build', install_base='install', merge_install=False, symlink_install=False, test_result_base=None, continue_on_error=False, executor='parallel', parallel_workers=20, event_handlers=None, ignore_user_meta=False, metas=['./colcon.meta'], base_paths=['.'], packages_ignore=None, packages_ignore_regex=None, paths=None, packages_up_to=None, packages_up_to_regex=None, packages_above=None, packages_above_and_dependencies=None, packages_above_depth=None, packages_select_by_dep=None, packages_skip_by_dep=None, packages_skip_up_to=None, packages_select_build_failed=False, packages_skip_build_finished=False, packages_select_test_failures=False, packages_skip_test_passed=False, packages_select=None, packages_skip=None, packages_select_regex=None, packages_skip_regex=None, packages_start=None, packages_end=None, allow_overriding=[], cmake_args=None, cmake_target=None, cmake_target_skip_unavailable=False, cmake_clean_cache=False, cmake_clean_first=False, cmake_force_configure=False, ament_cmake_args=None, catkin_cmake_args=None, catkin_skip_building_tests=False, verb_parser=<colcon_defaults.argument_parser.defaults.DefaultArgumentsDecorator object at 0x7ff7fbb80a60>, verb_extension=<colcon_core.verb.build.BuildVerb object at 0x7ff7fc56b340>, main=<bound method BuildVerb.main of <colcon_core.verb.build.BuildVerb object at 0x7ff7fc56b340>>)
[0.916s] Level 1:colcon.colcon_core.package_discovery:discover_packages(colcon_meta) check parameters
[0.916s] Level 1:colcon.colcon_core.package_discovery:discover_packages(recursive) check parameters
[0.916s] Level 1:colcon.colcon_core.package_discovery:discover_packages(ignore) check parameters
[0.916s] Level 1:colcon.colcon_core.package_discovery:discover_packages(path) check parameters
[0.916s] Level 1:colcon.colcon_core.package_discovery:discover_packages(colcon_meta) discover
[0.916s] Level 1:colcon.colcon_core.package_discovery:discover_packages(recursive) discover
[0.916s] INFO:colcon.colcon_core.package_discovery:Crawling recursively for packages in '/home/klingjac/ws_offboard_control/src'
[0.916s] Level 1:colcon.colcon_core.package_identification:_identify(.) by extensions ['ignore', 'ignore_ament_install']
[0.916s] Level 1:colcon.colcon_core.package_identification:_identify(.) by extension 'ignore'
[0.916s] Level 1:colcon.colcon_core.package_identification:_identify(.) by extension 'ignore_ament_install'
[0.916s] Level 1:colcon.colcon_core.package_identification:_identify(.) by extensions ['colcon_pkg']
[0.916s] Level 1:colcon.colcon_core.package_identification:_identify(.) by extension 'colcon_pkg'
[0.916s] Level 1:colcon.colcon_core.package_identification:_identify(.) by extensions ['colcon_meta']
[0.916s] Level 1:colcon.colcon_core.package_identification:_identify(.) by extension 'colcon_meta'
[0.916s] Level 1:colcon.colcon_core.package_identification:_identify(.) by extensions ['ros']
[0.916s] Level 1:colcon.colcon_core.package_identification:_identify(.) by extension 'ros'
[0.938s] Level 1:colcon.colcon_core.package_identification:_identify(.) by extensions ['cmake', 'python']
[0.938s] Level 1:colcon.colcon_core.package_identification:_identify(.) by extension 'cmake'
[0.938s] Level 1:colcon.colcon_core.package_identification:_identify(.) by extension 'python'
[0.938s] Level 1:colcon.colcon_core.package_identification:_identify(.) by extensions ['python_setup_py']
[0.938s] Level 1:colcon.colcon_core.package_identification:_identify(.) by extension 'python_setup_py'
[0.939s] Level 1:colcon.colcon_core.package_identification:_identify(build) by extensions ['ignore', 'ignore_ament_install']
[0.939s] Level 1:colcon.colcon_core.package_identification:_identify(build) by extension 'ignore'
[0.939s] Level 1:colcon.colcon_core.package_identification:_identify(build) ignored
[0.939s] Level 1:colcon.colcon_core.package_identification:_identify(install) by extensions ['ignore', 'ignore_ament_install']
[0.939s] Level 1:colcon.colcon_core.package_identification:_identify(install) by extension 'ignore'
[0.939s] Level 1:colcon.colcon_core.package_identification:_identify(install) ignored
[0.939s] Level 1:colcon.colcon_core.package_identification:_identify(log) by extensions ['ignore', 'ignore_ament_install']
[0.939s] Level 1:colcon.colcon_core.package_identification:_identify(log) by extension 'ignore'
[0.939s] Level 1:colcon.colcon_core.package_identification:_identify(log) ignored
[0.939s] Level 1:colcon.colcon_core.package_identification:_identify(px4_msgs) by extensions ['ignore', 'ignore_ament_install']
[0.939s] Level 1:colcon.colcon_core.package_identification:_identify(px4_msgs) by extension 'ignore'
[0.939s] Level 1:colcon.colcon_core.package_identification:_identify(px4_msgs) by extension 'ignore_ament_install'
[0.939s] Level 1:colcon.colcon_core.package_identification:_identify(px4_msgs) by extensions ['colcon_pkg']
[0.939s] Level 1:colcon.colcon_core.package_identification:_identify(px4_msgs) by extension 'colcon_pkg'
[0.939s] Level 1:colcon.colcon_core.package_identification:_identify(px4_msgs) by extensions ['colcon_meta']
[0.940s] Level 1:colcon.colcon_core.package_identification:_identify(px4_msgs) by extension 'colcon_meta'
[0.940s] Level 1:colcon.colcon_core.package_identification:_identify(px4_msgs) by extensions ['ros']
[0.940s] Level 1:colcon.colcon_core.package_identification:_identify(px4_msgs) by extension 'ros'
[0.944s] DEBUG:colcon.colcon_core.package_identification:Package 'px4_msgs' with type 'ros.ament_cmake' and name 'px4_msgs'
[0.946s] Level 1:colcon.colcon_core.package_identification:_identify(px4_ros_com) by extensions ['ignore', 'ignore_ament_install']
[0.946s] Level 1:colcon.colcon_core.package_identification:_identify(px4_ros_com) by extension 'ignore'
[0.946s] Level 1:colcon.colcon_core.package_identification:_identify(px4_ros_com) by extension 'ignore_ament_install'
[0.946s] Level 1:colcon.colcon_core.package_identification:_identify(px4_ros_com) by extensions ['colcon_pkg']
[0.946s] Level 1:colcon.colcon_core.package_identification:_identify(px4_ros_com) by extension 'colcon_pkg'
[0.946s] Level 1:colcon.colcon_core.package_identification:_identify(px4_ros_com) by extensions ['colcon_meta']
[0.946s] Level 1:colcon.colcon_core.package_identification:_identify(px4_ros_com) by extension 'colcon_meta'
[0.946s] Level 1:colcon.colcon_core.package_identification:_identify(px4_ros_com) by extensions ['ros']
[0.946s] Level 1:colcon.colcon_core.package_identification:_identify(px4_ros_com) by extension 'ros'
[0.948s] DEBUG:colcon.colcon_core.package_identification:Package 'px4_ros_com' with type 'ros.ament_cmake' and name 'px4_ros_com'
[0.948s] Level 1:colcon.colcon_core.package_identification:_identify(px4_visualize) by extensions ['ignore', 'ignore_ament_install']
[0.948s] Level 1:colcon.colcon_core.package_identification:_identify(px4_visualize) by extension 'ignore'
[0.949s] Level 1:colcon.colcon_core.package_identification:_identify(px4_visualize) by extension 'ignore_ament_install'
[0.949s] Level 1:colcon.colcon_core.package_identification:_identify(px4_visualize) by extensions ['colcon_pkg']
[0.949s] Level 1:colcon.colcon_core.package_identification:_identify(px4_visualize) by extension 'colcon_pkg'
[0.949s] Level 1:colcon.colcon_core.package_identification:_identify(px4_visualize) by extensions ['colcon_meta']
[0.949s] Level 1:colcon.colcon_core.package_identification:_identify(px4_visualize) by extension 'colcon_meta'
[0.949s] Level 1:colcon.colcon_core.package_identification:_identify(px4_visualize) by extensions ['ros']
[0.949s] Level 1:colcon.colcon_core.package_identification:_identify(px4_visualize) by extension 'ros'
[0.950s] DEBUG:colcon.colcon_core.package_identification:Package 'px4_visualize' with type 'ros.ament_python' and name 'px4_offboard'
[0.950s] Level 1:colcon.colcon_core.package_discovery:discover_packages(recursive) using defaults
[0.950s] Level 1:colcon.colcon_core.package_discovery:discover_packages(ignore) discover
[0.950s] Level 1:colcon.colcon_core.package_discovery:discover_packages(ignore) using defaults
[0.950s] Level 1:colcon.colcon_core.package_discovery:discover_packages(path) discover
[0.950s] Level 1:colcon.colcon_core.package_discovery:discover_packages(path) using defaults
[0.991s] Level 1:colcon.colcon_core.package_discovery:discover_packages(prefix_path) check parameters
[0.991s] Level 1:colcon.colcon_core.package_discovery:discover_packages(prefix_path) discover
[0.998s] DEBUG:colcon.colcon_installed_package_information.package_discovery:Found 3 installed packages in /home/klingjac/ws_offboard_control/src/install
[1.000s] DEBUG:colcon.colcon_installed_package_information.package_discovery:Found 270 installed packages in /opt/ros/humble
[1.001s] Level 1:colcon.colcon_core.package_discovery:discover_packages(prefix_path) using defaults
[1.064s] Level 5:colcon.colcon_core.verb:set package 'px4_msgs' build argument 'cmake_args' from command line to 'None'
[1.064s] Level 5:colcon.colcon_core.verb:set package 'px4_msgs' build argument 'cmake_target' from command line to 'None'
[1.064s] Level 5:colcon.colcon_core.verb:set package 'px4_msgs' build argument 'cmake_target_skip_unavailable' from command line to 'False'
[1.064s] Level 5:colcon.colcon_core.verb:set package 'px4_msgs' build argument 'cmake_clean_cache' from command line to 'False'
[1.064s] Level 5:colcon.colcon_core.verb:set package 'px4_msgs' build argument 'cmake_clean_first' from command line to 'False'
[1.064s] Level 5:colcon.colcon_core.verb:set package 'px4_msgs' build argument 'cmake_force_configure' from command line to 'False'
[1.064s] Level 5:colcon.colcon_core.verb:set package 'px4_msgs' build argument 'ament_cmake_args' from command line to 'None'
[1.064s] Level 5:colcon.colcon_core.verb:set package 'px4_msgs' build argument 'catkin_cmake_args' from command line to 'None'
[1.064s] Level 5:colcon.colcon_core.verb:set package 'px4_msgs' build argument 'catkin_skip_building_tests' from command line to 'False'
[1.064s] DEBUG:colcon.colcon_core.verb:Building package 'px4_msgs' with the following arguments: {'ament_cmake_args': None, 'build_base': '/home/klingjac/ws_offboard_control/src/build/px4_msgs', 'catkin_cmake_args': None, 'catkin_skip_building_tests': False, 'cmake_args': None, 'cmake_clean_cache': False, 'cmake_clean_first': False, 'cmake_force_configure': False, 'cmake_target': None, 'cmake_target_skip_unavailable': False, 'install_base': '/home/klingjac/ws_offboard_control/src/install/px4_msgs', 'merge_install': False, 'path': '/home/klingjac/ws_offboard_control/src/px4_msgs', 'symlink_install': False, 'test_result_base': None}
[1.065s] Level 5:colcon.colcon_core.verb:set package 'px4_offboard' build argument 'cmake_args' from command line to 'None'
[1.065s] Level 5:colcon.colcon_core.verb:set package 'px4_offboard' build argument 'cmake_target' from command line to 'None'
[1.065s] Level 5:colcon.colcon_core.verb:set package 'px4_offboard' build argument 'cmake_target_skip_unavailable' from command line to 'False'
[1.065s] Level 5:colcon.colcon_core.verb:set package 'px4_offboard' build argument 'cmake_clean_cache' from command line to 'False'
[1.065s] Level 5:colcon.colcon_core.verb:set package 'px4_offboard' build argument 'cmake_clean_first' from command line to 'False'
[1.065s] Level 5:colcon.colcon_core.verb:set package 'px4_offboard' build argument 'cmake_force_configure' from command line to 'False'
[1.065s] Level 5:colcon.colcon_core.verb:set package 'px4_offboard' build argument 'ament_cmake_args' from command line to 'None'
[1.065s] Level 5:colcon.colcon_core.verb:set package 'px4_offboard' build argument 'catkin_cmake_args' from command line to 'None'
[1.065s] Level 5:colcon.colcon_core.verb:set package 'px4_offboard' build argument 'catkin_skip_building_tests' from command line to 'False'
[1.065s] DEBUG:colcon.colcon_core.verb:Building package 'px4_offboard' with the following arguments: {'ament_cmake_args': None, 'build_base': '/home/klingjac/ws_offboard_control/src/build/px4_offboard', 'catkin_cmake_args': None, 'catkin_skip_building_tests': False, 'cmake_args': None, 'cmake_clean_cache': False, 'cmake_clean_first': False, 'cmake_force_configure': False, 'cmake_target': None, 'cmake_target_skip_unavailable': False, 'install_base': '/home/klingjac/ws_offboard_control/src/install/px4_offboard', 'merge_install': False, 'path': '/home/klingjac/ws_offboard_control/src/px4_visualize', 'symlink_install': False, 'test_result_base': None}
[1.066s] Level 5:colcon.colcon_core.verb:set package 'px4_ros_com' build argument 'cmake_args' from command line to 'None'
[1.066s] Level 5:colcon.colcon_core.verb:set package 'px4_ros_com' build argument 'cmake_target' from command line to 'None'
[1.066s] Level 5:colcon.colcon_core.verb:set package 'px4_ros_com' build argument 'cmake_target_skip_unavailable' from command line to 'False'
[1.066s] Level 5:colcon.colcon_core.verb:set package 'px4_ros_com' build argument 'cmake_clean_cache' from command line to 'False'
[1.066s] Level 5:colcon.colcon_core.verb:set package 'px4_ros_com' build argument 'cmake_clean_first' from command line to 'False'
[1.066s] Level 5:colcon.colcon_core.verb:set package 'px4_ros_com' build argument 'cmake_force_configure' from command line to 'False'
[1.066s] Level 5:colcon.colcon_core.verb:set package 'px4_ros_com' build argument 'ament_cmake_args' from command line to 'None'
[1.066s] Level 5:colcon.colcon_core.verb:set package 'px4_ros_com' build argument 'catkin_cmake_args' from command line to 'None'
[1.066s] Level 5:colcon.colcon_core.verb:set package 'px4_ros_com' build argument 'catkin_skip_building_tests' from command line to 'False'
[1.066s] DEBUG:colcon.colcon_core.verb:Building package 'px4_ros_com' with the following arguments: {'ament_cmake_args': None, 'build_base': '/home/klingjac/ws_offboard_control/src/build/px4_ros_com', 'catkin_cmake_args': None, 'catkin_skip_building_tests': False, 'cmake_args': None, 'cmake_clean_cache': False, 'cmake_clean_first': False, 'cmake_force_configure': False, 'cmake_target': None, 'cmake_target_skip_unavailable': False, 'install_base': '/home/klingjac/ws_offboard_control/src/install/px4_ros_com', 'merge_install': False, 'path': '/home/klingjac/ws_offboard_control/src/px4_ros_com', 'symlink_install': False, 'test_result_base': None}
[1.066s] INFO:colcon.colcon_core.executor:Executing jobs using 'parallel' executor
[1.069s] DEBUG:colcon.colcon_parallel_executor.executor.parallel:run_until_complete
[1.069s] INFO:colcon.colcon_ros.task.ament_cmake.build:Building ROS package in '/home/klingjac/ws_offboard_control/src/px4_msgs' with build type 'ament_cmake'
[1.069s] INFO:colcon.colcon_cmake.task.cmake.build:Building CMake package in '/home/klingjac/ws_offboard_control/src/px4_msgs'
[1.077s] INFO:colcon.colcon_core.plugin_system:Skipping extension 'colcon_core.shell.bat': Not used on non-Windows systems
[1.077s] INFO:colcon.colcon_core.shell:Skip shell extension 'powershell' for command environment: Not usable outside of PowerShell
[1.077s] DEBUG:colcon.colcon_core.shell:Skip shell extension 'dsv' for command environment
[1.089s] DEBUG:colcon.colcon_core.event_handler.log_command:Invoking command in '/home/klingjac/ws_offboard_control/src/build/px4_msgs': CMAKE_PREFIX_PATH=${CMAKE_PREFIX_PATH}:/home/klingjac/ws_offboard_control/src/install/px4_offboard:/opt/ros/humble /usr/bin/cmake --build /home/klingjac/ws_offboard_control/src/build/px4_msgs -- -j20 -l20
[2.080s] DEBUG:colcon.colcon_core.event_handler.log_command:Invoked command in '/home/klingjac/ws_offboard_control/src/build/px4_msgs' returned '0': CMAKE_PREFIX_PATH=${CMAKE_PREFIX_PATH}:/home/klingjac/ws_offboard_control/src/install/px4_offboard:/opt/ros/humble /usr/bin/cmake --build /home/klingjac/ws_offboard_control/src/build/px4_msgs -- -j20 -l20
[5.091s] DEBUG:colcon.colcon_core.event_handler.log_command:Invoking command in '/home/klingjac/ws_offboard_control/src/build/px4_msgs': CMAKE_PREFIX_PATH=${CMAKE_PREFIX_PATH}:/home/klingjac/ws_offboard_control/src/install/px4_offboard:/opt/ros/humble /usr/bin/cmake --install /home/klingjac/ws_offboard_control/src/build/px4_msgs
[5.480s] Level 1:colcon.colcon_core.environment:create_environment_scripts_only(px4_msgs)
[5.481s] DEBUG:colcon.colcon_core.event_handler.log_command:Invoked command in '/home/klingjac/ws_offboard_control/src/build/px4_msgs' returned '0': CMAKE_PREFIX_PATH=${CMAKE_PREFIX_PATH}:/home/klingjac/ws_offboard_control/src/install/px4_offboard:/opt/ros/humble /usr/bin/cmake --install /home/klingjac/ws_offboard_control/src/build/px4_msgs
[5.496s] Level 1:colcon.colcon_core.environment:checking '/home/klingjac/ws_offboard_control/src/install/px4_msgs' for CMake module files
[5.496s] Level 1:colcon.colcon_core.environment:checking '/home/klingjac/ws_offboard_control/src/install/px4_msgs' for CMake config files
[5.496s] Level 1:colcon.colcon_core.shell:create_environment_hook('px4_msgs', 'cmake_prefix_path')
[5.497s] INFO:colcon.colcon_core.shell:Creating environment hook '/home/klingjac/ws_offboard_control/src/install/px4_msgs/share/px4_msgs/hook/cmake_prefix_path.ps1'
[5.499s] INFO:colcon.colcon_core.shell:Creating environment descriptor '/home/klingjac/ws_offboard_control/src/install/px4_msgs/share/px4_msgs/hook/cmake_prefix_path.dsv'
[5.499s] INFO:colcon.colcon_core.shell:Creating environment hook '/home/klingjac/ws_offboard_control/src/install/px4_msgs/share/px4_msgs/hook/cmake_prefix_path.sh'
[5.500s] Level 1:colcon.colcon_core.environment:checking '/home/klingjac/ws_offboard_control/src/install/px4_msgs/lib'
[5.501s] Level 1:colcon.colcon_core.shell:create_environment_hook('px4_msgs', 'ld_library_path_lib')
[5.502s] INFO:colcon.colcon_core.shell:Creating environment hook '/home/klingjac/ws_offboard_control/src/install/px4_msgs/share/px4_msgs/hook/ld_library_path_lib.ps1'
[5.502s] INFO:colcon.colcon_core.shell:Creating environment descriptor '/home/klingjac/ws_offboard_control/src/install/px4_msgs/share/px4_msgs/hook/ld_library_path_lib.dsv'
[5.502s] INFO:colcon.colcon_core.shell:Creating environment hook '/home/klingjac/ws_offboard_control/src/install/px4_msgs/share/px4_msgs/hook/ld_library_path_lib.sh'
[5.502s] Level 1:colcon.colcon_core.environment:checking '/home/klingjac/ws_offboard_control/src/install/px4_msgs/bin'
[5.502s] Level 1:colcon.colcon_core.environment:checking '/home/klingjac/ws_offboard_control/src/install/px4_msgs/lib/pkgconfig/px4_msgs.pc'
[5.503s] Level 1:colcon.colcon_core.environment:checking '/home/klingjac/ws_offboard_control/src/install/px4_msgs/lib/python3.10/site-packages'
[5.503s] Level 1:colcon.colcon_core.environment:checking '/home/klingjac/ws_offboard_control/src/install/px4_msgs/bin'
[5.504s] INFO:colcon.colcon_core.shell:Creating package script '/home/klingjac/ws_offboard_control/src/install/px4_msgs/share/px4_msgs/package.ps1'
[5.505s] INFO:colcon.colcon_core.shell:Creating package descriptor '/home/klingjac/ws_offboard_control/src/install/px4_msgs/share/px4_msgs/package.dsv'
[5.506s] INFO:colcon.colcon_core.shell:Creating package script '/home/klingjac/ws_offboard_control/src/install/px4_msgs/share/px4_msgs/package.sh'
[5.507s] INFO:colcon.colcon_core.shell:Creating package script '/home/klingjac/ws_offboard_control/src/install/px4_msgs/share/px4_msgs/package.bash'
[5.509s] INFO:colcon.colcon_core.shell:Creating package script '/home/klingjac/ws_offboard_control/src/install/px4_msgs/share/px4_msgs/package.zsh'
[5.510s] Level 1:colcon.colcon_core.environment:create_file_with_runtime_dependencies(/home/klingjac/ws_offboard_control/src/install/px4_msgs/share/colcon-core/packages/px4_msgs)
[8.535s] Level 1:colcon.colcon_core.environment:create_environment_scripts_only(px4_msgs)
[8.536s] Level 1:colcon.colcon_core.environment:checking '/home/klingjac/ws_offboard_control/src/install/px4_msgs' for CMake module files
[8.537s] Level 1:colcon.colcon_core.environment:checking '/home/klingjac/ws_offboard_control/src/install/px4_msgs' for CMake config files
[8.537s] Level 1:colcon.colcon_core.shell:create_environment_hook('px4_msgs', 'cmake_prefix_path')
[8.538s] INFO:colcon.colcon_core.shell:Creating environment hook '/home/klingjac/ws_offboard_control/src/install/px4_msgs/share/px4_msgs/hook/cmake_prefix_path.ps1'
[8.538s] INFO:colcon.colcon_core.shell:Creating environment descriptor '/home/klingjac/ws_offboard_control/src/install/px4_msgs/share/px4_msgs/hook/cmake_prefix_path.dsv'
[8.538s] INFO:colcon.colcon_core.shell:Creating environment hook '/home/klingjac/ws_offboard_control/src/install/px4_msgs/share/px4_msgs/hook/cmake_prefix_path.sh'
[8.539s] Level 1:colcon.colcon_core.environment:checking '/home/klingjac/ws_offboard_control/src/install/px4_msgs/lib'
[8.539s] Level 1:colcon.colcon_core.shell:create_environment_hook('px4_msgs', 'ld_library_path_lib')
[8.540s] INFO:colcon.colcon_core.shell:Creating environment hook '/home/klingjac/ws_offboard_control/src/install/px4_msgs/share/px4_msgs/hook/ld_library_path_lib.ps1'
[8.540s] INFO:colcon.colcon_core.shell:Creating environment descriptor '/home/klingjac/ws_offboard_control/src/install/px4_msgs/share/px4_msgs/hook/ld_library_path_lib.dsv'
[8.540s] INFO:colcon.colcon_core.shell:Creating environment hook '/home/klingjac/ws_offboard_control/src/install/px4_msgs/share/px4_msgs/hook/ld_library_path_lib.sh'
[8.540s] Level 1:colcon.colcon_core.environment:checking '/home/klingjac/ws_offboard_control/src/install/px4_msgs/bin'
[8.540s] Level 1:colcon.colcon_core.environment:checking '/home/klingjac/ws_offboard_control/src/install/px4_msgs/lib/pkgconfig/px4_msgs.pc'
[8.541s] Level 1:colcon.colcon_core.environment:checking '/home/klingjac/ws_offboard_control/src/install/px4_msgs/lib/python3.10/site-packages'
[8.541s] Level 1:colcon.colcon_core.environment:checking '/home/klingjac/ws_offboard_control/src/install/px4_msgs/bin'
[8.542s] INFO:colcon.colcon_core.shell:Creating package script '/home/klingjac/ws_offboard_control/src/install/px4_msgs/share/px4_msgs/package.ps1'
[8.542s] INFO:colcon.colcon_core.shell:Creating package descriptor '/home/klingjac/ws_offboard_control/src/install/px4_msgs/share/px4_msgs/package.dsv'
[8.543s] INFO:colcon.colcon_core.shell:Creating package script '/home/klingjac/ws_offboard_control/src/install/px4_msgs/share/px4_msgs/package.sh'
[8.543s] INFO:colcon.colcon_core.shell:Creating package script '/home/klingjac/ws_offboard_control/src/install/px4_msgs/share/px4_msgs/package.bash'
[8.543s] INFO:colcon.colcon_core.shell:Creating package script '/home/klingjac/ws_offboard_control/src/install/px4_msgs/share/px4_msgs/package.zsh'
[8.544s] Level 1:colcon.colcon_core.environment:create_file_with_runtime_dependencies(/home/klingjac/ws_offboard_control/src/install/px4_msgs/share/colcon-core/packages/px4_msgs)
[8.544s] INFO:colcon.colcon_ros.task.ament_python.build:Building ROS package in '/home/klingjac/ws_offboard_control/src/px4_visualize' with build type 'ament_python'
[8.544s] Level 1:colcon.colcon_core.shell:create_environment_hook('px4_offboard', 'ament_prefix_path')
[8.546s] INFO:colcon.colcon_core.shell:Creating environment hook '/home/klingjac/ws_offboard_control/src/install/px4_offboard/share/px4_offboard/hook/ament_prefix_path.ps1'
[8.547s] INFO:colcon.colcon_core.shell:Creating environment descriptor '/home/klingjac/ws_offboard_control/src/install/px4_offboard/share/px4_offboard/hook/ament_prefix_path.dsv'
[8.547s] INFO:colcon.colcon_core.shell:Creating environment hook '/home/klingjac/ws_offboard_control/src/install/px4_offboard/share/px4_offboard/hook/ament_prefix_path.sh'
[8.549s] INFO:colcon.colcon_core.shell:Skip shell extension 'powershell' for command environment: Not usable outside of PowerShell
[8.549s] DEBUG:colcon.colcon_core.shell:Skip shell extension 'dsv' for command environment
[8.552s] INFO:colcon.colcon_ros.task.ament_cmake.build:Building ROS package in '/home/klingjac/ws_offboard_control/src/px4_ros_com' with build type 'ament_cmake'
[8.552s] INFO:colcon.colcon_cmake.task.cmake.build:Building CMake package in '/home/klingjac/ws_offboard_control/src/px4_ros_com'
[8.554s] INFO:colcon.colcon_core.shell:Skip shell extension 'powershell' for command environment: Not usable outside of PowerShell
[8.554s] DEBUG:colcon.colcon_core.shell:Skip shell extension 'dsv' for command environment
[8.889s] INFO:colcon.colcon_core.task.python.build:Building Python package in '/home/klingjac/ws_offboard_control/src/px4_visualize'
[8.890s] INFO:colcon.colcon_core.shell:Skip shell extension 'powershell' for command environment: Not usable outside of PowerShell
[8.890s] DEBUG:colcon.colcon_core.shell:Skip shell extension 'dsv' for command environment
[8.899s] DEBUG:colcon.colcon_core.event_handler.log_command:Invoking command in '/home/klingjac/ws_offboard_control/src/build/px4_ros_com': CMAKE_PREFIX_PATH=/home/klingjac/ws_offboard_control/src/install/px4_msgs:/home/klingjac/ws_offboard_control/src/install/px4_ros_com:/home/klingjac/ws_offboard_control/src/install/px4_offboard:/opt/ros/humble LD_LIBRARY_PATH=/home/klingjac/ws_offboard_control/src/install/px4_msgs/lib:/home/klingjac/ws_offboard_control/src/install/px4_ros_com/lib:/opt/ros/humble/opt/rviz_ogre_vendor/lib:/opt/ros/humble/lib/x86_64-linux-gnu:/opt/ros/humble/lib /usr/bin/cmake --build /home/klingjac/ws_offboard_control/src/build/px4_ros_com -- -j20 -l20
[9.530s] DEBUG:colcon.colcon_core.event_handler.log_command:Invoking command in '/home/klingjac/ws_offboard_control/src/px4_visualize': CMAKE_PREFIX_PATH=/home/klingjac/ws_offboard_control/src/install/px4_msgs:/home/klingjac/ws_offboard_control/src/install/px4_ros_com LD_LIBRARY_PATH=/home/klingjac/ws_offboard_control/src/install/px4_msgs/lib:/home/klingjac/ws_offboard_control/src/install/px4_ros_com/lib:/opt/ros/humble/opt/rviz_ogre_vendor/lib:/opt/ros/humble/lib/x86_64-linux-gnu:/opt/ros/humble/lib PYTHONPATH=/home/klingjac/ws_offboard_control/src/build/px4_offboard/prefix_override:/home/klingjac/ws_offboard_control/src/install/px4_offboard/lib/python3.10/site-packages:${PYTHONPATH} /usr/bin/python3 setup.py egg_info --egg-base ../build/px4_offboard build --build-base /home/klingjac/ws_offboard_control/src/build/px4_offboard/build install --record /home/klingjac/ws_offboard_control/src/build/px4_offboard/install.log --single-version-externally-managed
[9.834s] Level 1:colcon.colcon_core.environment:checking '/home/klingjac/ws_offboard_control/src/install/px4_offboard' for CMake module files
[9.835s] DEBUG:colcon.colcon_core.event_handler.log_command:Invoked command in '/home/klingjac/ws_offboard_control/src/px4_visualize' returned '0': CMAKE_PREFIX_PATH=/home/klingjac/ws_offboard_control/src/install/px4_msgs:/home/klingjac/ws_offboard_control/src/install/px4_ros_com LD_LIBRARY_PATH=/home/klingjac/ws_offboard_control/src/install/px4_msgs/lib:/home/klingjac/ws_offboard_control/src/install/px4_ros_com/lib:/opt/ros/humble/opt/rviz_ogre_vendor/lib:/opt/ros/humble/lib/x86_64-linux-gnu:/opt/ros/humble/lib PYTHONPATH=/home/klingjac/ws_offboard_control/src/build/px4_offboard/prefix_override:/home/klingjac/ws_offboard_control/src/install/px4_offboard/lib/python3.10/site-packages:${PYTHONPATH} /usr/bin/python3 setup.py egg_info --egg-base ../build/px4_offboard build --build-base /home/klingjac/ws_offboard_control/src/build/px4_offboard/build install --record /home/klingjac/ws_offboard_control/src/build/px4_offboard/install.log --single-version-externally-managed
[9.836s] Level 1:colcon.colcon_core.environment:checking '/home/klingjac/ws_offboard_control/src/install/px4_offboard' for CMake config files
[9.836s] Level 1:colcon.colcon_core.environment:checking '/home/klingjac/ws_offboard_control/src/install/px4_offboard/lib'
[9.836s] Level 1:colcon.colcon_core.environment:checking '/home/klingjac/ws_offboard_control/src/install/px4_offboard/bin'
[9.836s] Level 1:colcon.colcon_core.environment:checking '/home/klingjac/ws_offboard_control/src/install/px4_offboard/lib/pkgconfig/px4_offboard.pc'
[9.836s] Level 1:colcon.colcon_core.environment:checking '/home/klingjac/ws_offboard_control/src/install/px4_offboard/lib/python3.10/site-packages'
[9.836s] Level 1:colcon.colcon_core.shell:create_environment_hook('px4_offboard', 'pythonpath')
[9.837s] INFO:colcon.colcon_core.shell:Creating environment hook '/home/klingjac/ws_offboard_control/src/install/px4_offboard/share/px4_offboard/hook/pythonpath.ps1'
[9.838s] INFO:colcon.colcon_core.shell:Creating environment descriptor '/home/klingjac/ws_offboard_control/src/install/px4_offboard/share/px4_offboard/hook/pythonpath.dsv'
[9.838s] INFO:colcon.colcon_core.shell:Creating environment hook '/home/klingjac/ws_offboard_control/src/install/px4_offboard/share/px4_offboard/hook/pythonpath.sh'
[9.838s] Level 1:colcon.colcon_core.environment:checking '/home/klingjac/ws_offboard_control/src/install/px4_offboard/bin'
[9.839s] Level 1:colcon.colcon_core.environment:create_environment_scripts_only(px4_offboard)
[9.840s] INFO:colcon.colcon_core.shell:Creating package script '/home/klingjac/ws_offboard_control/src/install/px4_offboard/share/px4_offboard/package.ps1'
[9.840s] INFO:colcon.colcon_core.shell:Creating package descriptor '/home/klingjac/ws_offboard_control/src/install/px4_offboard/share/px4_offboard/package.dsv'
[9.841s] INFO:colcon.colcon_core.shell:Creating package script '/home/klingjac/ws_offboard_control/src/install/px4_offboard/share/px4_offboard/package.sh'
[9.841s] INFO:colcon.colcon_core.shell:Creating package script '/home/klingjac/ws_offboard_control/src/install/px4_offboard/share/px4_offboard/package.bash'
[9.841s] INFO:colcon.colcon_core.shell:Creating package script '/home/klingjac/ws_offboard_control/src/install/px4_offboard/share/px4_offboard/package.zsh'
[9.842s] Level 1:colcon.colcon_core.environment:create_file_with_runtime_dependencies(/home/klingjac/ws_offboard_control/src/install/px4_offboard/share/colcon-core/packages/px4_offboard)
[14.338s] DEBUG:colcon.colcon_core.event_handler.log_command:Invoked command in '/home/klingjac/ws_offboard_control/src/build/px4_ros_com' returned '0': CMAKE_PREFIX_PATH=/home/klingjac/ws_offboard_control/src/install/px4_msgs:/home/klingjac/ws_offboard_control/src/install/px4_ros_com:/home/klingjac/ws_offboard_control/src/install/px4_offboard:/opt/ros/humble LD_LIBRARY_PATH=/home/klingjac/ws_offboard_control/src/install/px4_msgs/lib:/home/klingjac/ws_offboard_control/src/install/px4_ros_com/lib:/opt/ros/humble/opt/rviz_ogre_vendor/lib:/opt/ros/humble/lib/x86_64-linux-gnu:/opt/ros/humble/lib /usr/bin/cmake --build /home/klingjac/ws_offboard_control/src/build/px4_ros_com -- -j20 -l20
[14.378s] DEBUG:colcon.colcon_core.event_handler.log_command:Invoking command in '/home/klingjac/ws_offboard_control/src/build/px4_ros_com': CMAKE_PREFIX_PATH=/home/klingjac/ws_offboard_control/src/install/px4_msgs:/home/klingjac/ws_offboard_control/src/install/px4_ros_com:/home/klingjac/ws_offboard_control/src/install/px4_offboard:/opt/ros/humble LD_LIBRARY_PATH=/home/klingjac/ws_offboard_control/src/install/px4_msgs/lib:/home/klingjac/ws_offboard_control/src/install/px4_ros_com/lib:/opt/ros/humble/opt/rviz_ogre_vendor/lib:/opt/ros/humble/lib/x86_64-linux-gnu:/opt/ros/humble/lib /usr/bin/cmake --install /home/klingjac/ws_offboard_control/src/build/px4_ros_com
[14.407s] Level 1:colcon.colcon_core.environment:create_environment_scripts_only(px4_ros_com)
[14.408s] Level 1:colcon.colcon_core.environment:checking '/home/klingjac/ws_offboard_control/src/install/px4_ros_com' for CMake module files
[14.408s] DEBUG:colcon.colcon_core.event_handler.log_command:Invoked command in '/home/klingjac/ws_offboard_control/src/build/px4_ros_com' returned '0': CMAKE_PREFIX_PATH=/home/klingjac/ws_offboard_control/src/install/px4_msgs:/home/klingjac/ws_offboard_control/src/install/px4_ros_com:/home/klingjac/ws_offboard_control/src/install/px4_offboard:/opt/ros/humble LD_LIBRARY_PATH=/home/klingjac/ws_offboard_control/src/install/px4_msgs/lib:/home/klingjac/ws_offboard_control/src/install/px4_ros_com/lib:/opt/ros/humble/opt/rviz_ogre_vendor/lib:/opt/ros/humble/lib/x86_64-linux-gnu:/opt/ros/humble/lib /usr/bin/cmake --install /home/klingjac/ws_offboard_control/src/build/px4_ros_com
[14.409s] Level 1:colcon.colcon_core.environment:checking '/home/klingjac/ws_offboard_control/src/install/px4_ros_com' for CMake config files
[14.409s] Level 1:colcon.colcon_core.shell:create_environment_hook('px4_ros_com', 'cmake_prefix_path')
[14.410s] INFO:colcon.colcon_core.shell:Creating environment hook '/home/klingjac/ws_offboard_control/src/install/px4_ros_com/share/px4_ros_com/hook/cmake_prefix_path.ps1'
[14.411s] INFO:colcon.colcon_core.shell:Creating environment descriptor '/home/klingjac/ws_offboard_control/src/install/px4_ros_com/share/px4_ros_com/hook/cmake_prefix_path.dsv'
[14.411s] INFO:colcon.colcon_core.shell:Creating environment hook '/home/klingjac/ws_offboard_control/src/install/px4_ros_com/share/px4_ros_com/hook/cmake_prefix_path.sh'
[14.411s] Level 1:colcon.colcon_core.environment:checking '/home/klingjac/ws_offboard_control/src/install/px4_ros_com/lib'
[14.411s] Level 1:colcon.colcon_core.shell:create_environment_hook('px4_ros_com', 'ld_library_path_lib')
[14.412s] INFO:colcon.colcon_core.shell:Creating environment hook '/home/klingjac/ws_offboard_control/src/install/px4_ros_com/share/px4_ros_com/hook/ld_library_path_lib.ps1'
[14.413s] INFO:colcon.colcon_core.shell:Creating environment descriptor '/home/klingjac/ws_offboard_control/src/install/px4_ros_com/share/px4_ros_com/hook/ld_library_path_lib.dsv'
[14.413s] INFO:colcon.colcon_core.shell:Creating environment hook '/home/klingjac/ws_offboard_control/src/install/px4_ros_com/share/px4_ros_com/hook/ld_library_path_lib.sh'
[14.413s] Level 1:colcon.colcon_core.environment:checking '/home/klingjac/ws_offboard_control/src/install/px4_ros_com/bin'
[14.413s] Level 1:colcon.colcon_core.environment:checking '/home/klingjac/ws_offboard_control/src/install/px4_ros_com/lib/pkgconfig/px4_ros_com.pc'
[14.413s] Level 1:colcon.colcon_core.environment:checking '/home/klingjac/ws_offboard_control/src/install/px4_ros_com/lib/python3.10/site-packages'
[14.413s] Level 1:colcon.colcon_core.environment:checking '/home/klingjac/ws_offboard_control/src/install/px4_ros_com/bin'
[14.414s] INFO:colcon.colcon_core.shell:Creating package script '/home/klingjac/ws_offboard_control/src/install/px4_ros_com/share/px4_ros_com/package.ps1'
[14.415s] INFO:colcon.colcon_core.shell:Creating package descriptor '/home/klingjac/ws_offboard_control/src/install/px4_ros_com/share/px4_ros_com/package.dsv'
[14.415s] INFO:colcon.colcon_core.shell:Creating package script '/home/klingjac/ws_offboard_control/src/install/px4_ros_com/share/px4_ros_com/package.sh'
[14.415s] INFO:colcon.colcon_core.shell:Creating package script '/home/klingjac/ws_offboard_control/src/install/px4_ros_com/share/px4_ros_com/package.bash'
[14.415s] INFO:colcon.colcon_core.shell:Creating package script '/home/klingjac/ws_offboard_control/src/install/px4_ros_com/share/px4_ros_com/package.zsh'
[14.416s] Level 1:colcon.colcon_core.environment:create_file_with_runtime_dependencies(/home/klingjac/ws_offboard_control/src/install/px4_ros_com/share/colcon-core/packages/px4_ros_com)
[14.450s] Level 1:colcon.colcon_core.environment:create_environment_scripts_only(px4_ros_com)
[14.452s] Level 1:colcon.colcon_core.environment:checking '/home/klingjac/ws_offboard_control/src/install/px4_ros_com' for CMake module files
[14.452s] Level 1:colcon.colcon_core.environment:checking '/home/klingjac/ws_offboard_control/src/install/px4_ros_com' for CMake config files
[14.453s] Level 1:colcon.colcon_core.shell:create_environment_hook('px4_ros_com', 'cmake_prefix_path')
[14.453s] INFO:colcon.colcon_core.shell:Creating environment hook '/home/klingjac/ws_offboard_control/src/install/px4_ros_com/share/px4_ros_com/hook/cmake_prefix_path.ps1'
[14.454s] INFO:colcon.colcon_core.shell:Creating environment descriptor '/home/klingjac/ws_offboard_control/src/install/px4_ros_com/share/px4_ros_com/hook/cmake_prefix_path.dsv'
[14.454s] INFO:colcon.colcon_core.shell:Creating environment hook '/home/klingjac/ws_offboard_control/src/install/px4_ros_com/share/px4_ros_com/hook/cmake_prefix_path.sh'
[14.454s] Level 1:colcon.colcon_core.environment:checking '/home/klingjac/ws_offboard_control/src/install/px4_ros_com/lib'
[14.454s] Level 1:colcon.colcon_core.shell:create_environment_hook('px4_ros_com', 'ld_library_path_lib')
[14.455s] INFO:colcon.colcon_core.shell:Creating environment hook '/home/klingjac/ws_offboard_control/src/install/px4_ros_com/share/px4_ros_com/hook/ld_library_path_lib.ps1'
[14.456s] INFO:colcon.colcon_core.shell:Creating environment descriptor '/home/klingjac/ws_offboard_control/src/install/px4_ros_com/share/px4_ros_com/hook/ld_library_path_lib.dsv'
[14.456s] INFO:colcon.colcon_core.shell:Creating environment hook '/home/klingjac/ws_offboard_control/src/install/px4_ros_com/share/px4_ros_com/hook/ld_library_path_lib.sh'
[14.456s] Level 1:colcon.colcon_core.environment:checking '/home/klingjac/ws_offboard_control/src/install/px4_ros_com/bin'
[14.456s] Level 1:colcon.colcon_core.environment:checking '/home/klingjac/ws_offboard_control/src/install/px4_ros_com/lib/pkgconfig/px4_ros_com.pc'
[14.456s] Level 1:colcon.colcon_core.environment:checking '/home/klingjac/ws_offboard_control/src/install/px4_ros_com/lib/python3.10/site-packages'
[14.457s] Level 1:colcon.colcon_core.environment:checking '/home/klingjac/ws_offboard_control/src/install/px4_ros_com/bin'
[14.458s] INFO:colcon.colcon_core.shell:Creating package script '/home/klingjac/ws_offboard_control/src/install/px4_ros_com/share/px4_ros_com/package.ps1'
[14.458s] INFO:colcon.colcon_core.shell:Creating package descriptor '/home/klingjac/ws_offboard_control/src/install/px4_ros_com/share/px4_ros_com/package.dsv'
[14.458s] INFO:colcon.colcon_core.shell:Creating package script '/home/klingjac/ws_offboard_control/src/install/px4_ros_com/share/px4_ros_com/package.sh'
[14.459s] INFO:colcon.colcon_core.shell:Creating package script '/home/klingjac/ws_offboard_control/src/install/px4_ros_com/share/px4_ros_com/package.bash'
[14.459s] INFO:colcon.colcon_core.shell:Creating package script '/home/klingjac/ws_offboard_control/src/install/px4_ros_com/share/px4_ros_com/package.zsh'
[14.459s] Level 1:colcon.colcon_core.environment:create_file_with_runtime_dependencies(/home/klingjac/ws_offboard_control/src/install/px4_ros_com/share/colcon-core/packages/px4_ros_com)
[14.460s] DEBUG:colcon.colcon_parallel_executor.executor.parallel:closing loop
[14.461s] DEBUG:colcon.colcon_parallel_executor.executor.parallel:loop closed
[14.462s] DEBUG:colcon.colcon_parallel_executor.executor.parallel:run_until_complete finished with '0'
[14.462s] DEBUG:colcon.colcon_core.event_reactor:joining thread
[14.587s] INFO:colcon.colcon_core.plugin_system:Skipping extension 'colcon_notification.desktop_notification.notify_send': Could not find 'notify-send'
[14.587s] INFO:colcon.colcon_core.plugin_system:Skipping extension 'colcon_notification.desktop_notification.terminal_notifier': Not used on non-Darwin systems
[14.588s] INFO:colcon.colcon_core.plugin_system:Skipping extension 'colcon_notification.desktop_notification.win32': Not used on non-Windows systems
[14.588s] INFO:colcon.colcon_notification.desktop_notification:Sending desktop notification using 'notify2'
[14.588s] DEBUG:colcon.colcon_notification.desktop_notification.notify2:Failed to initialize notify2: org.freedesktop.DBus.Error.FileNotFound: Failed to connect to socket /run/user/1000/bus: No such file or directory
[14.588s] DEBUG:colcon.colcon_core.event_reactor:joined thread
[14.590s] INFO:colcon.colcon_core.shell:Creating prefix script '/home/klingjac/ws_offboard_control/src/install/local_setup.ps1'
[14.593s] INFO:colcon.colcon_core.shell:Creating prefix util module '/home/klingjac/ws_offboard_control/src/install/_local_setup_util_ps1.py'
[14.596s] INFO:colcon.colcon_core.shell:Creating prefix chain script '/home/klingjac/ws_offboard_control/src/install/setup.ps1'
[14.599s] INFO:colcon.colcon_core.shell:Creating prefix script '/home/klingjac/ws_offboard_control/src/install/local_setup.sh'
[14.600s] INFO:colcon.colcon_core.shell:Creating prefix util module '/home/klingjac/ws_offboard_control/src/install/_local_setup_util_sh.py'
[14.601s] INFO:colcon.colcon_core.shell:Creating prefix chain script '/home/klingjac/ws_offboard_control/src/install/setup.sh'
[14.603s] INFO:colcon.colcon_core.shell:Creating prefix script '/home/klingjac/ws_offboard_control/src/install/local_setup.bash'
[14.603s] INFO:colcon.colcon_core.shell:Creating prefix chain script '/home/klingjac/ws_offboard_control/src/install/setup.bash'
[14.605s] INFO:colcon.colcon_core.shell:Creating prefix script '/home/klingjac/ws_offboard_control/src/install/local_setup.zsh'
[14.606s] INFO:colcon.colcon_core.shell:Creating prefix chain script '/home/klingjac/ws_offboard_control/src/install/setup.zsh'
