[0.594s] Invoking command in '/home/klingjac/ws_offboard_control/src/px4_visualize': AMENT_PREFIX_PATH=/home/klingjac/ws_offboard_control/install/px4_msgs:${AMENT_PREFIX_PATH} CMAKE_PREFIX_PATH=/home/klingjac/ws_offboard_control/install/px4_msgs LD_LIBRARY_PATH=/home/klingjac/ws_offboard_control/install/px4_msgs/lib:${LD_LIBRARY_PATH} PS1=\[\e]0;\u@\h: \w\a\]${debian_chroot:+($debian_chroot)}\[\033[01;32m\]\u@\h\[\033[00m\]:\[\033[01;34m\]\w\[\033[00m\]\$ PYTHONPATH=/home/klingjac/ws_offboard_control/build/px4_offboard/prefix_override:/home/klingjac/ws_offboard_control/install/px4_offboard/lib/python3.10/site-packages:/home/klingjac/ws_offboard_control/install/px4_msgs/local/lib/python3.10/dist-packages:${PYTHONPATH} /usr/bin/python3 setup.py egg_info --egg-base ../../build/px4_offboard build --build-base /home/klingjac/ws_offboard_control/build/px4_offboard/build install --record /home/klingjac/ws_offboard_control/build/px4_offboard/install.log --single-version-externally-managed
[0.726s] running egg_info
[0.726s] writing ../../build/px4_offboard/px4_offboard.egg-info/PKG-INFO
[0.726s] writing dependency_links to ../../build/px4_offboard/px4_offboard.egg-info/dependency_links.txt
[0.726s] writing entry points to ../../build/px4_offboard/px4_offboard.egg-info/entry_points.txt
[0.727s] writing requirements to ../../build/px4_offboard/px4_offboard.egg-info/requires.txt
[0.727s] writing top-level names to ../../build/px4_offboard/px4_offboard.egg-info/top_level.txt
[0.728s] reading manifest file '../../build/px4_offboard/px4_offboard.egg-info/SOURCES.txt'
[0.728s] adding license file 'LICENSE'
[0.728s] writing manifest file '../../build/px4_offboard/px4_offboard.egg-info/SOURCES.txt'
[0.728s] running build
[0.728s] running build_py
[0.728s] copying px4_offboard/visualizer.py -> /home/klingjac/ws_offboard_control/build/px4_offboard/build/lib/px4_offboard
[0.728s] running install
[0.729s] running install_lib
[0.729s] copying /home/klingjac/ws_offboard_control/build/px4_offboard/build/lib/px4_offboard/visualizer.py -> /home/klingjac/ws_offboard_control/install/px4_offboard/lib/python3.10/site-packages/px4_offboard
[0.729s] byte-compiling /home/klingjac/ws_offboard_control/install/px4_offboard/lib/python3.10/site-packages/px4_offboard/visualizer.py to visualizer.cpython-310.pyc
[0.730s] running install_data
[0.730s] running install_egg_info
[0.731s] removing '/home/klingjac/ws_offboard_control/install/px4_offboard/lib/python3.10/site-packages/px4_offboard-0.0.0-py3.10.egg-info' (and everything under it)
[0.732s] Copying ../../build/px4_offboard/px4_offboard.egg-info to /home/klingjac/ws_offboard_control/install/px4_offboard/lib/python3.10/site-packages/px4_offboard-0.0.0-py3.10.egg-info
[0.732s] running install_scripts
[0.744s] Installing offboard_control script to /home/klingjac/ws_offboard_control/install/px4_offboard/lib/px4_offboard
[0.744s] Installing visualizer script to /home/klingjac/ws_offboard_control/install/px4_offboard/lib/px4_offboard
[0.744s] writing list of installed files to '/home/klingjac/ws_offboard_control/build/px4_offboard/install.log'
[0.758s] Invoked command in '/home/klingjac/ws_offboard_control/src/px4_visualize' returned '0': AMENT_PREFIX_PATH=/home/klingjac/ws_offboard_control/install/px4_msgs:${AMENT_PREFIX_PATH} CMAKE_PREFIX_PATH=/home/klingjac/ws_offboard_control/install/px4_msgs LD_LIBRARY_PATH=/home/klingjac/ws_offboard_control/install/px4_msgs/lib:${LD_LIBRARY_PATH} PS1=\[\e]0;\u@\h: \w\a\]${debian_chroot:+($debian_chroot)}\[\033[01;32m\]\u@\h\[\033[00m\]:\[\033[01;34m\]\w\[\033[00m\]\$ PYTHONPATH=/home/klingjac/ws_offboard_control/build/px4_offboard/prefix_override:/home/klingjac/ws_offboard_control/install/px4_offboard/lib/python3.10/site-packages:/home/klingjac/ws_offboard_control/install/px4_msgs/local/lib/python3.10/dist-packages:${PYTHONPATH} /usr/bin/python3 setup.py egg_info --egg-base ../../build/px4_offboard build --build-base /home/klingjac/ws_offboard_control/build/px4_offboard/build install --record /home/klingjac/ws_offboard_control/build/px4_offboard/install.log --single-version-externally-managed
