-- Found ament_cmake: 1.3.5 (/opt/ros/humble/share/ament_cmake/cmake)
-- Found builtin_interfaces: 1.2.1 (/opt/ros/humble/share/builtin_interfaces/cmake)
-- Found rosidl_generator_c: 3.1.5 (/opt/ros/humble/share/rosidl_generator_c/cmake)
-- Found rosidl_adapter: 3.1.5 (/opt/ros/humble/share/rosidl_adapter/cmake)
-- Found rosidl_generator_cpp: 3.1.5 (/opt/ros/humble/share/rosidl_generator_cpp/cmake)
-- Using all available rosidl_typesupport_c: rosidl_typesupport_fastrtps_c;rosidl_typesupport_introspection_c
-- Using all available rosidl_typesupport_cpp: rosidl_typesupport_fastrtps_cpp;rosidl_typesupport_introspection_cpp
-- Found eigen3_cmake_module: 0.1.1 (/opt/ros/humble/share/eigen3_cmake_module/cmake)
-- Found geometry_msgs: 4.2.3 (/opt/ros/humble/share/geometry_msgs/cmake)
-- Found px4_msgs: 2.0.1 (/home/klingjac/ws_offboard_control/install/px4_msgs/share/px4_msgs/cmake)
-- Found rclcpp: 16.0.5 (/opt/ros/humble/share/rclcpp/cmake)
-- Found rmw_implementation_cmake: 6.1.1 (/opt/ros/humble/share/rmw_implementation_cmake/cmake)
-- Found rmw_fastrtps_cpp: 6.2.3 (/opt/ros/humble/share/rmw_fastrtps_cpp/cmake)
-- Using RMW implementation 'rmw_fastrtps_cpp' as default
-- Found sensor_msgs: 4.2.3 (/opt/ros/humble/share/sensor_msgs/cmake)
-- Found visualization_msgs: 4.2.3 (/opt/ros/humble/share/visualization_msgs/cmake)
-- Found ament_lint_auto: 0.12.7 (/opt/ros/humble/share/ament_lint_auto/cmake)
-- Added test 'copyright' to check source files copyright and LICENSE
-- Added test 'cppcheck' to perform static code analysis on C / C++ code
-- Configured cppcheck include dirs: /home/klingjac/ws_offboard_control/src/px4_ros_com/include;$<BUILD_INTERFACE:/home/klingjac/ws_offboard_control/src/px4_ros_com/include/px4_ros_com>
-- Configured cppcheck exclude dirs and/or files: 
-- Added test 'cpplint' to check C / C++ code against the Google style
-- Configured cpplint exclude dirs and/or files: 
-- Added test 'flake8' to check Python code syntax and style conventions
-- Added test 'lint_cmake' to check CMake code style
-- Added test 'pep257' to check Python code against some of the docstring style conventions in PEP 257
-- Added test 'uncrustify' to check C / C++ code style
-- Configured uncrustify additional arguments: 
-- Added test 'xmllint' to check XML markup files
-- Configuring done
-- Generating done
-- Build files have been written to: /home/klingjac/ws_offboard_control/build/px4_ros_com
[35m[1mConsolidate compiler generated dependencies of target frame_transforms[0m
[35m[1mConsolidate compiler generated dependencies of target sensor_combined_listener[0m
[35m[1mConsolidate compiler generated dependencies of target vehicle_gps_position_listener[0m
[35m[1mConsolidate compiler generated dependencies of target offboard_control[0m
[35m[1mConsolidate compiler generated dependencies of target debug_vect_advertiser[0m
[  8%] [32mBuilding CXX object CMakeFiles/drone_position_plotter.dir/src/examples/traj_plot/drone_position_plotter.cpp.o[0m
[ 33%] Built target frame_transforms
[ 41%] Built target sensor_combined_listener
[ 58%] Built target debug_vect_advertiser
[ 75%] Built target vehicle_gps_position_listener
[ 91%] Built target offboard_control
[100%] [32m[1mLinking CXX executable drone_position_plotter[0m
[100%] Built target drone_position_plotter
-- Install configuration: ""
-- Up-to-date: /home/klingjac/ws_offboard_control/install/px4_ros_com/lib/px4_ros_com/sensor_combined_listener
-- Up-to-date: /home/klingjac/ws_offboard_control/install/px4_ros_com/lib/px4_ros_com/vehicle_gps_position_listener
-- Up-to-date: /home/klingjac/ws_offboard_control/install/px4_ros_com/lib/px4_ros_com/debug_vect_advertiser
-- Up-to-date: /home/klingjac/ws_offboard_control/install/px4_ros_com/lib/px4_ros_com/offboard_control
-- Installing: /home/klingjac/ws_offboard_control/install/px4_ros_com/lib/px4_ros_com/drone_position_plotter
-- Set runtime path of "/home/klingjac/ws_offboard_control/install/px4_ros_com/lib/px4_ros_com/drone_position_plotter" to ""
-- Up-to-date: /home/klingjac/ws_offboard_control/install/px4_ros_com/share/px4_ros_com/environment/library_path.sh
-- Installing: /home/klingjac/ws_offboard_control/install/px4_ros_com/share/px4_ros_com/environment/library_path.dsv
-- Up-to-date: /home/klingjac/ws_offboard_control/install/px4_ros_com/include/px4_ros_com
-- Up-to-date: /home/klingjac/ws_offboard_control/install/px4_ros_com/include/px4_ros_com/frame_transforms.h
-- Up-to-date: /home/klingjac/ws_offboard_control/install/px4_ros_com/lib/libframe_transforms.so
-- Up-to-date: /home/klingjac/ws_offboard_control/install/px4_ros_com/share/px4_ros_com//launch
-- Up-to-date: /home/klingjac/ws_offboard_control/install/px4_ros_com/share/px4_ros_com//launch/sensor_combined_listener.launch.py
-- Up-to-date: /home/klingjac/ws_offboard_control/install/px4_ros_com/share/px4_ros_com//launch/offboard_control_launch.yaml
-- Up-to-date: /home/klingjac/ws_offboard_control/install/px4_ros_com/share/px4_ros_com//test
-- Up-to-date: /home/klingjac/ws_offboard_control/install/px4_ros_com/share/px4_ros_com//test/pipeline_io_test.py
-- Up-to-date: /home/klingjac/ws_offboard_control/install/px4_ros_com/share/px4_ros_com//test/__init__.py
-- Up-to-date: /home/klingjac/ws_offboard_control/install/px4_ros_com/share/px4_ros_com//test/test_output.py
-- Up-to-date: /home/klingjac/ws_offboard_control/install/px4_ros_com/share/px4_ros_com//test/test_input.py
-- Up-to-date: /home/klingjac/ws_offboard_control/install/px4_ros_com/share/ament_index/resource_index/package_run_dependencies/px4_ros_com
-- Up-to-date: /home/klingjac/ws_offboard_control/install/px4_ros_com/share/ament_index/resource_index/parent_prefix_path/px4_ros_com
-- Up-to-date: /home/klingjac/ws_offboard_control/install/px4_ros_com/share/px4_ros_com/environment/ament_prefix_path.sh
-- Installing: /home/klingjac/ws_offboard_control/install/px4_ros_com/share/px4_ros_com/environment/ament_prefix_path.dsv
-- Up-to-date: /home/klingjac/ws_offboard_control/install/px4_ros_com/share/px4_ros_com/environment/path.sh
-- Installing: /home/klingjac/ws_offboard_control/install/px4_ros_com/share/px4_ros_com/environment/path.dsv
-- Up-to-date: /home/klingjac/ws_offboard_control/install/px4_ros_com/share/px4_ros_com/local_setup.bash
-- Up-to-date: /home/klingjac/ws_offboard_control/install/px4_ros_com/share/px4_ros_com/local_setup.sh
-- Up-to-date: /home/klingjac/ws_offboard_control/install/px4_ros_com/share/px4_ros_com/local_setup.zsh
-- Installing: /home/klingjac/ws_offboard_control/install/px4_ros_com/share/px4_ros_com/local_setup.dsv
-- Installing: /home/klingjac/ws_offboard_control/install/px4_ros_com/share/px4_ros_com/package.dsv
-- Up-to-date: /home/klingjac/ws_offboard_control/install/px4_ros_com/share/ament_index/resource_index/packages/px4_ros_com
-- Up-to-date: /home/klingjac/ws_offboard_control/install/px4_ros_com/share/px4_ros_com/cmake/export_frame_transformsExport.cmake
-- Up-to-date: /home/klingjac/ws_offboard_control/install/px4_ros_com/share/px4_ros_com/cmake/export_frame_transformsExport-noconfig.cmake
-- Up-to-date: /home/klingjac/ws_offboard_control/install/px4_ros_com/share/px4_ros_com/cmake/ament_cmake_export_dependencies-extras.cmake
-- Up-to-date: /home/klingjac/ws_offboard_control/install/px4_ros_com/share/px4_ros_com/cmake/ament_cmake_export_targets-extras.cmake
-- Up-to-date: /home/klingjac/ws_offboard_control/install/px4_ros_com/share/px4_ros_com/cmake/ament_cmake_export_include_directories-extras.cmake
-- Up-to-date: /home/klingjac/ws_offboard_control/install/px4_ros_com/share/px4_ros_com/cmake/ament_cmake_export_libraries-extras.cmake
-- Up-to-date: /home/klingjac/ws_offboard_control/install/px4_ros_com/share/px4_ros_com/cmake/px4_ros_comConfig.cmake
-- Up-to-date: /home/klingjac/ws_offboard_control/install/px4_ros_com/share/px4_ros_com/cmake/px4_ros_comConfig-version.cmake
-- Up-to-date: /home/klingjac/ws_offboard_control/install/px4_ros_com/share/px4_ros_com/package.xml
