[0.771s] DEBUG:colcon:Command line arguments: ['/usr/bin/colcon', 'build']
[0.771s] DEBUG:colcon:Parsed command line arguments: Namespace(log_base=None, log_level=None, verb_name='build', build_base='build', install_base='install', merge_install=False, symlink_install=False, test_result_base=None, continue_on_error=False, executor='parallel', parallel_workers=20, event_handlers=None, ignore_user_meta=False, metas=['./colcon.meta'], base_paths=['.'], packages_ignore=None, packages_ignore_regex=None, paths=None, packages_up_to=None, packages_up_to_regex=None, packages_above=None, packages_above_and_dependencies=None, packages_above_depth=None, packages_select_by_dep=None, packages_skip_by_dep=None, packages_skip_up_to=None, packages_select_build_failed=False, packages_skip_build_finished=False, packages_select_test_failures=False, packages_skip_test_passed=False, packages_select=None, packages_skip=None, packages_select_regex=None, packages_skip_regex=None, packages_start=None, packages_end=None, allow_overriding=[], cmake_args=None, cmake_target=None, cmake_target_skip_unavailable=False, cmake_clean_cache=False, cmake_clean_first=False, cmake_force_configure=False, ament_cmake_args=None, catkin_cmake_args=None, catkin_skip_building_tests=False, verb_parser=<colcon_defaults.argument_parser.defaults.DefaultArgumentsDecorator object at 0x7f3a7b7a0640>, verb_extension=<colcon_core.verb.build.BuildVerb object at 0x7f3a7c179ae0>, main=<bound method BuildVerb.main of <colcon_core.verb.build.BuildVerb object at 0x7f3a7c179ae0>>)
[0.809s] Level 1:colcon.colcon_core.package_discovery:discover_packages(colcon_meta) check parameters
[0.809s] Level 1:colcon.colcon_core.package_discovery:discover_packages(recursive) check parameters
[0.809s] Level 1:colcon.colcon_core.package_discovery:discover_packages(ignore) check parameters
[0.809s] Level 1:colcon.colcon_core.package_discovery:discover_packages(path) check parameters
[0.809s] Level 1:colcon.colcon_core.package_discovery:discover_packages(colcon_meta) discover
[0.809s] Level 1:colcon.colcon_core.package_discovery:discover_packages(recursive) discover
[0.809s] INFO:colcon.colcon_core.package_discovery:Crawling recursively for packages in '/home/klingjac/ws_offboard_control/src'
[0.809s] Level 1:colcon.colcon_core.package_identification:_identify(.) by extensions ['ignore', 'ignore_ament_install']
[0.809s] Level 1:colcon.colcon_core.package_identification:_identify(.) by extension 'ignore'
[0.809s] Level 1:colcon.colcon_core.package_identification:_identify(.) by extension 'ignore_ament_install'
[0.810s] Level 1:colcon.colcon_core.package_identification:_identify(.) by extensions ['colcon_pkg']
[0.810s] Level 1:colcon.colcon_core.package_identification:_identify(.) by extension 'colcon_pkg'
[0.810s] Level 1:colcon.colcon_core.package_identification:_identify(.) by extensions ['colcon_meta']
[0.810s] Level 1:colcon.colcon_core.package_identification:_identify(.) by extension 'colcon_meta'
[0.810s] Level 1:colcon.colcon_core.package_identification:_identify(.) by extensions ['ros']
[0.810s] Level 1:colcon.colcon_core.package_identification:_identify(.) by extension 'ros'
[0.827s] Level 1:colcon.colcon_core.package_identification:_identify(.) by extensions ['cmake', 'python']
[0.827s] Level 1:colcon.colcon_core.package_identification:_identify(.) by extension 'cmake'
[0.827s] Level 1:colcon.colcon_core.package_identification:_identify(.) by extension 'python'
[0.827s] Level 1:colcon.colcon_core.package_identification:_identify(.) by extensions ['python_setup_py']
[0.827s] Level 1:colcon.colcon_core.package_identification:_identify(.) by extension 'python_setup_py'
[0.827s] Level 1:colcon.colcon_core.package_identification:_identify(build) by extensions ['ignore', 'ignore_ament_install']
[0.827s] Level 1:colcon.colcon_core.package_identification:_identify(build) by extension 'ignore'
[0.827s] Level 1:colcon.colcon_core.package_identification:_identify(build) ignored
[0.828s] Level 1:colcon.colcon_core.package_identification:_identify(install) by extensions ['ignore', 'ignore_ament_install']
[0.828s] Level 1:colcon.colcon_core.package_identification:_identify(install) by extension 'ignore'
[0.828s] Level 1:colcon.colcon_core.package_identification:_identify(install) ignored
[0.828s] Level 1:colcon.colcon_core.package_identification:_identify(log) by extensions ['ignore', 'ignore_ament_install']
[0.828s] Level 1:colcon.colcon_core.package_identification:_identify(log) by extension 'ignore'
[0.828s] Level 1:colcon.colcon_core.package_identification:_identify(log) ignored
[0.828s] Level 1:colcon.colcon_core.package_identification:_identify(px4_msgs) by extensions ['ignore', 'ignore_ament_install']
[0.828s] Level 1:colcon.colcon_core.package_identification:_identify(px4_msgs) by extension 'ignore'
[0.828s] Level 1:colcon.colcon_core.package_identification:_identify(px4_msgs) by extension 'ignore_ament_install'
[0.828s] Level 1:colcon.colcon_core.package_identification:_identify(px4_msgs) by extensions ['colcon_pkg']
[0.828s] Level 1:colcon.colcon_core.package_identification:_identify(px4_msgs) by extension 'colcon_pkg'
[0.828s] Level 1:colcon.colcon_core.package_identification:_identify(px4_msgs) by extensions ['colcon_meta']
[0.828s] Level 1:colcon.colcon_core.package_identification:_identify(px4_msgs) by extension 'colcon_meta'
[0.828s] Level 1:colcon.colcon_core.package_identification:_identify(px4_msgs) by extensions ['ros']
[0.828s] Level 1:colcon.colcon_core.package_identification:_identify(px4_msgs) by extension 'ros'
[0.832s] DEBUG:colcon.colcon_core.package_identification:Package 'px4_msgs' with type 'ros.ament_cmake' and name 'px4_msgs'
[0.832s] Level 1:colcon.colcon_core.package_identification:_identify(px4_ros_com) by extensions ['ignore', 'ignore_ament_install']
[0.832s] Level 1:colcon.colcon_core.package_identification:_identify(px4_ros_com) by extension 'ignore'
[0.832s] Level 1:colcon.colcon_core.package_identification:_identify(px4_ros_com) by extension 'ignore_ament_install'
[0.832s] Level 1:colcon.colcon_core.package_identification:_identify(px4_ros_com) by extensions ['colcon_pkg']
[0.832s] Level 1:colcon.colcon_core.package_identification:_identify(px4_ros_com) by extension 'colcon_pkg'
[0.833s] Level 1:colcon.colcon_core.package_identification:_identify(px4_ros_com) by extensions ['colcon_meta']
[0.833s] Level 1:colcon.colcon_core.package_identification:_identify(px4_ros_com) by extension 'colcon_meta'
[0.833s] Level 1:colcon.colcon_core.package_identification:_identify(px4_ros_com) by extensions ['ros']
[0.833s] Level 1:colcon.colcon_core.package_identification:_identify(px4_ros_com) by extension 'ros'
[0.834s] DEBUG:colcon.colcon_core.package_identification:Package 'px4_ros_com' with type 'ros.ament_cmake' and name 'px4_ros_com'
[0.834s] Level 1:colcon.colcon_core.package_identification:_identify(px4_visualize) by extensions ['ignore', 'ignore_ament_install']
[0.834s] Level 1:colcon.colcon_core.package_identification:_identify(px4_visualize) by extension 'ignore'
[0.834s] Level 1:colcon.colcon_core.package_identification:_identify(px4_visualize) by extension 'ignore_ament_install'
[0.835s] Level 1:colcon.colcon_core.package_identification:_identify(px4_visualize) by extensions ['colcon_pkg']
[0.835s] Level 1:colcon.colcon_core.package_identification:_identify(px4_visualize) by extension 'colcon_pkg'
[0.835s] Level 1:colcon.colcon_core.package_identification:_identify(px4_visualize) by extensions ['colcon_meta']
[0.835s] Level 1:colcon.colcon_core.package_identification:_identify(px4_visualize) by extension 'colcon_meta'
[0.835s] Level 1:colcon.colcon_core.package_identification:_identify(px4_visualize) by extensions ['ros']
[0.835s] Level 1:colcon.colcon_core.package_identification:_identify(px4_visualize) by extension 'ros'
[0.836s] DEBUG:colcon.colcon_core.package_identification:Package 'px4_visualize' with type 'ros.ament_python' and name 'px4_offboard'
[0.836s] Level 1:colcon.colcon_core.package_discovery:discover_packages(recursive) using defaults
[0.836s] Level 1:colcon.colcon_core.package_discovery:discover_packages(ignore) discover
[0.836s] Level 1:colcon.colcon_core.package_discovery:discover_packages(ignore) using defaults
[0.836s] Level 1:colcon.colcon_core.package_discovery:discover_packages(path) discover
[0.836s] Level 1:colcon.colcon_core.package_discovery:discover_packages(path) using defaults
[0.872s] Level 1:colcon.colcon_core.package_discovery:discover_packages(prefix_path) check parameters
[0.872s] Level 1:colcon.colcon_core.package_discovery:discover_packages(prefix_path) discover
[0.876s] DEBUG:colcon.colcon_installed_package_information.package_discovery:Found 270 installed packages in /opt/ros/humble
[0.879s] Level 1:colcon.colcon_core.package_discovery:discover_packages(prefix_path) using defaults
[0.969s] Level 5:colcon.colcon_core.verb:set package 'px4_msgs' build argument 'cmake_args' from command line to 'None'
[0.970s] Level 5:colcon.colcon_core.verb:set package 'px4_msgs' build argument 'cmake_target' from command line to 'None'
[0.970s] Level 5:colcon.colcon_core.verb:set package 'px4_msgs' build argument 'cmake_target_skip_unavailable' from command line to 'False'
[0.970s] Level 5:colcon.colcon_core.verb:set package 'px4_msgs' build argument 'cmake_clean_cache' from command line to 'False'
[0.970s] Level 5:colcon.colcon_core.verb:set package 'px4_msgs' build argument 'cmake_clean_first' from command line to 'False'
[0.970s] Level 5:colcon.colcon_core.verb:set package 'px4_msgs' build argument 'cmake_force_configure' from command line to 'False'
[0.970s] Level 5:colcon.colcon_core.verb:set package 'px4_msgs' build argument 'ament_cmake_args' from command line to 'None'
[0.970s] Level 5:colcon.colcon_core.verb:set package 'px4_msgs' build argument 'catkin_cmake_args' from command line to 'None'
[0.970s] Level 5:colcon.colcon_core.verb:set package 'px4_msgs' build argument 'catkin_skip_building_tests' from command line to 'False'
[0.970s] DEBUG:colcon.colcon_core.verb:Building package 'px4_msgs' with the following arguments: {'ament_cmake_args': None, 'build_base': '/home/klingjac/ws_offboard_control/src/build/px4_msgs', 'catkin_cmake_args': None, 'catkin_skip_building_tests': False, 'cmake_args': None, 'cmake_clean_cache': False, 'cmake_clean_first': False, 'cmake_force_configure': False, 'cmake_target': None, 'cmake_target_skip_unavailable': False, 'install_base': '/home/klingjac/ws_offboard_control/src/install/px4_msgs', 'merge_install': False, 'path': '/home/klingjac/ws_offboard_control/src/px4_msgs', 'symlink_install': False, 'test_result_base': None}
[0.971s] Level 5:colcon.colcon_core.verb:set package 'px4_offboard' build argument 'cmake_args' from command line to 'None'
[0.971s] Level 5:colcon.colcon_core.verb:set package 'px4_offboard' build argument 'cmake_target' from command line to 'None'
[0.971s] Level 5:colcon.colcon_core.verb:set package 'px4_offboard' build argument 'cmake_target_skip_unavailable' from command line to 'False'
[0.971s] Level 5:colcon.colcon_core.verb:set package 'px4_offboard' build argument 'cmake_clean_cache' from command line to 'False'
[0.971s] Level 5:colcon.colcon_core.verb:set package 'px4_offboard' build argument 'cmake_clean_first' from command line to 'False'
[0.971s] Level 5:colcon.colcon_core.verb:set package 'px4_offboard' build argument 'cmake_force_configure' from command line to 'False'
[0.971s] Level 5:colcon.colcon_core.verb:set package 'px4_offboard' build argument 'ament_cmake_args' from command line to 'None'
[0.971s] Level 5:colcon.colcon_core.verb:set package 'px4_offboard' build argument 'catkin_cmake_args' from command line to 'None'
[0.971s] Level 5:colcon.colcon_core.verb:set package 'px4_offboard' build argument 'catkin_skip_building_tests' from command line to 'False'
[0.971s] DEBUG:colcon.colcon_core.verb:Building package 'px4_offboard' with the following arguments: {'ament_cmake_args': None, 'build_base': '/home/klingjac/ws_offboard_control/src/build/px4_offboard', 'catkin_cmake_args': None, 'catkin_skip_building_tests': False, 'cmake_args': None, 'cmake_clean_cache': False, 'cmake_clean_first': False, 'cmake_force_configure': False, 'cmake_target': None, 'cmake_target_skip_unavailable': False, 'install_base': '/home/klingjac/ws_offboard_control/src/install/px4_offboard', 'merge_install': False, 'path': '/home/klingjac/ws_offboard_control/src/px4_visualize', 'symlink_install': False, 'test_result_base': None}
[0.972s] Level 5:colcon.colcon_core.verb:set package 'px4_ros_com' build argument 'cmake_args' from command line to 'None'
[0.972s] Level 5:colcon.colcon_core.verb:set package 'px4_ros_com' build argument 'cmake_target' from command line to 'None'
[0.972s] Level 5:colcon.colcon_core.verb:set package 'px4_ros_com' build argument 'cmake_target_skip_unavailable' from command line to 'False'
[0.973s] Level 5:colcon.colcon_core.verb:set package 'px4_ros_com' build argument 'cmake_clean_cache' from command line to 'False'
[0.973s] Level 5:colcon.colcon_core.verb:set package 'px4_ros_com' build argument 'cmake_clean_first' from command line to 'False'
[0.973s] Level 5:colcon.colcon_core.verb:set package 'px4_ros_com' build argument 'cmake_force_configure' from command line to 'False'
[0.973s] Level 5:colcon.colcon_core.verb:set package 'px4_ros_com' build argument 'ament_cmake_args' from command line to 'None'
[0.973s] Level 5:colcon.colcon_core.verb:set package 'px4_ros_com' build argument 'catkin_cmake_args' from command line to 'None'
[0.973s] Level 5:colcon.colcon_core.verb:set package 'px4_ros_com' build argument 'catkin_skip_building_tests' from command line to 'False'
[0.973s] DEBUG:colcon.colcon_core.verb:Building package 'px4_ros_com' with the following arguments: {'ament_cmake_args': None, 'build_base': '/home/klingjac/ws_offboard_control/src/build/px4_ros_com', 'catkin_cmake_args': None, 'catkin_skip_building_tests': False, 'cmake_args': None, 'cmake_clean_cache': False, 'cmake_clean_first': False, 'cmake_force_configure': False, 'cmake_target': None, 'cmake_target_skip_unavailable': False, 'install_base': '/home/klingjac/ws_offboard_control/src/install/px4_ros_com', 'merge_install': False, 'path': '/home/klingjac/ws_offboard_control/src/px4_ros_com', 'symlink_install': False, 'test_result_base': None}
[0.973s] INFO:colcon.colcon_core.executor:Executing jobs using 'parallel' executor
[0.979s] DEBUG:colcon.colcon_parallel_executor.executor.parallel:run_until_complete
[0.979s] INFO:colcon.colcon_ros.task.ament_cmake.build:Building ROS package in '/home/klingjac/ws_offboard_control/src/px4_msgs' with build type 'ament_cmake'
[0.979s] INFO:colcon.colcon_cmake.task.cmake.build:Building CMake package in '/home/klingjac/ws_offboard_control/src/px4_msgs'
[0.986s] INFO:colcon.colcon_core.plugin_system:Skipping extension 'colcon_core.shell.bat': Not used on non-Windows systems
[0.986s] INFO:colcon.colcon_core.shell:Skip shell extension 'powershell' for command environment: Not usable outside of PowerShell
[0.986s] DEBUG:colcon.colcon_core.shell:Skip shell extension 'dsv' for command environment
[1.000s] DEBUG:colcon.colcon_core.event_handler.log_command:Invoking command in '/home/klingjac/ws_offboard_control/src/build/px4_msgs': CMAKE_PREFIX_PATH=/opt/ros/humble /usr/bin/cmake --build /home/klingjac/ws_offboard_control/src/build/px4_msgs -- -j20 -l20
[2.472s] DEBUG:colcon.colcon_core.event_handler.log_command:Invoked command in '/home/klingjac/ws_offboard_control/src/build/px4_msgs' returned '0': CMAKE_PREFIX_PATH=/opt/ros/humble /usr/bin/cmake --build /home/klingjac/ws_offboard_control/src/build/px4_msgs -- -j20 -l20
[5.171s] DEBUG:colcon.colcon_core.event_handler.log_command:Invoking command in '/home/klingjac/ws_offboard_control/src/build/px4_msgs': CMAKE_PREFIX_PATH=/opt/ros/humble /usr/bin/cmake --install /home/klingjac/ws_offboard_control/src/build/px4_msgs
[5.555s] Level 1:colcon.colcon_core.environment:create_environment_scripts_only(px4_msgs)
[5.556s] DEBUG:colcon.colcon_core.event_handler.log_command:Invoked command in '/home/klingjac/ws_offboard_control/src/build/px4_msgs' returned '0': CMAKE_PREFIX_PATH=/opt/ros/humble /usr/bin/cmake --install /home/klingjac/ws_offboard_control/src/build/px4_msgs
[5.559s] Level 1:colcon.colcon_core.environment:checking '/home/klingjac/ws_offboard_control/src/install/px4_msgs' for CMake module files
[5.560s] Level 1:colcon.colcon_core.environment:checking '/home/klingjac/ws_offboard_control/src/install/px4_msgs' for CMake config files
[5.561s] Level 1:colcon.colcon_core.shell:create_environment_hook('px4_msgs', 'cmake_prefix_path')
[5.562s] INFO:colcon.colcon_core.shell:Creating environment hook '/home/klingjac/ws_offboard_control/src/install/px4_msgs/share/px4_msgs/hook/cmake_prefix_path.ps1'
[5.563s] INFO:colcon.colcon_core.shell:Creating environment descriptor '/home/klingjac/ws_offboard_control/src/install/px4_msgs/share/px4_msgs/hook/cmake_prefix_path.dsv'
[5.563s] INFO:colcon.colcon_core.shell:Creating environment hook '/home/klingjac/ws_offboard_control/src/install/px4_msgs/share/px4_msgs/hook/cmake_prefix_path.sh'
[5.564s] Level 1:colcon.colcon_core.environment:checking '/home/klingjac/ws_offboard_control/src/install/px4_msgs/lib'
[5.564s] Level 1:colcon.colcon_core.shell:create_environment_hook('px4_msgs', 'ld_library_path_lib')
[5.565s] INFO:colcon.colcon_core.shell:Creating environment hook '/home/klingjac/ws_offboard_control/src/install/px4_msgs/share/px4_msgs/hook/ld_library_path_lib.ps1'
[5.565s] INFO:colcon.colcon_core.shell:Creating environment descriptor '/home/klingjac/ws_offboard_control/src/install/px4_msgs/share/px4_msgs/hook/ld_library_path_lib.dsv'
[5.565s] INFO:colcon.colcon_core.shell:Creating environment hook '/home/klingjac/ws_offboard_control/src/install/px4_msgs/share/px4_msgs/hook/ld_library_path_lib.sh'
[5.566s] Level 1:colcon.colcon_core.environment:checking '/home/klingjac/ws_offboard_control/src/install/px4_msgs/bin'
[5.566s] Level 1:colcon.colcon_core.environment:checking '/home/klingjac/ws_offboard_control/src/install/px4_msgs/lib/pkgconfig/px4_msgs.pc'
[5.566s] Level 1:colcon.colcon_core.environment:checking '/home/klingjac/ws_offboard_control/src/install/px4_msgs/lib/python3.10/site-packages'
[5.566s] Level 1:colcon.colcon_core.environment:checking '/home/klingjac/ws_offboard_control/src/install/px4_msgs/bin'
[5.567s] INFO:colcon.colcon_core.shell:Creating package script '/home/klingjac/ws_offboard_control/src/install/px4_msgs/share/px4_msgs/package.ps1'
[5.568s] INFO:colcon.colcon_core.shell:Creating package descriptor '/home/klingjac/ws_offboard_control/src/install/px4_msgs/share/px4_msgs/package.dsv'
[5.568s] INFO:colcon.colcon_core.shell:Creating package script '/home/klingjac/ws_offboard_control/src/install/px4_msgs/share/px4_msgs/package.sh'
[5.569s] INFO:colcon.colcon_core.shell:Creating package script '/home/klingjac/ws_offboard_control/src/install/px4_msgs/share/px4_msgs/package.bash'
[5.569s] INFO:colcon.colcon_core.shell:Creating package script '/home/klingjac/ws_offboard_control/src/install/px4_msgs/share/px4_msgs/package.zsh'
[5.570s] Level 1:colcon.colcon_core.environment:create_file_with_runtime_dependencies(/home/klingjac/ws_offboard_control/src/install/px4_msgs/share/colcon-core/packages/px4_msgs)
[8.282s] Level 1:colcon.colcon_core.environment:create_environment_scripts_only(px4_msgs)
[8.283s] Level 1:colcon.colcon_core.environment:checking '/home/klingjac/ws_offboard_control/src/install/px4_msgs' for CMake module files
[8.283s] Level 1:colcon.colcon_core.environment:checking '/home/klingjac/ws_offboard_control/src/install/px4_msgs' for CMake config files
[8.283s] Level 1:colcon.colcon_core.shell:create_environment_hook('px4_msgs', 'cmake_prefix_path')
[8.284s] INFO:colcon.colcon_core.shell:Creating environment hook '/home/klingjac/ws_offboard_control/src/install/px4_msgs/share/px4_msgs/hook/cmake_prefix_path.ps1'
[8.285s] INFO:colcon.colcon_core.shell:Creating environment descriptor '/home/klingjac/ws_offboard_control/src/install/px4_msgs/share/px4_msgs/hook/cmake_prefix_path.dsv'
[8.285s] INFO:colcon.colcon_core.shell:Creating environment hook '/home/klingjac/ws_offboard_control/src/install/px4_msgs/share/px4_msgs/hook/cmake_prefix_path.sh'
[8.285s] Level 1:colcon.colcon_core.environment:checking '/home/klingjac/ws_offboard_control/src/install/px4_msgs/lib'
[8.285s] Level 1:colcon.colcon_core.shell:create_environment_hook('px4_msgs', 'ld_library_path_lib')
[8.286s] INFO:colcon.colcon_core.shell:Creating environment hook '/home/klingjac/ws_offboard_control/src/install/px4_msgs/share/px4_msgs/hook/ld_library_path_lib.ps1'
[8.286s] INFO:colcon.colcon_core.shell:Creating environment descriptor '/home/klingjac/ws_offboard_control/src/install/px4_msgs/share/px4_msgs/hook/ld_library_path_lib.dsv'
[8.286s] INFO:colcon.colcon_core.shell:Creating environment hook '/home/klingjac/ws_offboard_control/src/install/px4_msgs/share/px4_msgs/hook/ld_library_path_lib.sh'
[8.287s] Level 1:colcon.colcon_core.environment:checking '/home/klingjac/ws_offboard_control/src/install/px4_msgs/bin'
[8.287s] Level 1:colcon.colcon_core.environment:checking '/home/klingjac/ws_offboard_control/src/install/px4_msgs/lib/pkgconfig/px4_msgs.pc'
[8.287s] Level 1:colcon.colcon_core.environment:checking '/home/klingjac/ws_offboard_control/src/install/px4_msgs/lib/python3.10/site-packages'
[8.287s] Level 1:colcon.colcon_core.environment:checking '/home/klingjac/ws_offboard_control/src/install/px4_msgs/bin'
[8.288s] INFO:colcon.colcon_core.shell:Creating package script '/home/klingjac/ws_offboard_control/src/install/px4_msgs/share/px4_msgs/package.ps1'
[8.288s] INFO:colcon.colcon_core.shell:Creating package descriptor '/home/klingjac/ws_offboard_control/src/install/px4_msgs/share/px4_msgs/package.dsv'
[8.289s] INFO:colcon.colcon_core.shell:Creating package script '/home/klingjac/ws_offboard_control/src/install/px4_msgs/share/px4_msgs/package.sh'
[8.289s] INFO:colcon.colcon_core.shell:Creating package script '/home/klingjac/ws_offboard_control/src/install/px4_msgs/share/px4_msgs/package.bash'
[8.289s] INFO:colcon.colcon_core.shell:Creating package script '/home/klingjac/ws_offboard_control/src/install/px4_msgs/share/px4_msgs/package.zsh'
[8.289s] Level 1:colcon.colcon_core.environment:create_file_with_runtime_dependencies(/home/klingjac/ws_offboard_control/src/install/px4_msgs/share/colcon-core/packages/px4_msgs)
[8.290s] INFO:colcon.colcon_ros.task.ament_python.build:Building ROS package in '/home/klingjac/ws_offboard_control/src/px4_visualize' with build type 'ament_python'
[8.290s] Level 1:colcon.colcon_core.shell:create_environment_hook('px4_offboard', 'ament_prefix_path')
[8.291s] INFO:colcon.colcon_core.shell:Creating environment hook '/home/klingjac/ws_offboard_control/src/install/px4_offboard/share/px4_offboard/hook/ament_prefix_path.ps1'
[8.293s] INFO:colcon.colcon_core.shell:Creating environment descriptor '/home/klingjac/ws_offboard_control/src/install/px4_offboard/share/px4_offboard/hook/ament_prefix_path.dsv'
[8.293s] INFO:colcon.colcon_core.shell:Creating environment hook '/home/klingjac/ws_offboard_control/src/install/px4_offboard/share/px4_offboard/hook/ament_prefix_path.sh'
[8.295s] INFO:colcon.colcon_core.shell:Skip shell extension 'powershell' for command environment: Not usable outside of PowerShell
[8.295s] DEBUG:colcon.colcon_core.shell:Skip shell extension 'dsv' for command environment
[8.298s] INFO:colcon.colcon_ros.task.ament_cmake.build:Building ROS package in '/home/klingjac/ws_offboard_control/src/px4_ros_com' with build type 'ament_cmake'
[8.298s] INFO:colcon.colcon_cmake.task.cmake.build:Building CMake package in '/home/klingjac/ws_offboard_control/src/px4_ros_com'
[8.299s] INFO:colcon.colcon_core.shell:Skip shell extension 'powershell' for command environment: Not usable outside of PowerShell
[8.299s] DEBUG:colcon.colcon_core.shell:Skip shell extension 'dsv' for command environment
[8.632s] INFO:colcon.colcon_core.task.python.build:Building Python package in '/home/klingjac/ws_offboard_control/src/px4_visualize'
[8.633s] INFO:colcon.colcon_core.shell:Skip shell extension 'powershell' for command environment: Not usable outside of PowerShell
[8.633s] DEBUG:colcon.colcon_core.shell:Skip shell extension 'dsv' for command environment
[8.639s] DEBUG:colcon.colcon_core.event_handler.log_command:Invoking command in '/home/klingjac/ws_offboard_control/src/build/px4_ros_com': AMENT_PREFIX_PATH=/home/klingjac/ws_offboard_control/src/install/px4_msgs:${AMENT_PREFIX_PATH} CMAKE_PREFIX_PATH=/home/klingjac/ws_offboard_control/src/install/px4_msgs:/opt/ros/humble LD_LIBRARY_PATH=/home/klingjac/ws_offboard_control/src/install/px4_msgs/lib:${LD_LIBRARY_PATH} PYTHONPATH=/home/klingjac/ws_offboard_control/src/install/px4_msgs/local/lib/python3.10/dist-packages:${PYTHONPATH} /usr/bin/cmake --build /home/klingjac/ws_offboard_control/src/build/px4_ros_com -- -j20 -l20
[9.173s] DEBUG:colcon.colcon_core.event_handler.log_command:Invoking command in '/home/klingjac/ws_offboard_control/src/px4_visualize': AMENT_PREFIX_PATH=/home/klingjac/ws_offboard_control/src/install/px4_msgs:${AMENT_PREFIX_PATH} CMAKE_PREFIX_PATH=/home/klingjac/ws_offboard_control/src/install/px4_msgs LD_LIBRARY_PATH=/home/klingjac/ws_offboard_control/src/install/px4_msgs/lib:${LD_LIBRARY_PATH} PYTHONPATH=/home/klingjac/ws_offboard_control/src/build/px4_offboard/prefix_override:/home/klingjac/ws_offboard_control/src/install/px4_offboard/lib/python3.10/site-packages:/home/klingjac/ws_offboard_control/src/install/px4_msgs/local/lib/python3.10/dist-packages:${PYTHONPATH} /usr/bin/python3 setup.py egg_info --egg-base ../build/px4_offboard build --build-base /home/klingjac/ws_offboard_control/src/build/px4_offboard/build install --record /home/klingjac/ws_offboard_control/src/build/px4_offboard/install.log --single-version-externally-managed
[9.458s] Level 1:colcon.colcon_core.environment:checking '/home/klingjac/ws_offboard_control/src/install/px4_offboard' for CMake module files
[9.458s] DEBUG:colcon.colcon_core.event_handler.log_command:Invoked command in '/home/klingjac/ws_offboard_control/src/px4_visualize' returned '0': AMENT_PREFIX_PATH=/home/klingjac/ws_offboard_control/src/install/px4_msgs:${AMENT_PREFIX_PATH} CMAKE_PREFIX_PATH=/home/klingjac/ws_offboard_control/src/install/px4_msgs LD_LIBRARY_PATH=/home/klingjac/ws_offboard_control/src/install/px4_msgs/lib:${LD_LIBRARY_PATH} PYTHONPATH=/home/klingjac/ws_offboard_control/src/build/px4_offboard/prefix_override:/home/klingjac/ws_offboard_control/src/install/px4_offboard/lib/python3.10/site-packages:/home/klingjac/ws_offboard_control/src/install/px4_msgs/local/lib/python3.10/dist-packages:${PYTHONPATH} /usr/bin/python3 setup.py egg_info --egg-base ../build/px4_offboard build --build-base /home/klingjac/ws_offboard_control/src/build/px4_offboard/build install --record /home/klingjac/ws_offboard_control/src/build/px4_offboard/install.log --single-version-externally-managed
[9.458s] Level 1:colcon.colcon_core.environment:checking '/home/klingjac/ws_offboard_control/src/install/px4_offboard' for CMake config files
[9.460s] Level 1:colcon.colcon_core.environment:checking '/home/klingjac/ws_offboard_control/src/install/px4_offboard/lib'
[9.460s] Level 1:colcon.colcon_core.environment:checking '/home/klingjac/ws_offboard_control/src/install/px4_offboard/bin'
[9.460s] Level 1:colcon.colcon_core.environment:checking '/home/klingjac/ws_offboard_control/src/install/px4_offboard/lib/pkgconfig/px4_offboard.pc'
[9.461s] Level 1:colcon.colcon_core.environment:checking '/home/klingjac/ws_offboard_control/src/install/px4_offboard/lib/python3.10/site-packages'
[9.461s] Level 1:colcon.colcon_core.shell:create_environment_hook('px4_offboard', 'pythonpath')
[9.462s] INFO:colcon.colcon_core.shell:Creating environment hook '/home/klingjac/ws_offboard_control/src/install/px4_offboard/share/px4_offboard/hook/pythonpath.ps1'
[9.463s] INFO:colcon.colcon_core.shell:Creating environment descriptor '/home/klingjac/ws_offboard_control/src/install/px4_offboard/share/px4_offboard/hook/pythonpath.dsv'
[9.463s] INFO:colcon.colcon_core.shell:Creating environment hook '/home/klingjac/ws_offboard_control/src/install/px4_offboard/share/px4_offboard/hook/pythonpath.sh'
[9.464s] Level 1:colcon.colcon_core.environment:checking '/home/klingjac/ws_offboard_control/src/install/px4_offboard/bin'
[9.464s] Level 1:colcon.colcon_core.environment:create_environment_scripts_only(px4_offboard)
[9.466s] INFO:colcon.colcon_core.shell:Creating package script '/home/klingjac/ws_offboard_control/src/install/px4_offboard/share/px4_offboard/package.ps1'
[9.466s] INFO:colcon.colcon_core.shell:Creating package descriptor '/home/klingjac/ws_offboard_control/src/install/px4_offboard/share/px4_offboard/package.dsv'
[9.466s] INFO:colcon.colcon_core.shell:Creating package script '/home/klingjac/ws_offboard_control/src/install/px4_offboard/share/px4_offboard/package.sh'
[9.467s] INFO:colcon.colcon_core.shell:Creating package script '/home/klingjac/ws_offboard_control/src/install/px4_offboard/share/px4_offboard/package.bash'
[9.467s] INFO:colcon.colcon_core.shell:Creating package script '/home/klingjac/ws_offboard_control/src/install/px4_offboard/share/px4_offboard/package.zsh'
[9.467s] Level 1:colcon.colcon_core.environment:create_file_with_runtime_dependencies(/home/klingjac/ws_offboard_control/src/install/px4_offboard/share/colcon-core/packages/px4_offboard)
[13.527s] DEBUG:colcon.colcon_core.event_handler.log_command:Invoked command in '/home/klingjac/ws_offboard_control/src/build/px4_ros_com' returned '0': AMENT_PREFIX_PATH=/home/klingjac/ws_offboard_control/src/install/px4_msgs:${AMENT_PREFIX_PATH} CMAKE_PREFIX_PATH=/home/klingjac/ws_offboard_control/src/install/px4_msgs:/opt/ros/humble LD_LIBRARY_PATH=/home/klingjac/ws_offboard_control/src/install/px4_msgs/lib:${LD_LIBRARY_PATH} PYTHONPATH=/home/klingjac/ws_offboard_control/src/install/px4_msgs/local/lib/python3.10/dist-packages:${PYTHONPATH} /usr/bin/cmake --build /home/klingjac/ws_offboard_control/src/build/px4_ros_com -- -j20 -l20
[13.555s] DEBUG:colcon.colcon_core.event_handler.log_command:Invoking command in '/home/klingjac/ws_offboard_control/src/build/px4_ros_com': AMENT_PREFIX_PATH=/home/klingjac/ws_offboard_control/src/install/px4_msgs:${AMENT_PREFIX_PATH} CMAKE_PREFIX_PATH=/home/klingjac/ws_offboard_control/src/install/px4_msgs:/opt/ros/humble LD_LIBRARY_PATH=/home/klingjac/ws_offboard_control/src/install/px4_msgs/lib:${LD_LIBRARY_PATH} PYTHONPATH=/home/klingjac/ws_offboard_control/src/install/px4_msgs/local/lib/python3.10/dist-packages:${PYTHONPATH} /usr/bin/cmake --install /home/klingjac/ws_offboard_control/src/build/px4_ros_com
[13.587s] Level 1:colcon.colcon_core.environment:create_environment_scripts_only(px4_ros_com)
[13.588s] Level 1:colcon.colcon_core.environment:checking '/home/klingjac/ws_offboard_control/src/install/px4_ros_com' for CMake module files
[13.589s] DEBUG:colcon.colcon_core.event_handler.log_command:Invoked command in '/home/klingjac/ws_offboard_control/src/build/px4_ros_com' returned '0': AMENT_PREFIX_PATH=/home/klingjac/ws_offboard_control/src/install/px4_msgs:${AMENT_PREFIX_PATH} CMAKE_PREFIX_PATH=/home/klingjac/ws_offboard_control/src/install/px4_msgs:/opt/ros/humble LD_LIBRARY_PATH=/home/klingjac/ws_offboard_control/src/install/px4_msgs/lib:${LD_LIBRARY_PATH} PYTHONPATH=/home/klingjac/ws_offboard_control/src/install/px4_msgs/local/lib/python3.10/dist-packages:${PYTHONPATH} /usr/bin/cmake --install /home/klingjac/ws_offboard_control/src/build/px4_ros_com
[13.589s] Level 1:colcon.colcon_core.environment:checking '/home/klingjac/ws_offboard_control/src/install/px4_ros_com' for CMake config files
[13.591s] Level 1:colcon.colcon_core.shell:create_environment_hook('px4_ros_com', 'cmake_prefix_path')
[13.592s] INFO:colcon.colcon_core.shell:Creating environment hook '/home/klingjac/ws_offboard_control/src/install/px4_ros_com/share/px4_ros_com/hook/cmake_prefix_path.ps1'
[13.592s] INFO:colcon.colcon_core.shell:Creating environment descriptor '/home/klingjac/ws_offboard_control/src/install/px4_ros_com/share/px4_ros_com/hook/cmake_prefix_path.dsv'
[13.593s] INFO:colcon.colcon_core.shell:Creating environment hook '/home/klingjac/ws_offboard_control/src/install/px4_ros_com/share/px4_ros_com/hook/cmake_prefix_path.sh'
[13.593s] Level 1:colcon.colcon_core.environment:checking '/home/klingjac/ws_offboard_control/src/install/px4_ros_com/lib'
[13.593s] Level 1:colcon.colcon_core.shell:create_environment_hook('px4_ros_com', 'ld_library_path_lib')
[13.594s] INFO:colcon.colcon_core.shell:Creating environment hook '/home/klingjac/ws_offboard_control/src/install/px4_ros_com/share/px4_ros_com/hook/ld_library_path_lib.ps1'
[13.594s] INFO:colcon.colcon_core.shell:Creating environment descriptor '/home/klingjac/ws_offboard_control/src/install/px4_ros_com/share/px4_ros_com/hook/ld_library_path_lib.dsv'
[13.595s] INFO:colcon.colcon_core.shell:Creating environment hook '/home/klingjac/ws_offboard_control/src/install/px4_ros_com/share/px4_ros_com/hook/ld_library_path_lib.sh'
[13.595s] Level 1:colcon.colcon_core.environment:checking '/home/klingjac/ws_offboard_control/src/install/px4_ros_com/bin'
[13.595s] Level 1:colcon.colcon_core.environment:checking '/home/klingjac/ws_offboard_control/src/install/px4_ros_com/lib/pkgconfig/px4_ros_com.pc'
[13.595s] Level 1:colcon.colcon_core.environment:checking '/home/klingjac/ws_offboard_control/src/install/px4_ros_com/lib/python3.10/site-packages'
[13.595s] Level 1:colcon.colcon_core.environment:checking '/home/klingjac/ws_offboard_control/src/install/px4_ros_com/bin'
[13.597s] INFO:colcon.colcon_core.shell:Creating package script '/home/klingjac/ws_offboard_control/src/install/px4_ros_com/share/px4_ros_com/package.ps1'
[13.597s] INFO:colcon.colcon_core.shell:Creating package descriptor '/home/klingjac/ws_offboard_control/src/install/px4_ros_com/share/px4_ros_com/package.dsv'
[13.597s] INFO:colcon.colcon_core.shell:Creating package script '/home/klingjac/ws_offboard_control/src/install/px4_ros_com/share/px4_ros_com/package.sh'
[13.598s] INFO:colcon.colcon_core.shell:Creating package script '/home/klingjac/ws_offboard_control/src/install/px4_ros_com/share/px4_ros_com/package.bash'
[13.598s] INFO:colcon.colcon_core.shell:Creating package script '/home/klingjac/ws_offboard_control/src/install/px4_ros_com/share/px4_ros_com/package.zsh'
[13.598s] Level 1:colcon.colcon_core.environment:create_file_with_runtime_dependencies(/home/klingjac/ws_offboard_control/src/install/px4_ros_com/share/colcon-core/packages/px4_ros_com)
[13.626s] Level 1:colcon.colcon_core.environment:create_environment_scripts_only(px4_ros_com)
[13.628s] Level 1:colcon.colcon_core.environment:checking '/home/klingjac/ws_offboard_control/src/install/px4_ros_com' for CMake module files
[13.628s] Level 1:colcon.colcon_core.environment:checking '/home/klingjac/ws_offboard_control/src/install/px4_ros_com' for CMake config files
[13.628s] Level 1:colcon.colcon_core.shell:create_environment_hook('px4_ros_com', 'cmake_prefix_path')
[13.629s] INFO:colcon.colcon_core.shell:Creating environment hook '/home/klingjac/ws_offboard_control/src/install/px4_ros_com/share/px4_ros_com/hook/cmake_prefix_path.ps1'
[13.630s] INFO:colcon.colcon_core.shell:Creating environment descriptor '/home/klingjac/ws_offboard_control/src/install/px4_ros_com/share/px4_ros_com/hook/cmake_prefix_path.dsv'
[13.630s] INFO:colcon.colcon_core.shell:Creating environment hook '/home/klingjac/ws_offboard_control/src/install/px4_ros_com/share/px4_ros_com/hook/cmake_prefix_path.sh'
[13.630s] Level 1:colcon.colcon_core.environment:checking '/home/klingjac/ws_offboard_control/src/install/px4_ros_com/lib'
[13.630s] Level 1:colcon.colcon_core.shell:create_environment_hook('px4_ros_com', 'ld_library_path_lib')
[13.631s] INFO:colcon.colcon_core.shell:Creating environment hook '/home/klingjac/ws_offboard_control/src/install/px4_ros_com/share/px4_ros_com/hook/ld_library_path_lib.ps1'
[13.631s] INFO:colcon.colcon_core.shell:Creating environment descriptor '/home/klingjac/ws_offboard_control/src/install/px4_ros_com/share/px4_ros_com/hook/ld_library_path_lib.dsv'
[13.632s] INFO:colcon.colcon_core.shell:Creating environment hook '/home/klingjac/ws_offboard_control/src/install/px4_ros_com/share/px4_ros_com/hook/ld_library_path_lib.sh'
[13.632s] Level 1:colcon.colcon_core.environment:checking '/home/klingjac/ws_offboard_control/src/install/px4_ros_com/bin'
[13.632s] Level 1:colcon.colcon_core.environment:checking '/home/klingjac/ws_offboard_control/src/install/px4_ros_com/lib/pkgconfig/px4_ros_com.pc'
[13.632s] Level 1:colcon.colcon_core.environment:checking '/home/klingjac/ws_offboard_control/src/install/px4_ros_com/lib/python3.10/site-packages'
[13.632s] Level 1:colcon.colcon_core.environment:checking '/home/klingjac/ws_offboard_control/src/install/px4_ros_com/bin'
[13.634s] INFO:colcon.colcon_core.shell:Creating package script '/home/klingjac/ws_offboard_control/src/install/px4_ros_com/share/px4_ros_com/package.ps1'
[13.634s] INFO:colcon.colcon_core.shell:Creating package descriptor '/home/klingjac/ws_offboard_control/src/install/px4_ros_com/share/px4_ros_com/package.dsv'
[13.634s] INFO:colcon.colcon_core.shell:Creating package script '/home/klingjac/ws_offboard_control/src/install/px4_ros_com/share/px4_ros_com/package.sh'
[13.634s] INFO:colcon.colcon_core.shell:Creating package script '/home/klingjac/ws_offboard_control/src/install/px4_ros_com/share/px4_ros_com/package.bash'
[13.635s] INFO:colcon.colcon_core.shell:Creating package script '/home/klingjac/ws_offboard_control/src/install/px4_ros_com/share/px4_ros_com/package.zsh'
[13.635s] Level 1:colcon.colcon_core.environment:create_file_with_runtime_dependencies(/home/klingjac/ws_offboard_control/src/install/px4_ros_com/share/colcon-core/packages/px4_ros_com)
[13.635s] DEBUG:colcon.colcon_parallel_executor.executor.parallel:closing loop
[13.635s] DEBUG:colcon.colcon_parallel_executor.executor.parallel:loop closed
[13.636s] DEBUG:colcon.colcon_parallel_executor.executor.parallel:run_until_complete finished with '0'
[13.636s] DEBUG:colcon.colcon_core.event_reactor:joining thread
[13.750s] INFO:colcon.colcon_core.plugin_system:Skipping extension 'colcon_notification.desktop_notification.notify_send': Could not find 'notify-send'
[13.750s] INFO:colcon.colcon_core.plugin_system:Skipping extension 'colcon_notification.desktop_notification.terminal_notifier': Not used on non-Darwin systems
[13.750s] INFO:colcon.colcon_core.plugin_system:Skipping extension 'colcon_notification.desktop_notification.win32': Not used on non-Windows systems
[13.750s] INFO:colcon.colcon_notification.desktop_notification:Sending desktop notification using 'notify2'
[13.750s] DEBUG:colcon.colcon_notification.desktop_notification.notify2:Failed to initialize notify2: org.freedesktop.DBus.Error.FileNotFound: Failed to connect to socket /run/user/1000/bus: No such file or directory
[13.751s] DEBUG:colcon.colcon_core.event_reactor:joined thread
[13.752s] INFO:colcon.colcon_core.shell:Creating prefix script '/home/klingjac/ws_offboard_control/src/install/local_setup.ps1'
[13.753s] INFO:colcon.colcon_core.shell:Creating prefix util module '/home/klingjac/ws_offboard_control/src/install/_local_setup_util_ps1.py'
[13.754s] INFO:colcon.colcon_core.shell:Creating prefix chain script '/home/klingjac/ws_offboard_control/src/install/setup.ps1'
[13.755s] INFO:colcon.colcon_core.shell:Creating prefix script '/home/klingjac/ws_offboard_control/src/install/local_setup.sh'
[13.756s] INFO:colcon.colcon_core.shell:Creating prefix util module '/home/klingjac/ws_offboard_control/src/install/_local_setup_util_sh.py'
[13.756s] INFO:colcon.colcon_core.shell:Creating prefix chain script '/home/klingjac/ws_offboard_control/src/install/setup.sh'
[13.757s] INFO:colcon.colcon_core.shell:Creating prefix script '/home/klingjac/ws_offboard_control/src/install/local_setup.bash'
[13.757s] INFO:colcon.colcon_core.shell:Creating prefix chain script '/home/klingjac/ws_offboard_control/src/install/setup.bash'
[13.758s] INFO:colcon.colcon_core.shell:Creating prefix script '/home/klingjac/ws_offboard_control/src/install/local_setup.zsh'
[13.758s] INFO:colcon.colcon_core.shell:Creating prefix chain script '/home/klingjac/ws_offboard_control/src/install/setup.zsh'
