[0.340s] Invoking command in '/home/klingjac/ws_offboard_control/src/build/px4_ros_com': AMENT_PREFIX_PATH=/home/klingjac/ws_offboard_control/src/install/px4_msgs:${AMENT_PREFIX_PATH} CMAKE_PREFIX_PATH=/home/klingjac/ws_offboard_control/src/install/px4_msgs:/opt/ros/humble LD_LIBRARY_PATH=/home/klingjac/ws_offboard_control/src/install/px4_msgs/lib:${LD_LIBRARY_PATH} PYTHONPATH=/home/klingjac/ws_offboard_control/src/install/px4_msgs/local/lib/python3.10/dist-packages:${PYTHONPATH} /usr/bin/cmake --build /home/klingjac/ws_offboard_control/src/build/px4_ros_com -- -j20 -l20
[0.387s] [35m[1mConsolidate compiler generated dependencies of target offboard_control[0m
[0.397s] [ 40%] Built target vehicle_gps_position_listener
[0.397s] [ 40%] Built target frame_transforms
[0.399s] [ 60%] Built target debug_vect_advertiser
[0.399s] [ 80%] Built target sensor_combined_listener
[0.402s] [ 90%] [32mBuilding CXX object CMakeFiles/offboard_control.dir/src/examples/offboard/offboard_control.cpp.o[0m
[4.860s] [100%] [32m[1mLinking CXX executable offboard_control[0m
[5.220s] [100%] Built target offboard_control
[5.228s] Invoked command in '/home/klingjac/ws_offboard_control/src/build/px4_ros_com' returned '0': AMENT_PREFIX_PATH=/home/klingjac/ws_offboard_control/src/install/px4_msgs:${AMENT_PREFIX_PATH} CMAKE_PREFIX_PATH=/home/klingjac/ws_offboard_control/src/install/px4_msgs:/opt/ros/humble LD_LIBRARY_PATH=/home/klingjac/ws_offboard_control/src/install/px4_msgs/lib:${LD_LIBRARY_PATH} PYTHONPATH=/home/klingjac/ws_offboard_control/src/install/px4_msgs/local/lib/python3.10/dist-packages:${PYTHONPATH} /usr/bin/cmake --build /home/klingjac/ws_offboard_control/src/build/px4_ros_com -- -j20 -l20
[5.255s] Invoking command in '/home/klingjac/ws_offboard_control/src/build/px4_ros_com': AMENT_PREFIX_PATH=/home/klingjac/ws_offboard_control/src/install/px4_msgs:${AMENT_PREFIX_PATH} CMAKE_PREFIX_PATH=/home/klingjac/ws_offboard_control/src/install/px4_msgs:/opt/ros/humble LD_LIBRARY_PATH=/home/klingjac/ws_offboard_control/src/install/px4_msgs/lib:${LD_LIBRARY_PATH} PYTHONPATH=/home/klingjac/ws_offboard_control/src/install/px4_msgs/local/lib/python3.10/dist-packages:${PYTHONPATH} /usr/bin/cmake --install /home/klingjac/ws_offboard_control/src/build/px4_ros_com
[5.260s] -- Install configuration: ""
[5.265s] -- Up-to-date: /home/klingjac/ws_offboard_control/src/install/px4_ros_com/lib/px4_ros_com/sensor_combined_listener
[5.267s] -- Up-to-date: /home/klingjac/ws_offboard_control/src/install/px4_ros_com/lib/px4_ros_com/vehicle_gps_position_listener
[5.269s] -- Up-to-date: /home/klingjac/ws_offboard_control/src/install/px4_ros_com/lib/px4_ros_com/debug_vect_advertiser
[5.271s] -- Installing: /home/klingjac/ws_offboard_control/src/install/px4_ros_com/lib/px4_ros_com/offboard_control
[5.272s] -- Set runtime path of "/home/klingjac/ws_offboard_control/src/install/px4_ros_com/lib/px4_ros_com/offboard_control" to ""
[5.274s] -- Up-to-date: /home/klingjac/ws_offboard_control/src/install/px4_ros_com/share/px4_ros_com/environment/library_path.sh
[5.274s] -- Up-to-date: /home/klingjac/ws_offboard_control/src/install/px4_ros_com/share/px4_ros_com/environment/library_path.dsv
[5.274s] -- Up-to-date: /home/klingjac/ws_offboard_control/src/install/px4_ros_com/include/px4_ros_com
[5.275s] -- Up-to-date: /home/klingjac/ws_offboard_control/src/install/px4_ros_com/include/px4_ros_com/frame_transforms.h
[5.276s] -- Up-to-date: /home/klingjac/ws_offboard_control/src/install/px4_ros_com/lib/libframe_transforms.so
[5.276s] -- Up-to-date: /home/klingjac/ws_offboard_control/src/install/px4_ros_com/share/px4_ros_com//launch
[5.277s] -- Up-to-date: /home/klingjac/ws_offboard_control/src/install/px4_ros_com/share/px4_ros_com//launch/sensor_combined_listener.launch.py
[5.277s] -- Up-to-date: /home/klingjac/ws_offboard_control/src/install/px4_ros_com/share/px4_ros_com//launch/offboard_control_launch.yaml
[5.277s] -- Up-to-date: /home/klingjac/ws_offboard_control/src/install/px4_ros_com/share/px4_ros_com//test
[5.277s] -- Up-to-date: /home/klingjac/ws_offboard_control/src/install/px4_ros_com/share/px4_ros_com//test/pipeline_io_test.py
[5.277s] -- Up-to-date: /home/klingjac/ws_offboard_control/src/install/px4_ros_com/share/px4_ros_com//test/__init__.py
[5.277s] -- Up-to-date: /home/klingjac/ws_offboard_control/src/install/px4_ros_com/share/px4_ros_com//test/test_output.py
[5.278s] -- Up-to-date: /home/klingjac/ws_offboard_control/src/install/px4_ros_com/share/px4_ros_com//test/test_input.py
[5.279s] -- Up-to-date: /home/klingjac/ws_offboard_control/src/install/px4_ros_com/share/ament_index/resource_index/package_run_dependencies/px4_ros_com
[5.279s] -- Up-to-date: /home/klingjac/ws_offboard_control/src/install/px4_ros_com/share/ament_index/resource_index/parent_prefix_path/px4_ros_com
[5.279s] -- Up-to-date: /home/klingjac/ws_offboard_control/src/install/px4_ros_com/share/px4_ros_com/environment/ament_prefix_path.sh
[5.280s] -- Up-to-date: /home/klingjac/ws_offboard_control/src/install/px4_ros_com/share/px4_ros_com/environment/ament_prefix_path.dsv
[5.280s] -- Up-to-date: /home/klingjac/ws_offboard_control/src/install/px4_ros_com/share/px4_ros_com/environment/path.sh
[5.280s] -- Up-to-date: /home/klingjac/ws_offboard_control/src/install/px4_ros_com/share/px4_ros_com/environment/path.dsv
[5.280s] -- Up-to-date: /home/klingjac/ws_offboard_control/src/install/px4_ros_com/share/px4_ros_com/local_setup.bash
[5.280s] -- Up-to-date: /home/klingjac/ws_offboard_control/src/install/px4_ros_com/share/px4_ros_com/local_setup.sh
[5.280s] -- Up-to-date: /home/klingjac/ws_offboard_control/src/install/px4_ros_com/share/px4_ros_com/local_setup.zsh
[5.281s] -- Up-to-date: /home/klingjac/ws_offboard_control/src/install/px4_ros_com/share/px4_ros_com/local_setup.dsv
[5.281s] -- Installing: /home/klingjac/ws_offboard_control/src/install/px4_ros_com/share/px4_ros_com/package.dsv
[5.281s] -- Up-to-date: /home/klingjac/ws_offboard_control/src/install/px4_ros_com/share/ament_index/resource_index/packages/px4_ros_com
[5.285s] -- Up-to-date: /home/klingjac/ws_offboard_control/src/install/px4_ros_com/share/px4_ros_com/cmake/export_frame_transformsExport.cmake
[5.285s] -- Up-to-date: /home/klingjac/ws_offboard_control/src/install/px4_ros_com/share/px4_ros_com/cmake/export_frame_transformsExport-noconfig.cmake
[5.285s] -- Up-to-date: /home/klingjac/ws_offboard_control/src/install/px4_ros_com/share/px4_ros_com/cmake/ament_cmake_export_dependencies-extras.cmake
[5.286s] -- Up-to-date: /home/klingjac/ws_offboard_control/src/install/px4_ros_com/share/px4_ros_com/cmake/ament_cmake_export_targets-extras.cmake
[5.286s] -- Up-to-date: /home/klingjac/ws_offboard_control/src/install/px4_ros_com/share/px4_ros_com/cmake/ament_cmake_export_include_directories-extras.cmake
[5.286s] -- Up-to-date: /home/klingjac/ws_offboard_control/src/install/px4_ros_com/share/px4_ros_com/cmake/ament_cmake_export_libraries-extras.cmake
[5.286s] -- Up-to-date: /home/klingjac/ws_offboard_control/src/install/px4_ros_com/share/px4_ros_com/cmake/px4_ros_comConfig.cmake
[5.286s] -- Up-to-date: /home/klingjac/ws_offboard_control/src/install/px4_ros_com/share/px4_ros_com/cmake/px4_ros_comConfig-version.cmake
[5.286s] -- Up-to-date: /home/klingjac/ws_offboard_control/src/install/px4_ros_com/share/px4_ros_com/package.xml
[5.289s] Invoked command in '/home/klingjac/ws_offboard_control/src/build/px4_ros_com' returned '0': AMENT_PREFIX_PATH=/home/klingjac/ws_offboard_control/src/install/px4_msgs:${AMENT_PREFIX_PATH} CMAKE_PREFIX_PATH=/home/klingjac/ws_offboard_control/src/install/px4_msgs:/opt/ros/humble LD_LIBRARY_PATH=/home/klingjac/ws_offboard_control/src/install/px4_msgs/lib:${LD_LIBRARY_PATH} PYTHONPATH=/home/klingjac/ws_offboard_control/src/install/px4_msgs/local/lib/python3.10/dist-packages:${PYTHONPATH} /usr/bin/cmake --install /home/klingjac/ws_offboard_control/src/build/px4_ros_com
