[0.034s] Invoking command in '/home/klingjac/ws_offboard_control/build/px4_ros_com': CMAKE_PREFIX_PATH=/home/klingjac/ws_offboard_control/install/px4_msgs:/home/klingjac/ws_offboard_control/install/px4_ros_com:/opt/ros/humble:/home/klingjac/ws_offboard_control/install/px4_offboard LD_LIBRARY_PATH=/home/klingjac/ws_offboard_control/install/px4_msgs/lib:/opt/ros/humble/opt/rviz_ogre_vendor/lib:/opt/ros/humble/lib/x86_64-linux-gnu:/opt/ros/humble/lib:/home/klingjac/ws_offboard_control/install/px4_ros_com/lib /usr/bin/cmake --build /home/klingjac/ws_offboard_control/build/px4_ros_com -- -j20 -l20
[0.054s] [35m[1mConsolidate compiler generated dependencies of target drone_position_plotter[0m
[0.058s] [ 16%] Built target sensor_combined_listener
[0.058s] [ 33%] Built target debug_vect_advertiser
[0.060s] [ 50%] Built target frame_transforms
[0.060s] [ 66%] Built target vehicle_gps_position_listener
[0.064s] [ 83%] Built target drone_position_plotter
[0.064s] [100%] Built target offboard_control
[0.180s] Invoked command in '/home/klingjac/ws_offboard_control/build/px4_ros_com' returned '0': CMAKE_PREFIX_PATH=/home/klingjac/ws_offboard_control/install/px4_msgs:/home/klingjac/ws_offboard_control/install/px4_ros_com:/opt/ros/humble:/home/klingjac/ws_offboard_control/install/px4_offboard LD_LIBRARY_PATH=/home/klingjac/ws_offboard_control/install/px4_msgs/lib:/opt/ros/humble/opt/rviz_ogre_vendor/lib:/opt/ros/humble/lib/x86_64-linux-gnu:/opt/ros/humble/lib:/home/klingjac/ws_offboard_control/install/px4_ros_com/lib /usr/bin/cmake --build /home/klingjac/ws_offboard_control/build/px4_ros_com -- -j20 -l20
[0.198s] Invoking command in '/home/klingjac/ws_offboard_control/build/px4_ros_com': CMAKE_PREFIX_PATH=/home/klingjac/ws_offboard_control/install/px4_msgs:/home/klingjac/ws_offboard_control/install/px4_ros_com:/opt/ros/humble:/home/klingjac/ws_offboard_control/install/px4_offboard LD_LIBRARY_PATH=/home/klingjac/ws_offboard_control/install/px4_msgs/lib:/opt/ros/humble/opt/rviz_ogre_vendor/lib:/opt/ros/humble/lib/x86_64-linux-gnu:/opt/ros/humble/lib:/home/klingjac/ws_offboard_control/install/px4_ros_com/lib /usr/bin/cmake --install /home/klingjac/ws_offboard_control/build/px4_ros_com
[0.201s] -- Install configuration: ""
[0.201s] -- Up-to-date: /home/klingjac/ws_offboard_control/install/px4_ros_com/lib/px4_ros_com/sensor_combined_listener
[0.202s] -- Up-to-date: /home/klingjac/ws_offboard_control/install/px4_ros_com/lib/px4_ros_com/vehicle_gps_position_listener
[0.202s] -- Up-to-date: /home/klingjac/ws_offboard_control/install/px4_ros_com/lib/px4_ros_com/debug_vect_advertiser
[0.202s] -- Up-to-date: /home/klingjac/ws_offboard_control/install/px4_ros_com/lib/px4_ros_com/offboard_control
[0.202s] -- Up-to-date: /home/klingjac/ws_offboard_control/install/px4_ros_com/lib/px4_ros_com/drone_position_plotter
[0.202s] -- Up-to-date: /home/klingjac/ws_offboard_control/install/px4_ros_com/share/px4_ros_com/environment/library_path.sh
[0.202s] -- Up-to-date: /home/klingjac/ws_offboard_control/install/px4_ros_com/share/px4_ros_com/environment/library_path.dsv
[0.202s] -- Up-to-date: /home/klingjac/ws_offboard_control/install/px4_ros_com/include/px4_ros_com
[0.202s] -- Up-to-date: /home/klingjac/ws_offboard_control/install/px4_ros_com/include/px4_ros_com/frame_transforms.h
[0.203s] -- Up-to-date: /home/klingjac/ws_offboard_control/install/px4_ros_com/lib/libframe_transforms.so
[0.203s] -- Up-to-date: /home/klingjac/ws_offboard_control/install/px4_ros_com/share/px4_ros_com//launch
[0.203s] -- Up-to-date: /home/klingjac/ws_offboard_control/install/px4_ros_com/share/px4_ros_com//launch/sensor_combined_listener.launch.py
[0.203s] -- Up-to-date: /home/klingjac/ws_offboard_control/install/px4_ros_com/share/px4_ros_com//launch/offboard_control_launch.yaml
[0.203s] -- Up-to-date: /home/klingjac/ws_offboard_control/install/px4_ros_com/share/px4_ros_com//test
[0.203s] -- Up-to-date: /home/klingjac/ws_offboard_control/install/px4_ros_com/share/px4_ros_com//test/pipeline_io_test.py
[0.203s] -- Up-to-date: /home/klingjac/ws_offboard_control/install/px4_ros_com/share/px4_ros_com//test/__init__.py
[0.203s] -- Up-to-date: /home/klingjac/ws_offboard_control/install/px4_ros_com/share/px4_ros_com//test/test_output.py
[0.203s] -- Up-to-date: /home/klingjac/ws_offboard_control/install/px4_ros_com/share/px4_ros_com//test/test_input.py
[0.203s] -- Up-to-date: /home/klingjac/ws_offboard_control/install/px4_ros_com/share/ament_index/resource_index/package_run_dependencies/px4_ros_com
[0.203s] -- Up-to-date: /home/klingjac/ws_offboard_control/install/px4_ros_com/share/ament_index/resource_index/parent_prefix_path/px4_ros_com
[0.203s] -- Up-to-date: /home/klingjac/ws_offboard_control/install/px4_ros_com/share/px4_ros_com/environment/ament_prefix_path.sh
[0.203s] -- Up-to-date: /home/klingjac/ws_offboard_control/install/px4_ros_com/share/px4_ros_com/environment/ament_prefix_path.dsv
[0.203s] -- Up-to-date: /home/klingjac/ws_offboard_control/install/px4_ros_com/share/px4_ros_com/environment/path.sh
[0.204s] -- Up-to-date: /home/klingjac/ws_offboard_control/install/px4_ros_com/share/px4_ros_com/environment/path.dsv
[0.204s] -- Up-to-date: /home/klingjac/ws_offboard_control/install/px4_ros_com/share/px4_ros_com/local_setup.bash
[0.204s] -- Up-to-date: /home/klingjac/ws_offboard_control/install/px4_ros_com/share/px4_ros_com/local_setup.sh
[0.204s] -- Up-to-date: /home/klingjac/ws_offboard_control/install/px4_ros_com/share/px4_ros_com/local_setup.zsh
[0.204s] -- Up-to-date: /home/klingjac/ws_offboard_control/install/px4_ros_com/share/px4_ros_com/local_setup.dsv
[0.204s] -- Installing: /home/klingjac/ws_offboard_control/install/px4_ros_com/share/px4_ros_com/package.dsv
[0.204s] -- Up-to-date: /home/klingjac/ws_offboard_control/install/px4_ros_com/share/ament_index/resource_index/packages/px4_ros_com
[0.204s] -- Up-to-date: /home/klingjac/ws_offboard_control/install/px4_ros_com/share/px4_ros_com/cmake/export_frame_transformsExport.cmake
[0.204s] -- Up-to-date: /home/klingjac/ws_offboard_control/install/px4_ros_com/share/px4_ros_com/cmake/export_frame_transformsExport-noconfig.cmake
[0.206s] -- Up-to-date: /home/klingjac/ws_offboard_control/install/px4_ros_com/share/px4_ros_com/cmake/ament_cmake_export_dependencies-extras.cmake
[0.206s] -- Up-to-date: /home/klingjac/ws_offboard_control/install/px4_ros_com/share/px4_ros_com/cmake/ament_cmake_export_targets-extras.cmake
[0.206s] -- Up-to-date: /home/klingjac/ws_offboard_control/install/px4_ros_com/share/px4_ros_com/cmake/ament_cmake_export_include_directories-extras.cmake
[0.206s] -- Up-to-date: /home/klingjac/ws_offboard_control/install/px4_ros_com/share/px4_ros_com/cmake/ament_cmake_export_libraries-extras.cmake
[0.206s] -- Up-to-date: /home/klingjac/ws_offboard_control/install/px4_ros_com/share/px4_ros_com/cmake/px4_ros_comConfig.cmake
[0.207s] -- Up-to-date: /home/klingjac/ws_offboard_control/install/px4_ros_com/share/px4_ros_com/cmake/px4_ros_comConfig-version.cmake
[0.207s] -- Up-to-date: /home/klingjac/ws_offboard_control/install/px4_ros_com/share/px4_ros_com/package.xml
[0.207s] Invoked command in '/home/klingjac/ws_offboard_control/build/px4_ros_com' returned '0': CMAKE_PREFIX_PATH=/home/klingjac/ws_offboard_control/install/px4_msgs:/home/klingjac/ws_offboard_control/install/px4_ros_com:/opt/ros/humble:/home/klingjac/ws_offboard_control/install/px4_offboard LD_LIBRARY_PATH=/home/klingjac/ws_offboard_control/install/px4_msgs/lib:/opt/ros/humble/opt/rviz_ogre_vendor/lib:/opt/ros/humble/lib/x86_64-linux-gnu:/opt/ros/humble/lib:/home/klingjac/ws_offboard_control/install/px4_ros_com/lib /usr/bin/cmake --install /home/klingjac/ws_offboard_control/build/px4_ros_com
